[2025-02-01T14:14:27.827+0000] {manager.py:483} INFO - Processing files using up to 2 processes at a time 
[2025-02-01T14:14:27.828+0000] {manager.py:484} INFO - Process each file at most once every 30 seconds
[2025-02-01T14:14:27.828+0000] {manager.py:485} INFO - Checking for new files in /opt/airflow/dags every 300 seconds
[2025-02-01T14:14:27.829+0000] {manager.py:821} INFO - Searching for files in /opt/airflow/dags
[2025-02-01T14:14:27.836+0000] {manager.py:824} INFO - There are 1 files in /opt/airflow/dags
[2025-02-01T14:14:27.891+0000] {manager.py:997} INFO - 
================================================================================
DAG File Processing Stats

File Path                    PID  Runtime      # DAGs    # Errors  Last Runtime    Last Run      Last # of DB Queries
-------------------------  -----  ---------  --------  ----------  --------------  ----------  ----------------------
/opt/airflow/dags/jobs.py    193  0.02s             0           0                                                   0
================================================================================
[2025-02-01T14:14:58.064+0000] {manager.py:997} INFO - 
================================================================================
DAG File Processing Stats

File Path                  PID    Runtime      # DAGs    # Errors  Last Runtime    Last Run               Last # of DB Queries
-------------------------  -----  ---------  --------  ----------  --------------  -------------------  ----------------------
/opt/airflow/dags/jobs.py                           1           0  0.26s           2025-02-01T14:14:28                      43
================================================================================
[2025-02-01T14:15:28.479+0000] {manager.py:997} INFO - 
================================================================================
DAG File Processing Stats

File Path                    PID  Runtime      # DAGs    # Errors  Last Runtime    Last Run               Last # of DB Queries
-------------------------  -----  ---------  --------  ----------  --------------  -------------------  ----------------------
/opt/airflow/dags/jobs.py    203  0.00s             1           0  0.14s           2025-02-01T14:14:58                      10
================================================================================
[2025-02-01T14:15:58.759+0000] {manager.py:997} INFO - 
================================================================================
DAG File Processing Stats

File Path                    PID  Runtime      # DAGs    # Errors  Last Runtime    Last Run               Last # of DB Queries
-------------------------  -----  ---------  --------  ----------  --------------  -------------------  ----------------------
/opt/airflow/dags/jobs.py    208  0.01s             1           0  0.14s           2025-02-01T14:15:28                      10
================================================================================
[2025-02-01T14:16:28.957+0000] {manager.py:997} INFO - 
================================================================================
DAG File Processing Stats

File Path                    PID  Runtime      # DAGs    # Errors  Last Runtime    Last Run               Last # of DB Queries
-------------------------  -----  ---------  --------  ----------  --------------  -------------------  ----------------------
/opt/airflow/dags/jobs.py    213  0.01s             1           0  0.12s           2025-02-01T14:15:58                      10
================================================================================
[2025-02-01T14:16:59.228+0000] {manager.py:997} INFO - 
================================================================================
DAG File Processing Stats

File Path                    PID  Runtime      # DAGs    # Errors  Last Runtime    Last Run               Last # of DB Queries
-------------------------  -----  ---------  --------  ----------  --------------  -------------------  ----------------------
/opt/airflow/dags/jobs.py    218  0.01s             1           0  0.12s           2025-02-01T14:16:29                      10
================================================================================
[2025-02-01T14:17:29.427+0000] {manager.py:997} INFO - 
================================================================================
DAG File Processing Stats

File Path                    PID  Runtime      # DAGs    # Errors  Last Runtime    Last Run               Last # of DB Queries
-------------------------  -----  ---------  --------  ----------  --------------  -------------------  ----------------------
/opt/airflow/dags/jobs.py    223  0.00s             1           0  0.11s           2025-02-01T14:16:59                      10
================================================================================
[2025-02-01T14:17:59.671+0000] {manager.py:997} INFO - 
================================================================================
DAG File Processing Stats

File Path                    PID  Runtime      # DAGs    # Errors  Last Runtime    Last Run               Last # of DB Queries
-------------------------  -----  ---------  --------  ----------  --------------  -------------------  ----------------------
/opt/airflow/dags/jobs.py    228  0.01s             1           0  0.12s           2025-02-01T14:17:29                      10
================================================================================
[2025-02-01T14:18:29.886+0000] {manager.py:997} INFO - 
================================================================================
DAG File Processing Stats

File Path                    PID  Runtime      # DAGs    # Errors  Last Runtime    Last Run               Last # of DB Queries
-------------------------  -----  ---------  --------  ----------  --------------  -------------------  ----------------------
/opt/airflow/dags/jobs.py    233  0.00s             1           0  0.10s           2025-02-01T14:17:59                      10
================================================================================
[2025-02-01T14:19:00.113+0000] {manager.py:997} INFO - 
================================================================================
DAG File Processing Stats

File Path                    PID  Runtime      # DAGs    # Errors  Last Runtime    Last Run               Last # of DB Queries
-------------------------  -----  ---------  --------  ----------  --------------  -------------------  ----------------------
/opt/airflow/dags/jobs.py    238  0.00s             1           0  0.10s           2025-02-01T14:18:29                      10
================================================================================
[2025-02-01T14:19:28.288+0000] {manager.py:821} INFO - Searching for files in /opt/airflow/dags
[2025-02-01T14:19:28.304+0000] {manager.py:824} INFO - There are 1 files in /opt/airflow/dags
[2025-02-01T14:19:30.343+0000] {manager.py:997} INFO - 
================================================================================
DAG File Processing Stats

File Path                    PID  Runtime      # DAGs    # Errors  Last Runtime    Last Run               Last # of DB Queries
-------------------------  -----  ---------  --------  ----------  --------------  -------------------  ----------------------
/opt/airflow/dags/jobs.py    243  0.00s             1           0  0.11s           2025-02-01T14:19:00                      10
================================================================================
[2025-02-01T14:20:00.558+0000] {manager.py:997} INFO - 
================================================================================
DAG File Processing Stats

File Path                    PID  Runtime      # DAGs    # Errors  Last Runtime    Last Run               Last # of DB Queries
-------------------------  -----  ---------  --------  ----------  --------------  -------------------  ----------------------
/opt/airflow/dags/jobs.py    248  0.00s             1           0  0.11s           2025-02-01T14:19:30                      10
================================================================================
[2025-02-01T14:20:30.787+0000] {manager.py:997} INFO - 
================================================================================
DAG File Processing Stats

File Path                    PID  Runtime      # DAGs    # Errors  Last Runtime    Last Run               Last # of DB Queries
-------------------------  -----  ---------  --------  ----------  --------------  -------------------  ----------------------
/opt/airflow/dags/jobs.py    253  0.01s             1           0  0.12s           2025-02-01T14:20:00                      10
================================================================================
[2025-02-01T14:21:01.001+0000] {manager.py:997} INFO - 
================================================================================
DAG File Processing Stats

File Path                    PID  Runtime      # DAGs    # Errors  Last Runtime    Last Run               Last # of DB Queries
-------------------------  -----  ---------  --------  ----------  --------------  -------------------  ----------------------
/opt/airflow/dags/jobs.py    258  0.00s             1           0  0.11s           2025-02-01T14:20:30                      10
================================================================================
[2025-02-01T14:21:31.229+0000] {manager.py:997} INFO - 
================================================================================
DAG File Processing Stats

File Path                    PID  Runtime      # DAGs    # Errors  Last Runtime    Last Run               Last # of DB Queries
-------------------------  -----  ---------  --------  ----------  --------------  -------------------  ----------------------
/opt/airflow/dags/jobs.py    263  0.00s             1           0  0.12s           2025-02-01T14:21:01                      10
================================================================================
[2025-02-01T14:21:49.670+0000] {manager.py:465} INFO - Exiting gracefully upon receiving signal 15
