2025-05-01 06:02:51,606 - INFO - +---+-------------+---------+---------------------------+----------+----------+------+-----------+-----------+-------------+----------+
|   |  BatchName  | JobName |      SourceDirectory      | FileName | FileType | Flag | Delimiter | Backdated | Refreshment | Reformat |
+---+-------------+---------+---------------------------+----------+----------+------+-----------+-----------+-------------+----------+
| 2 | BATCH_RTNPF | RTRNPF  | /mnt/apps/gcs/ETL4/RTRNPF |  RTRNPF  |   csv    |  1   |     |     |    nan    |     nan     |   nan    |
| 3 | BATCH_RTNPF | ACMVPF  | /mnt/apps/gcs/ETL4/ACMVPF |  ACMVPF  |   csv    |  1   |     |     |    nan    |     nan     |   nan    |
+---+-------------+---------+---------------------------+----------+----------+------+-----------+-----------+-------------+----------+
25/05/01 06:02:51 INFO SparkContext: Running Spark version 3.5.4
25/05/01 06:02:51 INFO SparkContext: OS info Linux, 5.15.167.4-microsoft-standard-WSL2, amd64
25/05/01 06:02:51 INFO SparkContext: Java version 17.0.14
25/05/01 06:02:51 INFO ResourceUtils: ==============================================================
25/05/01 06:02:51 INFO ResourceUtils: No custom resources configured for spark.driver.
25/05/01 06:02:51 INFO ResourceUtils: ==============================================================
25/05/01 06:02:51 INFO SparkContext: Submitted application: BATCH_RTNPF
25/05/01 06:02:51 INFO ResourceProfile: Default ResourceProfile created, executor resources: Map(memory -> name: memory, amount: 1024, script: , vendor: , offHeap -> name: offHeap, amount: 0, script: , vendor: ), task resources: Map(cpus -> name: cpus, amount: 1.0)
25/05/01 06:02:51 INFO ResourceProfile: Limiting resource is cpu
25/05/01 06:02:51 INFO ResourceProfileManager: Added ResourceProfile id: 0
25/05/01 06:02:51 INFO SecurityManager: Changing view acls to: spark,root
25/05/01 06:02:51 INFO SecurityManager: Changing modify acls to: spark,root
25/05/01 06:02:51 INFO SecurityManager: Changing view acls groups to: 
25/05/01 06:02:51 INFO SecurityManager: Changing modify acls groups to: 
25/05/01 06:02:51 INFO SecurityManager: SecurityManager: authentication disabled; ui acls disabled; users with view permissions: spark, root; groups with view permissions: EMPTY; users with modify permissions: spark, root; groups with modify permissions: EMPTY
25/05/01 06:02:51 WARN NativeCodeLoader: Unable to load native-hadoop library for your platform... using builtin-java classes where applicable
25/05/01 06:02:52 INFO Utils: Successfully started service 'sparkDriver' on port 38417.
25/05/01 06:02:52 INFO SparkEnv: Registering MapOutputTracker
25/05/01 06:02:52 INFO SparkEnv: Registering BlockManagerMaster
25/05/01 06:02:52 INFO BlockManagerMasterEndpoint: Using org.apache.spark.storage.DefaultTopologyMapper for getting topology information
25/05/01 06:02:52 INFO BlockManagerMasterEndpoint: BlockManagerMasterEndpoint up
25/05/01 06:02:52 INFO SparkEnv: Registering BlockManagerMasterHeartbeat
25/05/01 06:02:52 INFO DiskBlockManager: Created local directory at /tmp/blockmgr-5cb40b4a-2145-420f-9cca-fbc3d2811d5d
25/05/01 06:02:52 INFO MemoryStore: MemoryStore started with capacity 434.4 MiB
25/05/01 06:02:52 INFO SparkEnv: Registering OutputCommitCoordinator
25/05/01 06:02:52 INFO JettyUtils: Start Jetty 0.0.0.0:4040 for SparkUI
25/05/01 06:02:52 INFO Utils: Successfully started service 'SparkUI' on port 4040.
25/05/01 06:02:52 INFO StandaloneAppClient$ClientEndpoint: Connecting to master spark://spark-master:7077...
25/05/01 06:02:52 INFO TransportClientFactory: Successfully created connection to spark-master/172.20.0.2:7077 after 18 ms (0 ms spent in bootstraps)
25/05/01 06:02:52 INFO StandaloneSchedulerBackend: Connected to Spark cluster with app ID app-20250501060252-0014
25/05/01 06:02:52 INFO StandaloneAppClient$ClientEndpoint: Executor added: app-20250501060252-0014/0 on worker-20250501045219-172.20.0.8-42915 (172.20.0.8:42915) with 2 core(s)
25/05/01 06:02:52 INFO StandaloneSchedulerBackend: Granted executor ID app-20250501060252-0014/0 on hostPort 172.20.0.8:42915 with 2 core(s), 1024.0 MiB RAM
25/05/01 06:02:52 INFO StandaloneAppClient$ClientEndpoint: Executor added: app-20250501060252-0014/1 on worker-20250501045218-172.20.0.6-36105 (172.20.0.6:36105) with 1 core(s)
25/05/01 06:02:52 INFO StandaloneSchedulerBackend: Granted executor ID app-20250501060252-0014/1 on hostPort 172.20.0.6:36105 with 1 core(s), 1024.0 MiB RAM
25/05/01 06:02:52 INFO StandaloneAppClient$ClientEndpoint: Executor added: app-20250501060252-0014/2 on worker-20250501045218-172.20.0.4-40297 (172.20.0.4:40297) with 1 core(s)
25/05/01 06:02:52 INFO StandaloneSchedulerBackend: Granted executor ID app-20250501060252-0014/2 on hostPort 172.20.0.4:40297 with 1 core(s), 1024.0 MiB RAM
25/05/01 06:02:52 INFO Utils: Successfully started service 'org.apache.spark.network.netty.NettyBlockTransferService' on port 37165.
25/05/01 06:02:52 INFO NettyBlockTransferService: Server created on ae6614f586c2:37165
25/05/01 06:02:52 INFO BlockManager: Using org.apache.spark.storage.RandomBlockReplicationPolicy for block replication policy
25/05/01 06:02:52 INFO BlockManagerMaster: Registering BlockManager BlockManagerId(driver, ae6614f586c2, 37165, None)
25/05/01 06:02:52 INFO BlockManagerMasterEndpoint: Registering block manager ae6614f586c2:37165 with 434.4 MiB RAM, BlockManagerId(driver, ae6614f586c2, 37165, None)
25/05/01 06:02:52 INFO BlockManagerMaster: Registered BlockManager BlockManagerId(driver, ae6614f586c2, 37165, None)
25/05/01 06:02:52 INFO BlockManager: Initialized BlockManager: BlockManagerId(driver, ae6614f586c2, 37165, None)
25/05/01 06:02:52 INFO StandaloneAppClient$ClientEndpoint: Executor updated: app-20250501060252-0014/0 is now RUNNING
25/05/01 06:02:52 INFO StandaloneAppClient$ClientEndpoint: Executor updated: app-20250501060252-0014/2 is now RUNNING
25/05/01 06:02:52 INFO StandaloneAppClient$ClientEndpoint: Executor updated: app-20250501060252-0014/1 is now RUNNING
25/05/01 06:02:52 INFO StandaloneSchedulerBackend: SchedulerBackend is ready for scheduling beginning after reached minRegisteredResourcesRatio: 0.0
running load
25/05/01 06:02:53 INFO SharedState: Setting hive.metastore.warehouse.dir ('null') to the value of spark.sql.warehouse.dir.
25/05/01 06:02:53 INFO SharedState: Warehouse path is 'file:/opt/bitnami/spark/spark-warehouse'.
25/05/01 06:02:54 INFO InMemoryFileIndex: It took 63 ms to list leaf files for 1 paths.
25/05/01 06:02:54 INFO InMemoryFileIndex: It took 63 ms to list leaf files for 1 paths.
25/05/01 06:02:54 INFO InMemoryFileIndex: It took 22 ms to list leaf files for 1 paths.
25/05/01 06:02:54 INFO InMemoryFileIndex: It took 19 ms to list leaf files for 1 paths.
25/05/01 06:02:58 INFO StandaloneSchedulerBackend$StandaloneDriverEndpoint: Registered executor NettyRpcEndpointRef(spark-client://Executor) (172.20.0.8:56748) with ID 0,  ResourceProfileId 0
25/05/01 06:02:58 INFO StandaloneSchedulerBackend$StandaloneDriverEndpoint: Registered executor NettyRpcEndpointRef(spark-client://Executor) (172.20.0.4:49274) with ID 2,  ResourceProfileId 0
25/05/01 06:02:58 INFO StandaloneSchedulerBackend$StandaloneDriverEndpoint: Registered executor NettyRpcEndpointRef(spark-client://Executor) (172.20.0.6:39730) with ID 1,  ResourceProfileId 0
25/05/01 06:02:58 INFO BlockManagerMasterEndpoint: Registering block manager 172.20.0.6:36465 with 434.4 MiB RAM, BlockManagerId(1, 172.20.0.6, 36465, None)
25/05/01 06:02:58 INFO BlockManagerMasterEndpoint: Registering block manager 172.20.0.8:40593 with 434.4 MiB RAM, BlockManagerId(0, 172.20.0.8, 40593, None)
25/05/01 06:02:58 INFO BlockManagerMasterEndpoint: Registering block manager 172.20.0.4:41051 with 434.4 MiB RAM, BlockManagerId(2, 172.20.0.4, 41051, None)
25/05/01 06:02:59 INFO FileSourceStrategy: Pushed Filters: 
25/05/01 06:02:59 INFO FileSourceStrategy: Pushed Filters: 
25/05/01 06:02:59 INFO FileSourceStrategy: Post-Scan Filters: (length(trim(value#0, None)) > 0)
25/05/01 06:02:59 INFO FileSourceStrategy: Post-Scan Filters: (length(trim(value#1, None)) > 0)
25/05/01 06:02:59 INFO CodeGenerator: Code generated in 162.194206 ms
25/05/01 06:02:59 INFO MemoryStore: Block broadcast_1 stored as values in memory (estimated size 200.7 KiB, free 434.0 MiB)
25/05/01 06:02:59 INFO MemoryStore: Block broadcast_0 stored as values in memory (estimated size 200.7 KiB, free 434.0 MiB)
25/05/01 06:02:59 INFO MemoryStore: Block broadcast_0_piece0 stored as bytes in memory (estimated size 34.6 KiB, free 433.9 MiB)
25/05/01 06:02:59 INFO MemoryStore: Block broadcast_1_piece0 stored as bytes in memory (estimated size 34.6 KiB, free 433.9 MiB)
25/05/01 06:02:59 INFO BlockManagerInfo: Added broadcast_1_piece0 in memory on ae6614f586c2:37165 (size: 34.6 KiB, free: 434.4 MiB)
25/05/01 06:02:59 INFO BlockManagerInfo: Added broadcast_0_piece0 in memory on ae6614f586c2:37165 (size: 34.6 KiB, free: 434.3 MiB)
25/05/01 06:02:59 INFO SparkContext: Created broadcast 0 from csv at <unknown>:0
25/05/01 06:02:59 INFO SparkContext: Created broadcast 1 from csv at <unknown>:0
25/05/01 06:02:59 INFO FileSourceScanExec: Planning scan with bin packing, max size: 4194304 bytes, open cost is considered as scanning 4194304 bytes.
25/05/01 06:02:59 INFO FileSourceScanExec: Planning scan with bin packing, max size: 4194304 bytes, open cost is considered as scanning 4194304 bytes.
25/05/01 06:02:59 INFO SparkContext: Starting job: csv at <unknown>:0
25/05/01 06:02:59 INFO SparkContext: Starting job: csv at <unknown>:0
25/05/01 06:02:59 INFO DAGScheduler: Got job 1 (csv at <unknown>:0) with 1 output partitions
25/05/01 06:02:59 INFO DAGScheduler: Final stage: ResultStage 0 (csv at <unknown>:0)
25/05/01 06:02:59 INFO DAGScheduler: Parents of final stage: List()
25/05/01 06:02:59 INFO DAGScheduler: Missing parents: List()
25/05/01 06:02:59 INFO DAGScheduler: Submitting ResultStage 0 (MapPartitionsRDD[6] at csv at <unknown>:0), which has no missing parents
25/05/01 06:03:00 INFO MemoryStore: Block broadcast_2 stored as values in memory (estimated size 13.5 KiB, free 433.9 MiB)
25/05/01 06:03:00 INFO MemoryStore: Block broadcast_2_piece0 stored as bytes in memory (estimated size 6.4 KiB, free 433.9 MiB)
25/05/01 06:03:00 INFO BlockManagerInfo: Added broadcast_2_piece0 in memory on ae6614f586c2:37165 (size: 6.4 KiB, free: 434.3 MiB)
25/05/01 06:03:00 INFO SparkContext: Created broadcast 2 from broadcast at DAGScheduler.scala:1585
25/05/01 06:03:00 INFO DAGScheduler: Submitting 1 missing tasks from ResultStage 0 (MapPartitionsRDD[6] at csv at <unknown>:0) (first 15 tasks are for partitions Vector(0))
25/05/01 06:03:00 INFO TaskSchedulerImpl: Adding task set 0.0 with 1 tasks resource profile 0
25/05/01 06:03:00 INFO DAGScheduler: Got job 0 (csv at <unknown>:0) with 1 output partitions
25/05/01 06:03:00 INFO DAGScheduler: Final stage: ResultStage 1 (csv at <unknown>:0)
25/05/01 06:03:00 INFO DAGScheduler: Parents of final stage: List()
25/05/01 06:03:00 INFO DAGScheduler: Missing parents: List()
25/05/01 06:03:00 INFO DAGScheduler: Submitting ResultStage 1 (MapPartitionsRDD[7] at csv at <unknown>:0), which has no missing parents
25/05/01 06:03:00 INFO MemoryStore: Block broadcast_3 stored as values in memory (estimated size 13.5 KiB, free 433.9 MiB)
25/05/01 06:03:00 INFO MemoryStore: Block broadcast_3_piece0 stored as bytes in memory (estimated size 6.4 KiB, free 433.9 MiB)
25/05/01 06:03:00 INFO BlockManagerInfo: Added broadcast_3_piece0 in memory on ae6614f586c2:37165 (size: 6.4 KiB, free: 434.3 MiB)
25/05/01 06:03:00 INFO SparkContext: Created broadcast 3 from broadcast at DAGScheduler.scala:1585
25/05/01 06:03:00 INFO DAGScheduler: Submitting 1 missing tasks from ResultStage 1 (MapPartitionsRDD[7] at csv at <unknown>:0) (first 15 tasks are for partitions Vector(0))
25/05/01 06:03:00 INFO TaskSchedulerImpl: Adding task set 1.0 with 1 tasks resource profile 0
25/05/01 06:03:00 INFO TaskSetManager: Starting task 0.0 in stage 0.0 (TID 0) (172.20.0.4, executor 2, partition 0, PROCESS_LOCAL, 9609 bytes) 
25/05/01 06:03:00 INFO TaskSetManager: Starting task 0.0 in stage 1.0 (TID 1) (172.20.0.6, executor 1, partition 0, PROCESS_LOCAL, 9609 bytes) 
25/05/01 06:03:00 INFO BlockManagerInfo: Added broadcast_2_piece0 in memory on 172.20.0.4:41051 (size: 6.4 KiB, free: 434.4 MiB)
25/05/01 06:03:00 INFO BlockManagerInfo: Added broadcast_3_piece0 in memory on 172.20.0.6:36465 (size: 6.4 KiB, free: 434.4 MiB)
25/05/01 06:03:00 INFO BlockManagerInfo: Added broadcast_1_piece0 in memory on 172.20.0.4:41051 (size: 34.6 KiB, free: 434.4 MiB)
25/05/01 06:03:00 INFO BlockManagerInfo: Added broadcast_0_piece0 in memory on 172.20.0.6:36465 (size: 34.6 KiB, free: 434.4 MiB)
25/05/01 06:03:01 INFO TaskSetManager: Finished task 0.0 in stage 0.0 (TID 0) in 1061 ms on 172.20.0.4 (executor 2) (1/1)
25/05/01 06:03:01 INFO TaskSchedulerImpl: Removed TaskSet 0.0, whose tasks have all completed, from pool 
25/05/01 06:03:01 INFO DAGScheduler: ResultStage 0 (csv at <unknown>:0) finished in 1.152 s
25/05/01 06:03:01 INFO DAGScheduler: Job 1 is finished. Cancelling potential speculative or zombie tasks for this job
25/05/01 06:03:01 INFO TaskSchedulerImpl: Killing all running tasks in stage 0: Stage finished
25/05/01 06:03:01 INFO TaskSetManager: Finished task 0.0 in stage 1.0 (TID 1) in 1046 ms on 172.20.0.6 (executor 1) (1/1)
25/05/01 06:03:01 INFO TaskSchedulerImpl: Removed TaskSet 1.0, whose tasks have all completed, from pool 
25/05/01 06:03:01 INFO DAGScheduler: Job 1 finished: csv at <unknown>:0, took 1.179460 s
25/05/01 06:03:01 INFO DAGScheduler: ResultStage 1 (csv at <unknown>:0) finished in 1.077 s
25/05/01 06:03:01 INFO DAGScheduler: Job 0 is finished. Cancelling potential speculative or zombie tasks for this job
25/05/01 06:03:01 INFO TaskSchedulerImpl: Killing all running tasks in stage 1: Stage finished
25/05/01 06:03:01 INFO DAGScheduler: Job 0 finished: csv at <unknown>:0, took 1.181444 s
25/05/01 06:03:01 INFO CodeGenerator: Code generated in 14.495053 ms
25/05/01 06:03:01 INFO FileSourceStrategy: Pushed Filters: 
25/05/01 06:03:01 INFO FileSourceStrategy: Pushed Filters: 
25/05/01 06:03:01 INFO FileSourceStrategy: Post-Scan Filters: 
25/05/01 06:03:01 INFO FileSourceStrategy: Post-Scan Filters: 
25/05/01 06:03:01 INFO MemoryStore: Block broadcast_4 stored as values in memory (estimated size 200.7 KiB, free 433.5 MiB)
25/05/01 06:03:01 INFO MemoryStore: Block broadcast_5 stored as values in memory (estimated size 200.7 KiB, free 433.5 MiB)
25/05/01 06:03:01 INFO MemoryStore: Block broadcast_4_piece0 stored as bytes in memory (estimated size 34.6 KiB, free 433.5 MiB)
25/05/01 06:03:01 INFO MemoryStore: Block broadcast_5_piece0 stored as bytes in memory (estimated size 34.6 KiB, free 433.4 MiB)
25/05/01 06:03:01 INFO BlockManagerInfo: Added broadcast_4_piece0 in memory on ae6614f586c2:37165 (size: 34.6 KiB, free: 434.3 MiB)
25/05/01 06:03:01 INFO BlockManagerInfo: Added broadcast_5_piece0 in memory on ae6614f586c2:37165 (size: 34.6 KiB, free: 434.3 MiB)
25/05/01 06:03:01 INFO SparkContext: Created broadcast 4 from csv at <unknown>:0
25/05/01 06:03:01 INFO SparkContext: Created broadcast 5 from csv at <unknown>:0
25/05/01 06:03:01 INFO FileSourceScanExec: Planning scan with bin packing, max size: 4194304 bytes, open cost is considered as scanning 4194304 bytes.
25/05/01 06:03:01 INFO FileSourceScanExec: Planning scan with bin packing, max size: 4194304 bytes, open cost is considered as scanning 4194304 bytes.
25/05/01 06:03:01 INFO SparkContext: Starting job: csv at <unknown>:0
25/05/01 06:03:01 INFO SparkContext: Starting job: csv at <unknown>:0
25/05/01 06:03:01 INFO DAGScheduler: Got job 2 (csv at <unknown>:0) with 1 output partitions
25/05/01 06:03:01 INFO DAGScheduler: Final stage: ResultStage 2 (csv at <unknown>:0)
25/05/01 06:03:01 INFO DAGScheduler: Parents of final stage: List()
25/05/01 06:03:01 INFO DAGScheduler: Missing parents: List()
25/05/01 06:03:01 INFO DAGScheduler: Submitting ResultStage 2 (MapPartitionsRDD[19] at csv at <unknown>:0), which has no missing parents
25/05/01 06:03:01 INFO MemoryStore: Block broadcast_6 stored as values in memory (estimated size 28.0 KiB, free 433.4 MiB)
25/05/01 06:03:01 INFO MemoryStore: Block broadcast_6_piece0 stored as bytes in memory (estimated size 12.9 KiB, free 433.4 MiB)
25/05/01 06:03:01 INFO BlockManagerInfo: Added broadcast_6_piece0 in memory on ae6614f586c2:37165 (size: 12.9 KiB, free: 434.2 MiB)
25/05/01 06:03:01 INFO SparkContext: Created broadcast 6 from broadcast at DAGScheduler.scala:1585
25/05/01 06:03:01 INFO DAGScheduler: Submitting 1 missing tasks from ResultStage 2 (MapPartitionsRDD[19] at csv at <unknown>:0) (first 15 tasks are for partitions Vector(0))
25/05/01 06:03:01 INFO TaskSchedulerImpl: Adding task set 2.0 with 1 tasks resource profile 0
25/05/01 06:03:01 INFO DAGScheduler: Got job 3 (csv at <unknown>:0) with 1 output partitions
25/05/01 06:03:01 INFO DAGScheduler: Final stage: ResultStage 3 (csv at <unknown>:0)
25/05/01 06:03:01 INFO TaskSetManager: Starting task 0.0 in stage 2.0 (TID 2) (172.20.0.6, executor 1, partition 0, PROCESS_LOCAL, 9609 bytes) 
25/05/01 06:03:01 INFO DAGScheduler: Parents of final stage: List()
25/05/01 06:03:01 INFO DAGScheduler: Missing parents: List()
25/05/01 06:03:01 INFO DAGScheduler: Submitting ResultStage 3 (MapPartitionsRDD[18] at csv at <unknown>:0), which has no missing parents
25/05/01 06:03:01 INFO MemoryStore: Block broadcast_7 stored as values in memory (estimated size 28.0 KiB, free 433.4 MiB)
25/05/01 06:03:01 INFO MemoryStore: Block broadcast_7_piece0 stored as bytes in memory (estimated size 12.9 KiB, free 433.4 MiB)
25/05/01 06:03:01 INFO BlockManagerInfo: Added broadcast_7_piece0 in memory on ae6614f586c2:37165 (size: 12.9 KiB, free: 434.2 MiB)
25/05/01 06:03:01 INFO SparkContext: Created broadcast 7 from broadcast at DAGScheduler.scala:1585
25/05/01 06:03:01 INFO DAGScheduler: Submitting 1 missing tasks from ResultStage 3 (MapPartitionsRDD[18] at csv at <unknown>:0) (first 15 tasks are for partitions Vector(0))
25/05/01 06:03:01 INFO TaskSchedulerImpl: Adding task set 3.0 with 1 tasks resource profile 0
25/05/01 06:03:01 INFO TaskSetManager: Starting task 0.0 in stage 3.0 (TID 3) (172.20.0.8, executor 0, partition 0, PROCESS_LOCAL, 9609 bytes) 
25/05/01 06:03:01 INFO BlockManagerInfo: Added broadcast_6_piece0 in memory on 172.20.0.6:36465 (size: 12.9 KiB, free: 434.3 MiB)
25/05/01 06:03:01 INFO BlockManagerInfo: Added broadcast_7_piece0 in memory on 172.20.0.8:40593 (size: 12.9 KiB, free: 434.4 MiB)
25/05/01 06:03:02 INFO BlockManagerInfo: Added broadcast_4_piece0 in memory on 172.20.0.6:36465 (size: 34.6 KiB, free: 434.3 MiB)
25/05/01 06:03:02 INFO TaskSetManager: Finished task 0.0 in stage 2.0 (TID 2) in 1491 ms on 172.20.0.6 (executor 1) (1/1)
25/05/01 06:03:02 INFO TaskSchedulerImpl: Removed TaskSet 2.0, whose tasks have all completed, from pool 
25/05/01 06:03:02 INFO DAGScheduler: ResultStage 2 (csv at <unknown>:0) finished in 1.522 s
25/05/01 06:03:02 INFO DAGScheduler: Job 2 is finished. Cancelling potential speculative or zombie tasks for this job
25/05/01 06:03:02 INFO TaskSchedulerImpl: Killing all running tasks in stage 2: Stage finished
25/05/01 06:03:02 INFO DAGScheduler: Job 2 finished: csv at <unknown>:0, took 1.529419 s
Headers are in the same order.
25/05/01 06:03:02 INFO InMemoryFileIndex: It took 9 ms to list leaf files for 1 paths.
25/05/01 06:03:02 INFO FileSourceStrategy: Pushed Filters: 
25/05/01 06:03:02 INFO FileSourceStrategy: Post-Scan Filters: 
25/05/01 06:03:03 INFO CodeGenerator: Code generated in 32.61408 ms
25/05/01 06:03:03 INFO MemoryStore: Block broadcast_8 stored as values in memory (estimated size 201.2 KiB, free 433.2 MiB)
25/05/01 06:03:03 INFO MemoryStore: Block broadcast_8_piece0 stored as bytes in memory (estimated size 34.7 KiB, free 433.1 MiB)
25/05/01 06:03:03 INFO BlockManagerInfo: Added broadcast_8_piece0 in memory on ae6614f586c2:37165 (size: 34.7 KiB, free: 434.2 MiB)
25/05/01 06:03:03 INFO SparkContext: Created broadcast 8 from showString at <unknown>:0
25/05/01 06:03:03 INFO FileSourceScanExec: Planning scan with bin packing, max size: 4194304 bytes, open cost is considered as scanning 4194304 bytes.
25/05/01 06:03:03 INFO SparkContext: Starting job: showString at <unknown>:0
25/05/01 06:03:03 INFO DAGScheduler: Got job 4 (showString at <unknown>:0) with 1 output partitions
25/05/01 06:03:03 INFO DAGScheduler: Final stage: ResultStage 4 (showString at <unknown>:0)
25/05/01 06:03:03 INFO DAGScheduler: Parents of final stage: List()
25/05/01 06:03:03 INFO DAGScheduler: Missing parents: List()
25/05/01 06:03:03 INFO DAGScheduler: Submitting ResultStage 4 (MapPartitionsRDD[23] at showString at <unknown>:0), which has no missing parents
25/05/01 06:03:03 INFO MemoryStore: Block broadcast_9 stored as values in memory (estimated size 21.4 KiB, free 433.1 MiB)
25/05/01 06:03:03 INFO MemoryStore: Block broadcast_9_piece0 stored as bytes in memory (estimated size 9.0 KiB, free 433.1 MiB)
25/05/01 06:03:03 INFO BlockManagerInfo: Added broadcast_9_piece0 in memory on ae6614f586c2:37165 (size: 9.0 KiB, free: 434.2 MiB)
25/05/01 06:03:03 INFO SparkContext: Created broadcast 9 from broadcast at DAGScheduler.scala:1585
25/05/01 06:03:03 INFO DAGScheduler: Submitting 1 missing tasks from ResultStage 4 (MapPartitionsRDD[23] at showString at <unknown>:0) (first 15 tasks are for partitions Vector(0))
25/05/01 06:03:03 INFO TaskSchedulerImpl: Adding task set 4.0 with 1 tasks resource profile 0
25/05/01 06:03:03 INFO TaskSetManager: Starting task 0.0 in stage 4.0 (TID 4) (172.20.0.8, executor 0, partition 0, PROCESS_LOCAL, 9609 bytes) 
25/05/01 06:03:03 INFO BlockManagerInfo: Added broadcast_9_piece0 in memory on 172.20.0.8:40593 (size: 9.0 KiB, free: 434.4 MiB)
25/05/01 06:03:03 INFO BlockManagerInfo: Added broadcast_5_piece0 in memory on 172.20.0.8:40593 (size: 34.6 KiB, free: 434.3 MiB)
25/05/01 06:03:03 INFO BlockManagerInfo: Added broadcast_8_piece0 in memory on 172.20.0.8:40593 (size: 34.7 KiB, free: 434.3 MiB)
25/05/01 06:03:03 INFO TaskSetManager: Finished task 0.0 in stage 4.0 (TID 4) in 272 ms on 172.20.0.8 (executor 0) (1/1)
25/05/01 06:03:03 INFO TaskSchedulerImpl: Removed TaskSet 4.0, whose tasks have all completed, from pool 
25/05/01 06:03:03 INFO DAGScheduler: ResultStage 4 (showString at <unknown>:0) finished in 0.285 s
25/05/01 06:03:03 INFO DAGScheduler: Job 4 is finished. Cancelling potential speculative or zombie tasks for this job
25/05/01 06:03:03 INFO TaskSchedulerImpl: Killing all running tasks in stage 4: Stage finished
25/05/01 06:03:03 INFO DAGScheduler: Job 4 finished: showString at <unknown>:0, took 0.290185 s
25/05/01 06:03:03 INFO CodeGenerator: Code generated in 32.979159 ms
+-----+---------------+----------+---------+-----------------------+----------------+---------------------------------------------------+----------------------+---------------------+-----------------------------+-----------------+--------------------------+----------------+
|Index|Customer Id    |First Name|Last Name|Company                |City            |Country                                            |Phone 1               |Phone 2              |Email                        |Subscription Date|Website                   |rejected_records|
+-----+---------------+----------+---------+-----------------------+----------------+---------------------------------------------------+----------------------+---------------------+-----------------------------+-----------------+--------------------------+----------------+
|1    |4962fdbE6Bfee6D|Pam       |Sparks   |Patel-Deleon           |Blakemouth      |British Indian Ocean Territory (Chagos Archipelago)|267-243-9490x035      |480-078-0535x889     |nicolas00@faulkner-kramer.com|2020-11-29       |https://nelson.com/       |NULL            |
|2    |9b12Ae76fdBc9bE|Gina      |Rocha    |Acosta, Paul and Barber|East Lynnchester|Costa Rica                                         |027.142.0940          |+1-752-593-4777x07171|yfarley@morgan.com           |2021-01-03       |https://pineda-rogers.biz/|NULL            |
|3    |39edFd2F60C85BC|Kristie   |Greer    |Ochoa PLC              |West Pamela     |Ecuador                                            |+1-049-168-7497x5053  |+1-311-216-7855      |jennyhayden@petty.org        |2021-06-20       |https://mckinney.com/     |NULL            |
|4    |Fa42AE6a9aD39cE|Arthur    |Fields   |Moyer-Wang             |East Belinda    |Afghanistan                                        |001-653-754-7486x65787|521-630-3858x953     |igrimes@ruiz-todd.org        |2020-02-13       |https://dominguez.biz/    |NULL            |
|5    |F5702Edae925F1D|Michelle  |Blevins  |Shah and Sons          |West Jared      |Marshall Islands                                   |8735278329            |(633)283-6034x500    |diamondcarter@jordan.com     |2020-10-20       |http://murillo-ryan.com/  |NULL            |
+-----+---------------+----------+---------+-----------------------+----------------+---------------------------------------------------+----------------------+---------------------+-----------------------------+-----------------+--------------------------+----------------+
only showing top 5 rows

25/05/01 06:03:03 INFO FileSourceStrategy: Pushed Filters: IsNotNull(rejected_records)
25/05/01 06:03:03 INFO FileSourceStrategy: Post-Scan Filters: isnotnull(rejected_records#70)
25/05/01 06:03:03 INFO CodeGenerator: Code generated in 28.105479 ms
25/05/01 06:03:03 INFO MemoryStore: Block broadcast_10 stored as values in memory (estimated size 201.2 KiB, free 432.9 MiB)
25/05/01 06:03:03 INFO MemoryStore: Block broadcast_10_piece0 stored as bytes in memory (estimated size 34.7 KiB, free 432.9 MiB)
25/05/01 06:03:03 INFO TaskSetManager: Finished task 0.0 in stage 3.0 (TID 3) in 2391 ms on 172.20.0.8 (executor 0) (1/1)
25/05/01 06:03:03 INFO TaskSchedulerImpl: Removed TaskSet 3.0, whose tasks have all completed, from pool 
25/05/01 06:03:03 INFO BlockManagerInfo: Added broadcast_10_piece0 in memory on ae6614f586c2:37165 (size: 34.7 KiB, free: 434.2 MiB)
25/05/01 06:03:03 INFO DAGScheduler: ResultStage 3 (csv at <unknown>:0) finished in 2.405 s
25/05/01 06:03:03 INFO DAGScheduler: Job 3 is finished. Cancelling potential speculative or zombie tasks for this job
25/05/01 06:03:03 INFO TaskSchedulerImpl: Killing all running tasks in stage 3: Stage finished
25/05/01 06:03:03 INFO SparkContext: Created broadcast 10 from csv at <unknown>:0
25/05/01 06:03:03 INFO DAGScheduler: Job 3 finished: csv at <unknown>:0, took 2.444778 s
25/05/01 06:03:03 INFO FileSourceScanExec: Planning scan with bin packing, max size: 4194304 bytes, open cost is considered as scanning 4194304 bytes.
Headers are in a different order:
25/05/01 06:03:03 INFO DAGScheduler: Registering RDD 27 (csv at <unknown>:0) as input to shuffle 0
25/05/01 06:03:03 INFO DAGScheduler: Got map stage job 5 (csv at <unknown>:0) with 1 output partitions
25/05/01 06:03:03 INFO DAGScheduler: Final stage: ShuffleMapStage 5 (csv at <unknown>:0)
25/05/01 06:03:03 INFO DAGScheduler: Parents of final stage: List()
25/05/01 06:03:03 INFO DAGScheduler: Missing parents: List()
25/05/01 06:03:03 INFO DAGScheduler: Submitting ShuffleMapStage 5 (MapPartitionsRDD[27] at csv at <unknown>:0), which has no missing parents
25/05/01 06:03:03 INFO MemoryStore: Block broadcast_11 stored as values in memory (estimated size 23.6 KiB, free 432.8 MiB)
25/05/01 06:03:03 INFO MemoryStore: Block broadcast_11_piece0 stored as bytes in memory (estimated size 10.1 KiB, free 432.8 MiB)
25/05/01 06:03:03 INFO BlockManagerInfo: Added broadcast_11_piece0 in memory on ae6614f586c2:37165 (size: 10.1 KiB, free: 434.1 MiB)
25/05/01 06:03:03 INFO SparkContext: Created broadcast 11 from broadcast at DAGScheduler.scala:1585
25/05/01 06:03:03 INFO DAGScheduler: Submitting 1 missing tasks from ShuffleMapStage 5 (MapPartitionsRDD[27] at csv at <unknown>:0) (first 15 tasks are for partitions Vector(0))
25/05/01 06:03:03 INFO TaskSchedulerImpl: Adding task set 5.0 with 1 tasks resource profile 0
25/05/01 06:03:03 INFO TaskSetManager: Starting task 0.0 in stage 5.0 (TID 5) (172.20.0.8, executor 0, partition 0, PROCESS_LOCAL, 9598 bytes) 
25/05/01 06:03:03 INFO InMemoryFileIndex: It took 10 ms to list leaf files for 1 paths.
25/05/01 06:03:03 INFO BlockManagerInfo: Added broadcast_11_piece0 in memory on 172.20.0.8:40593 (size: 10.1 KiB, free: 434.3 MiB)
25/05/01 06:03:03 INFO FileSourceStrategy: Pushed Filters: 
25/05/01 06:03:03 INFO FileSourceStrategy: Post-Scan Filters: 
25/05/01 06:03:03 INFO CodeGenerator: Code generated in 30.616676 ms
25/05/01 06:03:03 INFO MemoryStore: Block broadcast_12 stored as values in memory (estimated size 201.2 KiB, free 432.6 MiB)
25/05/01 06:03:03 INFO MemoryStore: Block broadcast_12_piece0 stored as bytes in memory (estimated size 34.7 KiB, free 432.6 MiB)
25/05/01 06:03:03 INFO BlockManagerInfo: Added broadcast_12_piece0 in memory on ae6614f586c2:37165 (size: 34.7 KiB, free: 434.1 MiB)
25/05/01 06:03:03 INFO SparkContext: Created broadcast 12 from showString at <unknown>:0
25/05/01 06:03:03 INFO FileSourceScanExec: Planning scan with bin packing, max size: 4194304 bytes, open cost is considered as scanning 4194304 bytes.
25/05/01 06:03:03 INFO SparkContext: Starting job: showString at <unknown>:0
25/05/01 06:03:03 INFO DAGScheduler: Got job 6 (showString at <unknown>:0) with 1 output partitions
25/05/01 06:03:03 INFO DAGScheduler: Final stage: ResultStage 6 (showString at <unknown>:0)
25/05/01 06:03:03 INFO DAGScheduler: Parents of final stage: List()
25/05/01 06:03:03 INFO DAGScheduler: Missing parents: List()
25/05/01 06:03:03 INFO BlockManagerInfo: Added broadcast_10_piece0 in memory on 172.20.0.8:40593 (size: 34.7 KiB, free: 434.3 MiB)
25/05/01 06:03:03 INFO DAGScheduler: Submitting ResultStage 6 (MapPartitionsRDD[31] at showString at <unknown>:0), which has no missing parents
25/05/01 06:03:03 INFO MemoryStore: Block broadcast_13 stored as values in memory (estimated size 21.9 KiB, free 432.6 MiB)
25/05/01 06:03:03 INFO MemoryStore: Block broadcast_13_piece0 stored as bytes in memory (estimated size 9.1 KiB, free 432.6 MiB)
25/05/01 06:03:03 INFO BlockManagerInfo: Added broadcast_13_piece0 in memory on ae6614f586c2:37165 (size: 9.1 KiB, free: 434.1 MiB)
25/05/01 06:03:03 INFO SparkContext: Created broadcast 13 from broadcast at DAGScheduler.scala:1585
25/05/01 06:03:03 INFO DAGScheduler: Submitting 1 missing tasks from ResultStage 6 (MapPartitionsRDD[31] at showString at <unknown>:0) (first 15 tasks are for partitions Vector(0))
25/05/01 06:03:03 INFO TaskSchedulerImpl: Adding task set 6.0 with 1 tasks resource profile 0
25/05/01 06:03:03 INFO TaskSetManager: Starting task 0.0 in stage 6.0 (TID 6) (172.20.0.4, executor 2, partition 0, PROCESS_LOCAL, 9609 bytes) 
25/05/01 06:03:04 INFO BlockManagerInfo: Added broadcast_13_piece0 in memory on 172.20.0.4:41051 (size: 9.1 KiB, free: 434.4 MiB)
25/05/01 06:03:04 INFO TaskSetManager: Finished task 0.0 in stage 5.0 (TID 5) in 251 ms on 172.20.0.8 (executor 0) (1/1)
25/05/01 06:03:04 INFO TaskSchedulerImpl: Removed TaskSet 5.0, whose tasks have all completed, from pool 
25/05/01 06:03:04 INFO DAGScheduler: ShuffleMapStage 5 (csv at <unknown>:0) finished in 0.272 s
25/05/01 06:03:04 INFO DAGScheduler: looking for newly runnable stages
25/05/01 06:03:04 INFO DAGScheduler: running: Set(ResultStage 6)
25/05/01 06:03:04 INFO DAGScheduler: waiting: Set()
25/05/01 06:03:04 INFO DAGScheduler: failed: Set()
25/05/01 06:03:04 INFO FileOutputCommitter: File Output Committer Algorithm version is 1
25/05/01 06:03:04 INFO FileOutputCommitter: FileOutputCommitter skip cleanup _temporary folders under output directory:false, ignore cleanup failures: false
25/05/01 06:03:04 INFO SQLHadoopMapReduceCommitProtocol: Using output committer class org.apache.hadoop.mapreduce.lib.output.FileOutputCommitter
25/05/01 06:03:04 INFO BlockManagerInfo: Added broadcast_12_piece0 in memory on 172.20.0.4:41051 (size: 34.7 KiB, free: 434.3 MiB)
25/05/01 06:03:04 INFO SparkContext: Starting job: csv at <unknown>:0
25/05/01 06:03:04 INFO DAGScheduler: Got job 7 (csv at <unknown>:0) with 1 output partitions
25/05/01 06:03:04 INFO DAGScheduler: Final stage: ResultStage 7 (csv at <unknown>:0)
25/05/01 06:03:04 INFO DAGScheduler: Parents of final stage: List()
25/05/01 06:03:04 INFO DAGScheduler: Missing parents: List()
25/05/01 06:03:04 INFO DAGScheduler: Submitting ResultStage 7 (MapPartitionsRDD[35] at csv at <unknown>:0), which has no missing parents
25/05/01 06:03:04 INFO MemoryStore: Block broadcast_14 stored as values in memory (estimated size 208.5 KiB, free 432.4 MiB)
25/05/01 06:03:04 INFO MemoryStore: Block broadcast_14_piece0 stored as bytes in memory (estimated size 74.8 KiB, free 432.3 MiB)
25/05/01 06:03:04 INFO BlockManagerInfo: Added broadcast_14_piece0 in memory on ae6614f586c2:37165 (size: 74.8 KiB, free: 434.0 MiB)
25/05/01 06:03:04 INFO SparkContext: Created broadcast 14 from broadcast at DAGScheduler.scala:1585
25/05/01 06:03:04 INFO DAGScheduler: Submitting 1 missing tasks from ResultStage 7 (MapPartitionsRDD[35] at csv at <unknown>:0) (first 15 tasks are for partitions Vector(0))
25/05/01 06:03:04 INFO TaskSchedulerImpl: Adding task set 7.0 with 1 tasks resource profile 0
25/05/01 06:03:04 INFO TaskSetManager: Starting task 0.0 in stage 7.0 (TID 7) (172.20.0.8, executor 0, partition 0, PROCESS_LOCAL, 9024 bytes) 
25/05/01 06:03:04 INFO BlockManagerInfo: Added broadcast_14_piece0 in memory on 172.20.0.8:40593 (size: 74.8 KiB, free: 434.2 MiB)
25/05/01 06:03:04 INFO TaskSetManager: Finished task 0.0 in stage 6.0 (TID 6) in 318 ms on 172.20.0.4 (executor 2) (1/1)
25/05/01 06:03:04 INFO TaskSchedulerImpl: Removed TaskSet 6.0, whose tasks have all completed, from pool 
25/05/01 06:03:04 INFO DAGScheduler: ResultStage 6 (showString at <unknown>:0) finished in 0.333 s
25/05/01 06:03:04 INFO DAGScheduler: Job 6 is finished. Cancelling potential speculative or zombie tasks for this job
25/05/01 06:03:04 INFO TaskSchedulerImpl: Killing all running tasks in stage 6: Stage finished
25/05/01 06:03:04 INFO DAGScheduler: Job 6 finished: showString at <unknown>:0, took 0.338198 s
25/05/01 06:03:04 INFO CodeGenerator: Code generated in 19.813707 ms
+-----+---------------+----------+---------+-----------------------+----------------+---------------------------------------------------+----------------------+---------------------+-----------------------------+-----------------+--------------------------+----------+----------------+
|Index|Customer Id    |First Name|Last Name|Company                |City            |Country                                            |Phone 1               |Phone 2              |Email                        |Subscription Date|Website                   |Budget    |rejected_records|
+-----+---------------+----------+---------+-----------------------+----------------+---------------------------------------------------+----------------------+---------------------+-----------------------------+-----------------+--------------------------+----------+----------------+
|1    |4962fdbE6Bfee6D|Pam       |Sparks   |Patel-Deleon           |Blakemouth      |British Indian Ocean Territory (Chagos Archipelago)|267-243-9490x035      |480-078-0535x889     |nicolas00@faulkner-kramer.com|2020-11-29       |https://nelson.com/       |1000232,32|NULL            |
|2    |9b12Ae76fdBc9bE|Gina      |Rocha    |Acosta, Paul and Barber|East Lynnchester|Costa Rica                                         |027.142.0940          |+1-752-593-4777x07171|yfarley@morgan.com           |2021-01-03       |https://pineda-rogers.biz/|1000232,32|NULL            |
|3    |39edFd2F60C85BC|Kristie   |Greer    |Ochoa PLC              |West Pamela     |Ecuador                                            |+1-049-168-7497x5053  |+1-311-216-7855      |jennyhayden@petty.org        |2021-06-20       |https://mckinney.com/     |1000232,32|NULL            |
|4    |Fa42AE6a9aD39cE|Arthur    |Fields   |Moyer-Wang             |East Belinda    |Afghanistan                                        |001-653-754-7486x65787|521-630-3858x953     |igrimes@ruiz-todd.org        |2020-02-13       |https://dominguez.biz/    |1000232,32|NULL            |
|5    |F5702Edae925F1D|Michelle  |Blevins  |Shah and Sons          |West Jared      |Marshall Islands                                   |8735278329            |(633)283-6034x500    |diamondcarter@jordan.com     |2020-10-20       |http://murillo-ryan.com/  |1000232,32|NULL            |
+-----+---------------+----------+---------+-----------------------+----------------+---------------------------------------------------+----------------------+---------------------+-----------------------------+-----------------+--------------------------+----------+----------------+
only showing top 5 rows

25/05/01 06:03:04 INFO FileSourceStrategy: Pushed Filters: IsNotNull(rejected_records)
25/05/01 06:03:04 INFO FileSourceStrategy: Post-Scan Filters: isnotnull(rejected_records#244)
25/05/01 06:03:04 INFO CodeGenerator: Code generated in 14.598985 ms
25/05/01 06:03:04 INFO MemoryStore: Block broadcast_15 stored as values in memory (estimated size 201.2 KiB, free 432.1 MiB)
25/05/01 06:03:04 INFO MemoryStore: Block broadcast_15_piece0 stored as bytes in memory (estimated size 34.7 KiB, free 432.1 MiB)
25/05/01 06:03:04 INFO BlockManagerInfo: Added broadcast_15_piece0 in memory on ae6614f586c2:37165 (size: 34.7 KiB, free: 434.0 MiB)
25/05/01 06:03:04 INFO SparkContext: Created broadcast 15 from csv at <unknown>:0
25/05/01 06:03:04 INFO FileSourceScanExec: Planning scan with bin packing, max size: 4194304 bytes, open cost is considered as scanning 4194304 bytes.
25/05/01 06:03:04 INFO DAGScheduler: Registering RDD 39 (csv at <unknown>:0) as input to shuffle 1
25/05/01 06:03:04 INFO DAGScheduler: Got map stage job 8 (csv at <unknown>:0) with 1 output partitions
25/05/01 06:03:04 INFO DAGScheduler: Final stage: ShuffleMapStage 8 (csv at <unknown>:0)
25/05/01 06:03:04 INFO DAGScheduler: Parents of final stage: List()
25/05/01 06:03:04 INFO DAGScheduler: Missing parents: List()
25/05/01 06:03:04 INFO DAGScheduler: Submitting ShuffleMapStage 8 (MapPartitionsRDD[39] at csv at <unknown>:0), which has no missing parents
25/05/01 06:03:04 INFO MemoryStore: Block broadcast_16 stored as values in memory (estimated size 24.2 KiB, free 432.0 MiB)
25/05/01 06:03:04 INFO MemoryStore: Block broadcast_16_piece0 stored as bytes in memory (estimated size 10.3 KiB, free 432.0 MiB)
25/05/01 06:03:04 INFO BlockManagerInfo: Added broadcast_16_piece0 in memory on ae6614f586c2:37165 (size: 10.3 KiB, free: 434.0 MiB)
25/05/01 06:03:04 INFO SparkContext: Created broadcast 16 from broadcast at DAGScheduler.scala:1585
25/05/01 06:03:04 INFO DAGScheduler: Submitting 1 missing tasks from ShuffleMapStage 8 (MapPartitionsRDD[39] at csv at <unknown>:0) (first 15 tasks are for partitions Vector(0))
25/05/01 06:03:04 INFO TaskSchedulerImpl: Adding task set 8.0 with 1 tasks resource profile 0
25/05/01 06:03:04 INFO TaskSetManager: Starting task 0.0 in stage 8.0 (TID 8) (172.20.0.4, executor 2, partition 0, PROCESS_LOCAL, 9598 bytes) 
25/05/01 06:03:04 INFO BlockManagerInfo: Removed broadcast_13_piece0 on ae6614f586c2:37165 in memory (size: 9.1 KiB, free: 434.0 MiB)
25/05/01 06:03:04 INFO BlockManagerInfo: Removed broadcast_13_piece0 on 172.20.0.4:41051 in memory (size: 9.1 KiB, free: 434.3 MiB)
25/05/01 06:03:04 INFO BlockManagerInfo: Added broadcast_16_piece0 in memory on 172.20.0.4:41051 (size: 10.3 KiB, free: 434.3 MiB)
25/05/01 06:03:04 INFO BlockManagerInfo: Removed broadcast_8_piece0 on ae6614f586c2:37165 in memory (size: 34.7 KiB, free: 434.0 MiB)
25/05/01 06:03:04 INFO BlockManagerInfo: Removed broadcast_8_piece0 on 172.20.0.8:40593 in memory (size: 34.7 KiB, free: 434.2 MiB)
25/05/01 06:03:04 INFO BlockManagerInfo: Removed broadcast_12_piece0 on ae6614f586c2:37165 in memory (size: 34.7 KiB, free: 434.1 MiB)
25/05/01 06:03:04 INFO BlockManagerInfo: Removed broadcast_12_piece0 on 172.20.0.4:41051 in memory (size: 34.7 KiB, free: 434.3 MiB)
25/05/01 06:03:04 INFO TaskSetManager: Finished task 0.0 in stage 7.0 (TID 7) in 320 ms on 172.20.0.8 (executor 0) (1/1)
25/05/01 06:03:04 INFO TaskSchedulerImpl: Removed TaskSet 7.0, whose tasks have all completed, from pool 
25/05/01 06:03:04 INFO DAGScheduler: ResultStage 7 (csv at <unknown>:0) finished in 0.344 s
25/05/01 06:03:04 INFO DAGScheduler: Job 7 is finished. Cancelling potential speculative or zombie tasks for this job
25/05/01 06:03:04 INFO TaskSchedulerImpl: Killing all running tasks in stage 7: Stage finished
25/05/01 06:03:04 INFO DAGScheduler: Job 7 finished: csv at <unknown>:0, took 0.349424 s
25/05/01 06:03:04 INFO FileFormatWriter: Start to commit write Job ff6aeb9f-6e06-4783-80c4-9e15dc9e10ca.
25/05/01 06:03:04 INFO BlockManagerInfo: Removed broadcast_7_piece0 on ae6614f586c2:37165 in memory (size: 12.9 KiB, free: 434.1 MiB)
25/05/01 06:03:04 INFO BlockManagerInfo: Removed broadcast_7_piece0 on 172.20.0.8:40593 in memory (size: 12.9 KiB, free: 434.2 MiB)
25/05/01 06:03:04 INFO BlockManagerInfo: Removed broadcast_2_piece0 on ae6614f586c2:37165 in memory (size: 6.4 KiB, free: 434.1 MiB)
25/05/01 06:03:04 INFO BlockManagerInfo: Removed broadcast_2_piece0 on 172.20.0.4:41051 in memory (size: 6.4 KiB, free: 434.4 MiB)
25/05/01 06:03:04 INFO BlockManagerInfo: Removed broadcast_6_piece0 on ae6614f586c2:37165 in memory (size: 12.9 KiB, free: 434.1 MiB)
25/05/01 06:03:04 INFO BlockManagerInfo: Removed broadcast_6_piece0 on 172.20.0.6:36465 in memory (size: 12.9 KiB, free: 434.3 MiB)
25/05/01 06:03:04 INFO BlockManagerInfo: Removed broadcast_3_piece0 on ae6614f586c2:37165 in memory (size: 6.4 KiB, free: 434.1 MiB)
25/05/01 06:03:04 INFO BlockManagerInfo: Removed broadcast_3_piece0 on 172.20.0.6:36465 in memory (size: 6.4 KiB, free: 434.3 MiB)
25/05/01 06:03:04 INFO BlockManagerInfo: Removed broadcast_9_piece0 on ae6614f586c2:37165 in memory (size: 9.0 KiB, free: 434.1 MiB)
25/05/01 06:03:04 INFO BlockManagerInfo: Removed broadcast_9_piece0 on 172.20.0.8:40593 in memory (size: 9.0 KiB, free: 434.2 MiB)
25/05/01 06:03:04 INFO BlockManagerInfo: Removed broadcast_11_piece0 on ae6614f586c2:37165 in memory (size: 10.1 KiB, free: 434.1 MiB)
25/05/01 06:03:04 INFO BlockManagerInfo: Removed broadcast_11_piece0 on 172.20.0.8:40593 in memory (size: 10.1 KiB, free: 434.3 MiB)
25/05/01 06:03:04 INFO BlockManagerInfo: Added broadcast_15_piece0 in memory on 172.20.0.4:41051 (size: 34.7 KiB, free: 434.3 MiB)
25/05/01 06:03:04 INFO TaskSetManager: Finished task 0.0 in stage 8.0 (TID 8) in 219 ms on 172.20.0.4 (executor 2) (1/1)
25/05/01 06:03:04 INFO TaskSchedulerImpl: Removed TaskSet 8.0, whose tasks have all completed, from pool 
25/05/01 06:03:04 INFO DAGScheduler: ShuffleMapStage 8 (csv at <unknown>:0) finished in 0.251 s
25/05/01 06:03:04 INFO DAGScheduler: looking for newly runnable stages
25/05/01 06:03:04 INFO DAGScheduler: running: Set()
25/05/01 06:03:04 INFO DAGScheduler: waiting: Set()
25/05/01 06:03:04 INFO DAGScheduler: failed: Set()
25/05/01 06:03:04 INFO FileOutputCommitter: File Output Committer Algorithm version is 1
25/05/01 06:03:04 INFO FileOutputCommitter: FileOutputCommitter skip cleanup _temporary folders under output directory:false, ignore cleanup failures: false
25/05/01 06:03:04 INFO SQLHadoopMapReduceCommitProtocol: Using output committer class org.apache.hadoop.mapreduce.lib.output.FileOutputCommitter
25/05/01 06:03:04 INFO FileFormatWriter: Write Job ff6aeb9f-6e06-4783-80c4-9e15dc9e10ca committed. Elapsed time: 200 ms.
25/05/01 06:03:04 INFO FileFormatWriter: Finished processing stats for write job ff6aeb9f-6e06-4783-80c4-9e15dc9e10ca.
25/05/01 06:03:04 INFO SparkContext: Starting job: csv at <unknown>:0
25/05/01 06:03:04 INFO DAGScheduler: Got job 9 (csv at <unknown>:0) with 1 output partitions
25/05/01 06:03:04 INFO DAGScheduler: Final stage: ResultStage 9 (csv at <unknown>:0)
25/05/01 06:03:04 INFO DAGScheduler: Parents of final stage: List()
25/05/01 06:03:04 INFO DAGScheduler: Missing parents: List()
25/05/01 06:03:04 INFO DAGScheduler: Submitting ResultStage 9 (MapPartitionsRDD[43] at csv at <unknown>:0), which has no missing parents
25/05/01 06:03:04 INFO FileSourceStrategy: Pushed Filters: IsNotNull(rejected_records)
25/05/01 06:03:04 INFO FileSourceStrategy: Post-Scan Filters: isnotnull(rejected_records#70)
25/05/01 06:03:04 INFO MemoryStore: Block broadcast_17 stored as values in memory (estimated size 208.6 KiB, free 432.5 MiB)
25/05/01 06:03:04 INFO MemoryStore: Block broadcast_17_piece0 stored as bytes in memory (estimated size 74.8 KiB, free 432.4 MiB)
25/05/01 06:03:04 INFO BlockManagerInfo: Added broadcast_17_piece0 in memory on ae6614f586c2:37165 (size: 74.8 KiB, free: 434.0 MiB)
25/05/01 06:03:04 INFO SparkContext: Created broadcast 17 from broadcast at DAGScheduler.scala:1585
25/05/01 06:03:04 INFO DAGScheduler: Submitting 1 missing tasks from ResultStage 9 (MapPartitionsRDD[43] at csv at <unknown>:0) (first 15 tasks are for partitions Vector(0))
25/05/01 06:03:04 INFO TaskSchedulerImpl: Adding task set 9.0 with 1 tasks resource profile 0
25/05/01 06:03:04 INFO TaskSetManager: Starting task 0.0 in stage 9.0 (TID 9) (172.20.0.8, executor 0, partition 0, PROCESS_LOCAL, 9024 bytes) 
25/05/01 06:03:04 INFO BlockManagerInfo: Added broadcast_17_piece0 in memory on 172.20.0.8:40593 (size: 74.8 KiB, free: 434.2 MiB)
25/05/01 06:03:04 INFO CodeGenerator: Code generated in 18.817953 ms
25/05/01 06:03:04 INFO MemoryStore: Block broadcast_18 stored as values in memory (estimated size 201.2 KiB, free 432.2 MiB)
25/05/01 06:03:04 INFO MemoryStore: Block broadcast_18_piece0 stored as bytes in memory (estimated size 34.7 KiB, free 432.2 MiB)
25/05/01 06:03:04 INFO BlockManagerInfo: Added broadcast_18_piece0 in memory on ae6614f586c2:37165 (size: 34.7 KiB, free: 434.0 MiB)
25/05/01 06:03:04 INFO SparkContext: Created broadcast 18 from showString at <unknown>:0
25/05/01 06:03:04 INFO FileSourceScanExec: Planning scan with bin packing, max size: 4194304 bytes, open cost is considered as scanning 4194304 bytes.
25/05/01 06:03:04 INFO SparkContext: Starting job: showString at <unknown>:0
25/05/01 06:03:04 INFO DAGScheduler: Got job 10 (showString at <unknown>:0) with 1 output partitions
25/05/01 06:03:04 INFO DAGScheduler: Final stage: ResultStage 10 (showString at <unknown>:0)
25/05/01 06:03:04 INFO DAGScheduler: Parents of final stage: List()
25/05/01 06:03:04 INFO DAGScheduler: Missing parents: List()
25/05/01 06:03:04 INFO DAGScheduler: Submitting ResultStage 10 (MapPartitionsRDD[47] at showString at <unknown>:0), which has no missing parents
25/05/01 06:03:04 INFO MemoryStore: Block broadcast_19 stored as values in memory (estimated size 21.7 KiB, free 432.2 MiB)
25/05/01 06:03:04 INFO MemoryStore: Block broadcast_19_piece0 stored as bytes in memory (estimated size 9.2 KiB, free 432.2 MiB)
25/05/01 06:03:04 INFO BlockManagerInfo: Added broadcast_19_piece0 in memory on ae6614f586c2:37165 (size: 9.2 KiB, free: 434.0 MiB)
25/05/01 06:03:04 INFO SparkContext: Created broadcast 19 from broadcast at DAGScheduler.scala:1585
25/05/01 06:03:04 INFO DAGScheduler: Submitting 1 missing tasks from ResultStage 10 (MapPartitionsRDD[47] at showString at <unknown>:0) (first 15 tasks are for partitions Vector(0))
25/05/01 06:03:04 INFO TaskSchedulerImpl: Adding task set 10.0 with 1 tasks resource profile 0
25/05/01 06:03:04 INFO TaskSetManager: Starting task 0.0 in stage 10.0 (TID 10) (172.20.0.6, executor 1, partition 0, PROCESS_LOCAL, 9609 bytes) 
25/05/01 06:03:04 INFO BlockManagerInfo: Added broadcast_19_piece0 in memory on 172.20.0.6:36465 (size: 9.2 KiB, free: 434.3 MiB)
25/05/01 06:03:05 INFO BlockManagerInfo: Added broadcast_18_piece0 in memory on 172.20.0.6:36465 (size: 34.7 KiB, free: 434.3 MiB)
25/05/01 06:03:05 INFO TaskSetManager: Finished task 0.0 in stage 9.0 (TID 9) in 222 ms on 172.20.0.8 (executor 0) (1/1)
25/05/01 06:03:05 INFO TaskSchedulerImpl: Removed TaskSet 9.0, whose tasks have all completed, from pool 
25/05/01 06:03:05 INFO DAGScheduler: ResultStage 9 (csv at <unknown>:0) finished in 0.239 s
25/05/01 06:03:05 INFO DAGScheduler: Job 9 is finished. Cancelling potential speculative or zombie tasks for this job
25/05/01 06:03:05 INFO TaskSchedulerImpl: Killing all running tasks in stage 9: Stage finished
25/05/01 06:03:05 INFO DAGScheduler: Job 9 finished: csv at <unknown>:0, took 0.244131 s
25/05/01 06:03:05 INFO FileFormatWriter: Start to commit write Job c88f6550-c9fd-4613-886b-030ef739a8f6.
25/05/01 06:03:05 INFO TaskSetManager: Finished task 0.0 in stage 10.0 (TID 10) in 211 ms on 172.20.0.6 (executor 1) (1/1)
25/05/01 06:03:05 INFO TaskSchedulerImpl: Removed TaskSet 10.0, whose tasks have all completed, from pool 
25/05/01 06:03:05 INFO DAGScheduler: ResultStage 10 (showString at <unknown>:0) finished in 0.222 s
25/05/01 06:03:05 INFO DAGScheduler: Job 10 is finished. Cancelling potential speculative or zombie tasks for this job
25/05/01 06:03:05 INFO TaskSchedulerImpl: Killing all running tasks in stage 10: Stage finished
25/05/01 06:03:05 INFO DAGScheduler: Job 10 finished: showString at <unknown>:0, took 0.225852 s
+-----+-----------+----------+---------+-------+----+-------+-------+-------+-----+-----------------+-------+-------------+
|Index|Customer Id|First Name|Last Name|Company|City|Country|Phone 1|Phone 2|Email|Subscription Date|Website|error_details|
+-----+-----------+----------+---------+-------+----+-------+-------+-------+-----+-----------------+-------+-------------+
+-----+-----------+----------+---------+-------+----+-------+-------+-------+-----+-----------------+-------+-------------+

25/05/01 06:03:05 INFO FileSourceStrategy: Pushed Filters: 
25/05/01 06:03:05 INFO FileSourceStrategy: Post-Scan Filters: isnull(regexp_replace(cast(Index#58 as string), [^0-9.], , 1))
25/05/01 06:03:05 INFO FileFormatWriter: Write Job c88f6550-c9fd-4613-886b-030ef739a8f6 committed. Elapsed time: 165 ms.
25/05/01 06:03:05 INFO FileFormatWriter: Finished processing stats for write job c88f6550-c9fd-4613-886b-030ef739a8f6.
25/05/01 06:03:05 INFO FileSourceStrategy: Pushed Filters: IsNotNull(rejected_records)
25/05/01 06:03:05 INFO FileSourceStrategy: Post-Scan Filters: isnotnull(rejected_records#244)
25/05/01 06:03:05 INFO CodeGenerator: Code generated in 23.879433 ms
25/05/01 06:03:05 INFO MemoryStore: Block broadcast_20 stored as values in memory (estimated size 201.2 KiB, free 432.0 MiB)
25/05/01 06:03:05 INFO MemoryStore: Block broadcast_20_piece0 stored as bytes in memory (estimated size 34.7 KiB, free 431.9 MiB)
25/05/01 06:03:05 INFO BlockManagerInfo: Added broadcast_20_piece0 in memory on ae6614f586c2:37165 (size: 34.7 KiB, free: 434.0 MiB)
25/05/01 06:03:05 INFO SparkContext: Created broadcast 20 from count at <unknown>:0
25/05/01 06:03:05 INFO FileSourceScanExec: Planning scan with bin packing, max size: 4194304 bytes, open cost is considered as scanning 4194304 bytes.
25/05/01 06:03:05 INFO DAGScheduler: Registering RDD 51 (count at <unknown>:0) as input to shuffle 2
25/05/01 06:03:05 INFO DAGScheduler: Got map stage job 11 (count at <unknown>:0) with 1 output partitions
25/05/01 06:03:05 INFO DAGScheduler: Final stage: ShuffleMapStage 11 (count at <unknown>:0)
25/05/01 06:03:05 INFO DAGScheduler: Parents of final stage: List()
25/05/01 06:03:05 INFO DAGScheduler: Missing parents: List()
25/05/01 06:03:05 INFO DAGScheduler: Submitting ShuffleMapStage 11 (MapPartitionsRDD[51] at count at <unknown>:0), which has no missing parents
25/05/01 06:03:05 INFO MemoryStore: Block broadcast_21 stored as values in memory (estimated size 20.9 KiB, free 431.9 MiB)
25/05/01 06:03:05 INFO MemoryStore: Block broadcast_21_piece0 stored as bytes in memory (estimated size 10.0 KiB, free 431.9 MiB)
25/05/01 06:03:05 INFO BlockManagerInfo: Added broadcast_21_piece0 in memory on ae6614f586c2:37165 (size: 10.0 KiB, free: 434.0 MiB)
25/05/01 06:03:05 INFO CodeGenerator: Code generated in 15.643726 ms
25/05/01 06:03:05 INFO SparkContext: Created broadcast 21 from broadcast at DAGScheduler.scala:1585
25/05/01 06:03:05 INFO DAGScheduler: Submitting 1 missing tasks from ShuffleMapStage 11 (MapPartitionsRDD[51] at count at <unknown>:0) (first 15 tasks are for partitions Vector(0))
25/05/01 06:03:05 INFO TaskSchedulerImpl: Adding task set 11.0 with 1 tasks resource profile 0
25/05/01 06:03:05 INFO TaskSetManager: Starting task 0.0 in stage 11.0 (TID 11) (172.20.0.8, executor 0, partition 0, PROCESS_LOCAL, 9598 bytes) 
25/05/01 06:03:05 INFO MemoryStore: Block broadcast_22 stored as values in memory (estimated size 201.2 KiB, free 431.7 MiB)
25/05/01 06:03:05 INFO MemoryStore: Block broadcast_22_piece0 stored as bytes in memory (estimated size 34.7 KiB, free 431.7 MiB)
25/05/01 06:03:05 INFO BlockManagerInfo: Added broadcast_22_piece0 in memory on ae6614f586c2:37165 (size: 34.7 KiB, free: 433.9 MiB)
25/05/01 06:03:05 INFO SparkContext: Created broadcast 22 from showString at <unknown>:0
25/05/01 06:03:05 INFO FileSourceScanExec: Planning scan with bin packing, max size: 4194304 bytes, open cost is considered as scanning 4194304 bytes.
25/05/01 06:03:05 INFO SparkContext: Starting job: showString at <unknown>:0
25/05/01 06:03:05 INFO BlockManagerInfo: Added broadcast_21_piece0 in memory on 172.20.0.8:40593 (size: 10.0 KiB, free: 434.2 MiB)
25/05/01 06:03:05 INFO DAGScheduler: Got job 12 (showString at <unknown>:0) with 1 output partitions
25/05/01 06:03:05 INFO DAGScheduler: Final stage: ResultStage 12 (showString at <unknown>:0)
25/05/01 06:03:05 INFO DAGScheduler: Parents of final stage: List()
25/05/01 06:03:05 INFO DAGScheduler: Missing parents: List()
25/05/01 06:03:05 INFO DAGScheduler: Submitting ResultStage 12 (MapPartitionsRDD[55] at showString at <unknown>:0), which has no missing parents
25/05/01 06:03:05 INFO MemoryStore: Block broadcast_23 stored as values in memory (estimated size 22.3 KiB, free 431.7 MiB)
25/05/01 06:03:05 INFO MemoryStore: Block broadcast_23_piece0 stored as bytes in memory (estimated size 9.3 KiB, free 431.7 MiB)
25/05/01 06:03:05 INFO BlockManagerInfo: Added broadcast_23_piece0 in memory on ae6614f586c2:37165 (size: 9.3 KiB, free: 433.9 MiB)
25/05/01 06:03:05 INFO SparkContext: Created broadcast 23 from broadcast at DAGScheduler.scala:1585
25/05/01 06:03:05 INFO DAGScheduler: Submitting 1 missing tasks from ResultStage 12 (MapPartitionsRDD[55] at showString at <unknown>:0) (first 15 tasks are for partitions Vector(0))
25/05/01 06:03:05 INFO TaskSchedulerImpl: Adding task set 12.0 with 1 tasks resource profile 0
25/05/01 06:03:05 INFO TaskSetManager: Starting task 0.0 in stage 12.0 (TID 12) (172.20.0.8, executor 0, partition 0, PROCESS_LOCAL, 9609 bytes) 
25/05/01 06:03:05 INFO BlockManagerInfo: Added broadcast_23_piece0 in memory on 172.20.0.8:40593 (size: 9.3 KiB, free: 434.2 MiB)
25/05/01 06:03:05 INFO BlockManagerInfo: Added broadcast_20_piece0 in memory on 172.20.0.8:40593 (size: 34.7 KiB, free: 434.1 MiB)
25/05/01 06:03:05 INFO BlockManagerInfo: Added broadcast_22_piece0 in memory on 172.20.0.8:40593 (size: 34.7 KiB, free: 434.1 MiB)
25/05/01 06:03:05 INFO TaskSetManager: Finished task 0.0 in stage 11.0 (TID 11) in 148 ms on 172.20.0.8 (executor 0) (1/1)
25/05/01 06:03:05 INFO TaskSchedulerImpl: Removed TaskSet 11.0, whose tasks have all completed, from pool 
25/05/01 06:03:05 INFO DAGScheduler: ShuffleMapStage 11 (count at <unknown>:0) finished in 0.160 s
25/05/01 06:03:05 INFO DAGScheduler: looking for newly runnable stages
25/05/01 06:03:05 INFO DAGScheduler: running: Set(ResultStage 12)
25/05/01 06:03:05 INFO DAGScheduler: waiting: Set()
25/05/01 06:03:05 INFO DAGScheduler: failed: Set()
25/05/01 06:03:05 INFO TaskSetManager: Finished task 0.0 in stage 12.0 (TID 12) in 130 ms on 172.20.0.8 (executor 0) (1/1)
25/05/01 06:03:05 INFO TaskSchedulerImpl: Removed TaskSet 12.0, whose tasks have all completed, from pool 
25/05/01 06:03:05 INFO DAGScheduler: ResultStage 12 (showString at <unknown>:0) finished in 0.138 s
25/05/01 06:03:05 INFO DAGScheduler: Job 12 is finished. Cancelling potential speculative or zombie tasks for this job
25/05/01 06:03:05 INFO TaskSchedulerImpl: Killing all running tasks in stage 12: Stage finished
25/05/01 06:03:05 INFO DAGScheduler: Job 12 finished: showString at <unknown>:0, took 0.142362 s
+-----+-----------+----------+---------+-------+----+-------+-------+-------+-----+-----------------+-------+------+-------------+
|Index|Customer Id|First Name|Last Name|Company|City|Country|Phone 1|Phone 2|Email|Subscription Date|Website|Budget|error_details|
+-----+-----------+----------+---------+-------+----+-------+-------+-------+-----+-----------------+-------+------+-------------+
+-----+-----------+----------+---------+-------+----+-------+-------+-------+-----+-----------------+-------+------+-------------+

/mnt/apps/gcs/data-movement/Parquet/RTRNPF before if miss : ["Position 3: CSV has 'Last Name', Schema has 'First Name'", "Position 4: CSV has 'First Name', Schema has 'Last Name'", "Position 13: CSV has 'Budgett', Schema has 'Budget'"]
2025-05-01 06:03:05,447 - INFO - Closing down clientserver connection
25/05/01 06:03:05 INFO CodeGenerator: Code generated in 9.894271 ms
25/05/01 06:03:05 INFO SparkContext: Starting job: count at <unknown>:0
25/05/01 06:03:05 INFO DAGScheduler: Got job 13 (count at <unknown>:0) with 1 output partitions
25/05/01 06:03:05 INFO DAGScheduler: Final stage: ResultStage 14 (count at <unknown>:0)
25/05/01 06:03:05 INFO DAGScheduler: Parents of final stage: List(ShuffleMapStage 13)
25/05/01 06:03:05 INFO DAGScheduler: Missing parents: List()
25/05/01 06:03:05 INFO DAGScheduler: Submitting ResultStage 14 (MapPartitionsRDD[58] at count at <unknown>:0), which has no missing parents
25/05/01 06:03:05 INFO MemoryStore: Block broadcast_24 stored as values in memory (estimated size 12.5 KiB, free 431.6 MiB)
25/05/01 06:03:05 INFO MemoryStore: Block broadcast_24_piece0 stored as bytes in memory (estimated size 5.9 KiB, free 431.6 MiB)
25/05/01 06:03:05 INFO BlockManagerInfo: Added broadcast_24_piece0 in memory on ae6614f586c2:37165 (size: 5.9 KiB, free: 433.9 MiB)
25/05/01 06:03:05 INFO SparkContext: Created broadcast 24 from broadcast at DAGScheduler.scala:1585
25/05/01 06:03:05 INFO DAGScheduler: Submitting 1 missing tasks from ResultStage 14 (MapPartitionsRDD[58] at count at <unknown>:0) (first 15 tasks are for partitions Vector(0))
25/05/01 06:03:05 INFO TaskSchedulerImpl: Adding task set 14.0 with 1 tasks resource profile 0
25/05/01 06:03:05 INFO TaskSetManager: Starting task 0.0 in stage 14.0 (TID 13) (172.20.0.8, executor 0, partition 0, NODE_LOCAL, 9003 bytes) 
25/05/01 06:03:05 INFO BlockManagerInfo: Added broadcast_24_piece0 in memory on 172.20.0.8:40593 (size: 5.9 KiB, free: 434.1 MiB)
25/05/01 06:03:05 INFO MapOutputTrackerMasterEndpoint: Asked to send map output locations for shuffle 2 to 172.20.0.8:56748
25/05/01 06:03:05 INFO TaskSetManager: Finished task 0.0 in stage 14.0 (TID 13) in 111 ms on 172.20.0.8 (executor 0) (1/1)
25/05/01 06:03:05 INFO TaskSchedulerImpl: Removed TaskSet 14.0, whose tasks have all completed, from pool 
25/05/01 06:03:05 INFO DAGScheduler: ResultStage 14 (count at <unknown>:0) finished in 0.123 s
25/05/01 06:03:05 INFO DAGScheduler: Job 13 is finished. Cancelling potential speculative or zombie tasks for this job
25/05/01 06:03:05 INFO TaskSchedulerImpl: Killing all running tasks in stage 14: Stage finished
25/05/01 06:03:05 INFO DAGScheduler: Job 13 finished: count at <unknown>:0, took 0.130845 s
25/05/01 06:03:05 INFO FileSourceStrategy: Pushed Filters: IsNull(Subscription Date)
25/05/01 06:03:05 INFO FileSourceStrategy: Post-Scan Filters: isnull(Subscription Date#68)
25/05/01 06:03:05 INFO CodeGenerator: Code generated in 6.218634 ms
25/05/01 06:03:05 INFO CodeGenerator: Code generated in 4.202322 ms
25/05/01 06:03:05 INFO MemoryStore: Block broadcast_25 stored as values in memory (estimated size 201.2 KiB, free 431.4 MiB)
25/05/01 06:03:05 INFO MemoryStore: Block broadcast_25_piece0 stored as bytes in memory (estimated size 34.7 KiB, free 431.4 MiB)
25/05/01 06:03:05 INFO BlockManagerInfo: Added broadcast_25_piece0 in memory on ae6614f586c2:37165 (size: 34.7 KiB, free: 433.9 MiB)
25/05/01 06:03:05 INFO SparkContext: Created broadcast 25 from count at <unknown>:0
25/05/01 06:03:05 INFO FileSourceScanExec: Planning scan with bin packing, max size: 4194304 bytes, open cost is considered as scanning 4194304 bytes.
25/05/01 06:03:05 INFO DAGScheduler: Registering RDD 65 (count at <unknown>:0) as input to shuffle 3
25/05/01 06:03:05 INFO DAGScheduler: Got map stage job 14 (count at <unknown>:0) with 1 output partitions
25/05/01 06:03:05 INFO DAGScheduler: Final stage: ShuffleMapStage 15 (count at <unknown>:0)
25/05/01 06:03:05 INFO DAGScheduler: Parents of final stage: List()
25/05/01 06:03:05 INFO DAGScheduler: Missing parents: List()
25/05/01 06:03:05 INFO DAGScheduler: Submitting ShuffleMapStage 15 (MapPartitionsRDD[65] at count at <unknown>:0), which has no missing parents
25/05/01 06:03:05 INFO MemoryStore: Block broadcast_26 stored as values in memory (estimated size 34.0 KiB, free 431.4 MiB)
25/05/01 06:03:05 INFO MemoryStore: Block broadcast_26_piece0 stored as bytes in memory (estimated size 16.2 KiB, free 431.4 MiB)
25/05/01 06:03:05 INFO BlockManagerInfo: Added broadcast_26_piece0 in memory on ae6614f586c2:37165 (size: 16.2 KiB, free: 433.9 MiB)
25/05/01 06:03:05 INFO SparkContext: Created broadcast 26 from broadcast at DAGScheduler.scala:1585
25/05/01 06:03:05 INFO DAGScheduler: Submitting 1 missing tasks from ShuffleMapStage 15 (MapPartitionsRDD[65] at count at <unknown>:0) (first 15 tasks are for partitions Vector(0))
25/05/01 06:03:05 INFO TaskSchedulerImpl: Adding task set 15.0 with 1 tasks resource profile 0
25/05/01 06:03:05 INFO TaskSetManager: Starting task 0.0 in stage 15.0 (TID 14) (172.20.0.8, executor 0, partition 0, PROCESS_LOCAL, 9598 bytes) 
25/05/01 06:03:05 INFO BlockManagerInfo: Added broadcast_26_piece0 in memory on 172.20.0.8:40593 (size: 16.2 KiB, free: 434.1 MiB)
25/05/01 06:03:06 INFO BlockManagerInfo: Added broadcast_25_piece0 in memory on 172.20.0.8:40593 (size: 34.7 KiB, free: 434.0 MiB)
25/05/01 06:03:06 INFO TaskSetManager: Finished task 0.0 in stage 15.0 (TID 14) in 859 ms on 172.20.0.8 (executor 0) (1/1)
25/05/01 06:03:06 INFO TaskSchedulerImpl: Removed TaskSet 15.0, whose tasks have all completed, from pool 
25/05/01 06:03:06 INFO PythonAccumulatorV2: Connected to AccumulatorServer at host: 127.0.0.1 port: 42093
25/05/01 06:03:06 INFO DAGScheduler: ShuffleMapStage 15 (count at <unknown>:0) finished in 0.872 s
25/05/01 06:03:06 INFO DAGScheduler: looking for newly runnable stages
25/05/01 06:03:06 INFO DAGScheduler: running: Set()
25/05/01 06:03:06 INFO DAGScheduler: waiting: Set()
25/05/01 06:03:06 INFO DAGScheduler: failed: Set()
25/05/01 06:03:06 INFO CodeGenerator: Code generated in 5.934922 ms
25/05/01 06:03:06 INFO SparkContext: Starting job: count at <unknown>:0
25/05/01 06:03:06 INFO DAGScheduler: Got job 15 (count at <unknown>:0) with 1 output partitions
25/05/01 06:03:06 INFO DAGScheduler: Final stage: ResultStage 17 (count at <unknown>:0)
25/05/01 06:03:06 INFO DAGScheduler: Parents of final stage: List(ShuffleMapStage 16)
25/05/01 06:03:06 INFO DAGScheduler: Missing parents: List()
25/05/01 06:03:06 INFO DAGScheduler: Submitting ResultStage 17 (MapPartitionsRDD[68] at count at <unknown>:0), which has no missing parents
25/05/01 06:03:06 INFO MemoryStore: Block broadcast_27 stored as values in memory (estimated size 12.5 KiB, free 431.3 MiB)
25/05/01 06:03:06 INFO MemoryStore: Block broadcast_27_piece0 stored as bytes in memory (estimated size 5.9 KiB, free 431.3 MiB)
25/05/01 06:03:06 INFO BlockManagerInfo: Added broadcast_27_piece0 in memory on ae6614f586c2:37165 (size: 5.9 KiB, free: 433.9 MiB)
25/05/01 06:03:06 INFO SparkContext: Created broadcast 27 from broadcast at DAGScheduler.scala:1585
25/05/01 06:03:06 INFO DAGScheduler: Submitting 1 missing tasks from ResultStage 17 (MapPartitionsRDD[68] at count at <unknown>:0) (first 15 tasks are for partitions Vector(0))
25/05/01 06:03:06 INFO TaskSchedulerImpl: Adding task set 17.0 with 1 tasks resource profile 0
25/05/01 06:03:06 INFO TaskSetManager: Starting task 0.0 in stage 17.0 (TID 15) (172.20.0.8, executor 0, partition 0, NODE_LOCAL, 9003 bytes) 
25/05/01 06:03:06 INFO BlockManagerInfo: Added broadcast_27_piece0 in memory on 172.20.0.8:40593 (size: 5.9 KiB, free: 434.0 MiB)
25/05/01 06:03:06 INFO MapOutputTrackerMasterEndpoint: Asked to send map output locations for shuffle 3 to 172.20.0.8:56748
25/05/01 06:03:06 INFO TaskSetManager: Finished task 0.0 in stage 17.0 (TID 15) in 45 ms on 172.20.0.8 (executor 0) (1/1)
25/05/01 06:03:06 INFO TaskSchedulerImpl: Removed TaskSet 17.0, whose tasks have all completed, from pool 
25/05/01 06:03:06 INFO DAGScheduler: ResultStage 17 (count at <unknown>:0) finished in 0.052 s
25/05/01 06:03:06 INFO DAGScheduler: Job 15 is finished. Cancelling potential speculative or zombie tasks for this job
25/05/01 06:03:06 INFO TaskSchedulerImpl: Killing all running tasks in stage 17: Stage finished
25/05/01 06:03:06 INFO DAGScheduler: Job 15 finished: count at <unknown>:0, took 0.055883 s
/mnt/apps/gcs/data-movement/Parquet/ACMVPF before if miss : None
25/05/01 06:03:06 INFO FileSourceStrategy: Pushed Filters: 
25/05/01 06:03:06 INFO FileSourceStrategy: Post-Scan Filters: 
25/05/01 06:03:06 INFO CodeGenerator: Code generated in 6.875298 ms
25/05/01 06:03:06 INFO MemoryStore: Block broadcast_28 stored as values in memory (estimated size 201.2 KiB, free 431.1 MiB)
25/05/01 06:03:06 INFO MemoryStore: Block broadcast_28_piece0 stored as bytes in memory (estimated size 34.7 KiB, free 431.1 MiB)
25/05/01 06:03:06 INFO BlockManagerInfo: Added broadcast_28_piece0 in memory on ae6614f586c2:37165 (size: 34.7 KiB, free: 433.8 MiB)
25/05/01 06:03:06 INFO SparkContext: Created broadcast 28 from count at <unknown>:0
25/05/01 06:03:06 INFO FileSourceScanExec: Planning scan with bin packing, max size: 4194304 bytes, open cost is considered as scanning 4194304 bytes.
25/05/01 06:03:06 INFO DAGScheduler: Registering RDD 72 (count at <unknown>:0) as input to shuffle 4
25/05/01 06:03:06 INFO DAGScheduler: Got map stage job 16 (count at <unknown>:0) with 1 output partitions
25/05/01 06:03:06 INFO DAGScheduler: Final stage: ShuffleMapStage 18 (count at <unknown>:0)
25/05/01 06:03:06 INFO DAGScheduler: Parents of final stage: List()
25/05/01 06:03:06 INFO DAGScheduler: Missing parents: List()
25/05/01 06:03:06 INFO DAGScheduler: Submitting ShuffleMapStage 18 (MapPartitionsRDD[72] at count at <unknown>:0), which has no missing parents
25/05/01 06:03:06 INFO MemoryStore: Block broadcast_29 stored as values in memory (estimated size 18.3 KiB, free 431.1 MiB)
25/05/01 06:03:06 INFO MemoryStore: Block broadcast_29_piece0 stored as bytes in memory (estimated size 9.0 KiB, free 431.1 MiB)
25/05/01 06:03:06 INFO BlockManagerInfo: Added broadcast_29_piece0 in memory on ae6614f586c2:37165 (size: 9.0 KiB, free: 433.8 MiB)
25/05/01 06:03:06 INFO SparkContext: Created broadcast 29 from broadcast at DAGScheduler.scala:1585
25/05/01 06:03:06 INFO DAGScheduler: Submitting 1 missing tasks from ShuffleMapStage 18 (MapPartitionsRDD[72] at count at <unknown>:0) (first 15 tasks are for partitions Vector(0))
25/05/01 06:03:06 INFO TaskSchedulerImpl: Adding task set 18.0 with 1 tasks resource profile 0
25/05/01 06:03:06 INFO TaskSetManager: Starting task 0.0 in stage 18.0 (TID 16) (172.20.0.4, executor 2, partition 0, PROCESS_LOCAL, 9598 bytes) 
25/05/01 06:03:06 INFO BlockManagerInfo: Added broadcast_29_piece0 in memory on 172.20.0.4:41051 (size: 9.0 KiB, free: 434.3 MiB)
25/05/01 06:03:06 INFO BlockManagerInfo: Added broadcast_28_piece0 in memory on 172.20.0.4:41051 (size: 34.7 KiB, free: 434.3 MiB)
25/05/01 06:03:06 INFO TaskSetManager: Finished task 0.0 in stage 18.0 (TID 16) in 124 ms on 172.20.0.4 (executor 2) (1/1)
25/05/01 06:03:06 INFO TaskSchedulerImpl: Removed TaskSet 18.0, whose tasks have all completed, from pool 
25/05/01 06:03:06 INFO DAGScheduler: ShuffleMapStage 18 (count at <unknown>:0) finished in 0.131 s
25/05/01 06:03:06 INFO DAGScheduler: looking for newly runnable stages
25/05/01 06:03:06 INFO DAGScheduler: running: Set()
25/05/01 06:03:06 INFO DAGScheduler: waiting: Set()
25/05/01 06:03:06 INFO DAGScheduler: failed: Set()
25/05/01 06:03:06 INFO SparkContext: Starting job: count at <unknown>:0
25/05/01 06:03:06 INFO DAGScheduler: Got job 17 (count at <unknown>:0) with 1 output partitions
25/05/01 06:03:06 INFO DAGScheduler: Final stage: ResultStage 20 (count at <unknown>:0)
25/05/01 06:03:06 INFO DAGScheduler: Parents of final stage: List(ShuffleMapStage 19)
25/05/01 06:03:06 INFO DAGScheduler: Missing parents: List()
25/05/01 06:03:06 INFO DAGScheduler: Submitting ResultStage 20 (MapPartitionsRDD[75] at count at <unknown>:0), which has no missing parents
25/05/01 06:03:06 INFO MemoryStore: Block broadcast_30 stored as values in memory (estimated size 12.5 KiB, free 431.1 MiB)
25/05/01 06:03:06 INFO MemoryStore: Block broadcast_30_piece0 stored as bytes in memory (estimated size 5.9 KiB, free 431.1 MiB)
25/05/01 06:03:06 INFO BlockManagerInfo: Removed broadcast_10_piece0 on ae6614f586c2:37165 in memory (size: 34.7 KiB, free: 433.8 MiB)
25/05/01 06:03:06 INFO BlockManagerInfo: Added broadcast_30_piece0 in memory on ae6614f586c2:37165 (size: 5.9 KiB, free: 433.8 MiB)
25/05/01 06:03:06 INFO SparkContext: Created broadcast 30 from broadcast at DAGScheduler.scala:1585
25/05/01 06:03:06 INFO BlockManagerInfo: Removed broadcast_10_piece0 on 172.20.0.8:40593 in memory (size: 34.7 KiB, free: 434.1 MiB)
25/05/01 06:03:06 INFO DAGScheduler: Submitting 1 missing tasks from ResultStage 20 (MapPartitionsRDD[75] at count at <unknown>:0) (first 15 tasks are for partitions Vector(0))
25/05/01 06:03:06 INFO TaskSchedulerImpl: Adding task set 20.0 with 1 tasks resource profile 0
25/05/01 06:03:06 INFO TaskSetManager: Starting task 0.0 in stage 20.0 (TID 17) (172.20.0.4, executor 2, partition 0, NODE_LOCAL, 9003 bytes) 
25/05/01 06:03:06 INFO BlockManagerInfo: Removed broadcast_25_piece0 on ae6614f586c2:37165 in memory (size: 34.7 KiB, free: 433.9 MiB)
25/05/01 06:03:06 INFO BlockManagerInfo: Removed broadcast_25_piece0 on 172.20.0.8:40593 in memory (size: 34.7 KiB, free: 434.1 MiB)
25/05/01 06:03:06 INFO BlockManagerInfo: Removed broadcast_20_piece0 on ae6614f586c2:37165 in memory (size: 34.7 KiB, free: 433.9 MiB)
25/05/01 06:03:06 INFO BlockManagerInfo: Removed broadcast_20_piece0 on 172.20.0.8:40593 in memory (size: 34.7 KiB, free: 434.1 MiB)
25/05/01 06:03:06 INFO BlockManagerInfo: Added broadcast_30_piece0 in memory on 172.20.0.4:41051 (size: 5.9 KiB, free: 434.3 MiB)
25/05/01 06:03:06 INFO BlockManagerInfo: Removed broadcast_26_piece0 on ae6614f586c2:37165 in memory (size: 16.2 KiB, free: 433.9 MiB)
25/05/01 06:03:06 INFO BlockManagerInfo: Removed broadcast_26_piece0 on 172.20.0.8:40593 in memory (size: 16.2 KiB, free: 434.2 MiB)
25/05/01 06:03:06 INFO MapOutputTrackerMasterEndpoint: Asked to send map output locations for shuffle 4 to 172.20.0.4:49274
25/05/01 06:03:06 INFO BlockManagerInfo: Removed broadcast_27_piece0 on ae6614f586c2:37165 in memory (size: 5.9 KiB, free: 433.9 MiB)
25/05/01 06:03:06 INFO BlockManagerInfo: Removed broadcast_27_piece0 on 172.20.0.8:40593 in memory (size: 5.9 KiB, free: 434.2 MiB)
25/05/01 06:03:06 INFO BlockManagerInfo: Removed broadcast_22_piece0 on ae6614f586c2:37165 in memory (size: 34.7 KiB, free: 434.0 MiB)
25/05/01 06:03:06 INFO BlockManagerInfo: Removed broadcast_22_piece0 on 172.20.0.8:40593 in memory (size: 34.7 KiB, free: 434.2 MiB)
25/05/01 06:03:06 INFO BlockManagerInfo: Removed broadcast_24_piece0 on ae6614f586c2:37165 in memory (size: 5.9 KiB, free: 434.0 MiB)
25/05/01 06:03:06 INFO BlockManagerInfo: Removed broadcast_24_piece0 on 172.20.0.8:40593 in memory (size: 5.9 KiB, free: 434.2 MiB)
25/05/01 06:03:06 INFO BlockManagerInfo: Removed broadcast_15_piece0 on ae6614f586c2:37165 in memory (size: 34.7 KiB, free: 434.0 MiB)
25/05/01 06:03:06 INFO BlockManagerInfo: Removed broadcast_15_piece0 on 172.20.0.4:41051 in memory (size: 34.7 KiB, free: 434.3 MiB)
25/05/01 06:03:06 INFO BlockManagerInfo: Removed broadcast_19_piece0 on ae6614f586c2:37165 in memory (size: 9.2 KiB, free: 434.0 MiB)
25/05/01 06:03:06 INFO BlockManagerInfo: Removed broadcast_19_piece0 on 172.20.0.6:36465 in memory (size: 9.2 KiB, free: 434.3 MiB)
25/05/01 06:03:07 INFO BlockManagerInfo: Removed broadcast_29_piece0 on ae6614f586c2:37165 in memory (size: 9.0 KiB, free: 434.0 MiB)
25/05/01 06:03:07 INFO BlockManagerInfo: Removed broadcast_29_piece0 on 172.20.0.4:41051 in memory (size: 9.0 KiB, free: 434.3 MiB)
25/05/01 06:03:07 INFO BlockManagerInfo: Removed broadcast_21_piece0 on ae6614f586c2:37165 in memory (size: 10.0 KiB, free: 434.0 MiB)
25/05/01 06:03:07 INFO BlockManagerInfo: Removed broadcast_21_piece0 on 172.20.0.8:40593 in memory (size: 10.0 KiB, free: 434.2 MiB)
25/05/01 06:03:07 INFO TaskSetManager: Finished task 0.0 in stage 20.0 (TID 17) in 129 ms on 172.20.0.4 (executor 2) (1/1)
25/05/01 06:03:07 INFO TaskSchedulerImpl: Removed TaskSet 20.0, whose tasks have all completed, from pool 
25/05/01 06:03:07 INFO DAGScheduler: ResultStage 20 (count at <unknown>:0) finished in 0.149 s
25/05/01 06:03:07 INFO DAGScheduler: Job 17 is finished. Cancelling potential speculative or zombie tasks for this job
25/05/01 06:03:07 INFO TaskSchedulerImpl: Killing all running tasks in stage 20: Stage finished
25/05/01 06:03:07 INFO DAGScheduler: Job 17 finished: count at <unknown>:0, took 0.151754 s
25/05/01 06:03:07 INFO BlockManagerInfo: Removed broadcast_23_piece0 on ae6614f586c2:37165 in memory (size: 9.3 KiB, free: 434.0 MiB)
25/05/01 06:03:07 INFO BlockManagerInfo: Removed broadcast_23_piece0 on 172.20.0.8:40593 in memory (size: 9.3 KiB, free: 434.2 MiB)
25/05/01 06:03:07 INFO BlockManagerInfo: Removed broadcast_18_piece0 on ae6614f586c2:37165 in memory (size: 34.7 KiB, free: 434.1 MiB)
25/05/01 06:03:07 INFO BlockManagerInfo: Removed broadcast_18_piece0 on 172.20.0.6:36465 in memory (size: 34.7 KiB, free: 434.3 MiB)
25/05/01 06:03:07 INFO BlockManagerInfo: Removed broadcast_16_piece0 on ae6614f586c2:37165 in memory (size: 10.3 KiB, free: 434.1 MiB)
25/05/01 06:03:07 INFO BlockManagerInfo: Removed broadcast_16_piece0 on 172.20.0.4:41051 in memory (size: 10.3 KiB, free: 434.3 MiB)
25/05/01 06:03:07 INFO BlockManagerInfo: Removed broadcast_17_piece0 on ae6614f586c2:37165 in memory (size: 74.8 KiB, free: 434.2 MiB)
25/05/01 06:03:07 INFO BlockManagerInfo: Removed broadcast_17_piece0 on 172.20.0.8:40593 in memory (size: 74.8 KiB, free: 434.3 MiB)
25/05/01 06:03:07 INFO FileSourceStrategy: Pushed Filters: 
25/05/01 06:03:07 INFO FileSourceStrategy: Post-Scan Filters: 
25/05/01 06:03:07 INFO BlockManagerInfo: Removed broadcast_14_piece0 on ae6614f586c2:37165 in memory (size: 74.8 KiB, free: 434.2 MiB)
25/05/01 06:03:07 INFO BlockManagerInfo: Removed broadcast_14_piece0 on 172.20.0.8:40593 in memory (size: 74.8 KiB, free: 434.4 MiB)
25/05/01 06:03:07 INFO ParquetUtils: Using default output committer for Parquet: org.apache.parquet.hadoop.ParquetOutputCommitter
25/05/01 06:03:07 INFO FileOutputCommitter: File Output Committer Algorithm version is 1
25/05/01 06:03:07 INFO FileOutputCommitter: FileOutputCommitter skip cleanup _temporary folders under output directory:false, ignore cleanup failures: false
25/05/01 06:03:07 INFO SQLHadoopMapReduceCommitProtocol: Using user defined output committer class org.apache.parquet.hadoop.ParquetOutputCommitter
25/05/01 06:03:07 INFO FileOutputCommitter: File Output Committer Algorithm version is 1
25/05/01 06:03:07 INFO FileOutputCommitter: FileOutputCommitter skip cleanup _temporary folders under output directory:false, ignore cleanup failures: false
25/05/01 06:03:07 INFO SQLHadoopMapReduceCommitProtocol: Using output committer class org.apache.parquet.hadoop.ParquetOutputCommitter
25/05/01 06:03:07 INFO MemoryStore: Block broadcast_31 stored as values in memory (estimated size 201.2 KiB, free 433.0 MiB)
25/05/01 06:03:07 INFO MemoryStore: Block broadcast_31_piece0 stored as bytes in memory (estimated size 34.7 KiB, free 433.0 MiB)
25/05/01 06:03:07 INFO BlockManagerInfo: Added broadcast_31_piece0 in memory on ae6614f586c2:37165 (size: 34.7 KiB, free: 434.2 MiB)
25/05/01 06:03:07 INFO SparkContext: Created broadcast 31 from parquet at <unknown>:0
25/05/01 06:03:07 INFO FileSourceScanExec: Planning scan with bin packing, max size: 4194304 bytes, open cost is considered as scanning 4194304 bytes.
25/05/01 06:03:07 INFO SparkContext: Starting job: parquet at <unknown>:0
25/05/01 06:03:07 INFO DAGScheduler: Got job 18 (parquet at <unknown>:0) with 1 output partitions
25/05/01 06:03:07 INFO DAGScheduler: Final stage: ResultStage 21 (parquet at <unknown>:0)
25/05/01 06:03:07 INFO DAGScheduler: Parents of final stage: List()
25/05/01 06:03:07 INFO DAGScheduler: Missing parents: List()
25/05/01 06:03:07 INFO DAGScheduler: Submitting ResultStage 21 (MapPartitionsRDD[79] at parquet at <unknown>:0), which has no missing parents
25/05/01 06:03:07 INFO MemoryStore: Block broadcast_32 stored as values in memory (estimated size 216.3 KiB, free 432.8 MiB)
25/05/01 06:03:07 INFO MemoryStore: Block broadcast_32_piece0 stored as bytes in memory (estimated size 78.1 KiB, free 432.7 MiB)
25/05/01 06:03:07 INFO BlockManagerInfo: Added broadcast_32_piece0 in memory on ae6614f586c2:37165 (size: 78.1 KiB, free: 434.1 MiB)
25/05/01 06:03:07 INFO SparkContext: Created broadcast 32 from broadcast at DAGScheduler.scala:1585
25/05/01 06:03:07 INFO DAGScheduler: Submitting 1 missing tasks from ResultStage 21 (MapPartitionsRDD[79] at parquet at <unknown>:0) (first 15 tasks are for partitions Vector(0))
25/05/01 06:03:07 INFO TaskSchedulerImpl: Adding task set 21.0 with 1 tasks resource profile 0
25/05/01 06:03:07 INFO TaskSetManager: Starting task 0.0 in stage 21.0 (TID 18) (172.20.0.4, executor 2, partition 0, PROCESS_LOCAL, 9838 bytes) 
25/05/01 06:03:07 INFO BlockManagerInfo: Added broadcast_32_piece0 in memory on 172.20.0.4:41051 (size: 78.1 KiB, free: 434.3 MiB)
25/05/01 06:03:07 INFO BlockManagerInfo: Added broadcast_31_piece0 in memory on 172.20.0.4:41051 (size: 34.7 KiB, free: 434.2 MiB)
25/05/01 06:03:08 INFO TaskSetManager: Finished task 0.0 in stage 21.0 (TID 18) in 972 ms on 172.20.0.4 (executor 2) (1/1)
25/05/01 06:03:08 INFO TaskSchedulerImpl: Removed TaskSet 21.0, whose tasks have all completed, from pool 
25/05/01 06:03:08 INFO DAGScheduler: ResultStage 21 (parquet at <unknown>:0) finished in 0.986 s
25/05/01 06:03:08 INFO DAGScheduler: Job 18 is finished. Cancelling potential speculative or zombie tasks for this job
25/05/01 06:03:08 INFO TaskSchedulerImpl: Killing all running tasks in stage 21: Stage finished
25/05/01 06:03:08 INFO DAGScheduler: Job 18 finished: parquet at <unknown>:0, took 0.988519 s
25/05/01 06:03:08 INFO FileFormatWriter: Start to commit write Job 9fc9671f-2eee-4484-a03f-cd914fa6afb4.
25/05/01 06:03:08 INFO FileFormatWriter: Write Job 9fc9671f-2eee-4484-a03f-cd914fa6afb4 committed. Elapsed time: 169 ms.
25/05/01 06:03:08 INFO FileFormatWriter: Finished processing stats for write job 9fc9671f-2eee-4484-a03f-cd914fa6afb4.
['DDL Decimal/Int/Date Data Type Structure Checks Passed.']
running completed
2025-05-01 06:03:08,352 - INFO - Closing down clientserver connection
2025-05-01 06:03:08,352 - INFO - 
                List Of Parameters
                -----------------------------------------------
                SparkName Mandatory = BATCH_RTNPF
                List Of DQC result = [{'JobName': 'RTRNPF', 'Path': '/mnt/apps/gcs/ETL4/RTRNPF/RTRNPF*.csv', 'dqID': 'DQ000001', 'CountRecords': -1, 'Message': ['Mismatched columns: ["Position 3: CSV has \'Last Name\', Schema has \'First Name\'", "Position 4: CSV has \'First Name\', Schema has \'Last Name\'", "Position 13: CSV has \'Budgett\', Schema has \'Budget\'"]'], 'Status': 'Failed'}, {'JobName': 'ACMVPF', 'Path': '/mnt/apps/gcs/ETL4/ACMVPF/ACMVPF*.csv', 'dqID': 'DQ000001', 'CountRecords': 10, 'Message': ['DDL Decimal/Int/Date Data Type Structure Checks Passed.'], 'Status': 'Successful'}]
            
25/05/01 06:03:08 INFO CodeGenerator: Code generated in 9.565202 ms
25/05/01 06:03:08 INFO SparkContext: Starting job: showString at <unknown>:0
25/05/01 06:03:08 INFO DAGScheduler: Got job 19 (showString at <unknown>:0) with 1 output partitions
25/05/01 06:03:08 INFO DAGScheduler: Final stage: ResultStage 22 (showString at <unknown>:0)
25/05/01 06:03:08 INFO DAGScheduler: Parents of final stage: List()
25/05/01 06:03:08 INFO DAGScheduler: Missing parents: List()
25/05/01 06:03:08 INFO DAGScheduler: Submitting ResultStage 22 (MapPartitionsRDD[86] at showString at <unknown>:0), which has no missing parents
25/05/01 06:03:08 INFO MemoryStore: Block broadcast_33 stored as values in memory (estimated size 15.3 KiB, free 432.7 MiB)
25/05/01 06:03:08 INFO MemoryStore: Block broadcast_33_piece0 stored as bytes in memory (estimated size 7.4 KiB, free 432.7 MiB)
25/05/01 06:03:08 INFO BlockManagerInfo: Added broadcast_33_piece0 in memory on ae6614f586c2:37165 (size: 7.4 KiB, free: 434.1 MiB)
25/05/01 06:03:08 INFO SparkContext: Created broadcast 33 from broadcast at DAGScheduler.scala:1585
25/05/01 06:03:08 INFO DAGScheduler: Submitting 1 missing tasks from ResultStage 22 (MapPartitionsRDD[86] at showString at <unknown>:0) (first 15 tasks are for partitions Vector(0))
25/05/01 06:03:08 INFO TaskSchedulerImpl: Adding task set 22.0 with 1 tasks resource profile 0
25/05/01 06:03:08 INFO TaskSetManager: Starting task 0.0 in stage 22.0 (TID 19) (172.20.0.4, executor 2, partition 0, PROCESS_LOCAL, 8983 bytes) 
25/05/01 06:03:08 INFO BlockManagerInfo: Added broadcast_33_piece0 in memory on 172.20.0.4:41051 (size: 7.4 KiB, free: 434.2 MiB)
25/05/01 06:03:09 INFO TaskSetManager: Finished task 0.0 in stage 22.0 (TID 19) in 764 ms on 172.20.0.4 (executor 2) (1/1)
25/05/01 06:03:09 INFO TaskSchedulerImpl: Removed TaskSet 22.0, whose tasks have all completed, from pool 
25/05/01 06:03:09 INFO DAGScheduler: ResultStage 22 (showString at <unknown>:0) finished in 0.773 s
25/05/01 06:03:09 INFO DAGScheduler: Job 19 is finished. Cancelling potential speculative or zombie tasks for this job
25/05/01 06:03:09 INFO TaskSchedulerImpl: Killing all running tasks in stage 22: Stage finished
25/05/01 06:03:09 INFO DAGScheduler: Job 19 finished: showString at <unknown>:0, took 0.775160 s
25/05/01 06:03:09 INFO SparkContext: Starting job: showString at <unknown>:0
25/05/01 06:03:09 INFO DAGScheduler: Got job 20 (showString at <unknown>:0) with 3 output partitions
25/05/01 06:03:09 INFO DAGScheduler: Final stage: ResultStage 23 (showString at <unknown>:0)
25/05/01 06:03:09 INFO DAGScheduler: Parents of final stage: List()
25/05/01 06:03:09 INFO DAGScheduler: Missing parents: List()
25/05/01 06:03:09 INFO DAGScheduler: Submitting ResultStage 23 (MapPartitionsRDD[86] at showString at <unknown>:0), which has no missing parents
25/05/01 06:03:09 INFO MemoryStore: Block broadcast_34 stored as values in memory (estimated size 15.3 KiB, free 432.7 MiB)
25/05/01 06:03:09 INFO MemoryStore: Block broadcast_34_piece0 stored as bytes in memory (estimated size 7.4 KiB, free 432.7 MiB)
25/05/01 06:03:09 INFO BlockManagerInfo: Added broadcast_34_piece0 in memory on ae6614f586c2:37165 (size: 7.4 KiB, free: 434.1 MiB)
25/05/01 06:03:09 INFO SparkContext: Created broadcast 34 from broadcast at DAGScheduler.scala:1585
25/05/01 06:03:09 INFO DAGScheduler: Submitting 3 missing tasks from ResultStage 23 (MapPartitionsRDD[86] at showString at <unknown>:0) (first 15 tasks are for partitions Vector(1, 2, 3))
25/05/01 06:03:09 INFO TaskSchedulerImpl: Adding task set 23.0 with 3 tasks resource profile 0
25/05/01 06:03:09 INFO TaskSetManager: Starting task 0.0 in stage 23.0 (TID 20) (172.20.0.4, executor 2, partition 1, PROCESS_LOCAL, 9286 bytes) 
25/05/01 06:03:09 INFO TaskSetManager: Starting task 1.0 in stage 23.0 (TID 21) (172.20.0.8, executor 0, partition 2, PROCESS_LOCAL, 8983 bytes) 
25/05/01 06:03:09 INFO TaskSetManager: Starting task 2.0 in stage 23.0 (TID 22) (172.20.0.6, executor 1, partition 3, PROCESS_LOCAL, 9147 bytes) 
25/05/01 06:03:09 INFO BlockManagerInfo: Added broadcast_34_piece0 in memory on 172.20.0.4:41051 (size: 7.4 KiB, free: 434.2 MiB)
25/05/01 06:03:09 INFO BlockManagerInfo: Added broadcast_34_piece0 in memory on 172.20.0.8:40593 (size: 7.4 KiB, free: 434.4 MiB)
25/05/01 06:03:09 INFO BlockManagerInfo: Added broadcast_34_piece0 in memory on 172.20.0.6:36465 (size: 7.4 KiB, free: 434.3 MiB)
25/05/01 06:03:09 INFO TaskSetManager: Finished task 0.0 in stage 23.0 (TID 20) in 116 ms on 172.20.0.4 (executor 2) (1/3)
25/05/01 06:03:10 INFO TaskSetManager: Finished task 2.0 in stage 23.0 (TID 22) in 803 ms on 172.20.0.6 (executor 1) (2/3)
25/05/01 06:03:10 INFO TaskSetManager: Finished task 1.0 in stage 23.0 (TID 21) in 816 ms on 172.20.0.8 (executor 0) (3/3)
25/05/01 06:03:10 INFO TaskSchedulerImpl: Removed TaskSet 23.0, whose tasks have all completed, from pool 
25/05/01 06:03:10 INFO DAGScheduler: ResultStage 23 (showString at <unknown>:0) finished in 0.820 s
25/05/01 06:03:10 INFO DAGScheduler: Job 20 is finished. Cancelling potential speculative or zombie tasks for this job
25/05/01 06:03:10 INFO TaskSchedulerImpl: Killing all running tasks in stage 23: Stage finished
25/05/01 06:03:10 INFO DAGScheduler: Job 20 finished: showString at <unknown>:0, took 0.822914 s
25/05/01 06:03:10 INFO CodeGenerator: Code generated in 7.477915 ms
+-------+-------------------------------------+--------+------------+-----------------------------------------------------------------------------------------------------------------------------------------------------------------------------------------------------+----------+
|JobName|Path                                 |dqID    |CountRecords|Message                                                                                                                                                                                              |Status    |
+-------+-------------------------------------+--------+------------+-----------------------------------------------------------------------------------------------------------------------------------------------------------------------------------------------------+----------+
|RTRNPF |/mnt/apps/gcs/ETL4/RTRNPF/RTRNPF*.csv|DQ000001|-1          |[Mismatched columns: ["Position 3: CSV has 'Last Name', Schema has 'First Name'", "Position 4: CSV has 'First Name', Schema has 'Last Name'", "Position 13: CSV has 'Budgett', Schema has 'Budget'"]]|Failed    |
|ACMVPF |/mnt/apps/gcs/ETL4/ACMVPF/ACMVPF*.csv|DQ000001|10          |[DDL Decimal/Int/Date Data Type Structure Checks Passed.]                                                                                                                                            |Successful|
+-------+-------------------------------------+--------+------------+-----------------------------------------------------------------------------------------------------------------------------------------------------------------------------------------------------+----------+

25/05/01 06:03:10 INFO SparkContext: SparkContext is stopping with exitCode 0.
25/05/01 06:03:10 INFO SparkUI: Stopped Spark web UI at http://ae6614f586c2:4040
25/05/01 06:03:10 INFO StandaloneSchedulerBackend: Shutting down all executors
25/05/01 06:03:10 INFO StandaloneSchedulerBackend$StandaloneDriverEndpoint: Asking each executor to shut down
25/05/01 06:03:10 INFO MapOutputTrackerMasterEndpoint: MapOutputTrackerMasterEndpoint stopped!
25/05/01 06:03:10 INFO MemoryStore: MemoryStore cleared
25/05/01 06:03:10 INFO BlockManager: BlockManager stopped
25/05/01 06:03:10 INFO BlockManagerMaster: BlockManagerMaster stopped
25/05/01 06:03:10 INFO OutputCommitCoordinator$OutputCommitCoordinatorEndpoint: OutputCommitCoordinator stopped!
25/05/01 06:03:10 INFO SparkContext: Successfully stopped SparkContext
25/05/01 06:03:11 INFO ShutdownHookManager: Shutdown hook called
25/05/01 06:03:11 INFO ShutdownHookManager: Deleting directory /tmp/spark-99e52bc8-1609-4483-b64f-80c703f347a9
25/05/01 06:03:11 INFO ShutdownHookManager: Deleting directory /tmp/spark-f32b1b8c-8e95-4523-840d-85ef30d9a219
25/05/01 06:03:11 INFO ShutdownHookManager: Deleting directory /tmp/spark-99e52bc8-1609-4483-b64f-80c703f347a9/pyspark-4aaddf94-d2a6-4c4b-a789-a63eade1cf98
