[2025-02-17T04:36:05.344+0000] {processor.py:186} INFO - Started process (PID=6177) to work on /opt/airflow/dags/cleanup.py
[2025-02-17T04:36:05.345+0000] {processor.py:914} INFO - Processing file /opt/airflow/dags/cleanup.py for tasks to queue
[2025-02-17T04:36:05.347+0000] {logging_mixin.py:190} INFO - [2025-02-17T04:36:05.347+0000] {dagbag.py:588} INFO - Filling up the DagBag from /opt/airflow/dags/cleanup.py
[2025-02-17T04:36:05.368+0000] {logging_mixin.py:190} INFO - [2025-02-17T04:36:05.368+0000] {cleanup.py:49} INFO - ENABLE_DELETE_CHILD_LOG  False
[2025-02-17T04:36:05.374+0000] {processor.py:925} INFO - DAG(s) 'cleanup' retrieved from /opt/airflow/dags/cleanup.py
[2025-02-17T04:36:05.391+0000] {logging_mixin.py:190} INFO - [2025-02-17T04:36:05.390+0000] {dag.py:3239} INFO - Sync 1 DAGs
[2025-02-17T04:36:05.410+0000] {logging_mixin.py:190} INFO - [2025-02-17T04:36:05.410+0000] {dag.py:4180} INFO - Setting next_dagrun for cleanup to 2025-02-16 00:00:00+00:00, run_after=2025-02-23 00:00:00+00:00
[2025-02-17T04:36:05.429+0000] {processor.py:208} INFO - Processing /opt/airflow/dags/cleanup.py took 0.089 seconds
[2025-02-17T04:36:38.378+0000] {processor.py:186} INFO - Started process (PID=6192) to work on /opt/airflow/dags/cleanup.py
[2025-02-17T04:36:38.379+0000] {processor.py:914} INFO - Processing file /opt/airflow/dags/cleanup.py for tasks to queue
[2025-02-17T04:36:38.381+0000] {logging_mixin.py:190} INFO - [2025-02-17T04:36:38.380+0000] {dagbag.py:588} INFO - Filling up the DagBag from /opt/airflow/dags/cleanup.py
[2025-02-17T04:36:38.401+0000] {logging_mixin.py:190} INFO - [2025-02-17T04:36:38.401+0000] {cleanup.py:49} INFO - ENABLE_DELETE_CHILD_LOG  False
[2025-02-17T04:36:38.407+0000] {processor.py:925} INFO - DAG(s) 'cleanup' retrieved from /opt/airflow/dags/cleanup.py
[2025-02-17T04:36:38.424+0000] {logging_mixin.py:190} INFO - [2025-02-17T04:36:38.424+0000] {dag.py:3239} INFO - Sync 1 DAGs
[2025-02-17T04:36:38.444+0000] {logging_mixin.py:190} INFO - [2025-02-17T04:36:38.444+0000] {dag.py:4180} INFO - Setting next_dagrun for cleanup to 2025-02-16 00:00:00+00:00, run_after=2025-02-23 00:00:00+00:00
[2025-02-17T04:36:38.460+0000] {processor.py:208} INFO - Processing /opt/airflow/dags/cleanup.py took 0.087 seconds
[2025-02-17T04:37:10.424+0000] {processor.py:186} INFO - Started process (PID=6207) to work on /opt/airflow/dags/cleanup.py
[2025-02-17T04:37:10.425+0000] {processor.py:914} INFO - Processing file /opt/airflow/dags/cleanup.py for tasks to queue
[2025-02-17T04:37:10.426+0000] {logging_mixin.py:190} INFO - [2025-02-17T04:37:10.426+0000] {dagbag.py:588} INFO - Filling up the DagBag from /opt/airflow/dags/cleanup.py
[2025-02-17T04:37:10.448+0000] {logging_mixin.py:190} INFO - [2025-02-17T04:37:10.448+0000] {cleanup.py:49} INFO - ENABLE_DELETE_CHILD_LOG  False
[2025-02-17T04:37:10.455+0000] {processor.py:925} INFO - DAG(s) 'cleanup' retrieved from /opt/airflow/dags/cleanup.py
[2025-02-17T04:37:10.471+0000] {logging_mixin.py:190} INFO - [2025-02-17T04:37:10.471+0000] {dag.py:3239} INFO - Sync 1 DAGs
[2025-02-17T04:37:10.491+0000] {logging_mixin.py:190} INFO - [2025-02-17T04:37:10.491+0000] {dag.py:4180} INFO - Setting next_dagrun for cleanup to 2025-02-16 00:00:00+00:00, run_after=2025-02-23 00:00:00+00:00
[2025-02-17T04:37:10.508+0000] {processor.py:208} INFO - Processing /opt/airflow/dags/cleanup.py took 0.089 seconds
[2025-02-17T04:37:43.454+0000] {processor.py:186} INFO - Started process (PID=6222) to work on /opt/airflow/dags/cleanup.py
[2025-02-17T04:37:43.455+0000] {processor.py:914} INFO - Processing file /opt/airflow/dags/cleanup.py for tasks to queue
[2025-02-17T04:37:43.457+0000] {logging_mixin.py:190} INFO - [2025-02-17T04:37:43.457+0000] {dagbag.py:588} INFO - Filling up the DagBag from /opt/airflow/dags/cleanup.py
[2025-02-17T04:37:43.479+0000] {logging_mixin.py:190} INFO - [2025-02-17T04:37:43.478+0000] {cleanup.py:49} INFO - ENABLE_DELETE_CHILD_LOG  False
[2025-02-17T04:37:43.485+0000] {processor.py:925} INFO - DAG(s) 'cleanup' retrieved from /opt/airflow/dags/cleanup.py
[2025-02-17T04:37:43.502+0000] {logging_mixin.py:190} INFO - [2025-02-17T04:37:43.501+0000] {dag.py:3239} INFO - Sync 1 DAGs
[2025-02-17T04:37:43.523+0000] {logging_mixin.py:190} INFO - [2025-02-17T04:37:43.523+0000] {dag.py:4180} INFO - Setting next_dagrun for cleanup to 2025-02-16 00:00:00+00:00, run_after=2025-02-23 00:00:00+00:00
[2025-02-17T04:37:43.540+0000] {processor.py:208} INFO - Processing /opt/airflow/dags/cleanup.py took 0.092 seconds
[2025-02-17T04:38:16.489+0000] {processor.py:186} INFO - Started process (PID=6237) to work on /opt/airflow/dags/cleanup.py
[2025-02-17T04:38:16.490+0000] {processor.py:914} INFO - Processing file /opt/airflow/dags/cleanup.py for tasks to queue
[2025-02-17T04:38:16.492+0000] {logging_mixin.py:190} INFO - [2025-02-17T04:38:16.491+0000] {dagbag.py:588} INFO - Filling up the DagBag from /opt/airflow/dags/cleanup.py
[2025-02-17T04:38:16.512+0000] {logging_mixin.py:190} INFO - [2025-02-17T04:38:16.511+0000] {cleanup.py:49} INFO - ENABLE_DELETE_CHILD_LOG  False
[2025-02-17T04:38:16.518+0000] {processor.py:925} INFO - DAG(s) 'cleanup' retrieved from /opt/airflow/dags/cleanup.py
[2025-02-17T04:38:16.535+0000] {logging_mixin.py:190} INFO - [2025-02-17T04:38:16.535+0000] {dag.py:3239} INFO - Sync 1 DAGs
[2025-02-17T04:38:16.557+0000] {logging_mixin.py:190} INFO - [2025-02-17T04:38:16.556+0000] {dag.py:4180} INFO - Setting next_dagrun for cleanup to 2025-02-16 00:00:00+00:00, run_after=2025-02-23 00:00:00+00:00
[2025-02-17T04:38:16.574+0000] {processor.py:208} INFO - Processing /opt/airflow/dags/cleanup.py took 0.089 seconds
[2025-02-17T04:38:46.895+0000] {processor.py:186} INFO - Started process (PID=6252) to work on /opt/airflow/dags/cleanup.py
[2025-02-17T04:38:46.895+0000] {processor.py:914} INFO - Processing file /opt/airflow/dags/cleanup.py for tasks to queue
[2025-02-17T04:38:46.897+0000] {logging_mixin.py:190} INFO - [2025-02-17T04:38:46.897+0000] {dagbag.py:588} INFO - Filling up the DagBag from /opt/airflow/dags/cleanup.py
[2025-02-17T04:38:46.919+0000] {logging_mixin.py:190} INFO - [2025-02-17T04:38:46.919+0000] {cleanup.py:49} INFO - ENABLE_DELETE_CHILD_LOG  False
[2025-02-17T04:38:46.926+0000] {processor.py:925} INFO - DAG(s) 'cleanup' retrieved from /opt/airflow/dags/cleanup.py
[2025-02-17T04:38:46.943+0000] {logging_mixin.py:190} INFO - [2025-02-17T04:38:46.943+0000] {dag.py:3239} INFO - Sync 1 DAGs
[2025-02-17T04:38:46.964+0000] {logging_mixin.py:190} INFO - [2025-02-17T04:38:46.964+0000] {dag.py:4180} INFO - Setting next_dagrun for cleanup to 2025-02-16 00:00:00+00:00, run_after=2025-02-23 00:00:00+00:00
[2025-02-17T04:38:46.980+0000] {processor.py:208} INFO - Processing /opt/airflow/dags/cleanup.py took 0.091 seconds
[2025-02-17T04:39:17.806+0000] {processor.py:186} INFO - Started process (PID=6267) to work on /opt/airflow/dags/cleanup.py
[2025-02-17T04:39:17.807+0000] {processor.py:914} INFO - Processing file /opt/airflow/dags/cleanup.py for tasks to queue
[2025-02-17T04:39:17.809+0000] {logging_mixin.py:190} INFO - [2025-02-17T04:39:17.809+0000] {dagbag.py:588} INFO - Filling up the DagBag from /opt/airflow/dags/cleanup.py
[2025-02-17T04:39:17.833+0000] {logging_mixin.py:190} INFO - [2025-02-17T04:39:17.833+0000] {cleanup.py:49} INFO - ENABLE_DELETE_CHILD_LOG  False
[2025-02-17T04:39:17.842+0000] {processor.py:925} INFO - DAG(s) 'cleanup' retrieved from /opt/airflow/dags/cleanup.py
[2025-02-17T04:39:17.861+0000] {logging_mixin.py:190} INFO - [2025-02-17T04:39:17.861+0000] {dag.py:3239} INFO - Sync 1 DAGs
[2025-02-17T04:39:17.883+0000] {logging_mixin.py:190} INFO - [2025-02-17T04:39:17.883+0000] {dag.py:4180} INFO - Setting next_dagrun for cleanup to 2025-02-16 00:00:00+00:00, run_after=2025-02-23 00:00:00+00:00
[2025-02-17T04:39:17.905+0000] {processor.py:208} INFO - Processing /opt/airflow/dags/cleanup.py took 0.104 seconds
[2025-02-17T04:39:47.952+0000] {processor.py:186} INFO - Started process (PID=6280) to work on /opt/airflow/dags/cleanup.py
[2025-02-17T04:39:47.953+0000] {processor.py:914} INFO - Processing file /opt/airflow/dags/cleanup.py for tasks to queue
[2025-02-17T04:39:47.955+0000] {logging_mixin.py:190} INFO - [2025-02-17T04:39:47.955+0000] {dagbag.py:588} INFO - Filling up the DagBag from /opt/airflow/dags/cleanup.py
[2025-02-17T04:39:47.978+0000] {logging_mixin.py:190} INFO - [2025-02-17T04:39:47.977+0000] {cleanup.py:49} INFO - ENABLE_DELETE_CHILD_LOG  False
[2025-02-17T04:39:47.985+0000] {processor.py:925} INFO - DAG(s) 'cleanup' retrieved from /opt/airflow/dags/cleanup.py
[2025-02-17T04:39:48.002+0000] {logging_mixin.py:190} INFO - [2025-02-17T04:39:48.002+0000] {dag.py:3239} INFO - Sync 1 DAGs
[2025-02-17T04:39:48.026+0000] {logging_mixin.py:190} INFO - [2025-02-17T04:39:48.026+0000] {dag.py:4180} INFO - Setting next_dagrun for cleanup to 2025-02-16 00:00:00+00:00, run_after=2025-02-23 00:00:00+00:00
[2025-02-17T04:39:48.043+0000] {processor.py:208} INFO - Processing /opt/airflow/dags/cleanup.py took 0.097 seconds
[2025-02-17T04:40:18.097+0000] {processor.py:186} INFO - Started process (PID=6299) to work on /opt/airflow/dags/cleanup.py
[2025-02-17T04:40:18.098+0000] {processor.py:914} INFO - Processing file /opt/airflow/dags/cleanup.py for tasks to queue
[2025-02-17T04:40:18.101+0000] {logging_mixin.py:190} INFO - [2025-02-17T04:40:18.100+0000] {dagbag.py:588} INFO - Filling up the DagBag from /opt/airflow/dags/cleanup.py
[2025-02-17T04:40:18.124+0000] {logging_mixin.py:190} INFO - [2025-02-17T04:40:18.124+0000] {cleanup.py:49} INFO - ENABLE_DELETE_CHILD_LOG  False
[2025-02-17T04:40:18.132+0000] {processor.py:925} INFO - DAG(s) 'cleanup' retrieved from /opt/airflow/dags/cleanup.py
[2025-02-17T04:40:18.149+0000] {logging_mixin.py:190} INFO - [2025-02-17T04:40:18.148+0000] {dag.py:3239} INFO - Sync 1 DAGs
[2025-02-17T04:40:18.170+0000] {logging_mixin.py:190} INFO - [2025-02-17T04:40:18.169+0000] {dag.py:4180} INFO - Setting next_dagrun for cleanup to 2025-02-16 00:00:00+00:00, run_after=2025-02-23 00:00:00+00:00
[2025-02-17T04:40:18.186+0000] {processor.py:208} INFO - Processing /opt/airflow/dags/cleanup.py took 0.094 seconds
[2025-02-17T04:40:48.853+0000] {processor.py:186} INFO - Started process (PID=6316) to work on /opt/airflow/dags/cleanup.py
[2025-02-17T04:40:48.854+0000] {processor.py:914} INFO - Processing file /opt/airflow/dags/cleanup.py for tasks to queue
[2025-02-17T04:40:48.855+0000] {logging_mixin.py:190} INFO - [2025-02-17T04:40:48.855+0000] {dagbag.py:588} INFO - Filling up the DagBag from /opt/airflow/dags/cleanup.py
[2025-02-17T04:40:48.878+0000] {logging_mixin.py:190} INFO - [2025-02-17T04:40:48.877+0000] {cleanup.py:49} INFO - ENABLE_DELETE_CHILD_LOG  False
[2025-02-17T04:40:48.885+0000] {processor.py:925} INFO - DAG(s) 'cleanup' retrieved from /opt/airflow/dags/cleanup.py
[2025-02-17T04:40:48.902+0000] {logging_mixin.py:190} INFO - [2025-02-17T04:40:48.902+0000] {dag.py:3239} INFO - Sync 1 DAGs
[2025-02-17T04:40:48.924+0000] {logging_mixin.py:190} INFO - [2025-02-17T04:40:48.923+0000] {dag.py:4180} INFO - Setting next_dagrun for cleanup to 2025-02-16 00:00:00+00:00, run_after=2025-02-23 00:00:00+00:00
[2025-02-17T04:40:48.941+0000] {processor.py:208} INFO - Processing /opt/airflow/dags/cleanup.py took 0.094 seconds
[2025-02-17T04:41:19.124+0000] {processor.py:186} INFO - Started process (PID=6331) to work on /opt/airflow/dags/cleanup.py
[2025-02-17T04:41:19.125+0000] {processor.py:914} INFO - Processing file /opt/airflow/dags/cleanup.py for tasks to queue
[2025-02-17T04:41:19.127+0000] {logging_mixin.py:190} INFO - [2025-02-17T04:41:19.126+0000] {dagbag.py:588} INFO - Filling up the DagBag from /opt/airflow/dags/cleanup.py
[2025-02-17T04:41:19.155+0000] {logging_mixin.py:190} INFO - [2025-02-17T04:41:19.154+0000] {cleanup.py:49} INFO - ENABLE_DELETE_CHILD_LOG  False
[2025-02-17T04:41:19.164+0000] {processor.py:925} INFO - DAG(s) 'cleanup' retrieved from /opt/airflow/dags/cleanup.py
[2025-02-17T04:41:19.185+0000] {logging_mixin.py:190} INFO - [2025-02-17T04:41:19.185+0000] {dag.py:3239} INFO - Sync 1 DAGs
[2025-02-17T04:41:19.211+0000] {logging_mixin.py:190} INFO - [2025-02-17T04:41:19.211+0000] {dag.py:4180} INFO - Setting next_dagrun for cleanup to 2025-02-16 00:00:00+00:00, run_after=2025-02-23 00:00:00+00:00
[2025-02-17T04:41:19.233+0000] {processor.py:208} INFO - Processing /opt/airflow/dags/cleanup.py took 0.115 seconds
[2025-02-17T04:41:50.079+0000] {processor.py:186} INFO - Started process (PID=6344) to work on /opt/airflow/dags/cleanup.py
[2025-02-17T04:41:50.080+0000] {processor.py:914} INFO - Processing file /opt/airflow/dags/cleanup.py for tasks to queue
[2025-02-17T04:41:50.082+0000] {logging_mixin.py:190} INFO - [2025-02-17T04:41:50.081+0000] {dagbag.py:588} INFO - Filling up the DagBag from /opt/airflow/dags/cleanup.py
[2025-02-17T04:41:50.109+0000] {logging_mixin.py:190} INFO - [2025-02-17T04:41:50.108+0000] {cleanup.py:49} INFO - ENABLE_DELETE_CHILD_LOG  False
[2025-02-17T04:41:50.117+0000] {processor.py:925} INFO - DAG(s) 'cleanup' retrieved from /opt/airflow/dags/cleanup.py
[2025-02-17T04:41:50.142+0000] {logging_mixin.py:190} INFO - [2025-02-17T04:41:50.141+0000] {dag.py:3239} INFO - Sync 1 DAGs
[2025-02-17T04:41:50.174+0000] {logging_mixin.py:190} INFO - [2025-02-17T04:41:50.174+0000] {dag.py:4180} INFO - Setting next_dagrun for cleanup to 2025-02-16 00:00:00+00:00, run_after=2025-02-23 00:00:00+00:00
[2025-02-17T04:41:50.197+0000] {processor.py:208} INFO - Processing /opt/airflow/dags/cleanup.py took 0.125 seconds
[2025-02-17T04:42:20.621+0000] {processor.py:186} INFO - Started process (PID=6359) to work on /opt/airflow/dags/cleanup.py
[2025-02-17T04:42:20.621+0000] {processor.py:914} INFO - Processing file /opt/airflow/dags/cleanup.py for tasks to queue
[2025-02-17T04:42:20.625+0000] {logging_mixin.py:190} INFO - [2025-02-17T04:42:20.624+0000] {dagbag.py:588} INFO - Filling up the DagBag from /opt/airflow/dags/cleanup.py
[2025-02-17T04:42:20.658+0000] {logging_mixin.py:190} INFO - [2025-02-17T04:42:20.658+0000] {cleanup.py:49} INFO - ENABLE_DELETE_CHILD_LOG  False
[2025-02-17T04:42:20.668+0000] {processor.py:925} INFO - DAG(s) 'cleanup' retrieved from /opt/airflow/dags/cleanup.py
[2025-02-17T04:42:20.706+0000] {logging_mixin.py:190} INFO - [2025-02-17T04:42:20.706+0000] {dag.py:3239} INFO - Sync 1 DAGs
[2025-02-17T04:42:20.738+0000] {logging_mixin.py:190} INFO - [2025-02-17T04:42:20.738+0000] {dag.py:4180} INFO - Setting next_dagrun for cleanup to 2025-02-16 00:00:00+00:00, run_after=2025-02-23 00:00:00+00:00
[2025-02-17T04:42:20.764+0000] {processor.py:208} INFO - Processing /opt/airflow/dags/cleanup.py took 0.150 seconds
[2025-02-17T04:42:51.451+0000] {processor.py:186} INFO - Started process (PID=6376) to work on /opt/airflow/dags/cleanup.py
[2025-02-17T04:42:51.453+0000] {processor.py:914} INFO - Processing file /opt/airflow/dags/cleanup.py for tasks to queue
[2025-02-17T04:42:51.455+0000] {logging_mixin.py:190} INFO - [2025-02-17T04:42:51.455+0000] {dagbag.py:588} INFO - Filling up the DagBag from /opt/airflow/dags/cleanup.py
[2025-02-17T04:42:51.484+0000] {logging_mixin.py:190} INFO - [2025-02-17T04:42:51.484+0000] {cleanup.py:49} INFO - ENABLE_DELETE_CHILD_LOG  False
[2025-02-17T04:42:51.493+0000] {processor.py:925} INFO - DAG(s) 'cleanup' retrieved from /opt/airflow/dags/cleanup.py
[2025-02-17T04:42:51.517+0000] {logging_mixin.py:190} INFO - [2025-02-17T04:42:51.517+0000] {dag.py:3239} INFO - Sync 1 DAGs
[2025-02-17T04:42:51.544+0000] {logging_mixin.py:190} INFO - [2025-02-17T04:42:51.544+0000] {dag.py:4180} INFO - Setting next_dagrun for cleanup to 2025-02-16 00:00:00+00:00, run_after=2025-02-23 00:00:00+00:00
[2025-02-17T04:42:51.567+0000] {processor.py:208} INFO - Processing /opt/airflow/dags/cleanup.py took 0.123 seconds
[2025-02-17T04:43:22.075+0000] {processor.py:186} INFO - Started process (PID=6391) to work on /opt/airflow/dags/cleanup.py
[2025-02-17T04:43:22.076+0000] {processor.py:914} INFO - Processing file /opt/airflow/dags/cleanup.py for tasks to queue
[2025-02-17T04:43:22.079+0000] {logging_mixin.py:190} INFO - [2025-02-17T04:43:22.079+0000] {dagbag.py:588} INFO - Filling up the DagBag from /opt/airflow/dags/cleanup.py
[2025-02-17T04:43:22.118+0000] {logging_mixin.py:190} INFO - [2025-02-17T04:43:22.118+0000] {cleanup.py:49} INFO - ENABLE_DELETE_CHILD_LOG  False
[2025-02-17T04:43:22.133+0000] {processor.py:925} INFO - DAG(s) 'cleanup' retrieved from /opt/airflow/dags/cleanup.py
[2025-02-17T04:43:22.161+0000] {logging_mixin.py:190} INFO - [2025-02-17T04:43:22.161+0000] {dag.py:3239} INFO - Sync 1 DAGs
[2025-02-17T04:43:22.190+0000] {logging_mixin.py:190} INFO - [2025-02-17T04:43:22.190+0000] {dag.py:4180} INFO - Setting next_dagrun for cleanup to 2025-02-16 00:00:00+00:00, run_after=2025-02-23 00:00:00+00:00
[2025-02-17T04:43:22.217+0000] {processor.py:208} INFO - Processing /opt/airflow/dags/cleanup.py took 0.151 seconds
[2025-02-17T04:43:52.718+0000] {processor.py:186} INFO - Started process (PID=6406) to work on /opt/airflow/dags/cleanup.py
[2025-02-17T04:43:52.719+0000] {processor.py:914} INFO - Processing file /opt/airflow/dags/cleanup.py for tasks to queue
[2025-02-17T04:43:52.721+0000] {logging_mixin.py:190} INFO - [2025-02-17T04:43:52.721+0000] {dagbag.py:588} INFO - Filling up the DagBag from /opt/airflow/dags/cleanup.py
[2025-02-17T04:43:52.749+0000] {logging_mixin.py:190} INFO - [2025-02-17T04:43:52.749+0000] {cleanup.py:49} INFO - ENABLE_DELETE_CHILD_LOG  False
[2025-02-17T04:43:52.760+0000] {processor.py:925} INFO - DAG(s) 'cleanup' retrieved from /opt/airflow/dags/cleanup.py
[2025-02-17T04:43:52.785+0000] {logging_mixin.py:190} INFO - [2025-02-17T04:43:52.784+0000] {dag.py:3239} INFO - Sync 1 DAGs
[2025-02-17T04:43:52.814+0000] {logging_mixin.py:190} INFO - [2025-02-17T04:43:52.813+0000] {dag.py:4180} INFO - Setting next_dagrun for cleanup to 2025-02-16 00:00:00+00:00, run_after=2025-02-23 00:00:00+00:00
[2025-02-17T04:43:52.836+0000] {processor.py:208} INFO - Processing /opt/airflow/dags/cleanup.py took 0.123 seconds
[2025-02-17T04:44:23.127+0000] {processor.py:186} INFO - Started process (PID=6421) to work on /opt/airflow/dags/cleanup.py
[2025-02-17T04:44:23.128+0000] {processor.py:914} INFO - Processing file /opt/airflow/dags/cleanup.py for tasks to queue
[2025-02-17T04:44:23.131+0000] {logging_mixin.py:190} INFO - [2025-02-17T04:44:23.130+0000] {dagbag.py:588} INFO - Filling up the DagBag from /opt/airflow/dags/cleanup.py
[2025-02-17T04:44:23.165+0000] {logging_mixin.py:190} INFO - [2025-02-17T04:44:23.165+0000] {cleanup.py:49} INFO - ENABLE_DELETE_CHILD_LOG  False
[2025-02-17T04:44:23.173+0000] {processor.py:925} INFO - DAG(s) 'cleanup' retrieved from /opt/airflow/dags/cleanup.py
[2025-02-17T04:44:23.196+0000] {logging_mixin.py:190} INFO - [2025-02-17T04:44:23.195+0000] {dag.py:3239} INFO - Sync 1 DAGs
[2025-02-17T04:44:23.222+0000] {logging_mixin.py:190} INFO - [2025-02-17T04:44:23.221+0000] {dag.py:4180} INFO - Setting next_dagrun for cleanup to 2025-02-16 00:00:00+00:00, run_after=2025-02-23 00:00:00+00:00
[2025-02-17T04:44:23.246+0000] {processor.py:208} INFO - Processing /opt/airflow/dags/cleanup.py took 0.127 seconds
[2025-02-17T04:44:54.718+0000] {processor.py:186} INFO - Started process (PID=6436) to work on /opt/airflow/dags/cleanup.py
[2025-02-17T04:44:54.720+0000] {processor.py:914} INFO - Processing file /opt/airflow/dags/cleanup.py for tasks to queue
[2025-02-17T04:44:54.722+0000] {logging_mixin.py:190} INFO - [2025-02-17T04:44:54.722+0000] {dagbag.py:588} INFO - Filling up the DagBag from /opt/airflow/dags/cleanup.py
[2025-02-17T04:44:54.754+0000] {logging_mixin.py:190} INFO - [2025-02-17T04:44:54.753+0000] {cleanup.py:49} INFO - ENABLE_DELETE_CHILD_LOG  False
[2025-02-17T04:44:54.763+0000] {processor.py:925} INFO - DAG(s) 'cleanup' retrieved from /opt/airflow/dags/cleanup.py
[2025-02-17T04:44:54.788+0000] {logging_mixin.py:190} INFO - [2025-02-17T04:44:54.787+0000] {dag.py:3239} INFO - Sync 1 DAGs
[2025-02-17T04:44:54.812+0000] {logging_mixin.py:190} INFO - [2025-02-17T04:44:54.812+0000] {dag.py:4180} INFO - Setting next_dagrun for cleanup to 2025-02-16 00:00:00+00:00, run_after=2025-02-23 00:00:00+00:00
[2025-02-17T04:44:54.831+0000] {processor.py:208} INFO - Processing /opt/airflow/dags/cleanup.py took 0.120 seconds
[2025-02-17T04:45:26.963+0000] {processor.py:186} INFO - Started process (PID=6455) to work on /opt/airflow/dags/cleanup.py
[2025-02-17T04:45:26.963+0000] {processor.py:914} INFO - Processing file /opt/airflow/dags/cleanup.py for tasks to queue
[2025-02-17T04:45:26.966+0000] {logging_mixin.py:190} INFO - [2025-02-17T04:45:26.965+0000] {dagbag.py:588} INFO - Filling up the DagBag from /opt/airflow/dags/cleanup.py
[2025-02-17T04:45:26.992+0000] {logging_mixin.py:190} INFO - [2025-02-17T04:45:26.992+0000] {cleanup.py:49} INFO - ENABLE_DELETE_CHILD_LOG  False
[2025-02-17T04:45:27.001+0000] {processor.py:925} INFO - DAG(s) 'cleanup' retrieved from /opt/airflow/dags/cleanup.py
[2025-02-17T04:45:27.019+0000] {logging_mixin.py:190} INFO - [2025-02-17T04:45:27.019+0000] {dag.py:3239} INFO - Sync 1 DAGs
[2025-02-17T04:45:27.043+0000] {logging_mixin.py:190} INFO - [2025-02-17T04:45:27.043+0000] {dag.py:4180} INFO - Setting next_dagrun for cleanup to 2025-02-16 00:00:00+00:00, run_after=2025-02-23 00:00:00+00:00
[2025-02-17T04:45:27.062+0000] {processor.py:208} INFO - Processing /opt/airflow/dags/cleanup.py took 0.106 seconds
[2025-02-17T04:46:00.067+0000] {processor.py:186} INFO - Started process (PID=6470) to work on /opt/airflow/dags/cleanup.py
[2025-02-17T04:46:00.068+0000] {processor.py:914} INFO - Processing file /opt/airflow/dags/cleanup.py for tasks to queue
[2025-02-17T04:46:00.071+0000] {logging_mixin.py:190} INFO - [2025-02-17T04:46:00.070+0000] {dagbag.py:588} INFO - Filling up the DagBag from /opt/airflow/dags/cleanup.py
[2025-02-17T04:46:00.098+0000] {logging_mixin.py:190} INFO - [2025-02-17T04:46:00.098+0000] {cleanup.py:49} INFO - ENABLE_DELETE_CHILD_LOG  False
[2025-02-17T04:46:00.107+0000] {processor.py:925} INFO - DAG(s) 'cleanup' retrieved from /opt/airflow/dags/cleanup.py
[2025-02-17T04:46:00.127+0000] {logging_mixin.py:190} INFO - [2025-02-17T04:46:00.126+0000] {dag.py:3239} INFO - Sync 1 DAGs
[2025-02-17T04:46:00.156+0000] {logging_mixin.py:190} INFO - [2025-02-17T04:46:00.156+0000] {dag.py:4180} INFO - Setting next_dagrun for cleanup to 2025-02-16 00:00:00+00:00, run_after=2025-02-23 00:00:00+00:00
[2025-02-17T04:46:00.177+0000] {processor.py:208} INFO - Processing /opt/airflow/dags/cleanup.py took 0.116 seconds
[2025-02-17T04:46:35.364+0000] {processor.py:186} INFO - Started process (PID=6485) to work on /opt/airflow/dags/cleanup.py
[2025-02-17T04:46:35.364+0000] {processor.py:914} INFO - Processing file /opt/airflow/dags/cleanup.py for tasks to queue
[2025-02-17T04:46:35.366+0000] {logging_mixin.py:190} INFO - [2025-02-17T04:46:35.366+0000] {dagbag.py:588} INFO - Filling up the DagBag from /opt/airflow/dags/cleanup.py
[2025-02-17T04:46:35.394+0000] {logging_mixin.py:190} INFO - [2025-02-17T04:46:35.394+0000] {cleanup.py:49} INFO - ENABLE_DELETE_CHILD_LOG  False
[2025-02-17T04:46:35.403+0000] {processor.py:925} INFO - DAG(s) 'cleanup' retrieved from /opt/airflow/dags/cleanup.py
[2025-02-17T04:46:35.425+0000] {logging_mixin.py:190} INFO - [2025-02-17T04:46:35.424+0000] {dag.py:3239} INFO - Sync 1 DAGs
[2025-02-17T04:46:35.450+0000] {logging_mixin.py:190} INFO - [2025-02-17T04:46:35.450+0000] {dag.py:4180} INFO - Setting next_dagrun for cleanup to 2025-02-16 00:00:00+00:00, run_after=2025-02-23 00:00:00+00:00
[2025-02-17T04:46:35.480+0000] {processor.py:208} INFO - Processing /opt/airflow/dags/cleanup.py took 0.121 seconds
[2025-02-17T04:47:06.055+0000] {processor.py:186} INFO - Started process (PID=6500) to work on /opt/airflow/dags/cleanup.py
[2025-02-17T04:47:06.056+0000] {processor.py:914} INFO - Processing file /opt/airflow/dags/cleanup.py for tasks to queue
[2025-02-17T04:47:06.058+0000] {logging_mixin.py:190} INFO - [2025-02-17T04:47:06.058+0000] {dagbag.py:588} INFO - Filling up the DagBag from /opt/airflow/dags/cleanup.py
[2025-02-17T04:47:06.086+0000] {logging_mixin.py:190} INFO - [2025-02-17T04:47:06.086+0000] {cleanup.py:49} INFO - ENABLE_DELETE_CHILD_LOG  False
[2025-02-17T04:47:06.094+0000] {processor.py:925} INFO - DAG(s) 'cleanup' retrieved from /opt/airflow/dags/cleanup.py
[2025-02-17T04:47:06.119+0000] {logging_mixin.py:190} INFO - [2025-02-17T04:47:06.118+0000] {dag.py:3239} INFO - Sync 1 DAGs
[2025-02-17T04:47:06.148+0000] {logging_mixin.py:190} INFO - [2025-02-17T04:47:06.148+0000] {dag.py:4180} INFO - Setting next_dagrun for cleanup to 2025-02-16 00:00:00+00:00, run_after=2025-02-23 00:00:00+00:00
[2025-02-17T04:47:06.171+0000] {processor.py:208} INFO - Processing /opt/airflow/dags/cleanup.py took 0.122 seconds
[2025-02-17T04:47:38.981+0000] {processor.py:186} INFO - Started process (PID=6515) to work on /opt/airflow/dags/cleanup.py
[2025-02-17T04:47:38.982+0000] {processor.py:914} INFO - Processing file /opt/airflow/dags/cleanup.py for tasks to queue
[2025-02-17T04:47:38.984+0000] {logging_mixin.py:190} INFO - [2025-02-17T04:47:38.984+0000] {dagbag.py:588} INFO - Filling up the DagBag from /opt/airflow/dags/cleanup.py
[2025-02-17T04:47:39.012+0000] {logging_mixin.py:190} INFO - [2025-02-17T04:47:39.012+0000] {cleanup.py:49} INFO - ENABLE_DELETE_CHILD_LOG  False
[2025-02-17T04:47:39.021+0000] {processor.py:925} INFO - DAG(s) 'cleanup' retrieved from /opt/airflow/dags/cleanup.py
[2025-02-17T04:47:39.039+0000] {logging_mixin.py:190} INFO - [2025-02-17T04:47:39.039+0000] {dag.py:3239} INFO - Sync 1 DAGs
[2025-02-17T04:47:39.063+0000] {logging_mixin.py:190} INFO - [2025-02-17T04:47:39.063+0000] {dag.py:4180} INFO - Setting next_dagrun for cleanup to 2025-02-16 00:00:00+00:00, run_after=2025-02-23 00:00:00+00:00
[2025-02-17T04:47:39.082+0000] {processor.py:208} INFO - Processing /opt/airflow/dags/cleanup.py took 0.107 seconds
[2025-02-17T04:48:13.689+0000] {processor.py:186} INFO - Started process (PID=6530) to work on /opt/airflow/dags/cleanup.py
[2025-02-17T04:48:13.690+0000] {processor.py:914} INFO - Processing file /opt/airflow/dags/cleanup.py for tasks to queue
[2025-02-17T04:48:13.692+0000] {logging_mixin.py:190} INFO - [2025-02-17T04:48:13.692+0000] {dagbag.py:588} INFO - Filling up the DagBag from /opt/airflow/dags/cleanup.py
[2025-02-17T04:48:13.720+0000] {logging_mixin.py:190} INFO - [2025-02-17T04:48:13.719+0000] {cleanup.py:49} INFO - ENABLE_DELETE_CHILD_LOG  False
[2025-02-17T04:48:13.729+0000] {processor.py:925} INFO - DAG(s) 'cleanup' retrieved from /opt/airflow/dags/cleanup.py
[2025-02-17T04:48:13.749+0000] {logging_mixin.py:190} INFO - [2025-02-17T04:48:13.749+0000] {dag.py:3239} INFO - Sync 1 DAGs
[2025-02-17T04:48:13.774+0000] {logging_mixin.py:190} INFO - [2025-02-17T04:48:13.774+0000] {dag.py:4180} INFO - Setting next_dagrun for cleanup to 2025-02-16 00:00:00+00:00, run_after=2025-02-23 00:00:00+00:00
[2025-02-17T04:48:15.371+0000] {processor.py:208} INFO - Processing /opt/airflow/dags/cleanup.py took 1.689 seconds
[2025-02-17T04:48:46.122+0000] {processor.py:186} INFO - Started process (PID=6545) to work on /opt/airflow/dags/cleanup.py
[2025-02-17T04:48:46.123+0000] {processor.py:914} INFO - Processing file /opt/airflow/dags/cleanup.py for tasks to queue
[2025-02-17T04:48:46.125+0000] {logging_mixin.py:190} INFO - [2025-02-17T04:48:46.125+0000] {dagbag.py:588} INFO - Filling up the DagBag from /opt/airflow/dags/cleanup.py
[2025-02-17T04:48:46.156+0000] {logging_mixin.py:190} INFO - [2025-02-17T04:48:46.156+0000] {cleanup.py:49} INFO - ENABLE_DELETE_CHILD_LOG  False
[2025-02-17T04:48:46.165+0000] {processor.py:925} INFO - DAG(s) 'cleanup' retrieved from /opt/airflow/dags/cleanup.py
[2025-02-17T04:48:46.187+0000] {logging_mixin.py:190} INFO - [2025-02-17T04:48:46.186+0000] {dag.py:3239} INFO - Sync 1 DAGs
[2025-02-17T04:48:46.214+0000] {logging_mixin.py:190} INFO - [2025-02-17T04:48:46.214+0000] {dag.py:4180} INFO - Setting next_dagrun for cleanup to 2025-02-16 00:00:00+00:00, run_after=2025-02-23 00:00:00+00:00
[2025-02-17T04:48:46.236+0000] {processor.py:208} INFO - Processing /opt/airflow/dags/cleanup.py took 0.120 seconds
[2025-02-17T04:49:16.295+0000] {processor.py:186} INFO - Started process (PID=6560) to work on /opt/airflow/dags/cleanup.py
[2025-02-17T04:49:16.296+0000] {processor.py:914} INFO - Processing file /opt/airflow/dags/cleanup.py for tasks to queue
[2025-02-17T04:49:16.298+0000] {logging_mixin.py:190} INFO - [2025-02-17T04:49:16.298+0000] {dagbag.py:588} INFO - Filling up the DagBag from /opt/airflow/dags/cleanup.py
[2025-02-17T04:49:16.323+0000] {logging_mixin.py:190} INFO - [2025-02-17T04:49:16.323+0000] {cleanup.py:49} INFO - ENABLE_DELETE_CHILD_LOG  False
[2025-02-17T04:49:16.331+0000] {processor.py:925} INFO - DAG(s) 'cleanup' retrieved from /opt/airflow/dags/cleanup.py
[2025-02-17T04:49:16.351+0000] {logging_mixin.py:190} INFO - [2025-02-17T04:49:16.350+0000] {dag.py:3239} INFO - Sync 1 DAGs
[2025-02-17T04:49:16.375+0000] {logging_mixin.py:190} INFO - [2025-02-17T04:49:16.375+0000] {dag.py:4180} INFO - Setting next_dagrun for cleanup to 2025-02-16 00:00:00+00:00, run_after=2025-02-23 00:00:00+00:00
[2025-02-17T04:49:16.397+0000] {processor.py:208} INFO - Processing /opt/airflow/dags/cleanup.py took 0.108 seconds
[2025-02-17T04:49:49.935+0000] {processor.py:186} INFO - Started process (PID=6575) to work on /opt/airflow/dags/cleanup.py
[2025-02-17T04:49:49.936+0000] {processor.py:914} INFO - Processing file /opt/airflow/dags/cleanup.py for tasks to queue
[2025-02-17T04:49:49.938+0000] {logging_mixin.py:190} INFO - [2025-02-17T04:49:49.938+0000] {dagbag.py:588} INFO - Filling up the DagBag from /opt/airflow/dags/cleanup.py
[2025-02-17T04:49:49.963+0000] {logging_mixin.py:190} INFO - [2025-02-17T04:49:49.962+0000] {cleanup.py:49} INFO - ENABLE_DELETE_CHILD_LOG  False
[2025-02-17T04:49:49.970+0000] {processor.py:925} INFO - DAG(s) 'cleanup' retrieved from /opt/airflow/dags/cleanup.py
[2025-02-17T04:49:49.991+0000] {logging_mixin.py:190} INFO - [2025-02-17T04:49:49.990+0000] {dag.py:3239} INFO - Sync 1 DAGs
[2025-02-17T04:49:50.013+0000] {logging_mixin.py:190} INFO - [2025-02-17T04:49:50.013+0000] {dag.py:4180} INFO - Setting next_dagrun for cleanup to 2025-02-16 00:00:00+00:00, run_after=2025-02-23 00:00:00+00:00
[2025-02-17T04:49:50.031+0000] {processor.py:208} INFO - Processing /opt/airflow/dags/cleanup.py took 0.101 seconds
[2025-02-17T04:50:23.356+0000] {processor.py:186} INFO - Started process (PID=6594) to work on /opt/airflow/dags/cleanup.py
[2025-02-17T04:50:23.357+0000] {processor.py:914} INFO - Processing file /opt/airflow/dags/cleanup.py for tasks to queue
[2025-02-17T04:50:23.359+0000] {logging_mixin.py:190} INFO - [2025-02-17T04:50:23.359+0000] {dagbag.py:588} INFO - Filling up the DagBag from /opt/airflow/dags/cleanup.py
[2025-02-17T04:50:23.384+0000] {logging_mixin.py:190} INFO - [2025-02-17T04:50:23.384+0000] {cleanup.py:49} INFO - ENABLE_DELETE_CHILD_LOG  False
[2025-02-17T04:50:23.393+0000] {processor.py:925} INFO - DAG(s) 'cleanup' retrieved from /opt/airflow/dags/cleanup.py
[2025-02-17T04:50:23.415+0000] {logging_mixin.py:190} INFO - [2025-02-17T04:50:23.414+0000] {dag.py:3239} INFO - Sync 1 DAGs
[2025-02-17T04:50:23.443+0000] {logging_mixin.py:190} INFO - [2025-02-17T04:50:23.443+0000] {dag.py:4180} INFO - Setting next_dagrun for cleanup to 2025-02-16 00:00:00+00:00, run_after=2025-02-23 00:00:00+00:00
[2025-02-17T04:50:23.466+0000] {processor.py:208} INFO - Processing /opt/airflow/dags/cleanup.py took 0.115 seconds
[2025-02-17T04:50:55.413+0000] {processor.py:186} INFO - Started process (PID=6609) to work on /opt/airflow/dags/cleanup.py
[2025-02-17T04:50:55.414+0000] {processor.py:914} INFO - Processing file /opt/airflow/dags/cleanup.py for tasks to queue
[2025-02-17T04:50:55.416+0000] {logging_mixin.py:190} INFO - [2025-02-17T04:50:55.415+0000] {dagbag.py:588} INFO - Filling up the DagBag from /opt/airflow/dags/cleanup.py
[2025-02-17T04:50:55.439+0000] {logging_mixin.py:190} INFO - [2025-02-17T04:50:55.438+0000] {cleanup.py:49} INFO - ENABLE_DELETE_CHILD_LOG  False
[2025-02-17T04:50:55.447+0000] {processor.py:925} INFO - DAG(s) 'cleanup' retrieved from /opt/airflow/dags/cleanup.py
[2025-02-17T04:50:55.464+0000] {logging_mixin.py:190} INFO - [2025-02-17T04:50:55.464+0000] {dag.py:3239} INFO - Sync 1 DAGs
[2025-02-17T04:50:55.485+0000] {logging_mixin.py:190} INFO - [2025-02-17T04:50:55.485+0000] {dag.py:4180} INFO - Setting next_dagrun for cleanup to 2025-02-16 00:00:00+00:00, run_after=2025-02-23 00:00:00+00:00
[2025-02-17T04:50:55.502+0000] {processor.py:208} INFO - Processing /opt/airflow/dags/cleanup.py took 0.095 seconds
[2025-02-17T04:51:27.039+0000] {processor.py:186} INFO - Started process (PID=6623) to work on /opt/airflow/dags/cleanup.py
[2025-02-17T04:51:27.040+0000] {processor.py:914} INFO - Processing file /opt/airflow/dags/cleanup.py for tasks to queue
[2025-02-17T04:51:27.042+0000] {logging_mixin.py:190} INFO - [2025-02-17T04:51:27.042+0000] {dagbag.py:588} INFO - Filling up the DagBag from /opt/airflow/dags/cleanup.py
[2025-02-17T04:51:27.065+0000] {logging_mixin.py:190} INFO - [2025-02-17T04:51:27.065+0000] {cleanup.py:49} INFO - ENABLE_DELETE_CHILD_LOG  False
[2025-02-17T04:51:27.072+0000] {processor.py:925} INFO - DAG(s) 'cleanup' retrieved from /opt/airflow/dags/cleanup.py
[2025-02-17T04:51:27.090+0000] {logging_mixin.py:190} INFO - [2025-02-17T04:51:27.090+0000] {dag.py:3239} INFO - Sync 1 DAGs
[2025-02-17T04:51:27.113+0000] {logging_mixin.py:190} INFO - [2025-02-17T04:51:27.113+0000] {dag.py:4180} INFO - Setting next_dagrun for cleanup to 2025-02-16 00:00:00+00:00, run_after=2025-02-23 00:00:00+00:00
[2025-02-17T04:51:27.131+0000] {processor.py:208} INFO - Processing /opt/airflow/dags/cleanup.py took 0.097 seconds
[2025-02-17T04:51:58.344+0000] {processor.py:186} INFO - Started process (PID=6639) to work on /opt/airflow/dags/cleanup.py
[2025-02-17T04:51:58.345+0000] {processor.py:914} INFO - Processing file /opt/airflow/dags/cleanup.py for tasks to queue
[2025-02-17T04:51:58.347+0000] {logging_mixin.py:190} INFO - [2025-02-17T04:51:58.347+0000] {dagbag.py:588} INFO - Filling up the DagBag from /opt/airflow/dags/cleanup.py
[2025-02-17T04:51:58.372+0000] {logging_mixin.py:190} INFO - [2025-02-17T04:51:58.372+0000] {cleanup.py:49} INFO - ENABLE_DELETE_CHILD_LOG  False
[2025-02-17T04:51:58.379+0000] {processor.py:925} INFO - DAG(s) 'cleanup' retrieved from /opt/airflow/dags/cleanup.py
[2025-02-17T04:51:58.398+0000] {logging_mixin.py:190} INFO - [2025-02-17T04:51:58.398+0000] {dag.py:3239} INFO - Sync 1 DAGs
[2025-02-17T04:51:58.420+0000] {logging_mixin.py:190} INFO - [2025-02-17T04:51:58.420+0000] {dag.py:4180} INFO - Setting next_dagrun for cleanup to 2025-02-16 00:00:00+00:00, run_after=2025-02-23 00:00:00+00:00
[2025-02-17T04:51:58.439+0000] {processor.py:208} INFO - Processing /opt/airflow/dags/cleanup.py took 0.100 seconds
[2025-02-17T04:52:30.416+0000] {processor.py:186} INFO - Started process (PID=6654) to work on /opt/airflow/dags/cleanup.py
[2025-02-17T04:52:30.417+0000] {processor.py:914} INFO - Processing file /opt/airflow/dags/cleanup.py for tasks to queue
[2025-02-17T04:52:30.419+0000] {logging_mixin.py:190} INFO - [2025-02-17T04:52:30.419+0000] {dagbag.py:588} INFO - Filling up the DagBag from /opt/airflow/dags/cleanup.py
[2025-02-17T04:52:30.443+0000] {logging_mixin.py:190} INFO - [2025-02-17T04:52:30.443+0000] {cleanup.py:49} INFO - ENABLE_DELETE_CHILD_LOG  False
[2025-02-17T04:52:30.451+0000] {processor.py:925} INFO - DAG(s) 'cleanup' retrieved from /opt/airflow/dags/cleanup.py
[2025-02-17T04:52:30.469+0000] {logging_mixin.py:190} INFO - [2025-02-17T04:52:30.469+0000] {dag.py:3239} INFO - Sync 1 DAGs
[2025-02-17T04:52:30.493+0000] {logging_mixin.py:190} INFO - [2025-02-17T04:52:30.493+0000] {dag.py:4180} INFO - Setting next_dagrun for cleanup to 2025-02-16 00:00:00+00:00, run_after=2025-02-23 00:00:00+00:00
[2025-02-17T04:52:30.515+0000] {processor.py:208} INFO - Processing /opt/airflow/dags/cleanup.py took 0.105 seconds
[2025-02-17T04:53:03.495+0000] {processor.py:186} INFO - Started process (PID=6669) to work on /opt/airflow/dags/cleanup.py
[2025-02-17T04:53:03.496+0000] {processor.py:914} INFO - Processing file /opt/airflow/dags/cleanup.py for tasks to queue
[2025-02-17T04:53:03.497+0000] {logging_mixin.py:190} INFO - [2025-02-17T04:53:03.497+0000] {dagbag.py:588} INFO - Filling up the DagBag from /opt/airflow/dags/cleanup.py
[2025-02-17T04:53:03.520+0000] {logging_mixin.py:190} INFO - [2025-02-17T04:53:03.519+0000] {cleanup.py:49} INFO - ENABLE_DELETE_CHILD_LOG  False
[2025-02-17T04:53:03.527+0000] {processor.py:925} INFO - DAG(s) 'cleanup' retrieved from /opt/airflow/dags/cleanup.py
[2025-02-17T04:53:03.544+0000] {logging_mixin.py:190} INFO - [2025-02-17T04:53:03.543+0000] {dag.py:3239} INFO - Sync 1 DAGs
[2025-02-17T04:53:03.567+0000] {logging_mixin.py:190} INFO - [2025-02-17T04:53:03.567+0000] {dag.py:4180} INFO - Setting next_dagrun for cleanup to 2025-02-16 00:00:00+00:00, run_after=2025-02-23 00:00:00+00:00
[2025-02-17T04:53:03.584+0000] {processor.py:208} INFO - Processing /opt/airflow/dags/cleanup.py took 0.094 seconds
[2025-02-17T04:53:36.321+0000] {processor.py:186} INFO - Started process (PID=6684) to work on /opt/airflow/dags/cleanup.py
[2025-02-17T04:53:36.322+0000] {processor.py:914} INFO - Processing file /opt/airflow/dags/cleanup.py for tasks to queue
[2025-02-17T04:53:36.323+0000] {logging_mixin.py:190} INFO - [2025-02-17T04:53:36.323+0000] {dagbag.py:588} INFO - Filling up the DagBag from /opt/airflow/dags/cleanup.py
[2025-02-17T04:53:36.344+0000] {logging_mixin.py:190} INFO - [2025-02-17T04:53:36.344+0000] {cleanup.py:49} INFO - ENABLE_DELETE_CHILD_LOG  False
[2025-02-17T04:53:36.351+0000] {processor.py:925} INFO - DAG(s) 'cleanup' retrieved from /opt/airflow/dags/cleanup.py
[2025-02-17T04:53:36.369+0000] {logging_mixin.py:190} INFO - [2025-02-17T04:53:36.369+0000] {dag.py:3239} INFO - Sync 1 DAGs
[2025-02-17T04:53:36.390+0000] {logging_mixin.py:190} INFO - [2025-02-17T04:53:36.389+0000] {dag.py:4180} INFO - Setting next_dagrun for cleanup to 2025-02-16 00:00:00+00:00, run_after=2025-02-23 00:00:00+00:00
[2025-02-17T04:53:36.406+0000] {processor.py:208} INFO - Processing /opt/airflow/dags/cleanup.py took 0.090 seconds
[2025-02-17T04:54:08.419+0000] {processor.py:186} INFO - Started process (PID=6699) to work on /opt/airflow/dags/cleanup.py
[2025-02-17T04:54:08.420+0000] {processor.py:914} INFO - Processing file /opt/airflow/dags/cleanup.py for tasks to queue
[2025-02-17T04:54:08.422+0000] {logging_mixin.py:190} INFO - [2025-02-17T04:54:08.422+0000] {dagbag.py:588} INFO - Filling up the DagBag from /opt/airflow/dags/cleanup.py
[2025-02-17T04:54:08.448+0000] {logging_mixin.py:190} INFO - [2025-02-17T04:54:08.447+0000] {cleanup.py:49} INFO - ENABLE_DELETE_CHILD_LOG  False
[2025-02-17T04:54:08.456+0000] {processor.py:925} INFO - DAG(s) 'cleanup' retrieved from /opt/airflow/dags/cleanup.py
[2025-02-17T04:54:08.475+0000] {logging_mixin.py:190} INFO - [2025-02-17T04:54:08.475+0000] {dag.py:3239} INFO - Sync 1 DAGs
[2025-02-17T04:54:08.500+0000] {logging_mixin.py:190} INFO - [2025-02-17T04:54:08.500+0000] {dag.py:4180} INFO - Setting next_dagrun for cleanup to 2025-02-16 00:00:00+00:00, run_after=2025-02-23 00:00:00+00:00
[2025-02-17T04:54:08.522+0000] {processor.py:208} INFO - Processing /opt/airflow/dags/cleanup.py took 0.109 seconds
[2025-02-17T04:54:41.479+0000] {processor.py:186} INFO - Started process (PID=6714) to work on /opt/airflow/dags/cleanup.py
[2025-02-17T04:54:41.479+0000] {processor.py:914} INFO - Processing file /opt/airflow/dags/cleanup.py for tasks to queue
[2025-02-17T04:54:41.481+0000] {logging_mixin.py:190} INFO - [2025-02-17T04:54:41.481+0000] {dagbag.py:588} INFO - Filling up the DagBag from /opt/airflow/dags/cleanup.py
[2025-02-17T04:54:41.503+0000] {logging_mixin.py:190} INFO - [2025-02-17T04:54:41.502+0000] {cleanup.py:49} INFO - ENABLE_DELETE_CHILD_LOG  False
[2025-02-17T04:54:41.510+0000] {processor.py:925} INFO - DAG(s) 'cleanup' retrieved from /opt/airflow/dags/cleanup.py
[2025-02-17T04:54:41.528+0000] {logging_mixin.py:190} INFO - [2025-02-17T04:54:41.528+0000] {dag.py:3239} INFO - Sync 1 DAGs
[2025-02-17T04:54:41.549+0000] {logging_mixin.py:190} INFO - [2025-02-17T04:54:41.549+0000] {dag.py:4180} INFO - Setting next_dagrun for cleanup to 2025-02-16 00:00:00+00:00, run_after=2025-02-23 00:00:00+00:00
[2025-02-17T04:54:41.567+0000] {processor.py:208} INFO - Processing /opt/airflow/dags/cleanup.py took 0.094 seconds
[2025-02-17T04:55:14.565+0000] {processor.py:186} INFO - Started process (PID=6733) to work on /opt/airflow/dags/cleanup.py
[2025-02-17T04:55:14.566+0000] {processor.py:914} INFO - Processing file /opt/airflow/dags/cleanup.py for tasks to queue
[2025-02-17T04:55:14.568+0000] {logging_mixin.py:190} INFO - [2025-02-17T04:55:14.567+0000] {dagbag.py:588} INFO - Filling up the DagBag from /opt/airflow/dags/cleanup.py
[2025-02-17T04:55:14.589+0000] {logging_mixin.py:190} INFO - [2025-02-17T04:55:14.589+0000] {cleanup.py:49} INFO - ENABLE_DELETE_CHILD_LOG  False
[2025-02-17T04:55:14.596+0000] {processor.py:925} INFO - DAG(s) 'cleanup' retrieved from /opt/airflow/dags/cleanup.py
[2025-02-17T04:55:14.613+0000] {logging_mixin.py:190} INFO - [2025-02-17T04:55:14.612+0000] {dag.py:3239} INFO - Sync 1 DAGs
[2025-02-17T04:55:14.634+0000] {logging_mixin.py:190} INFO - [2025-02-17T04:55:14.633+0000] {dag.py:4180} INFO - Setting next_dagrun for cleanup to 2025-02-16 00:00:00+00:00, run_after=2025-02-23 00:00:00+00:00
[2025-02-17T04:55:14.649+0000] {processor.py:208} INFO - Processing /opt/airflow/dags/cleanup.py took 0.089 seconds
[2025-02-17T04:55:46.597+0000] {processor.py:186} INFO - Started process (PID=6748) to work on /opt/airflow/dags/cleanup.py
[2025-02-17T04:55:46.598+0000] {processor.py:914} INFO - Processing file /opt/airflow/dags/cleanup.py for tasks to queue
[2025-02-17T04:55:46.600+0000] {logging_mixin.py:190} INFO - [2025-02-17T04:55:46.600+0000] {dagbag.py:588} INFO - Filling up the DagBag from /opt/airflow/dags/cleanup.py
[2025-02-17T04:55:46.622+0000] {logging_mixin.py:190} INFO - [2025-02-17T04:55:46.622+0000] {cleanup.py:49} INFO - ENABLE_DELETE_CHILD_LOG  False
[2025-02-17T04:55:46.629+0000] {processor.py:925} INFO - DAG(s) 'cleanup' retrieved from /opt/airflow/dags/cleanup.py
[2025-02-17T04:55:46.646+0000] {logging_mixin.py:190} INFO - [2025-02-17T04:55:46.646+0000] {dag.py:3239} INFO - Sync 1 DAGs
[2025-02-17T04:55:46.668+0000] {logging_mixin.py:190} INFO - [2025-02-17T04:55:46.667+0000] {dag.py:4180} INFO - Setting next_dagrun for cleanup to 2025-02-16 00:00:00+00:00, run_after=2025-02-23 00:00:00+00:00
[2025-02-17T04:55:46.684+0000] {processor.py:208} INFO - Processing /opt/airflow/dags/cleanup.py took 0.091 seconds
[2025-02-17T04:56:19.520+0000] {processor.py:186} INFO - Started process (PID=6763) to work on /opt/airflow/dags/cleanup.py
[2025-02-17T04:56:19.521+0000] {processor.py:914} INFO - Processing file /opt/airflow/dags/cleanup.py for tasks to queue
[2025-02-17T04:56:19.523+0000] {logging_mixin.py:190} INFO - [2025-02-17T04:56:19.523+0000] {dagbag.py:588} INFO - Filling up the DagBag from /opt/airflow/dags/cleanup.py
[2025-02-17T04:56:19.546+0000] {logging_mixin.py:190} INFO - [2025-02-17T04:56:19.545+0000] {cleanup.py:49} INFO - ENABLE_DELETE_CHILD_LOG  False
[2025-02-17T04:56:19.553+0000] {processor.py:925} INFO - DAG(s) 'cleanup' retrieved from /opt/airflow/dags/cleanup.py
[2025-02-17T04:56:19.573+0000] {logging_mixin.py:190} INFO - [2025-02-17T04:56:19.572+0000] {dag.py:3239} INFO - Sync 1 DAGs
[2025-02-17T04:56:19.596+0000] {logging_mixin.py:190} INFO - [2025-02-17T04:56:19.596+0000] {dag.py:4180} INFO - Setting next_dagrun for cleanup to 2025-02-16 00:00:00+00:00, run_after=2025-02-23 00:00:00+00:00
[2025-02-17T04:56:19.614+0000] {processor.py:208} INFO - Processing /opt/airflow/dags/cleanup.py took 0.099 seconds
[2025-02-17T04:56:52.567+0000] {processor.py:186} INFO - Started process (PID=6778) to work on /opt/airflow/dags/cleanup.py
[2025-02-17T04:56:52.568+0000] {processor.py:914} INFO - Processing file /opt/airflow/dags/cleanup.py for tasks to queue
[2025-02-17T04:56:52.570+0000] {logging_mixin.py:190} INFO - [2025-02-17T04:56:52.570+0000] {dagbag.py:588} INFO - Filling up the DagBag from /opt/airflow/dags/cleanup.py
[2025-02-17T04:56:52.594+0000] {logging_mixin.py:190} INFO - [2025-02-17T04:56:52.593+0000] {cleanup.py:49} INFO - ENABLE_DELETE_CHILD_LOG  False
[2025-02-17T04:56:52.601+0000] {processor.py:925} INFO - DAG(s) 'cleanup' retrieved from /opt/airflow/dags/cleanup.py
[2025-02-17T04:56:52.624+0000] {logging_mixin.py:190} INFO - [2025-02-17T04:56:52.624+0000] {dag.py:3239} INFO - Sync 1 DAGs
[2025-02-17T04:56:52.645+0000] {logging_mixin.py:190} INFO - [2025-02-17T04:56:52.645+0000] {dag.py:4180} INFO - Setting next_dagrun for cleanup to 2025-02-16 00:00:00+00:00, run_after=2025-02-23 00:00:00+00:00
[2025-02-17T04:56:52.664+0000] {processor.py:208} INFO - Processing /opt/airflow/dags/cleanup.py took 0.102 seconds
[2025-02-17T04:57:24.600+0000] {processor.py:186} INFO - Started process (PID=6793) to work on /opt/airflow/dags/cleanup.py
[2025-02-17T04:57:24.601+0000] {processor.py:914} INFO - Processing file /opt/airflow/dags/cleanup.py for tasks to queue
[2025-02-17T04:57:24.603+0000] {logging_mixin.py:190} INFO - [2025-02-17T04:57:24.603+0000] {dagbag.py:588} INFO - Filling up the DagBag from /opt/airflow/dags/cleanup.py
[2025-02-17T04:57:24.625+0000] {logging_mixin.py:190} INFO - [2025-02-17T04:57:24.625+0000] {cleanup.py:49} INFO - ENABLE_DELETE_CHILD_LOG  False
[2025-02-17T04:57:24.633+0000] {processor.py:925} INFO - DAG(s) 'cleanup' retrieved from /opt/airflow/dags/cleanup.py
[2025-02-17T04:57:24.651+0000] {logging_mixin.py:190} INFO - [2025-02-17T04:57:24.651+0000] {dag.py:3239} INFO - Sync 1 DAGs
[2025-02-17T04:57:24.675+0000] {logging_mixin.py:190} INFO - [2025-02-17T04:57:24.675+0000] {dag.py:4180} INFO - Setting next_dagrun for cleanup to 2025-02-16 00:00:00+00:00, run_after=2025-02-23 00:00:00+00:00
[2025-02-17T04:57:24.696+0000] {processor.py:208} INFO - Processing /opt/airflow/dags/cleanup.py took 0.101 seconds
[2025-02-17T04:57:57.610+0000] {processor.py:186} INFO - Started process (PID=6808) to work on /opt/airflow/dags/cleanup.py
[2025-02-17T04:57:57.611+0000] {processor.py:914} INFO - Processing file /opt/airflow/dags/cleanup.py for tasks to queue
[2025-02-17T04:57:57.613+0000] {logging_mixin.py:190} INFO - [2025-02-17T04:57:57.612+0000] {dagbag.py:588} INFO - Filling up the DagBag from /opt/airflow/dags/cleanup.py
[2025-02-17T04:57:57.635+0000] {logging_mixin.py:190} INFO - [2025-02-17T04:57:57.635+0000] {cleanup.py:49} INFO - ENABLE_DELETE_CHILD_LOG  False
[2025-02-17T04:57:57.642+0000] {processor.py:925} INFO - DAG(s) 'cleanup' retrieved from /opt/airflow/dags/cleanup.py
[2025-02-17T04:57:57.659+0000] {logging_mixin.py:190} INFO - [2025-02-17T04:57:57.659+0000] {dag.py:3239} INFO - Sync 1 DAGs
[2025-02-17T04:57:57.681+0000] {logging_mixin.py:190} INFO - [2025-02-17T04:57:57.681+0000] {dag.py:4180} INFO - Setting next_dagrun for cleanup to 2025-02-16 00:00:00+00:00, run_after=2025-02-23 00:00:00+00:00
[2025-02-17T04:57:57.697+0000] {processor.py:208} INFO - Processing /opt/airflow/dags/cleanup.py took 0.092 seconds
[2025-02-17T04:58:30.577+0000] {processor.py:186} INFO - Started process (PID=6823) to work on /opt/airflow/dags/cleanup.py
[2025-02-17T04:58:30.578+0000] {processor.py:914} INFO - Processing file /opt/airflow/dags/cleanup.py for tasks to queue
[2025-02-17T04:58:30.580+0000] {logging_mixin.py:190} INFO - [2025-02-17T04:58:30.580+0000] {dagbag.py:588} INFO - Filling up the DagBag from /opt/airflow/dags/cleanup.py
[2025-02-17T04:58:30.604+0000] {logging_mixin.py:190} INFO - [2025-02-17T04:58:30.603+0000] {cleanup.py:49} INFO - ENABLE_DELETE_CHILD_LOG  False
[2025-02-17T04:58:30.611+0000] {processor.py:925} INFO - DAG(s) 'cleanup' retrieved from /opt/airflow/dags/cleanup.py
[2025-02-17T04:58:30.630+0000] {logging_mixin.py:190} INFO - [2025-02-17T04:58:30.630+0000] {dag.py:3239} INFO - Sync 1 DAGs
[2025-02-17T04:58:30.651+0000] {logging_mixin.py:190} INFO - [2025-02-17T04:58:30.650+0000] {dag.py:4180} INFO - Setting next_dagrun for cleanup to 2025-02-16 00:00:00+00:00, run_after=2025-02-23 00:00:00+00:00
[2025-02-17T04:58:30.669+0000] {processor.py:208} INFO - Processing /opt/airflow/dags/cleanup.py took 0.098 seconds
[2025-02-17T04:59:02.604+0000] {processor.py:186} INFO - Started process (PID=6838) to work on /opt/airflow/dags/cleanup.py
[2025-02-17T04:59:02.604+0000] {processor.py:914} INFO - Processing file /opt/airflow/dags/cleanup.py for tasks to queue
[2025-02-17T04:59:02.606+0000] {logging_mixin.py:190} INFO - [2025-02-17T04:59:02.606+0000] {dagbag.py:588} INFO - Filling up the DagBag from /opt/airflow/dags/cleanup.py
[2025-02-17T04:59:02.627+0000] {logging_mixin.py:190} INFO - [2025-02-17T04:59:02.627+0000] {cleanup.py:49} INFO - ENABLE_DELETE_CHILD_LOG  False
[2025-02-17T04:59:02.634+0000] {processor.py:925} INFO - DAG(s) 'cleanup' retrieved from /opt/airflow/dags/cleanup.py
[2025-02-17T04:59:02.652+0000] {logging_mixin.py:190} INFO - [2025-02-17T04:59:02.651+0000] {dag.py:3239} INFO - Sync 1 DAGs
[2025-02-17T04:59:02.672+0000] {logging_mixin.py:190} INFO - [2025-02-17T04:59:02.672+0000] {dag.py:4180} INFO - Setting next_dagrun for cleanup to 2025-02-16 00:00:00+00:00, run_after=2025-02-23 00:00:00+00:00
[2025-02-17T04:59:02.688+0000] {processor.py:208} INFO - Processing /opt/airflow/dags/cleanup.py took 0.090 seconds
[2025-02-17T04:59:35.654+0000] {processor.py:186} INFO - Started process (PID=6853) to work on /opt/airflow/dags/cleanup.py
[2025-02-17T04:59:35.655+0000] {processor.py:914} INFO - Processing file /opt/airflow/dags/cleanup.py for tasks to queue
[2025-02-17T04:59:35.656+0000] {logging_mixin.py:190} INFO - [2025-02-17T04:59:35.656+0000] {dagbag.py:588} INFO - Filling up the DagBag from /opt/airflow/dags/cleanup.py
[2025-02-17T04:59:35.678+0000] {logging_mixin.py:190} INFO - [2025-02-17T04:59:35.678+0000] {cleanup.py:49} INFO - ENABLE_DELETE_CHILD_LOG  False
[2025-02-17T04:59:35.685+0000] {processor.py:925} INFO - DAG(s) 'cleanup' retrieved from /opt/airflow/dags/cleanup.py
[2025-02-17T04:59:35.703+0000] {logging_mixin.py:190} INFO - [2025-02-17T04:59:35.702+0000] {dag.py:3239} INFO - Sync 1 DAGs
[2025-02-17T04:59:35.724+0000] {logging_mixin.py:190} INFO - [2025-02-17T04:59:35.724+0000] {dag.py:4180} INFO - Setting next_dagrun for cleanup to 2025-02-16 00:00:00+00:00, run_after=2025-02-23 00:00:00+00:00
[2025-02-17T04:59:35.740+0000] {processor.py:208} INFO - Processing /opt/airflow/dags/cleanup.py took 0.091 seconds
[2025-02-17T05:00:08.731+0000] {processor.py:186} INFO - Started process (PID=6872) to work on /opt/airflow/dags/cleanup.py
[2025-02-17T05:00:08.732+0000] {processor.py:914} INFO - Processing file /opt/airflow/dags/cleanup.py for tasks to queue
[2025-02-17T05:00:08.733+0000] {logging_mixin.py:190} INFO - [2025-02-17T05:00:08.733+0000] {dagbag.py:588} INFO - Filling up the DagBag from /opt/airflow/dags/cleanup.py
[2025-02-17T05:00:08.754+0000] {logging_mixin.py:190} INFO - [2025-02-17T05:00:08.754+0000] {cleanup.py:49} INFO - ENABLE_DELETE_CHILD_LOG  False
[2025-02-17T05:00:08.761+0000] {processor.py:925} INFO - DAG(s) 'cleanup' retrieved from /opt/airflow/dags/cleanup.py
[2025-02-17T05:00:08.778+0000] {logging_mixin.py:190} INFO - [2025-02-17T05:00:08.778+0000] {dag.py:3239} INFO - Sync 1 DAGs
[2025-02-17T05:00:08.798+0000] {logging_mixin.py:190} INFO - [2025-02-17T05:00:08.798+0000] {dag.py:4180} INFO - Setting next_dagrun for cleanup to 2025-02-16 00:00:00+00:00, run_after=2025-02-23 00:00:00+00:00
[2025-02-17T05:00:08.814+0000] {processor.py:208} INFO - Processing /opt/airflow/dags/cleanup.py took 0.088 seconds
[2025-02-17T05:00:40.739+0000] {processor.py:186} INFO - Started process (PID=6887) to work on /opt/airflow/dags/cleanup.py
[2025-02-17T05:00:40.740+0000] {processor.py:914} INFO - Processing file /opt/airflow/dags/cleanup.py for tasks to queue
[2025-02-17T05:00:40.743+0000] {logging_mixin.py:190} INFO - [2025-02-17T05:00:40.743+0000] {dagbag.py:588} INFO - Filling up the DagBag from /opt/airflow/dags/cleanup.py
[2025-02-17T05:00:40.776+0000] {logging_mixin.py:190} INFO - [2025-02-17T05:00:40.776+0000] {cleanup.py:49} INFO - ENABLE_DELETE_CHILD_LOG  False
[2025-02-17T05:00:40.784+0000] {processor.py:925} INFO - DAG(s) 'cleanup' retrieved from /opt/airflow/dags/cleanup.py
[2025-02-17T05:00:40.804+0000] {logging_mixin.py:190} INFO - [2025-02-17T05:00:40.804+0000] {dag.py:3239} INFO - Sync 1 DAGs
[2025-02-17T05:00:40.825+0000] {logging_mixin.py:190} INFO - [2025-02-17T05:00:40.825+0000] {dag.py:4180} INFO - Setting next_dagrun for cleanup to 2025-02-16 00:00:00+00:00, run_after=2025-02-23 00:00:00+00:00
[2025-02-17T05:00:40.843+0000] {processor.py:208} INFO - Processing /opt/airflow/dags/cleanup.py took 0.112 seconds
[2025-02-17T05:01:13.843+0000] {processor.py:186} INFO - Started process (PID=6902) to work on /opt/airflow/dags/cleanup.py
[2025-02-17T05:01:13.844+0000] {processor.py:914} INFO - Processing file /opt/airflow/dags/cleanup.py for tasks to queue
[2025-02-17T05:01:13.846+0000] {logging_mixin.py:190} INFO - [2025-02-17T05:01:13.845+0000] {dagbag.py:588} INFO - Filling up the DagBag from /opt/airflow/dags/cleanup.py
[2025-02-17T05:01:13.868+0000] {logging_mixin.py:190} INFO - [2025-02-17T05:01:13.867+0000] {cleanup.py:49} INFO - ENABLE_DELETE_CHILD_LOG  False
[2025-02-17T05:01:13.875+0000] {processor.py:925} INFO - DAG(s) 'cleanup' retrieved from /opt/airflow/dags/cleanup.py
[2025-02-17T05:01:13.893+0000] {logging_mixin.py:190} INFO - [2025-02-17T05:01:13.892+0000] {dag.py:3239} INFO - Sync 1 DAGs
[2025-02-17T05:01:13.914+0000] {logging_mixin.py:190} INFO - [2025-02-17T05:01:13.913+0000] {dag.py:4180} INFO - Setting next_dagrun for cleanup to 2025-02-16 00:00:00+00:00, run_after=2025-02-23 00:00:00+00:00
[2025-02-17T05:01:13.931+0000] {processor.py:208} INFO - Processing /opt/airflow/dags/cleanup.py took 0.093 seconds
[2025-02-17T05:01:46.884+0000] {processor.py:186} INFO - Started process (PID=6917) to work on /opt/airflow/dags/cleanup.py
[2025-02-17T05:01:46.885+0000] {processor.py:914} INFO - Processing file /opt/airflow/dags/cleanup.py for tasks to queue
[2025-02-17T05:01:46.886+0000] {logging_mixin.py:190} INFO - [2025-02-17T05:01:46.886+0000] {dagbag.py:588} INFO - Filling up the DagBag from /opt/airflow/dags/cleanup.py
[2025-02-17T05:01:46.907+0000] {logging_mixin.py:190} INFO - [2025-02-17T05:01:46.907+0000] {cleanup.py:49} INFO - ENABLE_DELETE_CHILD_LOG  False
[2025-02-17T05:01:46.914+0000] {processor.py:925} INFO - DAG(s) 'cleanup' retrieved from /opt/airflow/dags/cleanup.py
[2025-02-17T05:01:46.931+0000] {logging_mixin.py:190} INFO - [2025-02-17T05:01:46.931+0000] {dag.py:3239} INFO - Sync 1 DAGs
[2025-02-17T05:01:46.952+0000] {logging_mixin.py:190} INFO - [2025-02-17T05:01:46.952+0000] {dag.py:4180} INFO - Setting next_dagrun for cleanup to 2025-02-16 00:00:00+00:00, run_after=2025-02-23 00:00:00+00:00
[2025-02-17T05:01:46.967+0000] {processor.py:208} INFO - Processing /opt/airflow/dags/cleanup.py took 0.089 seconds
[2025-02-17T05:02:18.925+0000] {processor.py:186} INFO - Started process (PID=6932) to work on /opt/airflow/dags/cleanup.py
[2025-02-17T05:02:18.926+0000] {processor.py:914} INFO - Processing file /opt/airflow/dags/cleanup.py for tasks to queue
[2025-02-17T05:02:18.928+0000] {logging_mixin.py:190} INFO - [2025-02-17T05:02:18.928+0000] {dagbag.py:588} INFO - Filling up the DagBag from /opt/airflow/dags/cleanup.py
[2025-02-17T05:02:18.949+0000] {logging_mixin.py:190} INFO - [2025-02-17T05:02:18.949+0000] {cleanup.py:49} INFO - ENABLE_DELETE_CHILD_LOG  False
[2025-02-17T05:02:18.956+0000] {processor.py:925} INFO - DAG(s) 'cleanup' retrieved from /opt/airflow/dags/cleanup.py
[2025-02-17T05:02:18.973+0000] {logging_mixin.py:190} INFO - [2025-02-17T05:02:18.973+0000] {dag.py:3239} INFO - Sync 1 DAGs
[2025-02-17T05:02:18.994+0000] {logging_mixin.py:190} INFO - [2025-02-17T05:02:18.994+0000] {dag.py:4180} INFO - Setting next_dagrun for cleanup to 2025-02-16 00:00:00+00:00, run_after=2025-02-23 00:00:00+00:00
[2025-02-17T05:02:19.012+0000] {processor.py:208} INFO - Processing /opt/airflow/dags/cleanup.py took 0.092 seconds
[2025-02-17T05:02:52.007+0000] {processor.py:186} INFO - Started process (PID=6947) to work on /opt/airflow/dags/cleanup.py
[2025-02-17T05:02:52.008+0000] {processor.py:914} INFO - Processing file /opt/airflow/dags/cleanup.py for tasks to queue
[2025-02-17T05:02:52.010+0000] {logging_mixin.py:190} INFO - [2025-02-17T05:02:52.010+0000] {dagbag.py:588} INFO - Filling up the DagBag from /opt/airflow/dags/cleanup.py
[2025-02-17T05:02:52.036+0000] {logging_mixin.py:190} INFO - [2025-02-17T05:02:52.035+0000] {cleanup.py:49} INFO - ENABLE_DELETE_CHILD_LOG  False
[2025-02-17T05:02:52.045+0000] {processor.py:925} INFO - DAG(s) 'cleanup' retrieved from /opt/airflow/dags/cleanup.py
[2025-02-17T05:02:52.063+0000] {logging_mixin.py:190} INFO - [2025-02-17T05:02:52.063+0000] {dag.py:3239} INFO - Sync 1 DAGs
[2025-02-17T05:02:52.089+0000] {logging_mixin.py:190} INFO - [2025-02-17T05:02:52.088+0000] {dag.py:4180} INFO - Setting next_dagrun for cleanup to 2025-02-16 00:00:00+00:00, run_after=2025-02-23 00:00:00+00:00
[2025-02-17T05:02:52.108+0000] {processor.py:208} INFO - Processing /opt/airflow/dags/cleanup.py took 0.106 seconds
[2025-02-17T05:03:25.038+0000] {processor.py:186} INFO - Started process (PID=6962) to work on /opt/airflow/dags/cleanup.py
[2025-02-17T05:03:25.039+0000] {processor.py:914} INFO - Processing file /opt/airflow/dags/cleanup.py for tasks to queue
[2025-02-17T05:03:25.041+0000] {logging_mixin.py:190} INFO - [2025-02-17T05:03:25.040+0000] {dagbag.py:588} INFO - Filling up the DagBag from /opt/airflow/dags/cleanup.py
[2025-02-17T05:03:25.062+0000] {logging_mixin.py:190} INFO - [2025-02-17T05:03:25.061+0000] {cleanup.py:49} INFO - ENABLE_DELETE_CHILD_LOG  False
[2025-02-17T05:03:25.069+0000] {processor.py:925} INFO - DAG(s) 'cleanup' retrieved from /opt/airflow/dags/cleanup.py
[2025-02-17T05:03:25.085+0000] {logging_mixin.py:190} INFO - [2025-02-17T05:03:25.085+0000] {dag.py:3239} INFO - Sync 1 DAGs
[2025-02-17T05:03:25.106+0000] {logging_mixin.py:190} INFO - [2025-02-17T05:03:25.106+0000] {dag.py:4180} INFO - Setting next_dagrun for cleanup to 2025-02-16 00:00:00+00:00, run_after=2025-02-23 00:00:00+00:00
[2025-02-17T05:03:25.123+0000] {processor.py:208} INFO - Processing /opt/airflow/dags/cleanup.py took 0.090 seconds
[2025-02-17T05:03:57.112+0000] {processor.py:186} INFO - Started process (PID=6977) to work on /opt/airflow/dags/cleanup.py
[2025-02-17T05:03:57.113+0000] {processor.py:914} INFO - Processing file /opt/airflow/dags/cleanup.py for tasks to queue
[2025-02-17T05:03:57.115+0000] {logging_mixin.py:190} INFO - [2025-02-17T05:03:57.115+0000] {dagbag.py:588} INFO - Filling up the DagBag from /opt/airflow/dags/cleanup.py
[2025-02-17T05:03:57.137+0000] {logging_mixin.py:190} INFO - [2025-02-17T05:03:57.136+0000] {cleanup.py:49} INFO - ENABLE_DELETE_CHILD_LOG  False
[2025-02-17T05:03:57.145+0000] {processor.py:925} INFO - DAG(s) 'cleanup' retrieved from /opt/airflow/dags/cleanup.py
[2025-02-17T05:03:57.162+0000] {logging_mixin.py:190} INFO - [2025-02-17T05:03:57.161+0000] {dag.py:3239} INFO - Sync 1 DAGs
[2025-02-17T05:03:57.185+0000] {logging_mixin.py:190} INFO - [2025-02-17T05:03:57.185+0000] {dag.py:4180} INFO - Setting next_dagrun for cleanup to 2025-02-16 00:00:00+00:00, run_after=2025-02-23 00:00:00+00:00
[2025-02-17T05:03:57.201+0000] {processor.py:208} INFO - Processing /opt/airflow/dags/cleanup.py took 0.095 seconds
[2025-02-17T05:04:30.163+0000] {processor.py:186} INFO - Started process (PID=6992) to work on /opt/airflow/dags/cleanup.py
[2025-02-17T05:04:30.163+0000] {processor.py:914} INFO - Processing file /opt/airflow/dags/cleanup.py for tasks to queue
[2025-02-17T05:04:30.165+0000] {logging_mixin.py:190} INFO - [2025-02-17T05:04:30.165+0000] {dagbag.py:588} INFO - Filling up the DagBag from /opt/airflow/dags/cleanup.py
[2025-02-17T05:04:30.187+0000] {logging_mixin.py:190} INFO - [2025-02-17T05:04:30.186+0000] {cleanup.py:49} INFO - ENABLE_DELETE_CHILD_LOG  False
[2025-02-17T05:04:30.194+0000] {processor.py:925} INFO - DAG(s) 'cleanup' retrieved from /opt/airflow/dags/cleanup.py
[2025-02-17T05:04:30.211+0000] {logging_mixin.py:190} INFO - [2025-02-17T05:04:30.210+0000] {dag.py:3239} INFO - Sync 1 DAGs
[2025-02-17T05:04:30.231+0000] {logging_mixin.py:190} INFO - [2025-02-17T05:04:30.231+0000] {dag.py:4180} INFO - Setting next_dagrun for cleanup to 2025-02-16 00:00:00+00:00, run_after=2025-02-23 00:00:00+00:00
[2025-02-17T05:04:30.246+0000] {processor.py:208} INFO - Processing /opt/airflow/dags/cleanup.py took 0.089 seconds
