[2025-02-17T04:36:05.239+0000] {processor.py:186} INFO - Started process (PID=6170) to work on /opt/airflow/dags/housekeep.py
[2025-02-17T04:36:05.239+0000] {processor.py:914} INFO - Processing file /opt/airflow/dags/housekeep.py for tasks to queue
[2025-02-17T04:36:05.241+0000] {logging_mixin.py:190} INFO - [2025-02-17T04:36:05.241+0000] {dagbag.py:588} INFO - Filling up the DagBag from /opt/airflow/dags/housekeep.py
[2025-02-17T04:36:05.256+0000] {processor.py:925} INFO - DAG(s) 'housekeeping_job' retrieved from /opt/airflow/dags/housekeep.py
[2025-02-17T04:36:05.278+0000] {logging_mixin.py:190} INFO - [2025-02-17T04:36:05.278+0000] {dag.py:3239} INFO - Sync 1 DAGs
[2025-02-17T04:36:05.302+0000] {logging_mixin.py:190} INFO - [2025-02-17T04:36:05.302+0000] {dag.py:4180} INFO - Setting next_dagrun for housekeeping_job to 2025-02-17 04:35:00+00:00, run_after=2025-02-17 04:40:00+00:00
[2025-02-17T04:36:05.320+0000] {processor.py:208} INFO - Processing /opt/airflow/dags/housekeep.py took 0.087 seconds
[2025-02-17T04:36:38.279+0000] {processor.py:186} INFO - Started process (PID=6185) to work on /opt/airflow/dags/housekeep.py
[2025-02-17T04:36:38.280+0000] {processor.py:914} INFO - Processing file /opt/airflow/dags/housekeep.py for tasks to queue
[2025-02-17T04:36:38.281+0000] {logging_mixin.py:190} INFO - [2025-02-17T04:36:38.281+0000] {dagbag.py:588} INFO - Filling up the DagBag from /opt/airflow/dags/housekeep.py
[2025-02-17T04:36:38.296+0000] {processor.py:925} INFO - DAG(s) 'housekeeping_job' retrieved from /opt/airflow/dags/housekeep.py
[2025-02-17T04:36:38.318+0000] {logging_mixin.py:190} INFO - [2025-02-17T04:36:38.318+0000] {dag.py:3239} INFO - Sync 1 DAGs
[2025-02-17T04:36:38.340+0000] {logging_mixin.py:190} INFO - [2025-02-17T04:36:38.340+0000] {dag.py:4180} INFO - Setting next_dagrun for housekeeping_job to 2025-02-17 04:35:00+00:00, run_after=2025-02-17 04:40:00+00:00
[2025-02-17T04:36:38.359+0000] {processor.py:208} INFO - Processing /opt/airflow/dags/housekeep.py took 0.085 seconds
[2025-02-17T04:37:10.309+0000] {processor.py:186} INFO - Started process (PID=6200) to work on /opt/airflow/dags/housekeep.py
[2025-02-17T04:37:10.310+0000] {processor.py:914} INFO - Processing file /opt/airflow/dags/housekeep.py for tasks to queue
[2025-02-17T04:37:10.311+0000] {logging_mixin.py:190} INFO - [2025-02-17T04:37:10.311+0000] {dagbag.py:588} INFO - Filling up the DagBag from /opt/airflow/dags/housekeep.py
[2025-02-17T04:37:10.326+0000] {processor.py:925} INFO - DAG(s) 'housekeeping_job' retrieved from /opt/airflow/dags/housekeep.py
[2025-02-17T04:37:10.351+0000] {logging_mixin.py:190} INFO - [2025-02-17T04:37:10.351+0000] {dag.py:3239} INFO - Sync 1 DAGs
[2025-02-17T04:37:10.375+0000] {logging_mixin.py:190} INFO - [2025-02-17T04:37:10.375+0000] {dag.py:4180} INFO - Setting next_dagrun for housekeeping_job to 2025-02-17 04:35:00+00:00, run_after=2025-02-17 04:40:00+00:00
[2025-02-17T04:37:10.393+0000] {processor.py:208} INFO - Processing /opt/airflow/dags/housekeep.py took 0.089 seconds
[2025-02-17T04:37:43.348+0000] {processor.py:186} INFO - Started process (PID=6215) to work on /opt/airflow/dags/housekeep.py
[2025-02-17T04:37:43.349+0000] {processor.py:914} INFO - Processing file /opt/airflow/dags/housekeep.py for tasks to queue
[2025-02-17T04:37:43.350+0000] {logging_mixin.py:190} INFO - [2025-02-17T04:37:43.350+0000] {dagbag.py:588} INFO - Filling up the DagBag from /opt/airflow/dags/housekeep.py
[2025-02-17T04:37:43.365+0000] {processor.py:925} INFO - DAG(s) 'housekeeping_job' retrieved from /opt/airflow/dags/housekeep.py
[2025-02-17T04:37:43.388+0000] {logging_mixin.py:190} INFO - [2025-02-17T04:37:43.388+0000] {dag.py:3239} INFO - Sync 1 DAGs
[2025-02-17T04:37:43.412+0000] {logging_mixin.py:190} INFO - [2025-02-17T04:37:43.412+0000] {dag.py:4180} INFO - Setting next_dagrun for housekeeping_job to 2025-02-17 04:35:00+00:00, run_after=2025-02-17 04:40:00+00:00
[2025-02-17T04:37:43.432+0000] {processor.py:208} INFO - Processing /opt/airflow/dags/housekeep.py took 0.089 seconds
[2025-02-17T04:38:16.386+0000] {processor.py:186} INFO - Started process (PID=6230) to work on /opt/airflow/dags/housekeep.py
[2025-02-17T04:38:16.387+0000] {processor.py:914} INFO - Processing file /opt/airflow/dags/housekeep.py for tasks to queue
[2025-02-17T04:38:16.388+0000] {logging_mixin.py:190} INFO - [2025-02-17T04:38:16.388+0000] {dagbag.py:588} INFO - Filling up the DagBag from /opt/airflow/dags/housekeep.py
[2025-02-17T04:38:16.403+0000] {processor.py:925} INFO - DAG(s) 'housekeeping_job' retrieved from /opt/airflow/dags/housekeep.py
[2025-02-17T04:38:16.425+0000] {logging_mixin.py:190} INFO - [2025-02-17T04:38:16.424+0000] {dag.py:3239} INFO - Sync 1 DAGs
[2025-02-17T04:38:16.447+0000] {logging_mixin.py:190} INFO - [2025-02-17T04:38:16.447+0000] {dag.py:4180} INFO - Setting next_dagrun for housekeeping_job to 2025-02-17 04:35:00+00:00, run_after=2025-02-17 04:40:00+00:00
[2025-02-17T04:38:16.465+0000] {processor.py:208} INFO - Processing /opt/airflow/dags/housekeep.py took 0.085 seconds
[2025-02-17T04:38:46.776+0000] {processor.py:186} INFO - Started process (PID=6245) to work on /opt/airflow/dags/housekeep.py
[2025-02-17T04:38:46.777+0000] {processor.py:914} INFO - Processing file /opt/airflow/dags/housekeep.py for tasks to queue
[2025-02-17T04:38:46.779+0000] {logging_mixin.py:190} INFO - [2025-02-17T04:38:46.779+0000] {dagbag.py:588} INFO - Filling up the DagBag from /opt/airflow/dags/housekeep.py
[2025-02-17T04:38:46.795+0000] {processor.py:925} INFO - DAG(s) 'housekeeping_job' retrieved from /opt/airflow/dags/housekeep.py
[2025-02-17T04:38:46.819+0000] {logging_mixin.py:190} INFO - [2025-02-17T04:38:46.818+0000] {dag.py:3239} INFO - Sync 1 DAGs
[2025-02-17T04:38:46.842+0000] {logging_mixin.py:190} INFO - [2025-02-17T04:38:46.842+0000] {dag.py:4180} INFO - Setting next_dagrun for housekeeping_job to 2025-02-17 04:35:00+00:00, run_after=2025-02-17 04:40:00+00:00
[2025-02-17T04:38:46.859+0000] {processor.py:208} INFO - Processing /opt/airflow/dags/housekeep.py took 0.088 seconds
[2025-02-17T04:39:17.686+0000] {processor.py:186} INFO - Started process (PID=6260) to work on /opt/airflow/dags/housekeep.py
[2025-02-17T04:39:17.687+0000] {processor.py:914} INFO - Processing file /opt/airflow/dags/housekeep.py for tasks to queue
[2025-02-17T04:39:17.689+0000] {logging_mixin.py:190} INFO - [2025-02-17T04:39:17.689+0000] {dagbag.py:588} INFO - Filling up the DagBag from /opt/airflow/dags/housekeep.py
[2025-02-17T04:39:17.707+0000] {processor.py:925} INFO - DAG(s) 'housekeeping_job' retrieved from /opt/airflow/dags/housekeep.py
[2025-02-17T04:39:17.731+0000] {logging_mixin.py:190} INFO - [2025-02-17T04:39:17.731+0000] {dag.py:3239} INFO - Sync 1 DAGs
[2025-02-17T04:39:17.759+0000] {logging_mixin.py:190} INFO - [2025-02-17T04:39:17.759+0000] {dag.py:4180} INFO - Setting next_dagrun for housekeeping_job to 2025-02-17 04:35:00+00:00, run_after=2025-02-17 04:40:00+00:00
[2025-02-17T04:39:17.781+0000] {processor.py:208} INFO - Processing /opt/airflow/dags/housekeep.py took 0.101 seconds
[2025-02-17T04:39:47.891+0000] {processor.py:186} INFO - Started process (PID=6275) to work on /opt/airflow/dags/housekeep.py
[2025-02-17T04:39:47.892+0000] {processor.py:914} INFO - Processing file /opt/airflow/dags/housekeep.py for tasks to queue
[2025-02-17T04:39:47.893+0000] {logging_mixin.py:190} INFO - [2025-02-17T04:39:47.893+0000] {dagbag.py:588} INFO - Filling up the DagBag from /opt/airflow/dags/housekeep.py
[2025-02-17T04:39:47.910+0000] {processor.py:925} INFO - DAG(s) 'housekeeping_job' retrieved from /opt/airflow/dags/housekeep.py
[2025-02-17T04:39:47.935+0000] {logging_mixin.py:190} INFO - [2025-02-17T04:39:47.935+0000] {dag.py:3239} INFO - Sync 1 DAGs
[2025-02-17T04:39:47.958+0000] {logging_mixin.py:190} INFO - [2025-02-17T04:39:47.958+0000] {dag.py:4180} INFO - Setting next_dagrun for housekeeping_job to 2025-02-17 04:35:00+00:00, run_after=2025-02-17 04:40:00+00:00
[2025-02-17T04:39:47.978+0000] {processor.py:208} INFO - Processing /opt/airflow/dags/housekeep.py took 0.093 seconds
[2025-02-17T04:40:18.019+0000] {processor.py:186} INFO - Started process (PID=6294) to work on /opt/airflow/dags/housekeep.py
[2025-02-17T04:40:18.020+0000] {processor.py:914} INFO - Processing file /opt/airflow/dags/housekeep.py for tasks to queue
[2025-02-17T04:40:18.022+0000] {logging_mixin.py:190} INFO - [2025-02-17T04:40:18.022+0000] {dagbag.py:588} INFO - Filling up the DagBag from /opt/airflow/dags/housekeep.py
[2025-02-17T04:40:18.037+0000] {processor.py:925} INFO - DAG(s) 'housekeeping_job' retrieved from /opt/airflow/dags/housekeep.py
[2025-02-17T04:40:18.061+0000] {logging_mixin.py:190} INFO - [2025-02-17T04:40:18.061+0000] {dag.py:3239} INFO - Sync 1 DAGs
[2025-02-17T04:40:18.086+0000] {logging_mixin.py:190} INFO - [2025-02-17T04:40:18.085+0000] {dag.py:4180} INFO - Setting next_dagrun for housekeeping_job to 2025-02-17 04:40:00+00:00, run_after=2025-02-17 04:45:00+00:00
[2025-02-17T04:40:18.104+0000] {processor.py:208} INFO - Processing /opt/airflow/dags/housekeep.py took 0.091 seconds
[2025-02-17T04:40:48.744+0000] {processor.py:186} INFO - Started process (PID=6309) to work on /opt/airflow/dags/housekeep.py
[2025-02-17T04:40:48.745+0000] {processor.py:914} INFO - Processing file /opt/airflow/dags/housekeep.py for tasks to queue
[2025-02-17T04:40:48.746+0000] {logging_mixin.py:190} INFO - [2025-02-17T04:40:48.746+0000] {dagbag.py:588} INFO - Filling up the DagBag from /opt/airflow/dags/housekeep.py
[2025-02-17T04:40:48.761+0000] {processor.py:925} INFO - DAG(s) 'housekeeping_job' retrieved from /opt/airflow/dags/housekeep.py
[2025-02-17T04:40:48.785+0000] {logging_mixin.py:190} INFO - [2025-02-17T04:40:48.785+0000] {dag.py:3239} INFO - Sync 1 DAGs
[2025-02-17T04:40:48.809+0000] {logging_mixin.py:190} INFO - [2025-02-17T04:40:48.809+0000] {dag.py:4180} INFO - Setting next_dagrun for housekeeping_job to 2025-02-17 04:40:00+00:00, run_after=2025-02-17 04:45:00+00:00
[2025-02-17T04:40:48.831+0000] {processor.py:208} INFO - Processing /opt/airflow/dags/housekeep.py took 0.093 seconds
[2025-02-17T04:41:18.932+0000] {processor.py:186} INFO - Started process (PID=6324) to work on /opt/airflow/dags/housekeep.py
[2025-02-17T04:41:18.933+0000] {processor.py:914} INFO - Processing file /opt/airflow/dags/housekeep.py for tasks to queue
[2025-02-17T04:41:18.935+0000] {logging_mixin.py:190} INFO - [2025-02-17T04:41:18.935+0000] {dagbag.py:588} INFO - Filling up the DagBag from /opt/airflow/dags/housekeep.py
[2025-02-17T04:41:18.958+0000] {processor.py:925} INFO - DAG(s) 'housekeeping_job' retrieved from /opt/airflow/dags/housekeep.py
[2025-02-17T04:41:19.027+0000] {logging_mixin.py:190} INFO - [2025-02-17T04:41:19.027+0000] {dag.py:3239} INFO - Sync 1 DAGs
[2025-02-17T04:41:19.060+0000] {logging_mixin.py:190} INFO - [2025-02-17T04:41:19.060+0000] {dag.py:4180} INFO - Setting next_dagrun for housekeeping_job to 2025-02-17 04:40:00+00:00, run_after=2025-02-17 04:45:00+00:00
[2025-02-17T04:41:19.085+0000] {processor.py:208} INFO - Processing /opt/airflow/dags/housekeep.py took 0.158 seconds
[2025-02-17T04:41:49.904+0000] {processor.py:186} INFO - Started process (PID=6339) to work on /opt/airflow/dags/housekeep.py
[2025-02-17T04:41:49.907+0000] {processor.py:914} INFO - Processing file /opt/airflow/dags/housekeep.py for tasks to queue
[2025-02-17T04:41:49.909+0000] {logging_mixin.py:190} INFO - [2025-02-17T04:41:49.909+0000] {dagbag.py:588} INFO - Filling up the DagBag from /opt/airflow/dags/housekeep.py
[2025-02-17T04:41:49.933+0000] {processor.py:925} INFO - DAG(s) 'housekeeping_job' retrieved from /opt/airflow/dags/housekeep.py
[2025-02-17T04:41:49.985+0000] {logging_mixin.py:190} INFO - [2025-02-17T04:41:49.985+0000] {dag.py:3239} INFO - Sync 1 DAGs
[2025-02-17T04:41:50.032+0000] {logging_mixin.py:190} INFO - [2025-02-17T04:41:50.031+0000] {dag.py:4180} INFO - Setting next_dagrun for housekeeping_job to 2025-02-17 04:40:00+00:00, run_after=2025-02-17 04:45:00+00:00
[2025-02-17T04:41:50.058+0000] {processor.py:208} INFO - Processing /opt/airflow/dags/housekeep.py took 0.164 seconds
[2025-02-17T04:42:20.386+0000] {processor.py:186} INFO - Started process (PID=6352) to work on /opt/airflow/dags/housekeep.py
[2025-02-17T04:42:20.387+0000] {processor.py:914} INFO - Processing file /opt/airflow/dags/housekeep.py for tasks to queue
[2025-02-17T04:42:20.389+0000] {logging_mixin.py:190} INFO - [2025-02-17T04:42:20.389+0000] {dagbag.py:588} INFO - Filling up the DagBag from /opt/airflow/dags/housekeep.py
[2025-02-17T04:42:20.430+0000] {processor.py:925} INFO - DAG(s) 'housekeeping_job' retrieved from /opt/airflow/dags/housekeep.py
[2025-02-17T04:42:20.494+0000] {logging_mixin.py:190} INFO - [2025-02-17T04:42:20.494+0000] {dag.py:3239} INFO - Sync 1 DAGs
[2025-02-17T04:42:20.575+0000] {logging_mixin.py:190} INFO - [2025-02-17T04:42:20.574+0000] {dag.py:4180} INFO - Setting next_dagrun for housekeeping_job to 2025-02-17 04:40:00+00:00, run_after=2025-02-17 04:45:00+00:00
[2025-02-17T04:42:20.608+0000] {processor.py:208} INFO - Processing /opt/airflow/dags/housekeep.py took 0.233 seconds
[2025-02-17T04:42:51.313+0000] {processor.py:186} INFO - Started process (PID=6369) to work on /opt/airflow/dags/housekeep.py
[2025-02-17T04:42:51.313+0000] {processor.py:914} INFO - Processing file /opt/airflow/dags/housekeep.py for tasks to queue
[2025-02-17T04:42:51.315+0000] {logging_mixin.py:190} INFO - [2025-02-17T04:42:51.315+0000] {dagbag.py:588} INFO - Filling up the DagBag from /opt/airflow/dags/housekeep.py
[2025-02-17T04:42:51.332+0000] {processor.py:925} INFO - DAG(s) 'housekeeping_job' retrieved from /opt/airflow/dags/housekeep.py
[2025-02-17T04:42:51.360+0000] {logging_mixin.py:190} INFO - [2025-02-17T04:42:51.360+0000] {dag.py:3239} INFO - Sync 1 DAGs
[2025-02-17T04:42:51.385+0000] {logging_mixin.py:190} INFO - [2025-02-17T04:42:51.385+0000] {dag.py:4180} INFO - Setting next_dagrun for housekeeping_job to 2025-02-17 04:40:00+00:00, run_after=2025-02-17 04:45:00+00:00
[2025-02-17T04:42:51.408+0000] {processor.py:208} INFO - Processing /opt/airflow/dags/housekeep.py took 0.102 seconds
[2025-02-17T04:43:21.572+0000] {processor.py:186} INFO - Started process (PID=6384) to work on /opt/airflow/dags/housekeep.py
[2025-02-17T04:43:21.574+0000] {processor.py:914} INFO - Processing file /opt/airflow/dags/housekeep.py for tasks to queue
[2025-02-17T04:43:21.588+0000] {logging_mixin.py:190} INFO - [2025-02-17T04:43:21.585+0000] {dagbag.py:588} INFO - Filling up the DagBag from /opt/airflow/dags/housekeep.py
[2025-02-17T04:43:21.642+0000] {processor.py:925} INFO - DAG(s) 'housekeeping_job' retrieved from /opt/airflow/dags/housekeep.py
[2025-02-17T04:43:21.858+0000] {logging_mixin.py:190} INFO - [2025-02-17T04:43:21.858+0000] {dag.py:3239} INFO - Sync 1 DAGs
[2025-02-17T04:43:21.977+0000] {logging_mixin.py:190} INFO - [2025-02-17T04:43:21.977+0000] {dag.py:4180} INFO - Setting next_dagrun for housekeeping_job to 2025-02-17 04:40:00+00:00, run_after=2025-02-17 04:45:00+00:00
[2025-02-17T04:43:22.008+0000] {processor.py:208} INFO - Processing /opt/airflow/dags/housekeep.py took 0.446 seconds
[2025-02-17T04:43:52.518+0000] {processor.py:186} INFO - Started process (PID=6399) to work on /opt/airflow/dags/housekeep.py
[2025-02-17T04:43:52.519+0000] {processor.py:914} INFO - Processing file /opt/airflow/dags/housekeep.py for tasks to queue
[2025-02-17T04:43:52.522+0000] {logging_mixin.py:190} INFO - [2025-02-17T04:43:52.521+0000] {dagbag.py:588} INFO - Filling up the DagBag from /opt/airflow/dags/housekeep.py
[2025-02-17T04:43:52.555+0000] {processor.py:925} INFO - DAG(s) 'housekeeping_job' retrieved from /opt/airflow/dags/housekeep.py
[2025-02-17T04:43:52.609+0000] {logging_mixin.py:190} INFO - [2025-02-17T04:43:52.609+0000] {dag.py:3239} INFO - Sync 1 DAGs
[2025-02-17T04:43:52.657+0000] {logging_mixin.py:190} INFO - [2025-02-17T04:43:52.657+0000] {dag.py:4180} INFO - Setting next_dagrun for housekeeping_job to 2025-02-17 04:40:00+00:00, run_after=2025-02-17 04:45:00+00:00
[2025-02-17T04:43:52.683+0000] {processor.py:208} INFO - Processing /opt/airflow/dags/housekeep.py took 0.173 seconds
[2025-02-17T04:44:22.807+0000] {processor.py:186} INFO - Started process (PID=6414) to work on /opt/airflow/dags/housekeep.py
[2025-02-17T04:44:22.808+0000] {processor.py:914} INFO - Processing file /opt/airflow/dags/housekeep.py for tasks to queue
[2025-02-17T04:44:22.810+0000] {logging_mixin.py:190} INFO - [2025-02-17T04:44:22.810+0000] {dagbag.py:588} INFO - Filling up the DagBag from /opt/airflow/dags/housekeep.py
[2025-02-17T04:44:22.854+0000] {processor.py:925} INFO - DAG(s) 'housekeeping_job' retrieved from /opt/airflow/dags/housekeep.py
[2025-02-17T04:44:22.898+0000] {logging_mixin.py:190} INFO - [2025-02-17T04:44:22.897+0000] {dag.py:3239} INFO - Sync 1 DAGs
[2025-02-17T04:44:22.951+0000] {logging_mixin.py:190} INFO - [2025-02-17T04:44:22.951+0000] {dag.py:4180} INFO - Setting next_dagrun for housekeeping_job to 2025-02-17 04:40:00+00:00, run_after=2025-02-17 04:45:00+00:00
[2025-02-17T04:44:23.060+0000] {processor.py:208} INFO - Processing /opt/airflow/dags/housekeep.py took 0.260 seconds
[2025-02-17T04:44:54.571+0000] {processor.py:186} INFO - Started process (PID=6429) to work on /opt/airflow/dags/housekeep.py
[2025-02-17T04:44:54.572+0000] {processor.py:914} INFO - Processing file /opt/airflow/dags/housekeep.py for tasks to queue
[2025-02-17T04:44:54.575+0000] {logging_mixin.py:190} INFO - [2025-02-17T04:44:54.574+0000] {dagbag.py:588} INFO - Filling up the DagBag from /opt/airflow/dags/housekeep.py
[2025-02-17T04:44:54.591+0000] {processor.py:925} INFO - DAG(s) 'housekeeping_job' retrieved from /opt/airflow/dags/housekeep.py
[2025-02-17T04:44:54.617+0000] {logging_mixin.py:190} INFO - [2025-02-17T04:44:54.617+0000] {dag.py:3239} INFO - Sync 1 DAGs
[2025-02-17T04:44:54.648+0000] {logging_mixin.py:190} INFO - [2025-02-17T04:44:54.648+0000] {dag.py:4180} INFO - Setting next_dagrun for housekeeping_job to 2025-02-17 04:40:00+00:00, run_after=2025-02-17 04:45:00+00:00
[2025-02-17T04:44:54.671+0000] {processor.py:208} INFO - Processing /opt/airflow/dags/housekeep.py took 0.105 seconds
[2025-02-17T04:45:26.787+0000] {processor.py:186} INFO - Started process (PID=6448) to work on /opt/airflow/dags/housekeep.py
[2025-02-17T04:45:26.788+0000] {processor.py:914} INFO - Processing file /opt/airflow/dags/housekeep.py for tasks to queue
[2025-02-17T04:45:26.790+0000] {logging_mixin.py:190} INFO - [2025-02-17T04:45:26.789+0000] {dagbag.py:588} INFO - Filling up the DagBag from /opt/airflow/dags/housekeep.py
[2025-02-17T04:45:26.809+0000] {processor.py:925} INFO - DAG(s) 'housekeeping_job' retrieved from /opt/airflow/dags/housekeep.py
[2025-02-17T04:45:26.855+0000] {logging_mixin.py:190} INFO - [2025-02-17T04:45:26.855+0000] {dag.py:3239} INFO - Sync 1 DAGs
[2025-02-17T04:45:26.887+0000] {logging_mixin.py:190} INFO - [2025-02-17T04:45:26.887+0000] {dag.py:4180} INFO - Setting next_dagrun for housekeeping_job to 2025-02-17 04:45:00+00:00, run_after=2025-02-17 04:50:00+00:00
[2025-02-17T04:45:26.911+0000] {processor.py:208} INFO - Processing /opt/airflow/dags/housekeep.py took 0.131 seconds
[2025-02-17T04:45:59.884+0000] {processor.py:186} INFO - Started process (PID=6463) to work on /opt/airflow/dags/housekeep.py
[2025-02-17T04:45:59.885+0000] {processor.py:914} INFO - Processing file /opt/airflow/dags/housekeep.py for tasks to queue
[2025-02-17T04:45:59.887+0000] {logging_mixin.py:190} INFO - [2025-02-17T04:45:59.887+0000] {dagbag.py:588} INFO - Filling up the DagBag from /opt/airflow/dags/housekeep.py
[2025-02-17T04:45:59.909+0000] {processor.py:925} INFO - DAG(s) 'housekeeping_job' retrieved from /opt/airflow/dags/housekeep.py
[2025-02-17T04:45:59.963+0000] {logging_mixin.py:190} INFO - [2025-02-17T04:45:59.963+0000] {dag.py:3239} INFO - Sync 1 DAGs
[2025-02-17T04:45:59.995+0000] {logging_mixin.py:190} INFO - [2025-02-17T04:45:59.995+0000] {dag.py:4180} INFO - Setting next_dagrun for housekeeping_job to 2025-02-17 04:45:00+00:00, run_after=2025-02-17 04:50:00+00:00
[2025-02-17T04:46:00.018+0000] {processor.py:208} INFO - Processing /opt/airflow/dags/housekeep.py took 0.140 seconds
[2025-02-17T04:46:35.183+0000] {processor.py:186} INFO - Started process (PID=6478) to work on /opt/airflow/dags/housekeep.py
[2025-02-17T04:46:35.184+0000] {processor.py:914} INFO - Processing file /opt/airflow/dags/housekeep.py for tasks to queue
[2025-02-17T04:46:35.186+0000] {logging_mixin.py:190} INFO - [2025-02-17T04:46:35.186+0000] {dagbag.py:588} INFO - Filling up the DagBag from /opt/airflow/dags/housekeep.py
[2025-02-17T04:46:35.214+0000] {processor.py:925} INFO - DAG(s) 'housekeeping_job' retrieved from /opt/airflow/dags/housekeep.py
[2025-02-17T04:46:35.268+0000] {logging_mixin.py:190} INFO - [2025-02-17T04:46:35.268+0000] {dag.py:3239} INFO - Sync 1 DAGs
[2025-02-17T04:46:35.302+0000] {logging_mixin.py:190} INFO - [2025-02-17T04:46:35.301+0000] {dag.py:4180} INFO - Setting next_dagrun for housekeeping_job to 2025-02-17 04:45:00+00:00, run_after=2025-02-17 04:50:00+00:00
[2025-02-17T04:46:35.324+0000] {processor.py:208} INFO - Processing /opt/airflow/dags/housekeep.py took 0.148 seconds
[2025-02-17T04:47:05.865+0000] {processor.py:186} INFO - Started process (PID=6493) to work on /opt/airflow/dags/housekeep.py
[2025-02-17T04:47:05.866+0000] {processor.py:914} INFO - Processing file /opt/airflow/dags/housekeep.py for tasks to queue
[2025-02-17T04:47:05.869+0000] {logging_mixin.py:190} INFO - [2025-02-17T04:47:05.868+0000] {dagbag.py:588} INFO - Filling up the DagBag from /opt/airflow/dags/housekeep.py
[2025-02-17T04:47:05.896+0000] {processor.py:925} INFO - DAG(s) 'housekeeping_job' retrieved from /opt/airflow/dags/housekeep.py
[2025-02-17T04:47:05.960+0000] {logging_mixin.py:190} INFO - [2025-02-17T04:47:05.960+0000] {dag.py:3239} INFO - Sync 1 DAGs
[2025-02-17T04:47:05.993+0000] {logging_mixin.py:190} INFO - [2025-02-17T04:47:05.993+0000] {dag.py:4180} INFO - Setting next_dagrun for housekeeping_job to 2025-02-17 04:45:00+00:00, run_after=2025-02-17 04:50:00+00:00
[2025-02-17T04:47:06.017+0000] {processor.py:208} INFO - Processing /opt/airflow/dags/housekeep.py took 0.159 seconds
[2025-02-17T04:47:38.838+0000] {processor.py:186} INFO - Started process (PID=6508) to work on /opt/airflow/dags/housekeep.py
[2025-02-17T04:47:38.839+0000] {processor.py:914} INFO - Processing file /opt/airflow/dags/housekeep.py for tasks to queue
[2025-02-17T04:47:38.842+0000] {logging_mixin.py:190} INFO - [2025-02-17T04:47:38.842+0000] {dagbag.py:588} INFO - Filling up the DagBag from /opt/airflow/dags/housekeep.py
[2025-02-17T04:47:38.864+0000] {processor.py:925} INFO - DAG(s) 'housekeeping_job' retrieved from /opt/airflow/dags/housekeep.py
[2025-02-17T04:47:38.894+0000] {logging_mixin.py:190} INFO - [2025-02-17T04:47:38.894+0000] {dag.py:3239} INFO - Sync 1 DAGs
[2025-02-17T04:47:38.922+0000] {logging_mixin.py:190} INFO - [2025-02-17T04:47:38.922+0000] {dag.py:4180} INFO - Setting next_dagrun for housekeeping_job to 2025-02-17 04:45:00+00:00, run_after=2025-02-17 04:50:00+00:00
[2025-02-17T04:47:38.945+0000] {processor.py:208} INFO - Processing /opt/airflow/dags/housekeep.py took 0.114 seconds
[2025-02-17T04:48:13.547+0000] {processor.py:186} INFO - Started process (PID=6523) to work on /opt/airflow/dags/housekeep.py
[2025-02-17T04:48:13.548+0000] {processor.py:914} INFO - Processing file /opt/airflow/dags/housekeep.py for tasks to queue
[2025-02-17T04:48:13.550+0000] {logging_mixin.py:190} INFO - [2025-02-17T04:48:13.550+0000] {dagbag.py:588} INFO - Filling up the DagBag from /opt/airflow/dags/housekeep.py
[2025-02-17T04:48:13.568+0000] {processor.py:925} INFO - DAG(s) 'housekeeping_job' retrieved from /opt/airflow/dags/housekeep.py
[2025-02-17T04:48:13.599+0000] {logging_mixin.py:190} INFO - [2025-02-17T04:48:13.599+0000] {dag.py:3239} INFO - Sync 1 DAGs
[2025-02-17T04:48:13.634+0000] {logging_mixin.py:190} INFO - [2025-02-17T04:48:13.633+0000] {dag.py:4180} INFO - Setting next_dagrun for housekeeping_job to 2025-02-17 04:45:00+00:00, run_after=2025-02-17 04:50:00+00:00
[2025-02-17T04:48:13.658+0000] {processor.py:208} INFO - Processing /opt/airflow/dags/housekeep.py took 0.119 seconds
[2025-02-17T04:48:43.934+0000] {processor.py:186} INFO - Started process (PID=6538) to work on /opt/airflow/dags/housekeep.py
[2025-02-17T04:48:43.935+0000] {processor.py:914} INFO - Processing file /opt/airflow/dags/housekeep.py for tasks to queue
[2025-02-17T04:48:43.938+0000] {logging_mixin.py:190} INFO - [2025-02-17T04:48:43.938+0000] {dagbag.py:588} INFO - Filling up the DagBag from /opt/airflow/dags/housekeep.py
[2025-02-17T04:48:43.959+0000] {processor.py:925} INFO - DAG(s) 'housekeeping_job' retrieved from /opt/airflow/dags/housekeep.py
[2025-02-17T04:48:44.005+0000] {logging_mixin.py:190} INFO - [2025-02-17T04:48:44.004+0000] {dag.py:3239} INFO - Sync 1 DAGs
[2025-02-17T04:48:44.040+0000] {logging_mixin.py:190} INFO - [2025-02-17T04:48:44.040+0000] {dag.py:4180} INFO - Setting next_dagrun for housekeeping_job to 2025-02-17 04:45:00+00:00, run_after=2025-02-17 04:50:00+00:00
[2025-02-17T04:48:44.065+0000] {processor.py:208} INFO - Processing /opt/airflow/dags/housekeep.py took 0.138 seconds
[2025-02-17T04:49:15.140+0000] {processor.py:186} INFO - Started process (PID=6553) to work on /opt/airflow/dags/housekeep.py
[2025-02-17T04:49:15.141+0000] {processor.py:914} INFO - Processing file /opt/airflow/dags/housekeep.py for tasks to queue
[2025-02-17T04:49:15.144+0000] {logging_mixin.py:190} INFO - [2025-02-17T04:49:15.144+0000] {dagbag.py:588} INFO - Filling up the DagBag from /opt/airflow/dags/housekeep.py
[2025-02-17T04:49:15.163+0000] {processor.py:925} INFO - DAG(s) 'housekeeping_job' retrieved from /opt/airflow/dags/housekeep.py
[2025-02-17T04:49:15.204+0000] {logging_mixin.py:190} INFO - [2025-02-17T04:49:15.203+0000] {dag.py:3239} INFO - Sync 1 DAGs
[2025-02-17T04:49:15.232+0000] {logging_mixin.py:190} INFO - [2025-02-17T04:49:15.232+0000] {dag.py:4180} INFO - Setting next_dagrun for housekeeping_job to 2025-02-17 04:45:00+00:00, run_after=2025-02-17 04:50:00+00:00
[2025-02-17T04:49:15.255+0000] {processor.py:208} INFO - Processing /opt/airflow/dags/housekeep.py took 0.120 seconds
[2025-02-17T04:49:49.790+0000] {processor.py:186} INFO - Started process (PID=6568) to work on /opt/airflow/dags/housekeep.py
[2025-02-17T04:49:49.790+0000] {processor.py:914} INFO - Processing file /opt/airflow/dags/housekeep.py for tasks to queue
[2025-02-17T04:49:49.792+0000] {logging_mixin.py:190} INFO - [2025-02-17T04:49:49.792+0000] {dagbag.py:588} INFO - Filling up the DagBag from /opt/airflow/dags/housekeep.py
[2025-02-17T04:49:49.810+0000] {processor.py:925} INFO - DAG(s) 'housekeeping_job' retrieved from /opt/airflow/dags/housekeep.py
[2025-02-17T04:49:49.854+0000] {logging_mixin.py:190} INFO - [2025-02-17T04:49:49.853+0000] {dag.py:3239} INFO - Sync 1 DAGs
[2025-02-17T04:49:49.880+0000] {logging_mixin.py:190} INFO - [2025-02-17T04:49:49.879+0000] {dag.py:4180} INFO - Setting next_dagrun for housekeeping_job to 2025-02-17 04:45:00+00:00, run_after=2025-02-17 04:50:00+00:00
[2025-02-17T04:49:49.900+0000] {processor.py:208} INFO - Processing /opt/airflow/dags/housekeep.py took 0.116 seconds
[2025-02-17T04:50:23.231+0000] {processor.py:186} INFO - Started process (PID=6587) to work on /opt/airflow/dags/housekeep.py
[2025-02-17T04:50:23.232+0000] {processor.py:914} INFO - Processing file /opt/airflow/dags/housekeep.py for tasks to queue
[2025-02-17T04:50:23.234+0000] {logging_mixin.py:190} INFO - [2025-02-17T04:50:23.234+0000] {dagbag.py:588} INFO - Filling up the DagBag from /opt/airflow/dags/housekeep.py
[2025-02-17T04:50:23.253+0000] {processor.py:925} INFO - DAG(s) 'housekeeping_job' retrieved from /opt/airflow/dags/housekeep.py
[2025-02-17T04:50:23.275+0000] {logging_mixin.py:190} INFO - [2025-02-17T04:50:23.275+0000] {dag.py:3239} INFO - Sync 1 DAGs
[2025-02-17T04:50:23.308+0000] {logging_mixin.py:190} INFO - [2025-02-17T04:50:23.308+0000] {dag.py:4180} INFO - Setting next_dagrun for housekeeping_job to 2025-02-17 04:50:00+00:00, run_after=2025-02-17 04:55:00+00:00
[2025-02-17T04:50:23.327+0000] {processor.py:208} INFO - Processing /opt/airflow/dags/housekeep.py took 0.103 seconds
[2025-02-17T04:50:55.274+0000] {processor.py:186} INFO - Started process (PID=6602) to work on /opt/airflow/dags/housekeep.py
[2025-02-17T04:50:55.275+0000] {processor.py:914} INFO - Processing file /opt/airflow/dags/housekeep.py for tasks to queue
[2025-02-17T04:50:55.277+0000] {logging_mixin.py:190} INFO - [2025-02-17T04:50:55.276+0000] {dagbag.py:588} INFO - Filling up the DagBag from /opt/airflow/dags/housekeep.py
[2025-02-17T04:50:55.292+0000] {processor.py:925} INFO - DAG(s) 'housekeeping_job' retrieved from /opt/airflow/dags/housekeep.py
[2025-02-17T04:50:55.317+0000] {logging_mixin.py:190} INFO - [2025-02-17T04:50:55.316+0000] {dag.py:3239} INFO - Sync 1 DAGs
[2025-02-17T04:50:55.349+0000] {logging_mixin.py:190} INFO - [2025-02-17T04:50:55.349+0000] {dag.py:4180} INFO - Setting next_dagrun for housekeeping_job to 2025-02-17 04:50:00+00:00, run_after=2025-02-17 04:55:00+00:00
[2025-02-17T04:50:55.371+0000] {processor.py:208} INFO - Processing /opt/airflow/dags/housekeep.py took 0.102 seconds
[2025-02-17T04:51:26.930+0000] {processor.py:186} INFO - Started process (PID=6617) to work on /opt/airflow/dags/housekeep.py
[2025-02-17T04:51:26.931+0000] {processor.py:914} INFO - Processing file /opt/airflow/dags/housekeep.py for tasks to queue
[2025-02-17T04:51:26.933+0000] {logging_mixin.py:190} INFO - [2025-02-17T04:51:26.932+0000] {dagbag.py:588} INFO - Filling up the DagBag from /opt/airflow/dags/housekeep.py
[2025-02-17T04:51:26.948+0000] {processor.py:925} INFO - DAG(s) 'housekeeping_job' retrieved from /opt/airflow/dags/housekeep.py
[2025-02-17T04:51:26.974+0000] {logging_mixin.py:190} INFO - [2025-02-17T04:51:26.974+0000] {dag.py:3239} INFO - Sync 1 DAGs
[2025-02-17T04:51:27.001+0000] {logging_mixin.py:190} INFO - [2025-02-17T04:51:27.001+0000] {dag.py:4180} INFO - Setting next_dagrun for housekeeping_job to 2025-02-17 04:50:00+00:00, run_after=2025-02-17 04:55:00+00:00
[2025-02-17T04:51:27.023+0000] {processor.py:208} INFO - Processing /opt/airflow/dags/housekeep.py took 0.098 seconds
[2025-02-17T04:51:58.227+0000] {processor.py:186} INFO - Started process (PID=6632) to work on /opt/airflow/dags/housekeep.py
[2025-02-17T04:51:58.228+0000] {processor.py:914} INFO - Processing file /opt/airflow/dags/housekeep.py for tasks to queue
[2025-02-17T04:51:58.230+0000] {logging_mixin.py:190} INFO - [2025-02-17T04:51:58.230+0000] {dagbag.py:588} INFO - Filling up the DagBag from /opt/airflow/dags/housekeep.py
[2025-02-17T04:51:58.246+0000] {processor.py:925} INFO - DAG(s) 'housekeeping_job' retrieved from /opt/airflow/dags/housekeep.py
[2025-02-17T04:51:58.271+0000] {logging_mixin.py:190} INFO - [2025-02-17T04:51:58.270+0000] {dag.py:3239} INFO - Sync 1 DAGs
[2025-02-17T04:51:58.297+0000] {logging_mixin.py:190} INFO - [2025-02-17T04:51:58.297+0000] {dag.py:4180} INFO - Setting next_dagrun for housekeeping_job to 2025-02-17 04:50:00+00:00, run_after=2025-02-17 04:55:00+00:00
[2025-02-17T04:51:58.317+0000] {processor.py:208} INFO - Processing /opt/airflow/dags/housekeep.py took 0.095 seconds
[2025-02-17T04:52:30.296+0000] {processor.py:186} INFO - Started process (PID=6647) to work on /opt/airflow/dags/housekeep.py
[2025-02-17T04:52:30.297+0000] {processor.py:914} INFO - Processing file /opt/airflow/dags/housekeep.py for tasks to queue
[2025-02-17T04:52:30.299+0000] {logging_mixin.py:190} INFO - [2025-02-17T04:52:30.299+0000] {dagbag.py:588} INFO - Filling up the DagBag from /opt/airflow/dags/housekeep.py
[2025-02-17T04:52:30.316+0000] {processor.py:925} INFO - DAG(s) 'housekeeping_job' retrieved from /opt/airflow/dags/housekeep.py
[2025-02-17T04:52:30.347+0000] {logging_mixin.py:190} INFO - [2025-02-17T04:52:30.347+0000] {dag.py:3239} INFO - Sync 1 DAGs
[2025-02-17T04:52:30.374+0000] {logging_mixin.py:190} INFO - [2025-02-17T04:52:30.373+0000] {dag.py:4180} INFO - Setting next_dagrun for housekeeping_job to 2025-02-17 04:50:00+00:00, run_after=2025-02-17 04:55:00+00:00
[2025-02-17T04:52:30.394+0000] {processor.py:208} INFO - Processing /opt/airflow/dags/housekeep.py took 0.103 seconds
[2025-02-17T04:53:03.385+0000] {processor.py:186} INFO - Started process (PID=6662) to work on /opt/airflow/dags/housekeep.py
[2025-02-17T04:53:03.385+0000] {processor.py:914} INFO - Processing file /opt/airflow/dags/housekeep.py for tasks to queue
[2025-02-17T04:53:03.387+0000] {logging_mixin.py:190} INFO - [2025-02-17T04:53:03.387+0000] {dagbag.py:588} INFO - Filling up the DagBag from /opt/airflow/dags/housekeep.py
[2025-02-17T04:53:03.403+0000] {processor.py:925} INFO - DAG(s) 'housekeeping_job' retrieved from /opt/airflow/dags/housekeep.py
[2025-02-17T04:53:03.427+0000] {logging_mixin.py:190} INFO - [2025-02-17T04:53:03.427+0000] {dag.py:3239} INFO - Sync 1 DAGs
[2025-02-17T04:53:03.452+0000] {logging_mixin.py:190} INFO - [2025-02-17T04:53:03.452+0000] {dag.py:4180} INFO - Setting next_dagrun for housekeeping_job to 2025-02-17 04:50:00+00:00, run_after=2025-02-17 04:55:00+00:00
[2025-02-17T04:53:03.471+0000] {processor.py:208} INFO - Processing /opt/airflow/dags/housekeep.py took 0.092 seconds
[2025-02-17T04:53:36.203+0000] {processor.py:186} INFO - Started process (PID=6677) to work on /opt/airflow/dags/housekeep.py
[2025-02-17T04:53:36.204+0000] {processor.py:914} INFO - Processing file /opt/airflow/dags/housekeep.py for tasks to queue
[2025-02-17T04:53:36.206+0000] {logging_mixin.py:190} INFO - [2025-02-17T04:53:36.206+0000] {dagbag.py:588} INFO - Filling up the DagBag from /opt/airflow/dags/housekeep.py
[2025-02-17T04:53:36.222+0000] {processor.py:925} INFO - DAG(s) 'housekeeping_job' retrieved from /opt/airflow/dags/housekeep.py
[2025-02-17T04:53:36.245+0000] {logging_mixin.py:190} INFO - [2025-02-17T04:53:36.245+0000] {dag.py:3239} INFO - Sync 1 DAGs
[2025-02-17T04:53:36.273+0000] {logging_mixin.py:190} INFO - [2025-02-17T04:53:36.273+0000] {dag.py:4180} INFO - Setting next_dagrun for housekeeping_job to 2025-02-17 04:50:00+00:00, run_after=2025-02-17 04:55:00+00:00
[2025-02-17T04:53:36.295+0000] {processor.py:208} INFO - Processing /opt/airflow/dags/housekeep.py took 0.097 seconds
[2025-02-17T04:54:08.268+0000] {processor.py:186} INFO - Started process (PID=6692) to work on /opt/airflow/dags/housekeep.py
[2025-02-17T04:54:08.269+0000] {processor.py:914} INFO - Processing file /opt/airflow/dags/housekeep.py for tasks to queue
[2025-02-17T04:54:08.273+0000] {logging_mixin.py:190} INFO - [2025-02-17T04:54:08.272+0000] {dagbag.py:588} INFO - Filling up the DagBag from /opt/airflow/dags/housekeep.py
[2025-02-17T04:54:08.294+0000] {processor.py:925} INFO - DAG(s) 'housekeeping_job' retrieved from /opt/airflow/dags/housekeep.py
[2025-02-17T04:54:08.327+0000] {logging_mixin.py:190} INFO - [2025-02-17T04:54:08.327+0000] {dag.py:3239} INFO - Sync 1 DAGs
[2025-02-17T04:54:08.359+0000] {logging_mixin.py:190} INFO - [2025-02-17T04:54:08.358+0000] {dag.py:4180} INFO - Setting next_dagrun for housekeeping_job to 2025-02-17 04:50:00+00:00, run_after=2025-02-17 04:55:00+00:00
[2025-02-17T04:54:08.384+0000] {processor.py:208} INFO - Processing /opt/airflow/dags/housekeep.py took 0.123 seconds
[2025-02-17T04:54:41.358+0000] {processor.py:186} INFO - Started process (PID=6707) to work on /opt/airflow/dags/housekeep.py
[2025-02-17T04:54:41.358+0000] {processor.py:914} INFO - Processing file /opt/airflow/dags/housekeep.py for tasks to queue
[2025-02-17T04:54:41.361+0000] {logging_mixin.py:190} INFO - [2025-02-17T04:54:41.360+0000] {dagbag.py:588} INFO - Filling up the DagBag from /opt/airflow/dags/housekeep.py
[2025-02-17T04:54:41.377+0000] {processor.py:925} INFO - DAG(s) 'housekeeping_job' retrieved from /opt/airflow/dags/housekeep.py
[2025-02-17T04:54:41.409+0000] {logging_mixin.py:190} INFO - [2025-02-17T04:54:41.409+0000] {dag.py:3239} INFO - Sync 1 DAGs
[2025-02-17T04:54:41.441+0000] {logging_mixin.py:190} INFO - [2025-02-17T04:54:41.441+0000] {dag.py:4180} INFO - Setting next_dagrun for housekeeping_job to 2025-02-17 04:50:00+00:00, run_after=2025-02-17 04:55:00+00:00
[2025-02-17T04:54:41.460+0000] {processor.py:208} INFO - Processing /opt/airflow/dags/housekeep.py took 0.108 seconds
[2025-02-17T04:55:14.460+0000] {processor.py:186} INFO - Started process (PID=6726) to work on /opt/airflow/dags/housekeep.py
[2025-02-17T04:55:14.461+0000] {processor.py:914} INFO - Processing file /opt/airflow/dags/housekeep.py for tasks to queue
[2025-02-17T04:55:14.462+0000] {logging_mixin.py:190} INFO - [2025-02-17T04:55:14.462+0000] {dagbag.py:588} INFO - Filling up the DagBag from /opt/airflow/dags/housekeep.py
[2025-02-17T04:55:14.478+0000] {processor.py:925} INFO - DAG(s) 'housekeeping_job' retrieved from /opt/airflow/dags/housekeep.py
[2025-02-17T04:55:14.498+0000] {logging_mixin.py:190} INFO - [2025-02-17T04:55:14.498+0000] {dag.py:3239} INFO - Sync 1 DAGs
[2025-02-17T04:55:14.521+0000] {logging_mixin.py:190} INFO - [2025-02-17T04:55:14.520+0000] {dag.py:4180} INFO - Setting next_dagrun for housekeeping_job to 2025-02-17 04:55:00+00:00, run_after=2025-02-17 05:00:00+00:00
[2025-02-17T04:55:14.538+0000] {processor.py:208} INFO - Processing /opt/airflow/dags/housekeep.py took 0.084 seconds
[2025-02-17T04:55:46.490+0000] {processor.py:186} INFO - Started process (PID=6741) to work on /opt/airflow/dags/housekeep.py
[2025-02-17T04:55:46.491+0000] {processor.py:914} INFO - Processing file /opt/airflow/dags/housekeep.py for tasks to queue
[2025-02-17T04:55:46.493+0000] {logging_mixin.py:190} INFO - [2025-02-17T04:55:46.492+0000] {dagbag.py:588} INFO - Filling up the DagBag from /opt/airflow/dags/housekeep.py
[2025-02-17T04:55:46.508+0000] {processor.py:925} INFO - DAG(s) 'housekeeping_job' retrieved from /opt/airflow/dags/housekeep.py
[2025-02-17T04:55:46.531+0000] {logging_mixin.py:190} INFO - [2025-02-17T04:55:46.531+0000] {dag.py:3239} INFO - Sync 1 DAGs
[2025-02-17T04:55:46.553+0000] {logging_mixin.py:190} INFO - [2025-02-17T04:55:46.553+0000] {dag.py:4180} INFO - Setting next_dagrun for housekeeping_job to 2025-02-17 04:55:00+00:00, run_after=2025-02-17 05:00:00+00:00
[2025-02-17T04:55:46.572+0000] {processor.py:208} INFO - Processing /opt/airflow/dags/housekeep.py took 0.088 seconds
[2025-02-17T04:56:19.409+0000] {processor.py:186} INFO - Started process (PID=6756) to work on /opt/airflow/dags/housekeep.py
[2025-02-17T04:56:19.409+0000] {processor.py:914} INFO - Processing file /opt/airflow/dags/housekeep.py for tasks to queue
[2025-02-17T04:56:19.411+0000] {logging_mixin.py:190} INFO - [2025-02-17T04:56:19.411+0000] {dagbag.py:588} INFO - Filling up the DagBag from /opt/airflow/dags/housekeep.py
[2025-02-17T04:56:19.428+0000] {processor.py:925} INFO - DAG(s) 'housekeeping_job' retrieved from /opt/airflow/dags/housekeep.py
[2025-02-17T04:56:19.452+0000] {logging_mixin.py:190} INFO - [2025-02-17T04:56:19.452+0000] {dag.py:3239} INFO - Sync 1 DAGs
[2025-02-17T04:56:19.475+0000] {logging_mixin.py:190} INFO - [2025-02-17T04:56:19.475+0000] {dag.py:4180} INFO - Setting next_dagrun for housekeeping_job to 2025-02-17 04:55:00+00:00, run_after=2025-02-17 05:00:00+00:00
[2025-02-17T04:56:19.494+0000] {processor.py:208} INFO - Processing /opt/airflow/dags/housekeep.py took 0.091 seconds
[2025-02-17T04:56:52.449+0000] {processor.py:186} INFO - Started process (PID=6771) to work on /opt/airflow/dags/housekeep.py
[2025-02-17T04:56:52.450+0000] {processor.py:914} INFO - Processing file /opt/airflow/dags/housekeep.py for tasks to queue
[2025-02-17T04:56:52.452+0000] {logging_mixin.py:190} INFO - [2025-02-17T04:56:52.452+0000] {dagbag.py:588} INFO - Filling up the DagBag from /opt/airflow/dags/housekeep.py
[2025-02-17T04:56:52.470+0000] {processor.py:925} INFO - DAG(s) 'housekeeping_job' retrieved from /opt/airflow/dags/housekeep.py
[2025-02-17T04:56:52.495+0000] {logging_mixin.py:190} INFO - [2025-02-17T04:56:52.495+0000] {dag.py:3239} INFO - Sync 1 DAGs
[2025-02-17T04:56:52.520+0000] {logging_mixin.py:190} INFO - [2025-02-17T04:56:52.519+0000] {dag.py:4180} INFO - Setting next_dagrun for housekeeping_job to 2025-02-17 04:55:00+00:00, run_after=2025-02-17 05:00:00+00:00
[2025-02-17T04:56:52.539+0000] {processor.py:208} INFO - Processing /opt/airflow/dags/housekeep.py took 0.095 seconds
[2025-02-17T04:57:24.489+0000] {processor.py:186} INFO - Started process (PID=6786) to work on /opt/airflow/dags/housekeep.py
[2025-02-17T04:57:24.490+0000] {processor.py:914} INFO - Processing file /opt/airflow/dags/housekeep.py for tasks to queue
[2025-02-17T04:57:24.492+0000] {logging_mixin.py:190} INFO - [2025-02-17T04:57:24.492+0000] {dagbag.py:588} INFO - Filling up the DagBag from /opt/airflow/dags/housekeep.py
[2025-02-17T04:57:24.509+0000] {processor.py:925} INFO - DAG(s) 'housekeeping_job' retrieved from /opt/airflow/dags/housekeep.py
[2025-02-17T04:57:24.533+0000] {logging_mixin.py:190} INFO - [2025-02-17T04:57:24.532+0000] {dag.py:3239} INFO - Sync 1 DAGs
[2025-02-17T04:57:24.556+0000] {logging_mixin.py:190} INFO - [2025-02-17T04:57:24.556+0000] {dag.py:4180} INFO - Setting next_dagrun for housekeeping_job to 2025-02-17 04:55:00+00:00, run_after=2025-02-17 05:00:00+00:00
[2025-02-17T04:57:24.577+0000] {processor.py:208} INFO - Processing /opt/airflow/dags/housekeep.py took 0.093 seconds
[2025-02-17T04:57:57.499+0000] {processor.py:186} INFO - Started process (PID=6801) to work on /opt/airflow/dags/housekeep.py
[2025-02-17T04:57:57.500+0000] {processor.py:914} INFO - Processing file /opt/airflow/dags/housekeep.py for tasks to queue
[2025-02-17T04:57:57.502+0000] {logging_mixin.py:190} INFO - [2025-02-17T04:57:57.501+0000] {dagbag.py:588} INFO - Filling up the DagBag from /opt/airflow/dags/housekeep.py
[2025-02-17T04:57:57.518+0000] {processor.py:925} INFO - DAG(s) 'housekeeping_job' retrieved from /opt/airflow/dags/housekeep.py
[2025-02-17T04:57:57.543+0000] {logging_mixin.py:190} INFO - [2025-02-17T04:57:57.542+0000] {dag.py:3239} INFO - Sync 1 DAGs
[2025-02-17T04:57:57.566+0000] {logging_mixin.py:190} INFO - [2025-02-17T04:57:57.565+0000] {dag.py:4180} INFO - Setting next_dagrun for housekeeping_job to 2025-02-17 04:55:00+00:00, run_after=2025-02-17 05:00:00+00:00
[2025-02-17T04:57:57.586+0000] {processor.py:208} INFO - Processing /opt/airflow/dags/housekeep.py took 0.092 seconds
[2025-02-17T04:58:30.467+0000] {processor.py:186} INFO - Started process (PID=6816) to work on /opt/airflow/dags/housekeep.py
[2025-02-17T04:58:30.467+0000] {processor.py:914} INFO - Processing file /opt/airflow/dags/housekeep.py for tasks to queue
[2025-02-17T04:58:30.469+0000] {logging_mixin.py:190} INFO - [2025-02-17T04:58:30.469+0000] {dagbag.py:588} INFO - Filling up the DagBag from /opt/airflow/dags/housekeep.py
[2025-02-17T04:58:30.485+0000] {processor.py:925} INFO - DAG(s) 'housekeeping_job' retrieved from /opt/airflow/dags/housekeep.py
[2025-02-17T04:58:30.509+0000] {logging_mixin.py:190} INFO - [2025-02-17T04:58:30.509+0000] {dag.py:3239} INFO - Sync 1 DAGs
[2025-02-17T04:58:30.532+0000] {logging_mixin.py:190} INFO - [2025-02-17T04:58:30.532+0000] {dag.py:4180} INFO - Setting next_dagrun for housekeeping_job to 2025-02-17 04:55:00+00:00, run_after=2025-02-17 05:00:00+00:00
[2025-02-17T04:58:30.549+0000] {processor.py:208} INFO - Processing /opt/airflow/dags/housekeep.py took 0.087 seconds
[2025-02-17T04:59:02.499+0000] {processor.py:186} INFO - Started process (PID=6831) to work on /opt/airflow/dags/housekeep.py
[2025-02-17T04:59:02.500+0000] {processor.py:914} INFO - Processing file /opt/airflow/dags/housekeep.py for tasks to queue
[2025-02-17T04:59:02.502+0000] {logging_mixin.py:190} INFO - [2025-02-17T04:59:02.502+0000] {dagbag.py:588} INFO - Filling up the DagBag from /opt/airflow/dags/housekeep.py
[2025-02-17T04:59:02.517+0000] {processor.py:925} INFO - DAG(s) 'housekeeping_job' retrieved from /opt/airflow/dags/housekeep.py
[2025-02-17T04:59:02.539+0000] {logging_mixin.py:190} INFO - [2025-02-17T04:59:02.538+0000] {dag.py:3239} INFO - Sync 1 DAGs
[2025-02-17T04:59:02.561+0000] {logging_mixin.py:190} INFO - [2025-02-17T04:59:02.561+0000] {dag.py:4180} INFO - Setting next_dagrun for housekeeping_job to 2025-02-17 04:55:00+00:00, run_after=2025-02-17 05:00:00+00:00
[2025-02-17T04:59:02.580+0000] {processor.py:208} INFO - Processing /opt/airflow/dags/housekeep.py took 0.086 seconds
[2025-02-17T04:59:35.544+0000] {processor.py:186} INFO - Started process (PID=6846) to work on /opt/airflow/dags/housekeep.py
[2025-02-17T04:59:35.545+0000] {processor.py:914} INFO - Processing file /opt/airflow/dags/housekeep.py for tasks to queue
[2025-02-17T04:59:35.546+0000] {logging_mixin.py:190} INFO - [2025-02-17T04:59:35.546+0000] {dagbag.py:588} INFO - Filling up the DagBag from /opt/airflow/dags/housekeep.py
[2025-02-17T04:59:35.562+0000] {processor.py:925} INFO - DAG(s) 'housekeeping_job' retrieved from /opt/airflow/dags/housekeep.py
[2025-02-17T04:59:35.585+0000] {logging_mixin.py:190} INFO - [2025-02-17T04:59:35.585+0000] {dag.py:3239} INFO - Sync 1 DAGs
[2025-02-17T04:59:35.610+0000] {logging_mixin.py:190} INFO - [2025-02-17T04:59:35.609+0000] {dag.py:4180} INFO - Setting next_dagrun for housekeeping_job to 2025-02-17 04:55:00+00:00, run_after=2025-02-17 05:00:00+00:00
[2025-02-17T04:59:35.629+0000] {processor.py:208} INFO - Processing /opt/airflow/dags/housekeep.py took 0.091 seconds
[2025-02-17T05:00:08.625+0000] {processor.py:186} INFO - Started process (PID=6865) to work on /opt/airflow/dags/housekeep.py
[2025-02-17T05:00:08.626+0000] {processor.py:914} INFO - Processing file /opt/airflow/dags/housekeep.py for tasks to queue
[2025-02-17T05:00:08.628+0000] {logging_mixin.py:190} INFO - [2025-02-17T05:00:08.627+0000] {dagbag.py:588} INFO - Filling up the DagBag from /opt/airflow/dags/housekeep.py
[2025-02-17T05:00:08.643+0000] {processor.py:925} INFO - DAG(s) 'housekeeping_job' retrieved from /opt/airflow/dags/housekeep.py
[2025-02-17T05:00:08.666+0000] {logging_mixin.py:190} INFO - [2025-02-17T05:00:08.665+0000] {dag.py:3239} INFO - Sync 1 DAGs
[2025-02-17T05:00:08.688+0000] {logging_mixin.py:190} INFO - [2025-02-17T05:00:08.687+0000] {dag.py:4180} INFO - Setting next_dagrun for housekeeping_job to 2025-02-17 05:00:00+00:00, run_after=2025-02-17 05:05:00+00:00
[2025-02-17T05:00:08.705+0000] {processor.py:208} INFO - Processing /opt/airflow/dags/housekeep.py took 0.085 seconds
[2025-02-17T05:00:40.612+0000] {processor.py:186} INFO - Started process (PID=6880) to work on /opt/airflow/dags/housekeep.py
[2025-02-17T05:00:40.613+0000] {processor.py:914} INFO - Processing file /opt/airflow/dags/housekeep.py for tasks to queue
[2025-02-17T05:00:40.615+0000] {logging_mixin.py:190} INFO - [2025-02-17T05:00:40.615+0000] {dagbag.py:588} INFO - Filling up the DagBag from /opt/airflow/dags/housekeep.py
[2025-02-17T05:00:40.632+0000] {processor.py:925} INFO - DAG(s) 'housekeeping_job' retrieved from /opt/airflow/dags/housekeep.py
[2025-02-17T05:00:40.657+0000] {logging_mixin.py:190} INFO - [2025-02-17T05:00:40.657+0000] {dag.py:3239} INFO - Sync 1 DAGs
[2025-02-17T05:00:40.685+0000] {logging_mixin.py:190} INFO - [2025-02-17T05:00:40.685+0000] {dag.py:4180} INFO - Setting next_dagrun for housekeeping_job to 2025-02-17 05:00:00+00:00, run_after=2025-02-17 05:05:00+00:00
[2025-02-17T05:00:40.712+0000] {processor.py:208} INFO - Processing /opt/airflow/dags/housekeep.py took 0.105 seconds
[2025-02-17T05:01:13.693+0000] {processor.py:186} INFO - Started process (PID=6895) to work on /opt/airflow/dags/housekeep.py
[2025-02-17T05:01:13.694+0000] {processor.py:914} INFO - Processing file /opt/airflow/dags/housekeep.py for tasks to queue
[2025-02-17T05:01:13.697+0000] {logging_mixin.py:190} INFO - [2025-02-17T05:01:13.696+0000] {dagbag.py:588} INFO - Filling up the DagBag from /opt/airflow/dags/housekeep.py
[2025-02-17T05:01:13.720+0000] {processor.py:925} INFO - DAG(s) 'housekeeping_job' retrieved from /opt/airflow/dags/housekeep.py
[2025-02-17T05:01:13.768+0000] {logging_mixin.py:190} INFO - [2025-02-17T05:01:13.767+0000] {dag.py:3239} INFO - Sync 1 DAGs
[2025-02-17T05:01:13.793+0000] {logging_mixin.py:190} INFO - [2025-02-17T05:01:13.793+0000] {dag.py:4180} INFO - Setting next_dagrun for housekeeping_job to 2025-02-17 05:00:00+00:00, run_after=2025-02-17 05:05:00+00:00
[2025-02-17T05:01:13.811+0000] {processor.py:208} INFO - Processing /opt/airflow/dags/housekeep.py took 0.126 seconds
[2025-02-17T05:01:46.778+0000] {processor.py:186} INFO - Started process (PID=6910) to work on /opt/airflow/dags/housekeep.py
[2025-02-17T05:01:46.779+0000] {processor.py:914} INFO - Processing file /opt/airflow/dags/housekeep.py for tasks to queue
[2025-02-17T05:01:46.781+0000] {logging_mixin.py:190} INFO - [2025-02-17T05:01:46.780+0000] {dagbag.py:588} INFO - Filling up the DagBag from /opt/airflow/dags/housekeep.py
[2025-02-17T05:01:46.796+0000] {processor.py:925} INFO - DAG(s) 'housekeeping_job' retrieved from /opt/airflow/dags/housekeep.py
[2025-02-17T05:01:46.819+0000] {logging_mixin.py:190} INFO - [2025-02-17T05:01:46.818+0000] {dag.py:3239} INFO - Sync 1 DAGs
[2025-02-17T05:01:46.843+0000] {logging_mixin.py:190} INFO - [2025-02-17T05:01:46.843+0000] {dag.py:4180} INFO - Setting next_dagrun for housekeeping_job to 2025-02-17 05:00:00+00:00, run_after=2025-02-17 05:05:00+00:00
[2025-02-17T05:01:46.860+0000] {processor.py:208} INFO - Processing /opt/airflow/dags/housekeep.py took 0.088 seconds
[2025-02-17T05:02:18.818+0000] {processor.py:186} INFO - Started process (PID=6925) to work on /opt/airflow/dags/housekeep.py
[2025-02-17T05:02:18.819+0000] {processor.py:914} INFO - Processing file /opt/airflow/dags/housekeep.py for tasks to queue
[2025-02-17T05:02:18.821+0000] {logging_mixin.py:190} INFO - [2025-02-17T05:02:18.821+0000] {dagbag.py:588} INFO - Filling up the DagBag from /opt/airflow/dags/housekeep.py
[2025-02-17T05:02:18.835+0000] {processor.py:925} INFO - DAG(s) 'housekeeping_job' retrieved from /opt/airflow/dags/housekeep.py
[2025-02-17T05:02:18.859+0000] {logging_mixin.py:190} INFO - [2025-02-17T05:02:18.858+0000] {dag.py:3239} INFO - Sync 1 DAGs
[2025-02-17T05:02:18.884+0000] {logging_mixin.py:190} INFO - [2025-02-17T05:02:18.883+0000] {dag.py:4180} INFO - Setting next_dagrun for housekeeping_job to 2025-02-17 05:00:00+00:00, run_after=2025-02-17 05:05:00+00:00
[2025-02-17T05:02:18.906+0000] {processor.py:208} INFO - Processing /opt/airflow/dags/housekeep.py took 0.092 seconds
[2025-02-17T05:02:51.881+0000] {processor.py:186} INFO - Started process (PID=6940) to work on /opt/airflow/dags/housekeep.py
[2025-02-17T05:02:51.882+0000] {processor.py:914} INFO - Processing file /opt/airflow/dags/housekeep.py for tasks to queue
[2025-02-17T05:02:51.885+0000] {logging_mixin.py:190} INFO - [2025-02-17T05:02:51.884+0000] {dagbag.py:588} INFO - Filling up the DagBag from /opt/airflow/dags/housekeep.py
[2025-02-17T05:02:51.903+0000] {processor.py:925} INFO - DAG(s) 'housekeeping_job' retrieved from /opt/airflow/dags/housekeep.py
[2025-02-17T05:02:51.929+0000] {logging_mixin.py:190} INFO - [2025-02-17T05:02:51.929+0000] {dag.py:3239} INFO - Sync 1 DAGs
[2025-02-17T05:02:51.957+0000] {logging_mixin.py:190} INFO - [2025-02-17T05:02:51.957+0000] {dag.py:4180} INFO - Setting next_dagrun for housekeeping_job to 2025-02-17 05:00:00+00:00, run_after=2025-02-17 05:05:00+00:00
[2025-02-17T05:02:51.978+0000] {processor.py:208} INFO - Processing /opt/airflow/dags/housekeep.py took 0.105 seconds
[2025-02-17T05:03:24.930+0000] {processor.py:186} INFO - Started process (PID=6955) to work on /opt/airflow/dags/housekeep.py
[2025-02-17T05:03:24.931+0000] {processor.py:914} INFO - Processing file /opt/airflow/dags/housekeep.py for tasks to queue
[2025-02-17T05:03:24.933+0000] {logging_mixin.py:190} INFO - [2025-02-17T05:03:24.933+0000] {dagbag.py:588} INFO - Filling up the DagBag from /opt/airflow/dags/housekeep.py
[2025-02-17T05:03:24.948+0000] {processor.py:925} INFO - DAG(s) 'housekeeping_job' retrieved from /opt/airflow/dags/housekeep.py
[2025-02-17T05:03:24.970+0000] {logging_mixin.py:190} INFO - [2025-02-17T05:03:24.970+0000] {dag.py:3239} INFO - Sync 1 DAGs
[2025-02-17T05:03:24.994+0000] {logging_mixin.py:190} INFO - [2025-02-17T05:03:24.994+0000] {dag.py:4180} INFO - Setting next_dagrun for housekeeping_job to 2025-02-17 05:00:00+00:00, run_after=2025-02-17 05:05:00+00:00
[2025-02-17T05:03:25.013+0000] {processor.py:208} INFO - Processing /opt/airflow/dags/housekeep.py took 0.088 seconds
[2025-02-17T05:03:57.000+0000] {processor.py:186} INFO - Started process (PID=6970) to work on /opt/airflow/dags/housekeep.py
[2025-02-17T05:03:57.001+0000] {processor.py:914} INFO - Processing file /opt/airflow/dags/housekeep.py for tasks to queue
[2025-02-17T05:03:57.003+0000] {logging_mixin.py:190} INFO - [2025-02-17T05:03:57.002+0000] {dagbag.py:588} INFO - Filling up the DagBag from /opt/airflow/dags/housekeep.py
[2025-02-17T05:03:57.018+0000] {processor.py:925} INFO - DAG(s) 'housekeeping_job' retrieved from /opt/airflow/dags/housekeep.py
[2025-02-17T05:03:57.042+0000] {logging_mixin.py:190} INFO - [2025-02-17T05:03:57.041+0000] {dag.py:3239} INFO - Sync 1 DAGs
[2025-02-17T05:03:57.067+0000] {logging_mixin.py:190} INFO - [2025-02-17T05:03:57.067+0000] {dag.py:4180} INFO - Setting next_dagrun for housekeeping_job to 2025-02-17 05:00:00+00:00, run_after=2025-02-17 05:05:00+00:00
[2025-02-17T05:03:57.086+0000] {processor.py:208} INFO - Processing /opt/airflow/dags/housekeep.py took 0.093 seconds
[2025-02-17T05:04:30.053+0000] {processor.py:186} INFO - Started process (PID=6985) to work on /opt/airflow/dags/housekeep.py
[2025-02-17T05:04:30.054+0000] {processor.py:914} INFO - Processing file /opt/airflow/dags/housekeep.py for tasks to queue
[2025-02-17T05:04:30.056+0000] {logging_mixin.py:190} INFO - [2025-02-17T05:04:30.056+0000] {dagbag.py:588} INFO - Filling up the DagBag from /opt/airflow/dags/housekeep.py
[2025-02-17T05:04:30.071+0000] {processor.py:925} INFO - DAG(s) 'housekeeping_job' retrieved from /opt/airflow/dags/housekeep.py
[2025-02-17T05:04:30.094+0000] {logging_mixin.py:190} INFO - [2025-02-17T05:04:30.094+0000] {dag.py:3239} INFO - Sync 1 DAGs
[2025-02-17T05:04:30.117+0000] {logging_mixin.py:190} INFO - [2025-02-17T05:04:30.117+0000] {dag.py:4180} INFO - Setting next_dagrun for housekeeping_job to 2025-02-17 05:00:00+00:00, run_after=2025-02-17 05:05:00+00:00
[2025-02-17T05:04:30.135+0000] {processor.py:208} INFO - Processing /opt/airflow/dags/housekeep.py took 0.087 seconds
