[2025-02-17T04:36:05.230+0000] {processor.py:186} INFO - Started process (PID=6167) to work on /opt/airflow/dags/spark_airflow.py
[2025-02-17T04:36:05.231+0000] {processor.py:914} INFO - Processing file /opt/airflow/dags/spark_airflow.py for tasks to queue
[2025-02-17T04:36:05.234+0000] {logging_mixin.py:190} INFO - [2025-02-17T04:36:05.234+0000] {dagbag.py:588} INFO - Filling up the DagBag from /opt/airflow/dags/spark_airflow.py
[2025-02-17T04:36:05.248+0000] {processor.py:925} INFO - DAG(s) 'spark_orchestration' retrieved from /opt/airflow/dags/spark_airflow.py
[2025-02-17T04:36:05.271+0000] {logging_mixin.py:190} INFO - [2025-02-17T04:36:05.271+0000] {dag.py:3239} INFO - Sync 1 DAGs
[2025-02-17T04:36:05.284+0000] {logging_mixin.py:190} INFO - [2025-02-17T04:36:05.284+0000] {dag.py:4180} INFO - Setting next_dagrun for spark_orchestration to None, run_after=None
[2025-02-17T04:36:05.302+0000] {processor.py:208} INFO - Processing /opt/airflow/dags/spark_airflow.py took 0.077 seconds
[2025-02-17T04:36:38.270+0000] {processor.py:186} INFO - Started process (PID=6182) to work on /opt/airflow/dags/spark_airflow.py
[2025-02-17T04:36:38.271+0000] {processor.py:914} INFO - Processing file /opt/airflow/dags/spark_airflow.py for tasks to queue
[2025-02-17T04:36:38.273+0000] {logging_mixin.py:190} INFO - [2025-02-17T04:36:38.272+0000] {dagbag.py:588} INFO - Filling up the DagBag from /opt/airflow/dags/spark_airflow.py
[2025-02-17T04:36:38.287+0000] {processor.py:925} INFO - DAG(s) 'spark_orchestration' retrieved from /opt/airflow/dags/spark_airflow.py
[2025-02-17T04:36:38.311+0000] {logging_mixin.py:190} INFO - [2025-02-17T04:36:38.310+0000] {dag.py:3239} INFO - Sync 1 DAGs
[2025-02-17T04:36:38.323+0000] {logging_mixin.py:190} INFO - [2025-02-17T04:36:38.323+0000] {dag.py:4180} INFO - Setting next_dagrun for spark_orchestration to None, run_after=None
[2025-02-17T04:36:38.340+0000] {processor.py:208} INFO - Processing /opt/airflow/dags/spark_airflow.py took 0.076 seconds
[2025-02-17T04:37:10.301+0000] {processor.py:186} INFO - Started process (PID=6197) to work on /opt/airflow/dags/spark_airflow.py
[2025-02-17T04:37:10.302+0000] {processor.py:914} INFO - Processing file /opt/airflow/dags/spark_airflow.py for tasks to queue
[2025-02-17T04:37:10.304+0000] {logging_mixin.py:190} INFO - [2025-02-17T04:37:10.303+0000] {dagbag.py:588} INFO - Filling up the DagBag from /opt/airflow/dags/spark_airflow.py
[2025-02-17T04:37:10.322+0000] {processor.py:925} INFO - DAG(s) 'spark_orchestration' retrieved from /opt/airflow/dags/spark_airflow.py
[2025-02-17T04:37:10.351+0000] {logging_mixin.py:190} INFO - [2025-02-17T04:37:10.351+0000] {dag.py:3239} INFO - Sync 1 DAGs
[2025-02-17T04:37:10.365+0000] {logging_mixin.py:190} INFO - [2025-02-17T04:37:10.364+0000] {dag.py:4180} INFO - Setting next_dagrun for spark_orchestration to None, run_after=None
[2025-02-17T04:37:10.381+0000] {processor.py:208} INFO - Processing /opt/airflow/dags/spark_airflow.py took 0.085 seconds
[2025-02-17T04:37:43.339+0000] {processor.py:186} INFO - Started process (PID=6212) to work on /opt/airflow/dags/spark_airflow.py
[2025-02-17T04:37:43.340+0000] {processor.py:914} INFO - Processing file /opt/airflow/dags/spark_airflow.py for tasks to queue
[2025-02-17T04:37:43.342+0000] {logging_mixin.py:190} INFO - [2025-02-17T04:37:43.341+0000] {dagbag.py:588} INFO - Filling up the DagBag from /opt/airflow/dags/spark_airflow.py
[2025-02-17T04:37:43.356+0000] {processor.py:925} INFO - DAG(s) 'spark_orchestration' retrieved from /opt/airflow/dags/spark_airflow.py
[2025-02-17T04:37:43.380+0000] {logging_mixin.py:190} INFO - [2025-02-17T04:37:43.379+0000] {dag.py:3239} INFO - Sync 1 DAGs
[2025-02-17T04:37:43.392+0000] {logging_mixin.py:190} INFO - [2025-02-17T04:37:43.391+0000] {dag.py:4180} INFO - Setting next_dagrun for spark_orchestration to None, run_after=None
[2025-02-17T04:37:43.412+0000] {processor.py:208} INFO - Processing /opt/airflow/dags/spark_airflow.py took 0.078 seconds
[2025-02-17T04:38:16.378+0000] {processor.py:186} INFO - Started process (PID=6227) to work on /opt/airflow/dags/spark_airflow.py
[2025-02-17T04:38:16.378+0000] {processor.py:914} INFO - Processing file /opt/airflow/dags/spark_airflow.py for tasks to queue
[2025-02-17T04:38:16.380+0000] {logging_mixin.py:190} INFO - [2025-02-17T04:38:16.380+0000] {dagbag.py:588} INFO - Filling up the DagBag from /opt/airflow/dags/spark_airflow.py
[2025-02-17T04:38:16.394+0000] {processor.py:925} INFO - DAG(s) 'spark_orchestration' retrieved from /opt/airflow/dags/spark_airflow.py
[2025-02-17T04:38:16.417+0000] {logging_mixin.py:190} INFO - [2025-02-17T04:38:16.417+0000] {dag.py:3239} INFO - Sync 1 DAGs
[2025-02-17T04:38:16.430+0000] {logging_mixin.py:190} INFO - [2025-02-17T04:38:16.430+0000] {dag.py:4180} INFO - Setting next_dagrun for spark_orchestration to None, run_after=None
[2025-02-17T04:38:16.447+0000] {processor.py:208} INFO - Processing /opt/airflow/dags/spark_airflow.py took 0.074 seconds
[2025-02-17T04:38:46.769+0000] {processor.py:186} INFO - Started process (PID=6242) to work on /opt/airflow/dags/spark_airflow.py
[2025-02-17T04:38:46.770+0000] {processor.py:914} INFO - Processing file /opt/airflow/dags/spark_airflow.py for tasks to queue
[2025-02-17T04:38:46.772+0000] {logging_mixin.py:190} INFO - [2025-02-17T04:38:46.772+0000] {dagbag.py:588} INFO - Filling up the DagBag from /opt/airflow/dags/spark_airflow.py
[2025-02-17T04:38:46.787+0000] {processor.py:925} INFO - DAG(s) 'spark_orchestration' retrieved from /opt/airflow/dags/spark_airflow.py
[2025-02-17T04:38:46.816+0000] {logging_mixin.py:190} INFO - [2025-02-17T04:38:46.816+0000] {dag.py:3239} INFO - Sync 1 DAGs
[2025-02-17T04:38:46.832+0000] {logging_mixin.py:190} INFO - [2025-02-17T04:38:46.832+0000] {dag.py:4180} INFO - Setting next_dagrun for spark_orchestration to None, run_after=None
[2025-02-17T04:38:46.853+0000] {processor.py:208} INFO - Processing /opt/airflow/dags/spark_airflow.py took 0.089 seconds
[2025-02-17T04:39:17.678+0000] {processor.py:186} INFO - Started process (PID=6257) to work on /opt/airflow/dags/spark_airflow.py
[2025-02-17T04:39:17.679+0000] {processor.py:914} INFO - Processing file /opt/airflow/dags/spark_airflow.py for tasks to queue
[2025-02-17T04:39:17.680+0000] {logging_mixin.py:190} INFO - [2025-02-17T04:39:17.680+0000] {dagbag.py:588} INFO - Filling up the DagBag from /opt/airflow/dags/spark_airflow.py
[2025-02-17T04:39:17.697+0000] {processor.py:925} INFO - DAG(s) 'spark_orchestration' retrieved from /opt/airflow/dags/spark_airflow.py
[2025-02-17T04:39:17.724+0000] {logging_mixin.py:190} INFO - [2025-02-17T04:39:17.724+0000] {dag.py:3239} INFO - Sync 1 DAGs
[2025-02-17T04:39:17.738+0000] {logging_mixin.py:190} INFO - [2025-02-17T04:39:17.738+0000] {dag.py:4180} INFO - Setting next_dagrun for spark_orchestration to None, run_after=None
[2025-02-17T04:39:17.760+0000] {processor.py:208} INFO - Processing /opt/airflow/dags/spark_airflow.py took 0.088 seconds
[2025-02-17T04:39:47.818+0000] {processor.py:186} INFO - Started process (PID=6272) to work on /opt/airflow/dags/spark_airflow.py
[2025-02-17T04:39:47.819+0000] {processor.py:914} INFO - Processing file /opt/airflow/dags/spark_airflow.py for tasks to queue
[2025-02-17T04:39:47.821+0000] {logging_mixin.py:190} INFO - [2025-02-17T04:39:47.820+0000] {dagbag.py:588} INFO - Filling up the DagBag from /opt/airflow/dags/spark_airflow.py
[2025-02-17T04:39:47.839+0000] {processor.py:925} INFO - DAG(s) 'spark_orchestration' retrieved from /opt/airflow/dags/spark_airflow.py
[2025-02-17T04:39:47.873+0000] {logging_mixin.py:190} INFO - [2025-02-17T04:39:47.873+0000] {dag.py:3239} INFO - Sync 1 DAGs
[2025-02-17T04:39:47.885+0000] {logging_mixin.py:190} INFO - [2025-02-17T04:39:47.885+0000] {dag.py:4180} INFO - Setting next_dagrun for spark_orchestration to None, run_after=None
[2025-02-17T04:39:47.905+0000] {processor.py:208} INFO - Processing /opt/airflow/dags/spark_airflow.py took 0.093 seconds
[2025-02-17T04:40:17.974+0000] {processor.py:186} INFO - Started process (PID=6291) to work on /opt/airflow/dags/spark_airflow.py
[2025-02-17T04:40:17.975+0000] {processor.py:914} INFO - Processing file /opt/airflow/dags/spark_airflow.py for tasks to queue
[2025-02-17T04:40:17.977+0000] {logging_mixin.py:190} INFO - [2025-02-17T04:40:17.977+0000] {dagbag.py:588} INFO - Filling up the DagBag from /opt/airflow/dags/spark_airflow.py
[2025-02-17T04:40:17.990+0000] {processor.py:925} INFO - DAG(s) 'spark_orchestration' retrieved from /opt/airflow/dags/spark_airflow.py
[2025-02-17T04:40:18.017+0000] {logging_mixin.py:190} INFO - [2025-02-17T04:40:18.017+0000] {dag.py:3239} INFO - Sync 1 DAGs
[2025-02-17T04:40:18.033+0000] {logging_mixin.py:190} INFO - [2025-02-17T04:40:18.033+0000] {dag.py:4180} INFO - Setting next_dagrun for spark_orchestration to None, run_after=None
[2025-02-17T04:40:18.052+0000] {processor.py:208} INFO - Processing /opt/airflow/dags/spark_airflow.py took 0.083 seconds
[2025-02-17T04:40:48.734+0000] {processor.py:186} INFO - Started process (PID=6306) to work on /opt/airflow/dags/spark_airflow.py
[2025-02-17T04:40:48.735+0000] {processor.py:914} INFO - Processing file /opt/airflow/dags/spark_airflow.py for tasks to queue
[2025-02-17T04:40:48.736+0000] {logging_mixin.py:190} INFO - [2025-02-17T04:40:48.736+0000] {dagbag.py:588} INFO - Filling up the DagBag from /opt/airflow/dags/spark_airflow.py
[2025-02-17T04:40:48.752+0000] {processor.py:925} INFO - DAG(s) 'spark_orchestration' retrieved from /opt/airflow/dags/spark_airflow.py
[2025-02-17T04:40:48.778+0000] {logging_mixin.py:190} INFO - [2025-02-17T04:40:48.778+0000] {dag.py:3239} INFO - Sync 1 DAGs
[2025-02-17T04:40:48.791+0000] {logging_mixin.py:190} INFO - [2025-02-17T04:40:48.791+0000] {dag.py:4180} INFO - Setting next_dagrun for spark_orchestration to None, run_after=None
[2025-02-17T04:40:48.810+0000] {processor.py:208} INFO - Processing /opt/airflow/dags/spark_airflow.py took 0.082 seconds
[2025-02-17T04:41:18.925+0000] {processor.py:186} INFO - Started process (PID=6321) to work on /opt/airflow/dags/spark_airflow.py
[2025-02-17T04:41:18.926+0000] {processor.py:914} INFO - Processing file /opt/airflow/dags/spark_airflow.py for tasks to queue
[2025-02-17T04:41:18.929+0000] {logging_mixin.py:190} INFO - [2025-02-17T04:41:18.929+0000] {dagbag.py:588} INFO - Filling up the DagBag from /opt/airflow/dags/spark_airflow.py
[2025-02-17T04:41:18.953+0000] {processor.py:925} INFO - DAG(s) 'spark_orchestration' retrieved from /opt/airflow/dags/spark_airflow.py
[2025-02-17T04:41:19.027+0000] {logging_mixin.py:190} INFO - [2025-02-17T04:41:19.027+0000] {dag.py:3239} INFO - Sync 1 DAGs
[2025-02-17T04:41:19.048+0000] {logging_mixin.py:190} INFO - [2025-02-17T04:41:19.047+0000] {dag.py:4180} INFO - Setting next_dagrun for spark_orchestration to None, run_after=None
[2025-02-17T04:41:19.070+0000] {processor.py:208} INFO - Processing /opt/airflow/dags/spark_airflow.py took 0.153 seconds
[2025-02-17T04:41:49.876+0000] {processor.py:186} INFO - Started process (PID=6336) to work on /opt/airflow/dags/spark_airflow.py
[2025-02-17T04:41:49.877+0000] {processor.py:914} INFO - Processing file /opt/airflow/dags/spark_airflow.py for tasks to queue
[2025-02-17T04:41:49.897+0000] {logging_mixin.py:190} INFO - [2025-02-17T04:41:49.894+0000] {dagbag.py:588} INFO - Filling up the DagBag from /opt/airflow/dags/spark_airflow.py
[2025-02-17T04:41:49.918+0000] {processor.py:925} INFO - DAG(s) 'spark_orchestration' retrieved from /opt/airflow/dags/spark_airflow.py
[2025-02-17T04:41:49.972+0000] {logging_mixin.py:190} INFO - [2025-02-17T04:41:49.972+0000] {dag.py:3239} INFO - Sync 1 DAGs
[2025-02-17T04:41:49.997+0000] {logging_mixin.py:190} INFO - [2025-02-17T04:41:49.997+0000] {dag.py:4180} INFO - Setting next_dagrun for spark_orchestration to None, run_after=None
[2025-02-17T04:41:50.029+0000] {processor.py:208} INFO - Processing /opt/airflow/dags/spark_airflow.py took 0.159 seconds
[2025-02-17T04:42:20.384+0000] {processor.py:186} INFO - Started process (PID=6351) to work on /opt/airflow/dags/spark_airflow.py
[2025-02-17T04:42:20.386+0000] {processor.py:914} INFO - Processing file /opt/airflow/dags/spark_airflow.py for tasks to queue
[2025-02-17T04:42:20.388+0000] {logging_mixin.py:190} INFO - [2025-02-17T04:42:20.388+0000] {dagbag.py:588} INFO - Filling up the DagBag from /opt/airflow/dags/spark_airflow.py
[2025-02-17T04:42:20.426+0000] {processor.py:925} INFO - DAG(s) 'spark_orchestration' retrieved from /opt/airflow/dags/spark_airflow.py
[2025-02-17T04:42:20.494+0000] {logging_mixin.py:190} INFO - [2025-02-17T04:42:20.494+0000] {dag.py:3239} INFO - Sync 1 DAGs
[2025-02-17T04:42:20.528+0000] {logging_mixin.py:190} INFO - [2025-02-17T04:42:20.528+0000] {dag.py:4180} INFO - Setting next_dagrun for spark_orchestration to None, run_after=None
[2025-02-17T04:42:20.558+0000] {processor.py:208} INFO - Processing /opt/airflow/dags/spark_airflow.py took 0.184 seconds
[2025-02-17T04:42:51.305+0000] {processor.py:186} INFO - Started process (PID=6366) to work on /opt/airflow/dags/spark_airflow.py
[2025-02-17T04:42:51.306+0000] {processor.py:914} INFO - Processing file /opt/airflow/dags/spark_airflow.py for tasks to queue
[2025-02-17T04:42:51.309+0000] {logging_mixin.py:190} INFO - [2025-02-17T04:42:51.309+0000] {dagbag.py:588} INFO - Filling up the DagBag from /opt/airflow/dags/spark_airflow.py
[2025-02-17T04:42:51.329+0000] {processor.py:925} INFO - DAG(s) 'spark_orchestration' retrieved from /opt/airflow/dags/spark_airflow.py
[2025-02-17T04:42:51.359+0000] {logging_mixin.py:190} INFO - [2025-02-17T04:42:51.359+0000] {dag.py:3239} INFO - Sync 1 DAGs
[2025-02-17T04:42:51.373+0000] {logging_mixin.py:190} INFO - [2025-02-17T04:42:51.373+0000] {dag.py:4180} INFO - Setting next_dagrun for spark_orchestration to None, run_after=None
[2025-02-17T04:42:51.392+0000] {processor.py:208} INFO - Processing /opt/airflow/dags/spark_airflow.py took 0.097 seconds
[2025-02-17T04:43:21.572+0000] {processor.py:186} INFO - Started process (PID=6381) to work on /opt/airflow/dags/spark_airflow.py
[2025-02-17T04:43:21.574+0000] {processor.py:914} INFO - Processing file /opt/airflow/dags/spark_airflow.py for tasks to queue
[2025-02-17T04:43:21.602+0000] {logging_mixin.py:190} INFO - [2025-02-17T04:43:21.585+0000] {dagbag.py:588} INFO - Filling up the DagBag from /opt/airflow/dags/spark_airflow.py
[2025-02-17T04:43:21.669+0000] {processor.py:925} INFO - DAG(s) 'spark_orchestration' retrieved from /opt/airflow/dags/spark_airflow.py
[2025-02-17T04:43:21.857+0000] {logging_mixin.py:190} INFO - [2025-02-17T04:43:21.857+0000] {dag.py:3239} INFO - Sync 1 DAGs
[2025-02-17T04:43:21.971+0000] {logging_mixin.py:190} INFO - [2025-02-17T04:43:21.971+0000] {dag.py:4180} INFO - Setting next_dagrun for spark_orchestration to None, run_after=None
[2025-02-17T04:43:22.010+0000] {processor.py:208} INFO - Processing /opt/airflow/dags/spark_airflow.py took 0.454 seconds
[2025-02-17T04:43:52.510+0000] {processor.py:186} INFO - Started process (PID=6396) to work on /opt/airflow/dags/spark_airflow.py
[2025-02-17T04:43:52.511+0000] {processor.py:914} INFO - Processing file /opt/airflow/dags/spark_airflow.py for tasks to queue
[2025-02-17T04:43:52.517+0000] {logging_mixin.py:190} INFO - [2025-02-17T04:43:52.516+0000] {dagbag.py:588} INFO - Filling up the DagBag from /opt/airflow/dags/spark_airflow.py
[2025-02-17T04:43:52.570+0000] {processor.py:925} INFO - DAG(s) 'spark_orchestration' retrieved from /opt/airflow/dags/spark_airflow.py
[2025-02-17T04:43:52.613+0000] {logging_mixin.py:190} INFO - [2025-02-17T04:43:52.613+0000] {dag.py:3239} INFO - Sync 1 DAGs
[2025-02-17T04:43:52.635+0000] {logging_mixin.py:190} INFO - [2025-02-17T04:43:52.634+0000] {dag.py:4180} INFO - Setting next_dagrun for spark_orchestration to None, run_after=None
[2025-02-17T04:43:52.665+0000] {processor.py:208} INFO - Processing /opt/airflow/dags/spark_airflow.py took 0.166 seconds
[2025-02-17T04:44:22.798+0000] {processor.py:186} INFO - Started process (PID=6411) to work on /opt/airflow/dags/spark_airflow.py
[2025-02-17T04:44:22.800+0000] {processor.py:914} INFO - Processing file /opt/airflow/dags/spark_airflow.py for tasks to queue
[2025-02-17T04:44:22.803+0000] {logging_mixin.py:190} INFO - [2025-02-17T04:44:22.803+0000] {dagbag.py:588} INFO - Filling up the DagBag from /opt/airflow/dags/spark_airflow.py
[2025-02-17T04:44:22.833+0000] {processor.py:925} INFO - DAG(s) 'spark_orchestration' retrieved from /opt/airflow/dags/spark_airflow.py
[2025-02-17T04:44:22.891+0000] {logging_mixin.py:190} INFO - [2025-02-17T04:44:22.890+0000] {dag.py:3239} INFO - Sync 1 DAGs
[2025-02-17T04:44:22.923+0000] {logging_mixin.py:190} INFO - [2025-02-17T04:44:22.923+0000] {dag.py:4180} INFO - Setting next_dagrun for spark_orchestration to None, run_after=None
[2025-02-17T04:44:23.075+0000] {processor.py:208} INFO - Processing /opt/airflow/dags/spark_airflow.py took 0.286 seconds
[2025-02-17T04:44:54.565+0000] {processor.py:186} INFO - Started process (PID=6426) to work on /opt/airflow/dags/spark_airflow.py
[2025-02-17T04:44:54.566+0000] {processor.py:914} INFO - Processing file /opt/airflow/dags/spark_airflow.py for tasks to queue
[2025-02-17T04:44:54.568+0000] {logging_mixin.py:190} INFO - [2025-02-17T04:44:54.568+0000] {dagbag.py:588} INFO - Filling up the DagBag from /opt/airflow/dags/spark_airflow.py
[2025-02-17T04:44:54.586+0000] {processor.py:925} INFO - DAG(s) 'spark_orchestration' retrieved from /opt/airflow/dags/spark_airflow.py
[2025-02-17T04:44:54.617+0000] {logging_mixin.py:190} INFO - [2025-02-17T04:44:54.617+0000] {dag.py:3239} INFO - Sync 1 DAGs
[2025-02-17T04:44:54.636+0000] {logging_mixin.py:190} INFO - [2025-02-17T04:44:54.636+0000] {dag.py:4180} INFO - Setting next_dagrun for spark_orchestration to None, run_after=None
[2025-02-17T04:44:54.659+0000] {processor.py:208} INFO - Processing /opt/airflow/dags/spark_airflow.py took 0.099 seconds
[2025-02-17T04:45:26.778+0000] {processor.py:186} INFO - Started process (PID=6445) to work on /opt/airflow/dags/spark_airflow.py
[2025-02-17T04:45:26.779+0000] {processor.py:914} INFO - Processing file /opt/airflow/dags/spark_airflow.py for tasks to queue
[2025-02-17T04:45:26.783+0000] {logging_mixin.py:190} INFO - [2025-02-17T04:45:26.782+0000] {dagbag.py:588} INFO - Filling up the DagBag from /opt/airflow/dags/spark_airflow.py
[2025-02-17T04:45:26.809+0000] {processor.py:925} INFO - DAG(s) 'spark_orchestration' retrieved from /opt/airflow/dags/spark_airflow.py
[2025-02-17T04:45:26.872+0000] {logging_mixin.py:190} INFO - [2025-02-17T04:45:26.872+0000] {dag.py:3239} INFO - Sync 1 DAGs
[2025-02-17T04:45:26.887+0000] {logging_mixin.py:190} INFO - [2025-02-17T04:45:26.887+0000] {dag.py:4180} INFO - Setting next_dagrun for spark_orchestration to None, run_after=None
[2025-02-17T04:45:26.911+0000] {processor.py:208} INFO - Processing /opt/airflow/dags/spark_airflow.py took 0.141 seconds
[2025-02-17T04:45:59.881+0000] {processor.py:186} INFO - Started process (PID=6460) to work on /opt/airflow/dags/spark_airflow.py
[2025-02-17T04:45:59.882+0000] {processor.py:914} INFO - Processing file /opt/airflow/dags/spark_airflow.py for tasks to queue
[2025-02-17T04:45:59.885+0000] {logging_mixin.py:190} INFO - [2025-02-17T04:45:59.884+0000] {dagbag.py:588} INFO - Filling up the DagBag from /opt/airflow/dags/spark_airflow.py
[2025-02-17T04:45:59.909+0000] {processor.py:925} INFO - DAG(s) 'spark_orchestration' retrieved from /opt/airflow/dags/spark_airflow.py
[2025-02-17T04:45:59.978+0000] {logging_mixin.py:190} INFO - [2025-02-17T04:45:59.978+0000] {dag.py:3239} INFO - Sync 1 DAGs
[2025-02-17T04:45:59.996+0000] {logging_mixin.py:190} INFO - [2025-02-17T04:45:59.996+0000] {dag.py:4180} INFO - Setting next_dagrun for spark_orchestration to None, run_after=None
[2025-02-17T04:46:00.016+0000] {processor.py:208} INFO - Processing /opt/airflow/dags/spark_airflow.py took 0.144 seconds
[2025-02-17T04:46:35.178+0000] {processor.py:186} INFO - Started process (PID=6475) to work on /opt/airflow/dags/spark_airflow.py
[2025-02-17T04:46:35.183+0000] {processor.py:914} INFO - Processing file /opt/airflow/dags/spark_airflow.py for tasks to queue
[2025-02-17T04:46:35.186+0000] {logging_mixin.py:190} INFO - [2025-02-17T04:46:35.185+0000] {dagbag.py:588} INFO - Filling up the DagBag from /opt/airflow/dags/spark_airflow.py
[2025-02-17T04:46:35.214+0000] {processor.py:925} INFO - DAG(s) 'spark_orchestration' retrieved from /opt/airflow/dags/spark_airflow.py
[2025-02-17T04:46:35.268+0000] {logging_mixin.py:190} INFO - [2025-02-17T04:46:35.268+0000] {dag.py:3239} INFO - Sync 1 DAGs
[2025-02-17T04:46:35.286+0000] {logging_mixin.py:190} INFO - [2025-02-17T04:46:35.286+0000] {dag.py:4180} INFO - Setting next_dagrun for spark_orchestration to None, run_after=None
[2025-02-17T04:46:35.310+0000] {processor.py:208} INFO - Processing /opt/airflow/dags/spark_airflow.py took 0.141 seconds
[2025-02-17T04:47:05.865+0000] {processor.py:186} INFO - Started process (PID=6490) to work on /opt/airflow/dags/spark_airflow.py
[2025-02-17T04:47:05.868+0000] {processor.py:914} INFO - Processing file /opt/airflow/dags/spark_airflow.py for tasks to queue
[2025-02-17T04:47:05.870+0000] {logging_mixin.py:190} INFO - [2025-02-17T04:47:05.870+0000] {dagbag.py:588} INFO - Filling up the DagBag from /opt/airflow/dags/spark_airflow.py
[2025-02-17T04:47:05.896+0000] {processor.py:925} INFO - DAG(s) 'spark_orchestration' retrieved from /opt/airflow/dags/spark_airflow.py
[2025-02-17T04:47:05.960+0000] {logging_mixin.py:190} INFO - [2025-02-17T04:47:05.960+0000] {dag.py:3239} INFO - Sync 1 DAGs
[2025-02-17T04:47:05.979+0000] {logging_mixin.py:190} INFO - [2025-02-17T04:47:05.979+0000] {dag.py:4180} INFO - Setting next_dagrun for spark_orchestration to None, run_after=None
[2025-02-17T04:47:06.004+0000] {processor.py:208} INFO - Processing /opt/airflow/dags/spark_airflow.py took 0.148 seconds
[2025-02-17T04:47:38.830+0000] {processor.py:186} INFO - Started process (PID=6505) to work on /opt/airflow/dags/spark_airflow.py
[2025-02-17T04:47:38.831+0000] {processor.py:914} INFO - Processing file /opt/airflow/dags/spark_airflow.py for tasks to queue
[2025-02-17T04:47:38.833+0000] {logging_mixin.py:190} INFO - [2025-02-17T04:47:38.833+0000] {dagbag.py:588} INFO - Filling up the DagBag from /opt/airflow/dags/spark_airflow.py
[2025-02-17T04:47:38.856+0000] {processor.py:925} INFO - DAG(s) 'spark_orchestration' retrieved from /opt/airflow/dags/spark_airflow.py
[2025-02-17T04:47:38.895+0000] {logging_mixin.py:190} INFO - [2025-02-17T04:47:38.894+0000] {dag.py:3239} INFO - Sync 1 DAGs
[2025-02-17T04:47:38.909+0000] {logging_mixin.py:190} INFO - [2025-02-17T04:47:38.909+0000] {dag.py:4180} INFO - Setting next_dagrun for spark_orchestration to None, run_after=None
[2025-02-17T04:47:38.931+0000] {processor.py:208} INFO - Processing /opt/airflow/dags/spark_airflow.py took 0.110 seconds
[2025-02-17T04:48:13.539+0000] {processor.py:186} INFO - Started process (PID=6520) to work on /opt/airflow/dags/spark_airflow.py
[2025-02-17T04:48:13.540+0000] {processor.py:914} INFO - Processing file /opt/airflow/dags/spark_airflow.py for tasks to queue
[2025-02-17T04:48:13.542+0000] {logging_mixin.py:190} INFO - [2025-02-17T04:48:13.541+0000] {dagbag.py:588} INFO - Filling up the DagBag from /opt/airflow/dags/spark_airflow.py
[2025-02-17T04:48:13.562+0000] {processor.py:925} INFO - DAG(s) 'spark_orchestration' retrieved from /opt/airflow/dags/spark_airflow.py
[2025-02-17T04:48:13.599+0000] {logging_mixin.py:190} INFO - [2025-02-17T04:48:13.599+0000] {dag.py:3239} INFO - Sync 1 DAGs
[2025-02-17T04:48:13.616+0000] {logging_mixin.py:190} INFO - [2025-02-17T04:48:13.615+0000] {dag.py:4180} INFO - Setting next_dagrun for spark_orchestration to None, run_after=None
[2025-02-17T04:48:13.640+0000] {processor.py:208} INFO - Processing /opt/airflow/dags/spark_airflow.py took 0.108 seconds
[2025-02-17T04:48:43.925+0000] {processor.py:186} INFO - Started process (PID=6535) to work on /opt/airflow/dags/spark_airflow.py
[2025-02-17T04:48:43.926+0000] {processor.py:914} INFO - Processing file /opt/airflow/dags/spark_airflow.py for tasks to queue
[2025-02-17T04:48:43.929+0000] {logging_mixin.py:190} INFO - [2025-02-17T04:48:43.928+0000] {dagbag.py:588} INFO - Filling up the DagBag from /opt/airflow/dags/spark_airflow.py
[2025-02-17T04:48:43.955+0000] {processor.py:925} INFO - DAG(s) 'spark_orchestration' retrieved from /opt/airflow/dags/spark_airflow.py
[2025-02-17T04:48:44.005+0000] {logging_mixin.py:190} INFO - [2025-02-17T04:48:44.004+0000] {dag.py:3239} INFO - Sync 1 DAGs
[2025-02-17T04:48:44.025+0000] {logging_mixin.py:190} INFO - [2025-02-17T04:48:44.025+0000] {dag.py:4180} INFO - Setting next_dagrun for spark_orchestration to None, run_after=None
[2025-02-17T04:48:44.049+0000] {processor.py:208} INFO - Processing /opt/airflow/dags/spark_airflow.py took 0.133 seconds
[2025-02-17T04:49:15.135+0000] {processor.py:186} INFO - Started process (PID=6550) to work on /opt/airflow/dags/spark_airflow.py
[2025-02-17T04:49:15.137+0000] {processor.py:914} INFO - Processing file /opt/airflow/dags/spark_airflow.py for tasks to queue
[2025-02-17T04:49:15.141+0000] {logging_mixin.py:190} INFO - [2025-02-17T04:49:15.140+0000] {dagbag.py:588} INFO - Filling up the DagBag from /opt/airflow/dags/spark_airflow.py
[2025-02-17T04:49:15.160+0000] {processor.py:925} INFO - DAG(s) 'spark_orchestration' retrieved from /opt/airflow/dags/spark_airflow.py
[2025-02-17T04:49:15.204+0000] {logging_mixin.py:190} INFO - [2025-02-17T04:49:15.204+0000] {dag.py:3239} INFO - Sync 1 DAGs
[2025-02-17T04:49:15.219+0000] {logging_mixin.py:190} INFO - [2025-02-17T04:49:15.219+0000] {dag.py:4180} INFO - Setting next_dagrun for spark_orchestration to None, run_after=None
[2025-02-17T04:49:15.239+0000] {processor.py:208} INFO - Processing /opt/airflow/dags/spark_airflow.py took 0.110 seconds
[2025-02-17T04:49:49.786+0000] {processor.py:186} INFO - Started process (PID=6565) to work on /opt/airflow/dags/spark_airflow.py
[2025-02-17T04:49:49.787+0000] {processor.py:914} INFO - Processing file /opt/airflow/dags/spark_airflow.py for tasks to queue
[2025-02-17T04:49:49.790+0000] {logging_mixin.py:190} INFO - [2025-02-17T04:49:49.789+0000] {dagbag.py:588} INFO - Filling up the DagBag from /opt/airflow/dags/spark_airflow.py
[2025-02-17T04:49:49.808+0000] {processor.py:925} INFO - DAG(s) 'spark_orchestration' retrieved from /opt/airflow/dags/spark_airflow.py
[2025-02-17T04:49:49.854+0000] {logging_mixin.py:190} INFO - [2025-02-17T04:49:49.853+0000] {dag.py:3239} INFO - Sync 1 DAGs
[2025-02-17T04:49:49.868+0000] {logging_mixin.py:190} INFO - [2025-02-17T04:49:49.868+0000] {dag.py:4180} INFO - Setting next_dagrun for spark_orchestration to None, run_after=None
[2025-02-17T04:49:49.889+0000] {processor.py:208} INFO - Processing /opt/airflow/dags/spark_airflow.py took 0.111 seconds
[2025-02-17T04:50:23.222+0000] {processor.py:186} INFO - Started process (PID=6584) to work on /opt/airflow/dags/spark_airflow.py
[2025-02-17T04:50:23.223+0000] {processor.py:914} INFO - Processing file /opt/airflow/dags/spark_airflow.py for tasks to queue
[2025-02-17T04:50:23.225+0000] {logging_mixin.py:190} INFO - [2025-02-17T04:50:23.225+0000] {dagbag.py:588} INFO - Filling up the DagBag from /opt/airflow/dags/spark_airflow.py
[2025-02-17T04:50:23.244+0000] {processor.py:925} INFO - DAG(s) 'spark_orchestration' retrieved from /opt/airflow/dags/spark_airflow.py
[2025-02-17T04:50:23.275+0000] {logging_mixin.py:190} INFO - [2025-02-17T04:50:23.275+0000] {dag.py:3239} INFO - Sync 1 DAGs
[2025-02-17T04:50:23.294+0000] {logging_mixin.py:190} INFO - [2025-02-17T04:50:23.293+0000] {dag.py:4180} INFO - Setting next_dagrun for spark_orchestration to None, run_after=None
[2025-02-17T04:50:23.313+0000] {processor.py:208} INFO - Processing /opt/airflow/dags/spark_airflow.py took 0.097 seconds
[2025-02-17T04:50:55.264+0000] {processor.py:186} INFO - Started process (PID=6599) to work on /opt/airflow/dags/spark_airflow.py
[2025-02-17T04:50:55.265+0000] {processor.py:914} INFO - Processing file /opt/airflow/dags/spark_airflow.py for tasks to queue
[2025-02-17T04:50:55.267+0000] {logging_mixin.py:190} INFO - [2025-02-17T04:50:55.266+0000] {dagbag.py:588} INFO - Filling up the DagBag from /opt/airflow/dags/spark_airflow.py
[2025-02-17T04:50:55.282+0000] {processor.py:925} INFO - DAG(s) 'spark_orchestration' retrieved from /opt/airflow/dags/spark_airflow.py
[2025-02-17T04:50:55.310+0000] {logging_mixin.py:190} INFO - [2025-02-17T04:50:55.310+0000] {dag.py:3239} INFO - Sync 1 DAGs
[2025-02-17T04:50:55.325+0000] {logging_mixin.py:190} INFO - [2025-02-17T04:50:55.324+0000] {dag.py:4180} INFO - Setting next_dagrun for spark_orchestration to None, run_after=None
[2025-02-17T04:50:55.344+0000] {processor.py:208} INFO - Processing /opt/airflow/dags/spark_airflow.py took 0.085 seconds
[2025-02-17T04:51:26.920+0000] {processor.py:186} INFO - Started process (PID=6614) to work on /opt/airflow/dags/spark_airflow.py
[2025-02-17T04:51:26.920+0000] {processor.py:914} INFO - Processing file /opt/airflow/dags/spark_airflow.py for tasks to queue
[2025-02-17T04:51:26.922+0000] {logging_mixin.py:190} INFO - [2025-02-17T04:51:26.922+0000] {dagbag.py:588} INFO - Filling up the DagBag from /opt/airflow/dags/spark_airflow.py
[2025-02-17T04:51:26.937+0000] {processor.py:925} INFO - DAG(s) 'spark_orchestration' retrieved from /opt/airflow/dags/spark_airflow.py
[2025-02-17T04:51:26.963+0000] {logging_mixin.py:190} INFO - [2025-02-17T04:51:26.963+0000] {dag.py:3239} INFO - Sync 1 DAGs
[2025-02-17T04:51:26.978+0000] {logging_mixin.py:190} INFO - [2025-02-17T04:51:26.978+0000] {dag.py:4180} INFO - Setting next_dagrun for spark_orchestration to None, run_after=None
[2025-02-17T04:51:26.999+0000] {processor.py:208} INFO - Processing /opt/airflow/dags/spark_airflow.py took 0.084 seconds
[2025-02-17T04:51:58.220+0000] {processor.py:186} INFO - Started process (PID=6629) to work on /opt/airflow/dags/spark_airflow.py
[2025-02-17T04:51:58.221+0000] {processor.py:914} INFO - Processing file /opt/airflow/dags/spark_airflow.py for tasks to queue
[2025-02-17T04:51:58.223+0000] {logging_mixin.py:190} INFO - [2025-02-17T04:51:58.222+0000] {dagbag.py:588} INFO - Filling up the DagBag from /opt/airflow/dags/spark_airflow.py
[2025-02-17T04:51:58.238+0000] {processor.py:925} INFO - DAG(s) 'spark_orchestration' retrieved from /opt/airflow/dags/spark_airflow.py
[2025-02-17T04:51:58.264+0000] {logging_mixin.py:190} INFO - [2025-02-17T04:51:58.264+0000] {dag.py:3239} INFO - Sync 1 DAGs
[2025-02-17T04:51:58.280+0000] {logging_mixin.py:190} INFO - [2025-02-17T04:51:58.280+0000] {dag.py:4180} INFO - Setting next_dagrun for spark_orchestration to None, run_after=None
[2025-02-17T04:51:58.300+0000] {processor.py:208} INFO - Processing /opt/airflow/dags/spark_airflow.py took 0.086 seconds
[2025-02-17T04:52:30.288+0000] {processor.py:186} INFO - Started process (PID=6644) to work on /opt/airflow/dags/spark_airflow.py
[2025-02-17T04:52:30.288+0000] {processor.py:914} INFO - Processing file /opt/airflow/dags/spark_airflow.py for tasks to queue
[2025-02-17T04:52:30.290+0000] {logging_mixin.py:190} INFO - [2025-02-17T04:52:30.290+0000] {dagbag.py:588} INFO - Filling up the DagBag from /opt/airflow/dags/spark_airflow.py
[2025-02-17T04:52:30.306+0000] {processor.py:925} INFO - DAG(s) 'spark_orchestration' retrieved from /opt/airflow/dags/spark_airflow.py
[2025-02-17T04:52:30.335+0000] {logging_mixin.py:190} INFO - [2025-02-17T04:52:30.335+0000] {dag.py:3239} INFO - Sync 1 DAGs
[2025-02-17T04:52:30.354+0000] {logging_mixin.py:190} INFO - [2025-02-17T04:52:30.353+0000] {dag.py:4180} INFO - Setting next_dagrun for spark_orchestration to None, run_after=None
[2025-02-17T04:52:30.374+0000] {processor.py:208} INFO - Processing /opt/airflow/dags/spark_airflow.py took 0.092 seconds
[2025-02-17T04:53:03.376+0000] {processor.py:186} INFO - Started process (PID=6659) to work on /opt/airflow/dags/spark_airflow.py
[2025-02-17T04:53:03.376+0000] {processor.py:914} INFO - Processing file /opt/airflow/dags/spark_airflow.py for tasks to queue
[2025-02-17T04:53:03.378+0000] {logging_mixin.py:190} INFO - [2025-02-17T04:53:03.378+0000] {dagbag.py:588} INFO - Filling up the DagBag from /opt/airflow/dags/spark_airflow.py
[2025-02-17T04:53:03.393+0000] {processor.py:925} INFO - DAG(s) 'spark_orchestration' retrieved from /opt/airflow/dags/spark_airflow.py
[2025-02-17T04:53:03.419+0000] {logging_mixin.py:190} INFO - [2025-02-17T04:53:03.418+0000] {dag.py:3239} INFO - Sync 1 DAGs
[2025-02-17T04:53:03.433+0000] {logging_mixin.py:190} INFO - [2025-02-17T04:53:03.433+0000] {dag.py:4180} INFO - Setting next_dagrun for spark_orchestration to None, run_after=None
[2025-02-17T04:53:03.453+0000] {processor.py:208} INFO - Processing /opt/airflow/dags/spark_airflow.py took 0.082 seconds
[2025-02-17T04:53:36.194+0000] {processor.py:186} INFO - Started process (PID=6674) to work on /opt/airflow/dags/spark_airflow.py
[2025-02-17T04:53:36.195+0000] {processor.py:914} INFO - Processing file /opt/airflow/dags/spark_airflow.py for tasks to queue
[2025-02-17T04:53:36.197+0000] {logging_mixin.py:190} INFO - [2025-02-17T04:53:36.197+0000] {dagbag.py:588} INFO - Filling up the DagBag from /opt/airflow/dags/spark_airflow.py
[2025-02-17T04:53:36.211+0000] {processor.py:925} INFO - DAG(s) 'spark_orchestration' retrieved from /opt/airflow/dags/spark_airflow.py
[2025-02-17T04:53:36.237+0000] {logging_mixin.py:190} INFO - [2025-02-17T04:53:36.237+0000] {dag.py:3239} INFO - Sync 1 DAGs
[2025-02-17T04:53:36.253+0000] {logging_mixin.py:190} INFO - [2025-02-17T04:53:36.253+0000] {dag.py:4180} INFO - Setting next_dagrun for spark_orchestration to None, run_after=None
[2025-02-17T04:53:36.279+0000] {processor.py:208} INFO - Processing /opt/airflow/dags/spark_airflow.py took 0.090 seconds
[2025-02-17T04:54:08.261+0000] {processor.py:186} INFO - Started process (PID=6689) to work on /opt/airflow/dags/spark_airflow.py
[2025-02-17T04:54:08.262+0000] {processor.py:914} INFO - Processing file /opt/airflow/dags/spark_airflow.py for tasks to queue
[2025-02-17T04:54:08.265+0000] {logging_mixin.py:190} INFO - [2025-02-17T04:54:08.265+0000] {dagbag.py:588} INFO - Filling up the DagBag from /opt/airflow/dags/spark_airflow.py
[2025-02-17T04:54:08.288+0000] {processor.py:925} INFO - DAG(s) 'spark_orchestration' retrieved from /opt/airflow/dags/spark_airflow.py
[2025-02-17T04:54:08.324+0000] {logging_mixin.py:190} INFO - [2025-02-17T04:54:08.324+0000] {dag.py:3239} INFO - Sync 1 DAGs
[2025-02-17T04:54:08.343+0000] {logging_mixin.py:190} INFO - [2025-02-17T04:54:08.343+0000] {dag.py:4180} INFO - Setting next_dagrun for spark_orchestration to None, run_after=None
[2025-02-17T04:54:08.369+0000] {processor.py:208} INFO - Processing /opt/airflow/dags/spark_airflow.py took 0.117 seconds
[2025-02-17T04:54:41.348+0000] {processor.py:186} INFO - Started process (PID=6704) to work on /opt/airflow/dags/spark_airflow.py
[2025-02-17T04:54:41.348+0000] {processor.py:914} INFO - Processing file /opt/airflow/dags/spark_airflow.py for tasks to queue
[2025-02-17T04:54:41.350+0000] {logging_mixin.py:190} INFO - [2025-02-17T04:54:41.350+0000] {dagbag.py:588} INFO - Filling up the DagBag from /opt/airflow/dags/spark_airflow.py
[2025-02-17T04:54:41.366+0000] {processor.py:925} INFO - DAG(s) 'spark_orchestration' retrieved from /opt/airflow/dags/spark_airflow.py
[2025-02-17T04:54:41.397+0000] {logging_mixin.py:190} INFO - [2025-02-17T04:54:41.397+0000] {dag.py:3239} INFO - Sync 1 DAGs
[2025-02-17T04:54:41.416+0000] {logging_mixin.py:190} INFO - [2025-02-17T04:54:41.415+0000] {dag.py:4180} INFO - Setting next_dagrun for spark_orchestration to None, run_after=None
[2025-02-17T04:54:41.439+0000] {processor.py:208} INFO - Processing /opt/airflow/dags/spark_airflow.py took 0.096 seconds
[2025-02-17T04:55:14.451+0000] {processor.py:186} INFO - Started process (PID=6723) to work on /opt/airflow/dags/spark_airflow.py
[2025-02-17T04:55:14.452+0000] {processor.py:914} INFO - Processing file /opt/airflow/dags/spark_airflow.py for tasks to queue
[2025-02-17T04:55:14.454+0000] {logging_mixin.py:190} INFO - [2025-02-17T04:55:14.453+0000] {dagbag.py:588} INFO - Filling up the DagBag from /opt/airflow/dags/spark_airflow.py
[2025-02-17T04:55:14.467+0000] {processor.py:925} INFO - DAG(s) 'spark_orchestration' retrieved from /opt/airflow/dags/spark_airflow.py
[2025-02-17T04:55:14.494+0000] {logging_mixin.py:190} INFO - [2025-02-17T04:55:14.494+0000] {dag.py:3239} INFO - Sync 1 DAGs
[2025-02-17T04:55:14.508+0000] {logging_mixin.py:190} INFO - [2025-02-17T04:55:14.508+0000] {dag.py:4180} INFO - Setting next_dagrun for spark_orchestration to None, run_after=None
[2025-02-17T04:55:14.526+0000] {processor.py:208} INFO - Processing /opt/airflow/dags/spark_airflow.py took 0.080 seconds
[2025-02-17T04:55:46.482+0000] {processor.py:186} INFO - Started process (PID=6738) to work on /opt/airflow/dags/spark_airflow.py
[2025-02-17T04:55:46.482+0000] {processor.py:914} INFO - Processing file /opt/airflow/dags/spark_airflow.py for tasks to queue
[2025-02-17T04:55:46.484+0000] {logging_mixin.py:190} INFO - [2025-02-17T04:55:46.484+0000] {dagbag.py:588} INFO - Filling up the DagBag from /opt/airflow/dags/spark_airflow.py
[2025-02-17T04:55:46.498+0000] {processor.py:925} INFO - DAG(s) 'spark_orchestration' retrieved from /opt/airflow/dags/spark_airflow.py
[2025-02-17T04:55:46.526+0000] {logging_mixin.py:190} INFO - [2025-02-17T04:55:46.526+0000] {dag.py:3239} INFO - Sync 1 DAGs
[2025-02-17T04:55:46.539+0000] {logging_mixin.py:190} INFO - [2025-02-17T04:55:46.538+0000] {dag.py:4180} INFO - Setting next_dagrun for spark_orchestration to None, run_after=None
[2025-02-17T04:55:46.556+0000] {processor.py:208} INFO - Processing /opt/airflow/dags/spark_airflow.py took 0.080 seconds
[2025-02-17T04:56:19.400+0000] {processor.py:186} INFO - Started process (PID=6753) to work on /opt/airflow/dags/spark_airflow.py
[2025-02-17T04:56:19.401+0000] {processor.py:914} INFO - Processing file /opt/airflow/dags/spark_airflow.py for tasks to queue
[2025-02-17T04:56:19.403+0000] {logging_mixin.py:190} INFO - [2025-02-17T04:56:19.402+0000] {dagbag.py:588} INFO - Filling up the DagBag from /opt/airflow/dags/spark_airflow.py
[2025-02-17T04:56:19.419+0000] {processor.py:925} INFO - DAG(s) 'spark_orchestration' retrieved from /opt/airflow/dags/spark_airflow.py
[2025-02-17T04:56:19.447+0000] {logging_mixin.py:190} INFO - [2025-02-17T04:56:19.447+0000] {dag.py:3239} INFO - Sync 1 DAGs
[2025-02-17T04:56:19.462+0000] {logging_mixin.py:190} INFO - [2025-02-17T04:56:19.462+0000] {dag.py:4180} INFO - Setting next_dagrun for spark_orchestration to None, run_after=None
[2025-02-17T04:56:19.479+0000] {processor.py:208} INFO - Processing /opt/airflow/dags/spark_airflow.py took 0.085 seconds
[2025-02-17T04:56:52.441+0000] {processor.py:186} INFO - Started process (PID=6768) to work on /opt/airflow/dags/spark_airflow.py
[2025-02-17T04:56:52.442+0000] {processor.py:914} INFO - Processing file /opt/airflow/dags/spark_airflow.py for tasks to queue
[2025-02-17T04:56:52.444+0000] {logging_mixin.py:190} INFO - [2025-02-17T04:56:52.444+0000] {dagbag.py:588} INFO - Filling up the DagBag from /opt/airflow/dags/spark_airflow.py
[2025-02-17T04:56:52.460+0000] {processor.py:925} INFO - DAG(s) 'spark_orchestration' retrieved from /opt/airflow/dags/spark_airflow.py
[2025-02-17T04:56:52.490+0000] {logging_mixin.py:190} INFO - [2025-02-17T04:56:52.490+0000] {dag.py:3239} INFO - Sync 1 DAGs
[2025-02-17T04:56:52.505+0000] {logging_mixin.py:190} INFO - [2025-02-17T04:56:52.505+0000] {dag.py:4180} INFO - Setting next_dagrun for spark_orchestration to None, run_after=None
[2025-02-17T04:56:52.523+0000] {processor.py:208} INFO - Processing /opt/airflow/dags/spark_airflow.py took 0.088 seconds
[2025-02-17T04:57:24.480+0000] {processor.py:186} INFO - Started process (PID=6783) to work on /opt/airflow/dags/spark_airflow.py
[2025-02-17T04:57:24.481+0000] {processor.py:914} INFO - Processing file /opt/airflow/dags/spark_airflow.py for tasks to queue
[2025-02-17T04:57:24.483+0000] {logging_mixin.py:190} INFO - [2025-02-17T04:57:24.483+0000] {dagbag.py:588} INFO - Filling up the DagBag from /opt/airflow/dags/spark_airflow.py
[2025-02-17T04:57:24.498+0000] {processor.py:925} INFO - DAG(s) 'spark_orchestration' retrieved from /opt/airflow/dags/spark_airflow.py
[2025-02-17T04:57:24.524+0000] {logging_mixin.py:190} INFO - [2025-02-17T04:57:24.523+0000] {dag.py:3239} INFO - Sync 1 DAGs
[2025-02-17T04:57:24.536+0000] {logging_mixin.py:190} INFO - [2025-02-17T04:57:24.536+0000] {dag.py:4180} INFO - Setting next_dagrun for spark_orchestration to None, run_after=None
[2025-02-17T04:57:24.556+0000] {processor.py:208} INFO - Processing /opt/airflow/dags/spark_airflow.py took 0.081 seconds
[2025-02-17T04:57:57.490+0000] {processor.py:186} INFO - Started process (PID=6798) to work on /opt/airflow/dags/spark_airflow.py
[2025-02-17T04:57:57.491+0000] {processor.py:914} INFO - Processing file /opt/airflow/dags/spark_airflow.py for tasks to queue
[2025-02-17T04:57:57.493+0000] {logging_mixin.py:190} INFO - [2025-02-17T04:57:57.493+0000] {dagbag.py:588} INFO - Filling up the DagBag from /opt/airflow/dags/spark_airflow.py
[2025-02-17T04:57:57.508+0000] {processor.py:925} INFO - DAG(s) 'spark_orchestration' retrieved from /opt/airflow/dags/spark_airflow.py
[2025-02-17T04:57:57.534+0000] {logging_mixin.py:190} INFO - [2025-02-17T04:57:57.534+0000] {dag.py:3239} INFO - Sync 1 DAGs
[2025-02-17T04:57:57.548+0000] {logging_mixin.py:190} INFO - [2025-02-17T04:57:57.548+0000] {dag.py:4180} INFO - Setting next_dagrun for spark_orchestration to None, run_after=None
[2025-02-17T04:57:57.566+0000] {processor.py:208} INFO - Processing /opt/airflow/dags/spark_airflow.py took 0.081 seconds
[2025-02-17T04:58:30.459+0000] {processor.py:186} INFO - Started process (PID=6813) to work on /opt/airflow/dags/spark_airflow.py
[2025-02-17T04:58:30.459+0000] {processor.py:914} INFO - Processing file /opt/airflow/dags/spark_airflow.py for tasks to queue
[2025-02-17T04:58:30.461+0000] {logging_mixin.py:190} INFO - [2025-02-17T04:58:30.461+0000] {dagbag.py:588} INFO - Filling up the DagBag from /opt/airflow/dags/spark_airflow.py
[2025-02-17T04:58:30.476+0000] {processor.py:925} INFO - DAG(s) 'spark_orchestration' retrieved from /opt/airflow/dags/spark_airflow.py
[2025-02-17T04:58:30.504+0000] {logging_mixin.py:190} INFO - [2025-02-17T04:58:30.503+0000] {dag.py:3239} INFO - Sync 1 DAGs
[2025-02-17T04:58:30.518+0000] {logging_mixin.py:190} INFO - [2025-02-17T04:58:30.518+0000] {dag.py:4180} INFO - Setting next_dagrun for spark_orchestration to None, run_after=None
[2025-02-17T04:58:30.535+0000] {processor.py:208} INFO - Processing /opt/airflow/dags/spark_airflow.py took 0.082 seconds
[2025-02-17T04:59:02.490+0000] {processor.py:186} INFO - Started process (PID=6828) to work on /opt/airflow/dags/spark_airflow.py
[2025-02-17T04:59:02.491+0000] {processor.py:914} INFO - Processing file /opt/airflow/dags/spark_airflow.py for tasks to queue
[2025-02-17T04:59:02.493+0000] {logging_mixin.py:190} INFO - [2025-02-17T04:59:02.493+0000] {dagbag.py:588} INFO - Filling up the DagBag from /opt/airflow/dags/spark_airflow.py
[2025-02-17T04:59:02.507+0000] {processor.py:925} INFO - DAG(s) 'spark_orchestration' retrieved from /opt/airflow/dags/spark_airflow.py
[2025-02-17T04:59:02.532+0000] {logging_mixin.py:190} INFO - [2025-02-17T04:59:02.532+0000] {dag.py:3239} INFO - Sync 1 DAGs
[2025-02-17T04:59:02.545+0000] {logging_mixin.py:190} INFO - [2025-02-17T04:59:02.545+0000] {dag.py:4180} INFO - Setting next_dagrun for spark_orchestration to None, run_after=None
[2025-02-17T04:59:02.563+0000] {processor.py:208} INFO - Processing /opt/airflow/dags/spark_airflow.py took 0.078 seconds
[2025-02-17T04:59:35.535+0000] {processor.py:186} INFO - Started process (PID=6843) to work on /opt/airflow/dags/spark_airflow.py
[2025-02-17T04:59:35.536+0000] {processor.py:914} INFO - Processing file /opt/airflow/dags/spark_airflow.py for tasks to queue
[2025-02-17T04:59:35.538+0000] {logging_mixin.py:190} INFO - [2025-02-17T04:59:35.537+0000] {dagbag.py:588} INFO - Filling up the DagBag from /opt/airflow/dags/spark_airflow.py
[2025-02-17T04:59:35.553+0000] {processor.py:925} INFO - DAG(s) 'spark_orchestration' retrieved from /opt/airflow/dags/spark_airflow.py
[2025-02-17T04:59:35.579+0000] {logging_mixin.py:190} INFO - [2025-02-17T04:59:35.578+0000] {dag.py:3239} INFO - Sync 1 DAGs
[2025-02-17T04:59:35.592+0000] {logging_mixin.py:190} INFO - [2025-02-17T04:59:35.592+0000] {dag.py:4180} INFO - Setting next_dagrun for spark_orchestration to None, run_after=None
[2025-02-17T04:59:35.610+0000] {processor.py:208} INFO - Processing /opt/airflow/dags/spark_airflow.py took 0.080 seconds
[2025-02-17T05:00:08.618+0000] {processor.py:186} INFO - Started process (PID=6862) to work on /opt/airflow/dags/spark_airflow.py
[2025-02-17T05:00:08.619+0000] {processor.py:914} INFO - Processing file /opt/airflow/dags/spark_airflow.py for tasks to queue
[2025-02-17T05:00:08.621+0000] {logging_mixin.py:190} INFO - [2025-02-17T05:00:08.621+0000] {dagbag.py:588} INFO - Filling up the DagBag from /opt/airflow/dags/spark_airflow.py
[2025-02-17T05:00:08.636+0000] {processor.py:925} INFO - DAG(s) 'spark_orchestration' retrieved from /opt/airflow/dags/spark_airflow.py
[2025-02-17T05:00:08.661+0000] {logging_mixin.py:190} INFO - [2025-02-17T05:00:08.661+0000] {dag.py:3239} INFO - Sync 1 DAGs
[2025-02-17T05:00:08.675+0000] {logging_mixin.py:190} INFO - [2025-02-17T05:00:08.675+0000] {dag.py:4180} INFO - Setting next_dagrun for spark_orchestration to None, run_after=None
[2025-02-17T05:00:08.691+0000] {processor.py:208} INFO - Processing /opt/airflow/dags/spark_airflow.py took 0.077 seconds
[2025-02-17T05:00:40.604+0000] {processor.py:186} INFO - Started process (PID=6877) to work on /opt/airflow/dags/spark_airflow.py
[2025-02-17T05:00:40.604+0000] {processor.py:914} INFO - Processing file /opt/airflow/dags/spark_airflow.py for tasks to queue
[2025-02-17T05:00:40.607+0000] {logging_mixin.py:190} INFO - [2025-02-17T05:00:40.606+0000] {dagbag.py:588} INFO - Filling up the DagBag from /opt/airflow/dags/spark_airflow.py
[2025-02-17T05:00:40.622+0000] {processor.py:925} INFO - DAG(s) 'spark_orchestration' retrieved from /opt/airflow/dags/spark_airflow.py
[2025-02-17T05:00:40.650+0000] {logging_mixin.py:190} INFO - [2025-02-17T05:00:40.649+0000] {dag.py:3239} INFO - Sync 1 DAGs
[2025-02-17T05:00:40.664+0000] {logging_mixin.py:190} INFO - [2025-02-17T05:00:40.664+0000] {dag.py:4180} INFO - Setting next_dagrun for spark_orchestration to None, run_after=None
[2025-02-17T05:00:40.684+0000] {processor.py:208} INFO - Processing /opt/airflow/dags/spark_airflow.py took 0.087 seconds
[2025-02-17T05:01:13.693+0000] {processor.py:186} INFO - Started process (PID=6892) to work on /opt/airflow/dags/spark_airflow.py
[2025-02-17T05:01:13.694+0000] {processor.py:914} INFO - Processing file /opt/airflow/dags/spark_airflow.py for tasks to queue
[2025-02-17T05:01:13.697+0000] {logging_mixin.py:190} INFO - [2025-02-17T05:01:13.696+0000] {dagbag.py:588} INFO - Filling up the DagBag from /opt/airflow/dags/spark_airflow.py
[2025-02-17T05:01:13.720+0000] {processor.py:925} INFO - DAG(s) 'spark_orchestration' retrieved from /opt/airflow/dags/spark_airflow.py
[2025-02-17T05:01:13.768+0000] {logging_mixin.py:190} INFO - [2025-02-17T05:01:13.767+0000] {dag.py:3239} INFO - Sync 1 DAGs
[2025-02-17T05:01:13.781+0000] {logging_mixin.py:190} INFO - [2025-02-17T05:01:13.781+0000] {dag.py:4180} INFO - Setting next_dagrun for spark_orchestration to None, run_after=None
[2025-02-17T05:01:13.800+0000] {processor.py:208} INFO - Processing /opt/airflow/dags/spark_airflow.py took 0.120 seconds
[2025-02-17T05:01:46.770+0000] {processor.py:186} INFO - Started process (PID=6907) to work on /opt/airflow/dags/spark_airflow.py
[2025-02-17T05:01:46.771+0000] {processor.py:914} INFO - Processing file /opt/airflow/dags/spark_airflow.py for tasks to queue
[2025-02-17T05:01:46.773+0000] {logging_mixin.py:190} INFO - [2025-02-17T05:01:46.773+0000] {dagbag.py:588} INFO - Filling up the DagBag from /opt/airflow/dags/spark_airflow.py
[2025-02-17T05:01:46.787+0000] {processor.py:925} INFO - DAG(s) 'spark_orchestration' retrieved from /opt/airflow/dags/spark_airflow.py
[2025-02-17T05:01:46.812+0000] {logging_mixin.py:190} INFO - [2025-02-17T05:01:46.811+0000] {dag.py:3239} INFO - Sync 1 DAGs
[2025-02-17T05:01:46.824+0000] {logging_mixin.py:190} INFO - [2025-02-17T05:01:46.824+0000] {dag.py:4180} INFO - Setting next_dagrun for spark_orchestration to None, run_after=None
[2025-02-17T05:01:46.842+0000] {processor.py:208} INFO - Processing /opt/airflow/dags/spark_airflow.py took 0.077 seconds
[2025-02-17T05:02:18.810+0000] {processor.py:186} INFO - Started process (PID=6922) to work on /opt/airflow/dags/spark_airflow.py
[2025-02-17T05:02:18.811+0000] {processor.py:914} INFO - Processing file /opt/airflow/dags/spark_airflow.py for tasks to queue
[2025-02-17T05:02:18.813+0000] {logging_mixin.py:190} INFO - [2025-02-17T05:02:18.812+0000] {dagbag.py:588} INFO - Filling up the DagBag from /opt/airflow/dags/spark_airflow.py
[2025-02-17T05:02:18.827+0000] {processor.py:925} INFO - DAG(s) 'spark_orchestration' retrieved from /opt/airflow/dags/spark_airflow.py
[2025-02-17T05:02:18.851+0000] {logging_mixin.py:190} INFO - [2025-02-17T05:02:18.851+0000] {dag.py:3239} INFO - Sync 1 DAGs
[2025-02-17T05:02:18.864+0000] {logging_mixin.py:190} INFO - [2025-02-17T05:02:18.864+0000] {dag.py:4180} INFO - Setting next_dagrun for spark_orchestration to None, run_after=None
[2025-02-17T05:02:18.883+0000] {processor.py:208} INFO - Processing /opt/airflow/dags/spark_airflow.py took 0.078 seconds
[2025-02-17T05:02:51.869+0000] {processor.py:186} INFO - Started process (PID=6937) to work on /opt/airflow/dags/spark_airflow.py
[2025-02-17T05:02:51.870+0000] {processor.py:914} INFO - Processing file /opt/airflow/dags/spark_airflow.py for tasks to queue
[2025-02-17T05:02:51.873+0000] {logging_mixin.py:190} INFO - [2025-02-17T05:02:51.873+0000] {dagbag.py:588} INFO - Filling up the DagBag from /opt/airflow/dags/spark_airflow.py
[2025-02-17T05:02:51.891+0000] {processor.py:925} INFO - DAG(s) 'spark_orchestration' retrieved from /opt/airflow/dags/spark_airflow.py
[2025-02-17T05:02:51.923+0000] {logging_mixin.py:190} INFO - [2025-02-17T05:02:51.923+0000] {dag.py:3239} INFO - Sync 1 DAGs
[2025-02-17T05:02:51.940+0000] {logging_mixin.py:190} INFO - [2025-02-17T05:02:51.939+0000] {dag.py:4180} INFO - Setting next_dagrun for spark_orchestration to None, run_after=None
[2025-02-17T05:02:51.962+0000] {processor.py:208} INFO - Processing /opt/airflow/dags/spark_airflow.py took 0.099 seconds
[2025-02-17T05:03:24.921+0000] {processor.py:186} INFO - Started process (PID=6952) to work on /opt/airflow/dags/spark_airflow.py
[2025-02-17T05:03:24.922+0000] {processor.py:914} INFO - Processing file /opt/airflow/dags/spark_airflow.py for tasks to queue
[2025-02-17T05:03:24.924+0000] {logging_mixin.py:190} INFO - [2025-02-17T05:03:24.924+0000] {dagbag.py:588} INFO - Filling up the DagBag from /opt/airflow/dags/spark_airflow.py
[2025-02-17T05:03:24.941+0000] {processor.py:925} INFO - DAG(s) 'spark_orchestration' retrieved from /opt/airflow/dags/spark_airflow.py
[2025-02-17T05:03:24.965+0000] {logging_mixin.py:190} INFO - [2025-02-17T05:03:24.965+0000] {dag.py:3239} INFO - Sync 1 DAGs
[2025-02-17T05:03:24.979+0000] {logging_mixin.py:190} INFO - [2025-02-17T05:03:24.979+0000] {dag.py:4180} INFO - Setting next_dagrun for spark_orchestration to None, run_after=None
[2025-02-17T05:03:24.998+0000] {processor.py:208} INFO - Processing /opt/airflow/dags/spark_airflow.py took 0.082 seconds
[2025-02-17T05:03:56.991+0000] {processor.py:186} INFO - Started process (PID=6967) to work on /opt/airflow/dags/spark_airflow.py
[2025-02-17T05:03:56.992+0000] {processor.py:914} INFO - Processing file /opt/airflow/dags/spark_airflow.py for tasks to queue
[2025-02-17T05:03:56.994+0000] {logging_mixin.py:190} INFO - [2025-02-17T05:03:56.993+0000] {dagbag.py:588} INFO - Filling up the DagBag from /opt/airflow/dags/spark_airflow.py
[2025-02-17T05:03:57.009+0000] {processor.py:925} INFO - DAG(s) 'spark_orchestration' retrieved from /opt/airflow/dags/spark_airflow.py
[2025-02-17T05:03:57.036+0000] {logging_mixin.py:190} INFO - [2025-02-17T05:03:57.036+0000] {dag.py:3239} INFO - Sync 1 DAGs
[2025-02-17T05:03:57.049+0000] {logging_mixin.py:190} INFO - [2025-02-17T05:03:57.049+0000] {dag.py:4180} INFO - Setting next_dagrun for spark_orchestration to None, run_after=None
[2025-02-17T05:03:57.068+0000] {processor.py:208} INFO - Processing /opt/airflow/dags/spark_airflow.py took 0.082 seconds
[2025-02-17T05:04:30.046+0000] {processor.py:186} INFO - Started process (PID=6982) to work on /opt/airflow/dags/spark_airflow.py
[2025-02-17T05:04:30.046+0000] {processor.py:914} INFO - Processing file /opt/airflow/dags/spark_airflow.py for tasks to queue
[2025-02-17T05:04:30.048+0000] {logging_mixin.py:190} INFO - [2025-02-17T05:04:30.048+0000] {dagbag.py:588} INFO - Filling up the DagBag from /opt/airflow/dags/spark_airflow.py
[2025-02-17T05:04:30.064+0000] {processor.py:925} INFO - DAG(s) 'spark_orchestration' retrieved from /opt/airflow/dags/spark_airflow.py
[2025-02-17T05:04:30.091+0000] {logging_mixin.py:190} INFO - [2025-02-17T05:04:30.090+0000] {dag.py:3239} INFO - Sync 1 DAGs
[2025-02-17T05:04:30.103+0000] {logging_mixin.py:190} INFO - [2025-02-17T05:04:30.103+0000] {dag.py:4180} INFO - Setting next_dagrun for spark_orchestration to None, run_after=None
[2025-02-17T05:04:30.120+0000] {processor.py:208} INFO - Processing /opt/airflow/dags/spark_airflow.py took 0.080 seconds
