[2025-04-09T11:50:00.485+0000] {local_task_job_runner.py:123} INFO - ::group::Pre task execution logs
[2025-04-09T11:50:00.499+0000] {taskinstance.py:2614} INFO - Dependencies all met for dep_context=non-requeueable deps ti=<TaskInstance: housekeeping_job.execute_job scheduled__2025-04-09T11:45:00+00:00 [queued]>
[2025-04-09T11:50:00.505+0000] {taskinstance.py:2614} INFO - Dependencies all met for dep_context=requeueable deps ti=<TaskInstance: housekeeping_job.execute_job scheduled__2025-04-09T11:45:00+00:00 [queued]>
[2025-04-09T11:50:00.506+0000] {taskinstance.py:2867} INFO - Starting attempt 1 of 2
[2025-04-09T11:50:00.517+0000] {taskinstance.py:2890} INFO - Executing <Task(PythonOperator): execute_job> on 2025-04-09 11:45:00+00:00
[2025-04-09T11:50:00.522+0000] {standard_task_runner.py:72} INFO - Started process 2022 to run task
[2025-04-09T11:50:00.524+0000] {standard_task_runner.py:104} INFO - Running: ['***', 'tasks', 'run', 'housekeeping_job', 'execute_job', 'scheduled__2025-04-09T11:45:00+00:00', '--job-id', '10', '--raw', '--subdir', 'DAGS_FOLDER/housekeep.py', '--cfg-path', '/tmp/tmpe8q8hiid']
[2025-04-09T11:50:00.525+0000] {standard_task_runner.py:105} INFO - Job 10: Subtask execute_job
[2025-04-09T11:50:00.560+0000] {task_command.py:467} INFO - Running <TaskInstance: housekeeping_job.execute_job scheduled__2025-04-09T11:45:00+00:00 [running]> on host 5bd761fca1bd
[2025-04-09T11:50:00.625+0000] {taskinstance.py:3134} INFO - Exporting env vars: AIRFLOW_CTX_DAG_OWNER='***' AIRFLOW_CTX_DAG_ID='housekeeping_job' AIRFLOW_CTX_TASK_ID='execute_job' AIRFLOW_CTX_EXECUTION_DATE='2025-04-09T11:45:00+00:00' AIRFLOW_CTX_TRY_NUMBER='1' AIRFLOW_CTX_DAG_RUN_ID='scheduled__2025-04-09T11:45:00+00:00'
[2025-04-09T11:50:00.625+0000] {taskinstance.py:732} INFO - ::endgroup::
[2025-04-09T11:50:00.635+0000] {logging_mixin.py:190} INFO - ./jobs/argument_jobs.py
[2025-04-09T11:50:00.635+0000] {logging_mixin.py:190} INFO - Absolute path for 'argument_jobs.py': /opt/***/argument_jobs.py
[2025-04-09T11:50:00.758+0000] {logging_mixin.py:190} INFO - 2025-04-09 11:50:00,732 - INFO - Running script with batchdate from python logging info before if len >>> 2 > stringfy > 2025-01-01
2025-04-09 11:50:00,732 - INFO - if statement Running script with batchdate from python logging info arguments: 2025-01-01
Parsed date: 2025-01-01 00:00:00
[2025-04-09T11:50:00.759+0000] {logging_mixin.py:190} INFO - Successfully executed here after py ./jobs/argument_jobs.py with batchdate: 2025-01-01
[2025-04-09T11:50:00.759+0000] {python.py:240} INFO - Done. Returned value was: None
[2025-04-09T11:50:00.768+0000] {taskinstance.py:341} INFO - ::group::Post task execution logs
[2025-04-09T11:50:00.768+0000] {taskinstance.py:353} INFO - Marking task as SUCCESS. dag_id=housekeeping_job, task_id=execute_job, run_id=scheduled__2025-04-09T11:45:00+00:00, execution_date=20250409T114500, start_date=20250409T115000, end_date=20250409T115000
[2025-04-09T11:50:00.818+0000] {local_task_job_runner.py:266} INFO - Task exited with return code 0
[2025-04-09T11:50:00.831+0000] {taskinstance.py:3901} INFO - 0 downstream tasks scheduled from follow-on schedule check
[2025-04-09T11:50:00.833+0000] {local_task_job_runner.py:245} INFO - ::endgroup::
