[2025-02-02T12:51:38.189+0000] {local_task_job_runner.py:123} INFO - ::group::Pre task execution logs
[2025-02-02T12:51:38.207+0000] {taskinstance.py:2613} INFO - Dependencies all met for dep_context=non-requeueable deps ti=<TaskInstance: housekeeping_job.execute_job manual__2025-02-02T19:49:26+07:00 [queued]>
[2025-02-02T12:51:38.216+0000] {taskinstance.py:2613} INFO - Dependencies all met for dep_context=requeueable deps ti=<TaskInstance: housekeeping_job.execute_job manual__2025-02-02T19:49:26+07:00 [queued]>
[2025-02-02T12:51:38.216+0000] {taskinstance.py:2866} INFO - Starting attempt 2 of 3
[2025-02-02T12:51:38.228+0000] {taskinstance.py:2889} INFO - Executing <Task(PythonOperator): execute_job> on 2025-02-02 12:49:26+00:00
[2025-02-02T12:51:38.235+0000] {logging_mixin.py:190} WARNING - /home/***/.local/lib/python3.12/site-packages/***/task/task_runner/standard_task_runner.py:70 DeprecationWarning: This process (pid=1146) is multi-threaded, use of fork() may lead to deadlocks in the child.
[2025-02-02T12:51:38.236+0000] {standard_task_runner.py:72} INFO - Started process 1147 to run task
[2025-02-02T12:51:38.236+0000] {standard_task_runner.py:104} INFO - Running: ['***', 'tasks', 'run', 'housekeeping_job', 'execute_job', 'manual__2025-02-02T19:49:26+07:00', '--job-id', '323', '--raw', '--subdir', 'DAGS_FOLDER/housekeep.py', '--cfg-path', '/tmp/tmp3x9_r810']
[2025-02-02T12:51:38.237+0000] {standard_task_runner.py:105} INFO - Job 323: Subtask execute_job
[2025-02-02T12:51:38.276+0000] {task_command.py:467} INFO - Running <TaskInstance: housekeeping_job.execute_job manual__2025-02-02T19:49:26+07:00 [running]> on host f03ab8549fa5
[2025-02-02T12:51:38.355+0000] {taskinstance.py:3132} INFO - Exporting env vars: AIRFLOW_CTX_DAG_OWNER='***' AIRFLOW_CTX_DAG_ID='housekeeping_job' AIRFLOW_CTX_TASK_ID='execute_job' AIRFLOW_CTX_EXECUTION_DATE='2025-02-02T12:49:26+00:00' AIRFLOW_CTX_TRY_NUMBER='2' AIRFLOW_CTX_DAG_RUN_ID='manual__2025-02-02T19:49:26+07:00'
[2025-02-02T12:51:38.356+0000] {taskinstance.py:731} INFO - ::endgroup::
[2025-02-02T12:51:38.560+0000] {logging_mixin.py:190} INFO - 2025-02-02 12:51:38,531 - INFO - Running script with batchdate from python logging info before if
2025-02-02 12:51:38,531 - INFO - Running script with batchdate from python logging info: 2024-10-28
Parsed date: 2024-10-28 00:00:00
[2025-02-02T12:51:38.561+0000] {logging_mixin.py:190} INFO - Successfully executed here after py ./jobs/argument_jobs.py with batchdate: 2024-10-28
[2025-02-02T12:51:38.561+0000] {python.py:240} INFO - Done. Returned value was: None
[2025-02-02T12:51:38.569+0000] {taskinstance.py:340} INFO - ::group::Post task execution logs
[2025-02-02T12:51:38.570+0000] {taskinstance.py:352} INFO - Marking task as SUCCESS. dag_id=housekeeping_job, task_id=execute_job, run_id=manual__2025-02-02T19:49:26+07:00, execution_date=20250202T124926, start_date=20250202T125138, end_date=20250202T125138
[2025-02-02T12:51:38.611+0000] {local_task_job_runner.py:266} INFO - Task exited with return code 0
[2025-02-02T12:51:38.626+0000] {taskinstance.py:3895} INFO - 0 downstream tasks scheduled from follow-on schedule check
[2025-02-02T12:51:38.627+0000] {local_task_job_runner.py:245} INFO - ::endgroup::
