[2025-02-02T12:59:16.012+0000] {local_task_job_runner.py:123} INFO - ::group::Pre task execution logs
[2025-02-02T12:59:16.030+0000] {taskinstance.py:2613} INFO - Dependencies all met for dep_context=non-requeueable deps ti=<TaskInstance: housekeeping_job.execute_job manual__2025-02-02T19:59:13+07:00 [queued]>
[2025-02-02T12:59:16.037+0000] {taskinstance.py:2613} INFO - Dependencies all met for dep_context=requeueable deps ti=<TaskInstance: housekeeping_job.execute_job manual__2025-02-02T19:59:13+07:00 [queued]>
[2025-02-02T12:59:16.038+0000] {taskinstance.py:2866} INFO - Starting attempt 1 of 2
[2025-02-02T12:59:16.049+0000] {taskinstance.py:2889} INFO - Executing <Task(PythonOperator): execute_job> on 2025-02-02 12:59:13+00:00
[2025-02-02T12:59:16.057+0000] {logging_mixin.py:190} WARNING - /home/***/.local/lib/python3.12/site-packages/***/task/task_runner/standard_task_runner.py:70 DeprecationWarning: This process (pid=1311) is multi-threaded, use of fork() may lead to deadlocks in the child.
[2025-02-02T12:59:16.058+0000] {standard_task_runner.py:72} INFO - Started process 1312 to run task
[2025-02-02T12:59:16.057+0000] {standard_task_runner.py:104} INFO - Running: ['***', 'tasks', 'run', 'housekeeping_job', 'execute_job', 'manual__2025-02-02T19:59:13+07:00', '--job-id', '328', '--raw', '--subdir', 'DAGS_FOLDER/housekeep.py', '--cfg-path', '/tmp/tmpom6xf0tn']
[2025-02-02T12:59:16.058+0000] {standard_task_runner.py:105} INFO - Job 328: Subtask execute_job
[2025-02-02T12:59:16.096+0000] {task_command.py:467} INFO - Running <TaskInstance: housekeeping_job.execute_job manual__2025-02-02T19:59:13+07:00 [running]> on host f03ab8549fa5
[2025-02-02T12:59:16.172+0000] {taskinstance.py:3132} INFO - Exporting env vars: AIRFLOW_CTX_DAG_OWNER='***' AIRFLOW_CTX_DAG_ID='housekeeping_job' AIRFLOW_CTX_TASK_ID='execute_job' AIRFLOW_CTX_EXECUTION_DATE='2025-02-02T12:59:13+00:00' AIRFLOW_CTX_TRY_NUMBER='1' AIRFLOW_CTX_DAG_RUN_ID='manual__2025-02-02T19:59:13+07:00'
[2025-02-02T12:59:16.173+0000] {taskinstance.py:731} INFO - ::endgroup::
[2025-02-02T12:59:16.334+0000] {logging_mixin.py:190} INFO - 2025-02-02 12:59:16,310 - INFO - Running script with batchdate from python logging info before if len >>> 2 > stringfy > 2024-10-28
2025-02-02 12:59:16,310 - INFO - Running script with batchdate from python logging info arguments: 2024-10-28
Parsed date: 2024-10-28 00:00:00
[2025-02-02T12:59:16.334+0000] {logging_mixin.py:190} INFO - Successfully executed here after py ./jobs/argument_jobs.py with batchdate: 2024-10-28
[2025-02-02T12:59:16.335+0000] {python.py:240} INFO - Done. Returned value was: None
[2025-02-02T12:59:16.343+0000] {taskinstance.py:340} INFO - ::group::Post task execution logs
[2025-02-02T12:59:16.344+0000] {taskinstance.py:352} INFO - Marking task as SUCCESS. dag_id=housekeeping_job, task_id=execute_job, run_id=manual__2025-02-02T19:59:13+07:00, execution_date=20250202T125913, start_date=20250202T125916, end_date=20250202T125916
[2025-02-02T12:59:16.393+0000] {local_task_job_runner.py:266} INFO - Task exited with return code 0
[2025-02-02T12:59:16.406+0000] {taskinstance.py:3895} INFO - 0 downstream tasks scheduled from follow-on schedule check
[2025-02-02T12:59:16.407+0000] {local_task_job_runner.py:245} INFO - ::endgroup::
