[2025-04-09T11:40:01.216+0000] {local_task_job_runner.py:123} INFO - ::group::Pre task execution logs
[2025-04-09T11:40:01.227+0000] {taskinstance.py:2614} INFO - Dependencies all met for dep_context=non-requeueable deps ti=<TaskInstance: housekeeping_job.execute_job scheduled__2025-04-09T11:35:00+00:00 [queued]>
[2025-04-09T11:40:01.233+0000] {taskinstance.py:2614} INFO - Dependencies all met for dep_context=requeueable deps ti=<TaskInstance: housekeeping_job.execute_job scheduled__2025-04-09T11:35:00+00:00 [queued]>
[2025-04-09T11:40:01.233+0000] {taskinstance.py:2867} INFO - Starting attempt 1 of 2
[2025-04-09T11:40:01.243+0000] {taskinstance.py:2890} INFO - Executing <Task(PythonOperator): execute_job> on 2025-04-09 11:35:00+00:00
[2025-04-09T11:40:01.246+0000] {standard_task_runner.py:72} INFO - Started process 1514 to run task
[2025-04-09T11:40:01.249+0000] {standard_task_runner.py:104} INFO - Running: ['***', 'tasks', 'run', 'housekeeping_job', 'execute_job', 'scheduled__2025-04-09T11:35:00+00:00', '--job-id', '8', '--raw', '--subdir', 'DAGS_FOLDER/housekeep.py', '--cfg-path', '/tmp/tmp41h5m4wm']
[2025-04-09T11:40:01.250+0000] {standard_task_runner.py:105} INFO - Job 8: Subtask execute_job
[2025-04-09T11:40:01.285+0000] {task_command.py:467} INFO - Running <TaskInstance: housekeeping_job.execute_job scheduled__2025-04-09T11:35:00+00:00 [running]> on host 5bd761fca1bd
[2025-04-09T11:40:01.347+0000] {taskinstance.py:3134} INFO - Exporting env vars: AIRFLOW_CTX_DAG_OWNER='***' AIRFLOW_CTX_DAG_ID='housekeeping_job' AIRFLOW_CTX_TASK_ID='execute_job' AIRFLOW_CTX_EXECUTION_DATE='2025-04-09T11:35:00+00:00' AIRFLOW_CTX_TRY_NUMBER='1' AIRFLOW_CTX_DAG_RUN_ID='scheduled__2025-04-09T11:35:00+00:00'
[2025-04-09T11:40:01.348+0000] {taskinstance.py:732} INFO - ::endgroup::
[2025-04-09T11:40:01.361+0000] {logging_mixin.py:190} INFO - ./jobs/argument_jobs.py
[2025-04-09T11:40:01.361+0000] {logging_mixin.py:190} INFO - Absolute path for 'argument_jobs.py': /opt/***/argument_jobs.py
[2025-04-09T11:40:01.499+0000] {logging_mixin.py:190} INFO - 2025-04-09 11:40:01,471 - INFO - Running script with batchdate from python logging info before if len >>> 2 > stringfy > 2025-01-01
2025-04-09 11:40:01,471 - INFO - if statement Running script with batchdate from python logging info arguments: 2025-01-01
Parsed date: 2025-01-01 00:00:00
[2025-04-09T11:40:01.500+0000] {logging_mixin.py:190} INFO - Successfully executed here after py ./jobs/argument_jobs.py with batchdate: 2025-01-01
[2025-04-09T11:40:01.500+0000] {python.py:240} INFO - Done. Returned value was: None
[2025-04-09T11:40:01.509+0000] {taskinstance.py:341} INFO - ::group::Post task execution logs
[2025-04-09T11:40:01.509+0000] {taskinstance.py:353} INFO - Marking task as SUCCESS. dag_id=housekeeping_job, task_id=execute_job, run_id=scheduled__2025-04-09T11:35:00+00:00, execution_date=20250409T113500, start_date=20250409T114001, end_date=20250409T114001
[2025-04-09T11:40:01.542+0000] {local_task_job_runner.py:266} INFO - Task exited with return code 0
[2025-04-09T11:40:01.554+0000] {taskinstance.py:3901} INFO - 0 downstream tasks scheduled from follow-on schedule check
[2025-04-09T11:40:01.556+0000] {local_task_job_runner.py:245} INFO - ::endgroup::
