[2025-02-22T14:51:00.227+0000] {processor.py:186} INFO - Started process (PID=1329) to work on /opt/airflow/dags/cleanup.py
[2025-02-22T14:51:00.228+0000] {processor.py:914} INFO - Processing file /opt/airflow/dags/cleanup.py for tasks to queue
[2025-02-22T14:51:00.230+0000] {logging_mixin.py:190} INFO - [2025-02-22T14:51:00.230+0000] {dagbag.py:588} INFO - Filling up the DagBag from /opt/airflow/dags/cleanup.py
[2025-02-22T14:51:00.258+0000] {logging_mixin.py:190} INFO - [2025-02-22T14:51:00.258+0000] {cleanup.py:49} INFO - ENABLE_DELETE_CHILD_LOG  False
[2025-02-22T14:51:00.267+0000] {processor.py:925} INFO - DAG(s) 'cleanup' retrieved from /opt/airflow/dags/cleanup.py
[2025-02-22T14:51:00.288+0000] {logging_mixin.py:190} INFO - [2025-02-22T14:51:00.287+0000] {dag.py:3239} INFO - Sync 1 DAGs
[2025-02-22T14:51:00.313+0000] {logging_mixin.py:190} INFO - [2025-02-22T14:51:00.313+0000] {dag.py:4180} INFO - Setting next_dagrun for cleanup to 2025-02-23 00:00:00+00:00, run_after=2025-03-02 00:00:00+00:00
[2025-02-22T14:51:00.333+0000] {processor.py:208} INFO - Processing /opt/airflow/dags/cleanup.py took 0.112 seconds
[2025-02-22T14:51:32.339+0000] {processor.py:186} INFO - Started process (PID=1349) to work on /opt/airflow/dags/cleanup.py
[2025-02-22T14:51:32.340+0000] {processor.py:914} INFO - Processing file /opt/airflow/dags/cleanup.py for tasks to queue
[2025-02-22T14:51:32.343+0000] {logging_mixin.py:190} INFO - [2025-02-22T14:51:32.342+0000] {dagbag.py:588} INFO - Filling up the DagBag from /opt/airflow/dags/cleanup.py
[2025-02-22T14:51:32.372+0000] {logging_mixin.py:190} INFO - [2025-02-22T14:51:32.372+0000] {cleanup.py:49} INFO - ENABLE_DELETE_CHILD_LOG  False
[2025-02-22T14:51:32.381+0000] {processor.py:925} INFO - DAG(s) 'cleanup' retrieved from /opt/airflow/dags/cleanup.py
[2025-02-22T14:51:32.401+0000] {logging_mixin.py:190} INFO - [2025-02-22T14:51:32.401+0000] {dag.py:3239} INFO - Sync 1 DAGs
[2025-02-22T14:51:32.427+0000] {logging_mixin.py:190} INFO - [2025-02-22T14:51:32.427+0000] {dag.py:4180} INFO - Setting next_dagrun for cleanup to 2025-02-23 00:00:00+00:00, run_after=2025-03-02 00:00:00+00:00
[2025-02-22T14:51:32.447+0000] {processor.py:208} INFO - Processing /opt/airflow/dags/cleanup.py took 0.115 seconds
[2025-02-22T14:52:04.955+0000] {processor.py:186} INFO - Started process (PID=1367) to work on /opt/airflow/dags/cleanup.py
[2025-02-22T14:52:04.956+0000] {processor.py:914} INFO - Processing file /opt/airflow/dags/cleanup.py for tasks to queue
[2025-02-22T14:52:04.958+0000] {logging_mixin.py:190} INFO - [2025-02-22T14:52:04.957+0000] {dagbag.py:588} INFO - Filling up the DagBag from /opt/airflow/dags/cleanup.py
[2025-02-22T14:52:04.979+0000] {logging_mixin.py:190} INFO - [2025-02-22T14:52:04.978+0000] {cleanup.py:49} INFO - ENABLE_DELETE_CHILD_LOG  False
[2025-02-22T14:52:04.985+0000] {processor.py:925} INFO - DAG(s) 'cleanup' retrieved from /opt/airflow/dags/cleanup.py
[2025-02-22T14:52:05.002+0000] {logging_mixin.py:190} INFO - [2025-02-22T14:52:05.002+0000] {dag.py:3239} INFO - Sync 1 DAGs
[2025-02-22T14:52:05.023+0000] {logging_mixin.py:190} INFO - [2025-02-22T14:52:05.023+0000] {dag.py:4180} INFO - Setting next_dagrun for cleanup to 2025-02-23 00:00:00+00:00, run_after=2025-03-02 00:00:00+00:00
[2025-02-22T14:52:05.039+0000] {processor.py:208} INFO - Processing /opt/airflow/dags/cleanup.py took 0.088 seconds
[2025-02-22T14:52:36.737+0000] {processor.py:186} INFO - Started process (PID=1389) to work on /opt/airflow/dags/cleanup.py
[2025-02-22T14:52:36.738+0000] {processor.py:914} INFO - Processing file /opt/airflow/dags/cleanup.py for tasks to queue
[2025-02-22T14:52:36.740+0000] {logging_mixin.py:190} INFO - [2025-02-22T14:52:36.739+0000] {dagbag.py:588} INFO - Filling up the DagBag from /opt/airflow/dags/cleanup.py
[2025-02-22T14:52:36.766+0000] {logging_mixin.py:190} INFO - [2025-02-22T14:52:36.765+0000] {cleanup.py:49} INFO - ENABLE_DELETE_CHILD_LOG  False
[2025-02-22T14:52:36.773+0000] {processor.py:925} INFO - DAG(s) 'cleanup' retrieved from /opt/airflow/dags/cleanup.py
[2025-02-22T14:52:36.792+0000] {logging_mixin.py:190} INFO - [2025-02-22T14:52:36.792+0000] {dag.py:3239} INFO - Sync 1 DAGs
[2025-02-22T14:52:36.816+0000] {logging_mixin.py:190} INFO - [2025-02-22T14:52:36.816+0000] {dag.py:4180} INFO - Setting next_dagrun for cleanup to 2025-02-23 00:00:00+00:00, run_after=2025-03-02 00:00:00+00:00
[2025-02-22T14:52:36.837+0000] {processor.py:208} INFO - Processing /opt/airflow/dags/cleanup.py took 0.107 seconds
[2025-02-22T14:53:09.365+0000] {processor.py:186} INFO - Started process (PID=1407) to work on /opt/airflow/dags/cleanup.py
[2025-02-22T14:53:09.366+0000] {processor.py:914} INFO - Processing file /opt/airflow/dags/cleanup.py for tasks to queue
[2025-02-22T14:53:09.367+0000] {logging_mixin.py:190} INFO - [2025-02-22T14:53:09.367+0000] {dagbag.py:588} INFO - Filling up the DagBag from /opt/airflow/dags/cleanup.py
[2025-02-22T14:53:09.392+0000] {logging_mixin.py:190} INFO - [2025-02-22T14:53:09.392+0000] {cleanup.py:49} INFO - ENABLE_DELETE_CHILD_LOG  False
[2025-02-22T14:53:09.401+0000] {processor.py:925} INFO - DAG(s) 'cleanup' retrieved from /opt/airflow/dags/cleanup.py
[2025-02-22T14:53:09.420+0000] {logging_mixin.py:190} INFO - [2025-02-22T14:53:09.419+0000] {dag.py:3239} INFO - Sync 1 DAGs
[2025-02-22T14:53:09.442+0000] {logging_mixin.py:190} INFO - [2025-02-22T14:53:09.442+0000] {dag.py:4180} INFO - Setting next_dagrun for cleanup to 2025-02-23 00:00:00+00:00, run_after=2025-03-02 00:00:00+00:00
[2025-02-22T14:53:09.460+0000] {processor.py:208} INFO - Processing /opt/airflow/dags/cleanup.py took 0.100 seconds
