[2025-02-22T14:50:59.957+0000] {processor.py:186} INFO - Started process (PID=1314) to work on /opt/airflow/dags/dqc_airflow.py
[2025-02-22T14:50:59.958+0000] {processor.py:914} INFO - Processing file /opt/airflow/dags/dqc_airflow.py for tasks to queue
[2025-02-22T14:50:59.960+0000] {logging_mixin.py:190} INFO - [2025-02-22T14:50:59.959+0000] {dagbag.py:588} INFO - Filling up the DagBag from /opt/airflow/dags/dqc_airflow.py
[2025-02-22T14:50:59.973+0000] {processor.py:925} INFO - DAG(s) 'DataQualityOrchestration' retrieved from /opt/airflow/dags/dqc_airflow.py
[2025-02-22T14:51:00.000+0000] {logging_mixin.py:190} INFO - [2025-02-22T14:51:00.000+0000] {dag.py:3239} INFO - Sync 1 DAGs
[2025-02-22T14:51:00.015+0000] {logging_mixin.py:190} INFO - [2025-02-22T14:51:00.014+0000] {dag.py:4180} INFO - Setting next_dagrun for DataQualityOrchestration to None, run_after=None
[2025-02-22T14:51:00.036+0000] {processor.py:208} INFO - Processing /opt/airflow/dags/dqc_airflow.py took 0.084 seconds
[2025-02-22T14:51:32.073+0000] {processor.py:186} INFO - Started process (PID=1334) to work on /opt/airflow/dags/dqc_airflow.py
[2025-02-22T14:51:32.074+0000] {processor.py:914} INFO - Processing file /opt/airflow/dags/dqc_airflow.py for tasks to queue
[2025-02-22T14:51:32.076+0000] {logging_mixin.py:190} INFO - [2025-02-22T14:51:32.076+0000] {dagbag.py:588} INFO - Filling up the DagBag from /opt/airflow/dags/dqc_airflow.py
[2025-02-22T14:51:32.090+0000] {processor.py:925} INFO - DAG(s) 'DataQualityOrchestration' retrieved from /opt/airflow/dags/dqc_airflow.py
[2025-02-22T14:51:32.115+0000] {logging_mixin.py:190} INFO - [2025-02-22T14:51:32.115+0000] {dag.py:3239} INFO - Sync 1 DAGs
[2025-02-22T14:51:32.130+0000] {logging_mixin.py:190} INFO - [2025-02-22T14:51:32.129+0000] {dag.py:4180} INFO - Setting next_dagrun for DataQualityOrchestration to None, run_after=None
[2025-02-22T14:51:32.147+0000] {processor.py:208} INFO - Processing /opt/airflow/dags/dqc_airflow.py took 0.079 seconds
[2025-02-22T14:52:04.833+0000] {processor.py:186} INFO - Started process (PID=1354) to work on /opt/airflow/dags/dqc_airflow.py
[2025-02-22T14:52:04.834+0000] {processor.py:914} INFO - Processing file /opt/airflow/dags/dqc_airflow.py for tasks to queue
[2025-02-22T14:52:04.836+0000] {logging_mixin.py:190} INFO - [2025-02-22T14:52:04.836+0000] {dagbag.py:588} INFO - Filling up the DagBag from /opt/airflow/dags/dqc_airflow.py
[2025-02-22T14:52:04.850+0000] {processor.py:925} INFO - DAG(s) 'DataQualityOrchestration' retrieved from /opt/airflow/dags/dqc_airflow.py
[2025-02-22T14:52:04.872+0000] {logging_mixin.py:190} INFO - [2025-02-22T14:52:04.872+0000] {dag.py:3239} INFO - Sync 1 DAGs
[2025-02-22T14:52:04.884+0000] {logging_mixin.py:190} INFO - [2025-02-22T14:52:04.884+0000] {dag.py:4180} INFO - Setting next_dagrun for DataQualityOrchestration to None, run_after=None
[2025-02-22T14:52:04.902+0000] {processor.py:208} INFO - Processing /opt/airflow/dags/dqc_airflow.py took 0.073 seconds
[2025-02-22T14:52:36.492+0000] {processor.py:186} INFO - Started process (PID=1374) to work on /opt/airflow/dags/dqc_airflow.py
[2025-02-22T14:52:36.492+0000] {processor.py:914} INFO - Processing file /opt/airflow/dags/dqc_airflow.py for tasks to queue
[2025-02-22T14:52:36.494+0000] {logging_mixin.py:190} INFO - [2025-02-22T14:52:36.494+0000] {dagbag.py:588} INFO - Filling up the DagBag from /opt/airflow/dags/dqc_airflow.py
[2025-02-22T14:52:36.507+0000] {processor.py:925} INFO - DAG(s) 'DataQualityOrchestration' retrieved from /opt/airflow/dags/dqc_airflow.py
[2025-02-22T14:52:36.530+0000] {logging_mixin.py:190} INFO - [2025-02-22T14:52:36.530+0000] {dag.py:3239} INFO - Sync 1 DAGs
[2025-02-22T14:52:36.545+0000] {logging_mixin.py:190} INFO - [2025-02-22T14:52:36.544+0000] {dag.py:4180} INFO - Setting next_dagrun for DataQualityOrchestration to None, run_after=None
[2025-02-22T14:52:36.560+0000] {processor.py:208} INFO - Processing /opt/airflow/dags/dqc_airflow.py took 0.074 seconds
[2025-02-22T14:53:09.240+0000] {processor.py:186} INFO - Started process (PID=1394) to work on /opt/airflow/dags/dqc_airflow.py
[2025-02-22T14:53:09.241+0000] {processor.py:914} INFO - Processing file /opt/airflow/dags/dqc_airflow.py for tasks to queue
[2025-02-22T14:53:09.243+0000] {logging_mixin.py:190} INFO - [2025-02-22T14:53:09.243+0000] {dagbag.py:588} INFO - Filling up the DagBag from /opt/airflow/dags/dqc_airflow.py
[2025-02-22T14:53:09.257+0000] {processor.py:925} INFO - DAG(s) 'DataQualityOrchestration' retrieved from /opt/airflow/dags/dqc_airflow.py
[2025-02-22T14:53:09.282+0000] {logging_mixin.py:190} INFO - [2025-02-22T14:53:09.282+0000] {dag.py:3239} INFO - Sync 1 DAGs
[2025-02-22T14:53:09.298+0000] {logging_mixin.py:190} INFO - [2025-02-22T14:53:09.298+0000] {dag.py:4180} INFO - Setting next_dagrun for DataQualityOrchestration to None, run_after=None
[2025-02-22T14:53:09.315+0000] {processor.py:208} INFO - Processing /opt/airflow/dags/dqc_airflow.py took 0.080 seconds
