[2025-02-22T14:51:00.083+0000] {processor.py:186} INFO - Started process (PID=1324) to work on /opt/airflow/dags/housekeep.py
[2025-02-22T14:51:00.085+0000] {processor.py:914} INFO - Processing file /opt/airflow/dags/housekeep.py for tasks to queue
[2025-02-22T14:51:00.088+0000] {logging_mixin.py:190} INFO - [2025-02-22T14:51:00.088+0000] {dagbag.py:588} INFO - Filling up the DagBag from /opt/airflow/dags/housekeep.py
[2025-02-22T14:51:00.106+0000] {processor.py:925} INFO - DAG(s) 'housekeeping_job' retrieved from /opt/airflow/dags/housekeep.py
[2025-02-22T14:51:00.131+0000] {logging_mixin.py:190} INFO - [2025-02-22T14:51:00.131+0000] {dag.py:3239} INFO - Sync 1 DAGs
[2025-02-22T14:51:00.159+0000] {logging_mixin.py:190} INFO - [2025-02-22T14:51:00.158+0000] {dag.py:4180} INFO - Setting next_dagrun for housekeeping_job to 2025-02-22 14:45:00+00:00, run_after=2025-02-22 14:50:00+00:00
[2025-02-22T14:51:00.180+0000] {processor.py:208} INFO - Processing /opt/airflow/dags/housekeep.py took 0.103 seconds
[2025-02-22T14:51:32.189+0000] {processor.py:186} INFO - Started process (PID=1344) to work on /opt/airflow/dags/housekeep.py
[2025-02-22T14:51:32.190+0000] {processor.py:914} INFO - Processing file /opt/airflow/dags/housekeep.py for tasks to queue
[2025-02-22T14:51:32.192+0000] {logging_mixin.py:190} INFO - [2025-02-22T14:51:32.192+0000] {dagbag.py:588} INFO - Filling up the DagBag from /opt/airflow/dags/housekeep.py
[2025-02-22T14:51:32.209+0000] {processor.py:925} INFO - DAG(s) 'housekeeping_job' retrieved from /opt/airflow/dags/housekeep.py
[2025-02-22T14:51:32.234+0000] {logging_mixin.py:190} INFO - [2025-02-22T14:51:32.234+0000] {dag.py:3239} INFO - Sync 1 DAGs
[2025-02-22T14:51:32.261+0000] {logging_mixin.py:190} INFO - [2025-02-22T14:51:32.261+0000] {dag.py:4180} INFO - Setting next_dagrun for housekeeping_job to 2025-02-22 14:45:00+00:00, run_after=2025-02-22 14:50:00+00:00
[2025-02-22T14:51:32.283+0000] {processor.py:208} INFO - Processing /opt/airflow/dags/housekeep.py took 0.099 seconds
[2025-02-22T14:52:04.936+0000] {processor.py:186} INFO - Started process (PID=1364) to work on /opt/airflow/dags/housekeep.py
[2025-02-22T14:52:04.937+0000] {processor.py:914} INFO - Processing file /opt/airflow/dags/housekeep.py for tasks to queue
[2025-02-22T14:52:04.939+0000] {logging_mixin.py:190} INFO - [2025-02-22T14:52:04.938+0000] {dagbag.py:588} INFO - Filling up the DagBag from /opt/airflow/dags/housekeep.py
[2025-02-22T14:52:04.953+0000] {processor.py:925} INFO - DAG(s) 'housekeeping_job' retrieved from /opt/airflow/dags/housekeep.py
[2025-02-22T14:52:04.974+0000] {logging_mixin.py:190} INFO - [2025-02-22T14:52:04.974+0000] {dag.py:3239} INFO - Sync 1 DAGs
[2025-02-22T14:52:04.996+0000] {logging_mixin.py:190} INFO - [2025-02-22T14:52:04.996+0000] {dag.py:4180} INFO - Setting next_dagrun for housekeeping_job to 2025-02-22 14:45:00+00:00, run_after=2025-02-22 14:50:00+00:00
[2025-02-22T14:52:05.012+0000] {processor.py:208} INFO - Processing /opt/airflow/dags/housekeep.py took 0.080 seconds
[2025-02-22T14:52:36.597+0000] {processor.py:186} INFO - Started process (PID=1384) to work on /opt/airflow/dags/housekeep.py
[2025-02-22T14:52:36.598+0000] {processor.py:914} INFO - Processing file /opt/airflow/dags/housekeep.py for tasks to queue
[2025-02-22T14:52:36.600+0000] {logging_mixin.py:190} INFO - [2025-02-22T14:52:36.600+0000] {dagbag.py:588} INFO - Filling up the DagBag from /opt/airflow/dags/housekeep.py
[2025-02-22T14:52:36.616+0000] {processor.py:925} INFO - DAG(s) 'housekeeping_job' retrieved from /opt/airflow/dags/housekeep.py
[2025-02-22T14:52:36.641+0000] {logging_mixin.py:190} INFO - [2025-02-22T14:52:36.641+0000] {dag.py:3239} INFO - Sync 1 DAGs
[2025-02-22T14:52:36.668+0000] {logging_mixin.py:190} INFO - [2025-02-22T14:52:36.667+0000] {dag.py:4180} INFO - Setting next_dagrun for housekeeping_job to 2025-02-22 14:45:00+00:00, run_after=2025-02-22 14:50:00+00:00
[2025-02-22T14:52:36.689+0000] {processor.py:208} INFO - Processing /opt/airflow/dags/housekeep.py took 0.096 seconds
[2025-02-22T14:53:09.355+0000] {processor.py:186} INFO - Started process (PID=1404) to work on /opt/airflow/dags/housekeep.py
[2025-02-22T14:53:09.356+0000] {processor.py:914} INFO - Processing file /opt/airflow/dags/housekeep.py for tasks to queue
[2025-02-22T14:53:09.358+0000] {logging_mixin.py:190} INFO - [2025-02-22T14:53:09.358+0000] {dagbag.py:588} INFO - Filling up the DagBag from /opt/airflow/dags/housekeep.py
[2025-02-22T14:53:09.373+0000] {processor.py:925} INFO - DAG(s) 'housekeeping_job' retrieved from /opt/airflow/dags/housekeep.py
[2025-02-22T14:53:09.397+0000] {logging_mixin.py:190} INFO - [2025-02-22T14:53:09.397+0000] {dag.py:3239} INFO - Sync 1 DAGs
[2025-02-22T14:53:09.421+0000] {logging_mixin.py:190} INFO - [2025-02-22T14:53:09.421+0000] {dag.py:4180} INFO - Setting next_dagrun for housekeeping_job to 2025-02-22 14:45:00+00:00, run_after=2025-02-22 14:50:00+00:00
[2025-02-22T14:53:09.439+0000] {processor.py:208} INFO - Processing /opt/airflow/dags/housekeep.py took 0.089 seconds
