[2025-02-22T14:50:59.963+0000] {processor.py:186} INFO - Started process (PID=1317) to work on /opt/airflow/dags/spark_airflow.py
[2025-02-22T14:50:59.964+0000] {processor.py:914} INFO - Processing file /opt/airflow/dags/spark_airflow.py for tasks to queue
[2025-02-22T14:50:59.966+0000] {logging_mixin.py:190} INFO - [2025-02-22T14:50:59.965+0000] {dagbag.py:588} INFO - Filling up the DagBag from /opt/airflow/dags/spark_airflow.py
[2025-02-22T14:50:59.980+0000] {processor.py:925} INFO - DAG(s) 'spark_orchestration' retrieved from /opt/airflow/dags/spark_airflow.py
[2025-02-22T14:51:00.005+0000] {logging_mixin.py:190} INFO - [2025-02-22T14:51:00.005+0000] {dag.py:3239} INFO - Sync 1 DAGs
[2025-02-22T14:51:00.018+0000] {logging_mixin.py:190} INFO - [2025-02-22T14:51:00.018+0000] {dag.py:4180} INFO - Setting next_dagrun for spark_orchestration to None, run_after=None
[2025-02-22T14:51:00.039+0000] {processor.py:208} INFO - Processing /opt/airflow/dags/spark_airflow.py took 0.080 seconds
[2025-02-22T14:51:32.080+0000] {processor.py:186} INFO - Started process (PID=1337) to work on /opt/airflow/dags/spark_airflow.py
[2025-02-22T14:51:32.081+0000] {processor.py:914} INFO - Processing file /opt/airflow/dags/spark_airflow.py for tasks to queue
[2025-02-22T14:51:32.083+0000] {logging_mixin.py:190} INFO - [2025-02-22T14:51:32.083+0000] {dagbag.py:588} INFO - Filling up the DagBag from /opt/airflow/dags/spark_airflow.py
[2025-02-22T14:51:32.098+0000] {processor.py:925} INFO - DAG(s) 'spark_orchestration' retrieved from /opt/airflow/dags/spark_airflow.py
[2025-02-22T14:51:32.124+0000] {logging_mixin.py:190} INFO - [2025-02-22T14:51:32.124+0000] {dag.py:3239} INFO - Sync 1 DAGs
[2025-02-22T14:51:32.138+0000] {logging_mixin.py:190} INFO - [2025-02-22T14:51:32.138+0000] {dag.py:4180} INFO - Setting next_dagrun for spark_orchestration to None, run_after=None
[2025-02-22T14:51:32.155+0000] {processor.py:208} INFO - Processing /opt/airflow/dags/spark_airflow.py took 0.081 seconds
[2025-02-22T14:52:04.844+0000] {processor.py:186} INFO - Started process (PID=1357) to work on /opt/airflow/dags/spark_airflow.py
[2025-02-22T14:52:04.845+0000] {processor.py:914} INFO - Processing file /opt/airflow/dags/spark_airflow.py for tasks to queue
[2025-02-22T14:52:04.847+0000] {logging_mixin.py:190} INFO - [2025-02-22T14:52:04.847+0000] {dagbag.py:588} INFO - Filling up the DagBag from /opt/airflow/dags/spark_airflow.py
[2025-02-22T14:52:04.861+0000] {processor.py:925} INFO - DAG(s) 'spark_orchestration' retrieved from /opt/airflow/dags/spark_airflow.py
[2025-02-22T14:52:04.885+0000] {logging_mixin.py:190} INFO - [2025-02-22T14:52:04.885+0000] {dag.py:3239} INFO - Sync 1 DAGs
[2025-02-22T14:52:04.900+0000] {logging_mixin.py:190} INFO - [2025-02-22T14:52:04.899+0000] {dag.py:4180} INFO - Setting next_dagrun for spark_orchestration to None, run_after=None
[2025-02-22T14:52:04.919+0000] {processor.py:208} INFO - Processing /opt/airflow/dags/spark_airflow.py took 0.080 seconds
[2025-02-22T14:52:36.497+0000] {processor.py:186} INFO - Started process (PID=1377) to work on /opt/airflow/dags/spark_airflow.py
[2025-02-22T14:52:36.498+0000] {processor.py:914} INFO - Processing file /opt/airflow/dags/spark_airflow.py for tasks to queue
[2025-02-22T14:52:36.499+0000] {logging_mixin.py:190} INFO - [2025-02-22T14:52:36.499+0000] {dagbag.py:588} INFO - Filling up the DagBag from /opt/airflow/dags/spark_airflow.py
[2025-02-22T14:52:36.513+0000] {processor.py:925} INFO - DAG(s) 'spark_orchestration' retrieved from /opt/airflow/dags/spark_airflow.py
[2025-02-22T14:52:36.535+0000] {logging_mixin.py:190} INFO - [2025-02-22T14:52:36.535+0000] {dag.py:3239} INFO - Sync 1 DAGs
[2025-02-22T14:52:36.548+0000] {logging_mixin.py:190} INFO - [2025-02-22T14:52:36.548+0000] {dag.py:4180} INFO - Setting next_dagrun for spark_orchestration to None, run_after=None
[2025-02-22T14:52:36.564+0000] {processor.py:208} INFO - Processing /opt/airflow/dags/spark_airflow.py took 0.071 seconds
[2025-02-22T14:53:09.246+0000] {processor.py:186} INFO - Started process (PID=1397) to work on /opt/airflow/dags/spark_airflow.py
[2025-02-22T14:53:09.247+0000] {processor.py:914} INFO - Processing file /opt/airflow/dags/spark_airflow.py for tasks to queue
[2025-02-22T14:53:09.249+0000] {logging_mixin.py:190} INFO - [2025-02-22T14:53:09.248+0000] {dagbag.py:588} INFO - Filling up the DagBag from /opt/airflow/dags/spark_airflow.py
[2025-02-22T14:53:09.263+0000] {processor.py:925} INFO - DAG(s) 'spark_orchestration' retrieved from /opt/airflow/dags/spark_airflow.py
[2025-02-22T14:53:09.288+0000] {logging_mixin.py:190} INFO - [2025-02-22T14:53:09.288+0000] {dag.py:3239} INFO - Sync 1 DAGs
[2025-02-22T14:53:09.301+0000] {logging_mixin.py:190} INFO - [2025-02-22T14:53:09.300+0000] {dag.py:4180} INFO - Setting next_dagrun for spark_orchestration to None, run_after=None
[2025-02-22T14:53:09.318+0000] {processor.py:208} INFO - Processing /opt/airflow/dags/spark_airflow.py took 0.077 seconds
