[2025-02-09T03:00:20.695+0000] {processor.py:186} INFO - Started process (PID=5060) to work on /opt/airflow/dags/cleanup.py
[2025-02-09T03:00:20.696+0000] {processor.py:914} INFO - Processing file /opt/airflow/dags/cleanup.py for tasks to queue
[2025-02-09T03:00:20.698+0000] {logging_mixin.py:190} INFO - [2025-02-09T03:00:20.697+0000] {dagbag.py:588} INFO - Filling up the DagBag from /opt/airflow/dags/cleanup.py
[2025-02-09T03:00:20.724+0000] {logging_mixin.py:190} INFO - [2025-02-09T03:00:20.723+0000] {cleanup.py:49} INFO - ENABLE_DELETE_CHILD_LOG  False
[2025-02-09T03:00:20.734+0000] {processor.py:925} INFO - DAG(s) 'cleanup' retrieved from /opt/airflow/dags/cleanup.py
[2025-02-09T03:00:20.753+0000] {logging_mixin.py:190} INFO - [2025-02-09T03:00:20.753+0000] {dag.py:3239} INFO - Sync 1 DAGs
[2025-02-09T03:00:20.779+0000] {logging_mixin.py:190} INFO - [2025-02-09T03:00:20.778+0000] {dag.py:4180} INFO - Setting next_dagrun for cleanup to 2025-02-09 00:00:00+00:00, run_after=2025-02-16 00:00:00+00:00
[2025-02-09T03:00:20.799+0000] {processor.py:208} INFO - Processing /opt/airflow/dags/cleanup.py took 0.109 seconds
[2025-02-09T03:00:51.060+0000] {processor.py:186} INFO - Started process (PID=5075) to work on /opt/airflow/dags/cleanup.py
[2025-02-09T03:00:51.061+0000] {processor.py:914} INFO - Processing file /opt/airflow/dags/cleanup.py for tasks to queue
[2025-02-09T03:00:51.062+0000] {logging_mixin.py:190} INFO - [2025-02-09T03:00:51.062+0000] {dagbag.py:588} INFO - Filling up the DagBag from /opt/airflow/dags/cleanup.py
[2025-02-09T03:00:51.082+0000] {logging_mixin.py:190} INFO - [2025-02-09T03:00:51.082+0000] {cleanup.py:49} INFO - ENABLE_DELETE_CHILD_LOG  False
[2025-02-09T03:00:51.091+0000] {processor.py:925} INFO - DAG(s) 'cleanup' retrieved from /opt/airflow/dags/cleanup.py
[2025-02-09T03:00:51.108+0000] {logging_mixin.py:190} INFO - [2025-02-09T03:00:51.107+0000] {dag.py:3239} INFO - Sync 1 DAGs
[2025-02-09T03:00:51.132+0000] {logging_mixin.py:190} INFO - [2025-02-09T03:00:51.132+0000] {dag.py:4180} INFO - Setting next_dagrun for cleanup to 2025-02-09 00:00:00+00:00, run_after=2025-02-16 00:00:00+00:00
[2025-02-09T03:00:51.152+0000] {processor.py:208} INFO - Processing /opt/airflow/dags/cleanup.py took 0.096 seconds
[2025-02-09T03:01:21.456+0000] {processor.py:186} INFO - Started process (PID=5090) to work on /opt/airflow/dags/cleanup.py
[2025-02-09T03:01:21.457+0000] {processor.py:914} INFO - Processing file /opt/airflow/dags/cleanup.py for tasks to queue
[2025-02-09T03:01:21.458+0000] {logging_mixin.py:190} INFO - [2025-02-09T03:01:21.458+0000] {dagbag.py:588} INFO - Filling up the DagBag from /opt/airflow/dags/cleanup.py
[2025-02-09T03:01:21.483+0000] {logging_mixin.py:190} INFO - [2025-02-09T03:01:21.482+0000] {cleanup.py:49} INFO - ENABLE_DELETE_CHILD_LOG  False
[2025-02-09T03:01:21.493+0000] {processor.py:925} INFO - DAG(s) 'cleanup' retrieved from /opt/airflow/dags/cleanup.py
[2025-02-09T03:01:21.514+0000] {logging_mixin.py:190} INFO - [2025-02-09T03:01:21.514+0000] {dag.py:3239} INFO - Sync 1 DAGs
[2025-02-09T03:01:21.545+0000] {logging_mixin.py:190} INFO - [2025-02-09T03:01:21.545+0000] {dag.py:4180} INFO - Setting next_dagrun for cleanup to 2025-02-09 00:00:00+00:00, run_after=2025-02-16 00:00:00+00:00
[2025-02-09T03:01:21.567+0000] {processor.py:208} INFO - Processing /opt/airflow/dags/cleanup.py took 0.117 seconds
[2025-02-09T03:01:51.877+0000] {processor.py:186} INFO - Started process (PID=5105) to work on /opt/airflow/dags/cleanup.py
[2025-02-09T03:01:51.878+0000] {processor.py:914} INFO - Processing file /opt/airflow/dags/cleanup.py for tasks to queue
[2025-02-09T03:01:51.879+0000] {logging_mixin.py:190} INFO - [2025-02-09T03:01:51.879+0000] {dagbag.py:588} INFO - Filling up the DagBag from /opt/airflow/dags/cleanup.py
[2025-02-09T03:01:51.905+0000] {logging_mixin.py:190} INFO - [2025-02-09T03:01:51.905+0000] {cleanup.py:49} INFO - ENABLE_DELETE_CHILD_LOG  False
[2025-02-09T03:01:51.915+0000] {processor.py:925} INFO - DAG(s) 'cleanup' retrieved from /opt/airflow/dags/cleanup.py
[2025-02-09T03:01:51.936+0000] {logging_mixin.py:190} INFO - [2025-02-09T03:01:51.936+0000] {dag.py:3239} INFO - Sync 1 DAGs
[2025-02-09T03:01:51.962+0000] {logging_mixin.py:190} INFO - [2025-02-09T03:01:51.962+0000] {dag.py:4180} INFO - Setting next_dagrun for cleanup to 2025-02-09 00:00:00+00:00, run_after=2025-02-16 00:00:00+00:00
[2025-02-09T03:01:51.983+0000] {processor.py:208} INFO - Processing /opt/airflow/dags/cleanup.py took 0.113 seconds
