[2025-02-09T03:00:27.879+0000] {processor.py:186} INFO - Started process (PID=5067) to work on /opt/airflow/dags/housekeep.py
[2025-02-09T03:00:27.880+0000] {processor.py:914} INFO - Processing file /opt/airflow/dags/housekeep.py for tasks to queue
[2025-02-09T03:00:27.882+0000] {logging_mixin.py:190} INFO - [2025-02-09T03:00:27.881+0000] {dagbag.py:588} INFO - Filling up the DagBag from /opt/airflow/dags/housekeep.py
[2025-02-09T03:00:27.900+0000] {processor.py:925} INFO - DAG(s) 'housekeeping_job' retrieved from /opt/airflow/dags/housekeep.py
[2025-02-09T03:00:27.924+0000] {logging_mixin.py:190} INFO - [2025-02-09T03:00:27.924+0000] {dag.py:3239} INFO - Sync 1 DAGs
[2025-02-09T03:00:27.948+0000] {logging_mixin.py:190} INFO - [2025-02-09T03:00:27.948+0000] {dag.py:4180} INFO - Setting next_dagrun for housekeeping_job to 2025-02-09 03:00:00+00:00, run_after=2025-02-09 03:05:00+00:00
[2025-02-09T03:00:27.966+0000] {processor.py:208} INFO - Processing /opt/airflow/dags/housekeep.py took 0.093 seconds
[2025-02-09T03:00:58.249+0000] {processor.py:186} INFO - Started process (PID=5082) to work on /opt/airflow/dags/housekeep.py
[2025-02-09T03:00:58.250+0000] {processor.py:914} INFO - Processing file /opt/airflow/dags/housekeep.py for tasks to queue
[2025-02-09T03:00:58.251+0000] {logging_mixin.py:190} INFO - [2025-02-09T03:00:58.251+0000] {dagbag.py:588} INFO - Filling up the DagBag from /opt/airflow/dags/housekeep.py
[2025-02-09T03:00:58.268+0000] {processor.py:925} INFO - DAG(s) 'housekeeping_job' retrieved from /opt/airflow/dags/housekeep.py
[2025-02-09T03:00:58.291+0000] {logging_mixin.py:190} INFO - [2025-02-09T03:00:58.291+0000] {dag.py:3239} INFO - Sync 1 DAGs
[2025-02-09T03:00:58.318+0000] {logging_mixin.py:190} INFO - [2025-02-09T03:00:58.318+0000] {dag.py:4180} INFO - Setting next_dagrun for housekeeping_job to 2025-02-09 03:00:00+00:00, run_after=2025-02-09 03:05:00+00:00
[2025-02-09T03:00:58.336+0000] {processor.py:208} INFO - Processing /opt/airflow/dags/housekeep.py took 0.092 seconds
[2025-02-09T03:01:28.665+0000] {processor.py:186} INFO - Started process (PID=5097) to work on /opt/airflow/dags/housekeep.py
[2025-02-09T03:01:28.665+0000] {processor.py:914} INFO - Processing file /opt/airflow/dags/housekeep.py for tasks to queue
[2025-02-09T03:01:28.666+0000] {logging_mixin.py:190} INFO - [2025-02-09T03:01:28.666+0000] {dagbag.py:588} INFO - Filling up the DagBag from /opt/airflow/dags/housekeep.py
[2025-02-09T03:01:28.683+0000] {processor.py:925} INFO - DAG(s) 'housekeeping_job' retrieved from /opt/airflow/dags/housekeep.py
[2025-02-09T03:01:28.705+0000] {logging_mixin.py:190} INFO - [2025-02-09T03:01:28.705+0000] {dag.py:3239} INFO - Sync 1 DAGs
[2025-02-09T03:01:28.732+0000] {logging_mixin.py:190} INFO - [2025-02-09T03:01:28.732+0000] {dag.py:4180} INFO - Setting next_dagrun for housekeeping_job to 2025-02-09 03:00:00+00:00, run_after=2025-02-09 03:05:00+00:00
[2025-02-09T03:01:28.749+0000] {processor.py:208} INFO - Processing /opt/airflow/dags/housekeep.py took 0.089 seconds
[2025-02-09T03:01:59.084+0000] {processor.py:186} INFO - Started process (PID=5112) to work on /opt/airflow/dags/housekeep.py
[2025-02-09T03:01:59.085+0000] {processor.py:914} INFO - Processing file /opt/airflow/dags/housekeep.py for tasks to queue
[2025-02-09T03:01:59.087+0000] {logging_mixin.py:190} INFO - [2025-02-09T03:01:59.086+0000] {dagbag.py:588} INFO - Filling up the DagBag from /opt/airflow/dags/housekeep.py
[2025-02-09T03:01:59.105+0000] {processor.py:925} INFO - DAG(s) 'housekeeping_job' retrieved from /opt/airflow/dags/housekeep.py
[2025-02-09T03:01:59.131+0000] {logging_mixin.py:190} INFO - [2025-02-09T03:01:59.131+0000] {dag.py:3239} INFO - Sync 1 DAGs
[2025-02-09T03:01:59.159+0000] {logging_mixin.py:190} INFO - [2025-02-09T03:01:59.158+0000] {dag.py:4180} INFO - Setting next_dagrun for housekeeping_job to 2025-02-09 03:00:00+00:00, run_after=2025-02-09 03:05:00+00:00
[2025-02-09T03:01:59.177+0000] {processor.py:208} INFO - Processing /opt/airflow/dags/housekeep.py took 0.098 seconds
