[2025-03-02T05:29:43.776+0000] {processor.py:186} INFO - Started process (PID=622) to work on /opt/airflow/dags/cleanup.py
[2025-03-02T05:29:43.777+0000] {processor.py:914} INFO - Processing file /opt/airflow/dags/cleanup.py for tasks to queue
[2025-03-02T05:29:43.779+0000] {logging_mixin.py:190} INFO - [2025-03-02T05:29:43.779+0000] {dagbag.py:588} INFO - Filling up the DagBag from /opt/airflow/dags/cleanup.py
[2025-03-02T05:29:43.801+0000] {logging_mixin.py:190} INFO - [2025-03-02T05:29:43.801+0000] {cleanup.py:49} INFO - ENABLE_DELETE_CHILD_LOG  False
[2025-03-02T05:29:43.808+0000] {processor.py:925} INFO - DAG(s) 'cleanup' retrieved from /opt/airflow/dags/cleanup.py
[2025-03-02T05:29:43.826+0000] {logging_mixin.py:190} INFO - [2025-03-02T05:29:43.826+0000] {dag.py:3239} INFO - Sync 1 DAGs
[2025-03-02T05:29:43.849+0000] {logging_mixin.py:190} INFO - [2025-03-02T05:29:43.849+0000] {dag.py:4180} INFO - Setting next_dagrun for cleanup to 2025-03-02 00:00:00+00:00, run_after=2025-03-09 00:00:00+00:00
[2025-03-02T05:29:43.866+0000] {processor.py:208} INFO - Processing /opt/airflow/dags/cleanup.py took 0.095 seconds
[2025-03-02T05:30:14.293+0000] {processor.py:186} INFO - Started process (PID=642) to work on /opt/airflow/dags/cleanup.py
[2025-03-02T05:30:14.294+0000] {processor.py:914} INFO - Processing file /opt/airflow/dags/cleanup.py for tasks to queue
[2025-03-02T05:30:14.296+0000] {logging_mixin.py:190} INFO - [2025-03-02T05:30:14.296+0000] {dagbag.py:588} INFO - Filling up the DagBag from /opt/airflow/dags/cleanup.py
[2025-03-02T05:30:14.319+0000] {logging_mixin.py:190} INFO - [2025-03-02T05:30:14.318+0000] {cleanup.py:49} INFO - ENABLE_DELETE_CHILD_LOG  False
[2025-03-02T05:30:14.326+0000] {processor.py:925} INFO - DAG(s) 'cleanup' retrieved from /opt/airflow/dags/cleanup.py
[2025-03-02T05:30:14.344+0000] {logging_mixin.py:190} INFO - [2025-03-02T05:30:14.343+0000] {dag.py:3239} INFO - Sync 1 DAGs
[2025-03-02T05:30:14.367+0000] {logging_mixin.py:190} INFO - [2025-03-02T05:30:14.367+0000] {dag.py:4180} INFO - Setting next_dagrun for cleanup to 2025-03-02 00:00:00+00:00, run_after=2025-03-09 00:00:00+00:00
[2025-03-02T05:30:14.384+0000] {processor.py:208} INFO - Processing /opt/airflow/dags/cleanup.py took 0.097 seconds
[2025-03-02T05:30:44.826+0000] {processor.py:186} INFO - Started process (PID=662) to work on /opt/airflow/dags/cleanup.py
[2025-03-02T05:30:44.827+0000] {processor.py:914} INFO - Processing file /opt/airflow/dags/cleanup.py for tasks to queue
[2025-03-02T05:30:44.828+0000] {logging_mixin.py:190} INFO - [2025-03-02T05:30:44.828+0000] {dagbag.py:588} INFO - Filling up the DagBag from /opt/airflow/dags/cleanup.py
[2025-03-02T05:30:44.852+0000] {logging_mixin.py:190} INFO - [2025-03-02T05:30:44.851+0000] {cleanup.py:49} INFO - ENABLE_DELETE_CHILD_LOG  False
[2025-03-02T05:30:44.859+0000] {processor.py:925} INFO - DAG(s) 'cleanup' retrieved from /opt/airflow/dags/cleanup.py
[2025-03-02T05:30:44.878+0000] {logging_mixin.py:190} INFO - [2025-03-02T05:30:44.878+0000] {dag.py:3239} INFO - Sync 1 DAGs
[2025-03-02T05:30:44.899+0000] {logging_mixin.py:190} INFO - [2025-03-02T05:30:44.899+0000] {dag.py:4180} INFO - Setting next_dagrun for cleanup to 2025-03-02 00:00:00+00:00, run_after=2025-03-09 00:00:00+00:00
[2025-03-02T05:30:44.918+0000] {processor.py:208} INFO - Processing /opt/airflow/dags/cleanup.py took 0.097 seconds
[2025-03-02T05:31:15.389+0000] {processor.py:186} INFO - Started process (PID=682) to work on /opt/airflow/dags/cleanup.py
[2025-03-02T05:31:15.390+0000] {processor.py:914} INFO - Processing file /opt/airflow/dags/cleanup.py for tasks to queue
[2025-03-02T05:31:15.392+0000] {logging_mixin.py:190} INFO - [2025-03-02T05:31:15.391+0000] {dagbag.py:588} INFO - Filling up the DagBag from /opt/airflow/dags/cleanup.py
[2025-03-02T05:31:15.414+0000] {logging_mixin.py:190} INFO - [2025-03-02T05:31:15.414+0000] {cleanup.py:49} INFO - ENABLE_DELETE_CHILD_LOG  False
[2025-03-02T05:31:15.421+0000] {processor.py:925} INFO - DAG(s) 'cleanup' retrieved from /opt/airflow/dags/cleanup.py
[2025-03-02T05:31:15.439+0000] {logging_mixin.py:190} INFO - [2025-03-02T05:31:15.439+0000] {dag.py:3239} INFO - Sync 1 DAGs
[2025-03-02T05:31:15.461+0000] {logging_mixin.py:190} INFO - [2025-03-02T05:31:15.461+0000] {dag.py:4180} INFO - Setting next_dagrun for cleanup to 2025-03-02 00:00:00+00:00, run_after=2025-03-09 00:00:00+00:00
[2025-03-02T05:31:15.480+0000] {processor.py:208} INFO - Processing /opt/airflow/dags/cleanup.py took 0.096 seconds
