[2025-03-02T05:29:43.518+0000] {processor.py:186} INFO - Started process (PID=607) to work on /opt/airflow/dags/dqc_airflow.py
[2025-03-02T05:29:43.519+0000] {processor.py:914} INFO - Processing file /opt/airflow/dags/dqc_airflow.py for tasks to queue
[2025-03-02T05:29:43.521+0000] {logging_mixin.py:190} INFO - [2025-03-02T05:29:43.521+0000] {dagbag.py:588} INFO - Filling up the DagBag from /opt/airflow/dags/dqc_airflow.py
[2025-03-02T05:29:43.537+0000] {processor.py:925} INFO - DAG(s) 'DataQualityOrchestration' retrieved from /opt/airflow/dags/dqc_airflow.py
[2025-03-02T05:29:43.563+0000] {logging_mixin.py:190} INFO - [2025-03-02T05:29:43.563+0000] {dag.py:3239} INFO - Sync 1 DAGs
[2025-03-02T05:29:43.578+0000] {logging_mixin.py:190} INFO - [2025-03-02T05:29:43.578+0000] {dag.py:4180} INFO - Setting next_dagrun for DataQualityOrchestration to None, run_after=None
[2025-03-02T05:29:43.598+0000] {processor.py:208} INFO - Processing /opt/airflow/dags/dqc_airflow.py took 0.085 seconds
[2025-03-02T05:30:14.052+0000] {processor.py:186} INFO - Started process (PID=627) to work on /opt/airflow/dags/dqc_airflow.py
[2025-03-02T05:30:14.053+0000] {processor.py:914} INFO - Processing file /opt/airflow/dags/dqc_airflow.py for tasks to queue
[2025-03-02T05:30:14.055+0000] {logging_mixin.py:190} INFO - [2025-03-02T05:30:14.055+0000] {dagbag.py:588} INFO - Filling up the DagBag from /opt/airflow/dags/dqc_airflow.py
[2025-03-02T05:30:14.070+0000] {processor.py:925} INFO - DAG(s) 'DataQualityOrchestration' retrieved from /opt/airflow/dags/dqc_airflow.py
[2025-03-02T05:30:14.097+0000] {logging_mixin.py:190} INFO - [2025-03-02T05:30:14.097+0000] {dag.py:3239} INFO - Sync 1 DAGs
[2025-03-02T05:30:14.112+0000] {logging_mixin.py:190} INFO - [2025-03-02T05:30:14.112+0000] {dag.py:4180} INFO - Setting next_dagrun for DataQualityOrchestration to None, run_after=None
[2025-03-02T05:30:14.131+0000] {processor.py:208} INFO - Processing /opt/airflow/dags/dqc_airflow.py took 0.084 seconds
[2025-03-02T05:30:44.582+0000] {processor.py:186} INFO - Started process (PID=647) to work on /opt/airflow/dags/dqc_airflow.py
[2025-03-02T05:30:44.583+0000] {processor.py:914} INFO - Processing file /opt/airflow/dags/dqc_airflow.py for tasks to queue
[2025-03-02T05:30:44.585+0000] {logging_mixin.py:190} INFO - [2025-03-02T05:30:44.585+0000] {dagbag.py:588} INFO - Filling up the DagBag from /opt/airflow/dags/dqc_airflow.py
[2025-03-02T05:30:44.601+0000] {processor.py:925} INFO - DAG(s) 'DataQualityOrchestration' retrieved from /opt/airflow/dags/dqc_airflow.py
[2025-03-02T05:30:44.627+0000] {logging_mixin.py:190} INFO - [2025-03-02T05:30:44.627+0000] {dag.py:3239} INFO - Sync 1 DAGs
[2025-03-02T05:30:44.641+0000] {logging_mixin.py:190} INFO - [2025-03-02T05:30:44.641+0000] {dag.py:4180} INFO - Setting next_dagrun for DataQualityOrchestration to None, run_after=None
[2025-03-02T05:30:44.660+0000] {processor.py:208} INFO - Processing /opt/airflow/dags/dqc_airflow.py took 0.084 seconds
[2025-03-02T05:31:15.130+0000] {processor.py:186} INFO - Started process (PID=667) to work on /opt/airflow/dags/dqc_airflow.py
[2025-03-02T05:31:15.131+0000] {processor.py:914} INFO - Processing file /opt/airflow/dags/dqc_airflow.py for tasks to queue
[2025-03-02T05:31:15.134+0000] {logging_mixin.py:190} INFO - [2025-03-02T05:31:15.133+0000] {dagbag.py:588} INFO - Filling up the DagBag from /opt/airflow/dags/dqc_airflow.py
[2025-03-02T05:31:15.151+0000] {processor.py:925} INFO - DAG(s) 'DataQualityOrchestration' retrieved from /opt/airflow/dags/dqc_airflow.py
[2025-03-02T05:31:15.180+0000] {logging_mixin.py:190} INFO - [2025-03-02T05:31:15.179+0000] {dag.py:3239} INFO - Sync 1 DAGs
[2025-03-02T05:31:15.199+0000] {logging_mixin.py:190} INFO - [2025-03-02T05:31:15.198+0000] {dag.py:4180} INFO - Setting next_dagrun for DataQualityOrchestration to None, run_after=None
[2025-03-02T05:31:15.224+0000] {processor.py:208} INFO - Processing /opt/airflow/dags/dqc_airflow.py took 0.100 seconds
