[2025-03-02T05:29:43.643+0000] {processor.py:186} INFO - Started process (PID=617) to work on /opt/airflow/dags/housekeep.py
[2025-03-02T05:29:43.644+0000] {processor.py:914} INFO - Processing file /opt/airflow/dags/housekeep.py for tasks to queue
[2025-03-02T05:29:43.646+0000] {logging_mixin.py:190} INFO - [2025-03-02T05:29:43.646+0000] {dagbag.py:588} INFO - Filling up the DagBag from /opt/airflow/dags/housekeep.py
[2025-03-02T05:29:43.662+0000] {processor.py:925} INFO - DAG(s) 'housekeeping_job' retrieved from /opt/airflow/dags/housekeep.py
[2025-03-02T05:29:43.687+0000] {logging_mixin.py:190} INFO - [2025-03-02T05:29:43.687+0000] {dag.py:3239} INFO - Sync 1 DAGs
[2025-03-02T05:29:43.711+0000] {logging_mixin.py:190} INFO - [2025-03-02T05:29:43.711+0000] {dag.py:4180} INFO - Setting next_dagrun for housekeeping_job to 2025-03-02 05:20:00+00:00, run_after=2025-03-02 05:25:00+00:00
[2025-03-02T05:29:43.732+0000] {processor.py:208} INFO - Processing /opt/airflow/dags/housekeep.py took 0.095 seconds
[2025-03-02T05:30:14.171+0000] {processor.py:186} INFO - Started process (PID=637) to work on /opt/airflow/dags/housekeep.py
[2025-03-02T05:30:14.172+0000] {processor.py:914} INFO - Processing file /opt/airflow/dags/housekeep.py for tasks to queue
[2025-03-02T05:30:14.173+0000] {logging_mixin.py:190} INFO - [2025-03-02T05:30:14.173+0000] {dagbag.py:588} INFO - Filling up the DagBag from /opt/airflow/dags/housekeep.py
[2025-03-02T05:30:14.189+0000] {processor.py:925} INFO - DAG(s) 'housekeeping_job' retrieved from /opt/airflow/dags/housekeep.py
[2025-03-02T05:30:14.213+0000] {logging_mixin.py:190} INFO - [2025-03-02T05:30:14.213+0000] {dag.py:3239} INFO - Sync 1 DAGs
[2025-03-02T05:30:14.236+0000] {logging_mixin.py:190} INFO - [2025-03-02T05:30:14.236+0000] {dag.py:4180} INFO - Setting next_dagrun for housekeeping_job to 2025-03-02 05:25:00+00:00, run_after=2025-03-02 05:30:00+00:00
[2025-03-02T05:30:14.253+0000] {processor.py:208} INFO - Processing /opt/airflow/dags/housekeep.py took 0.087 seconds
[2025-03-02T05:30:44.701+0000] {processor.py:186} INFO - Started process (PID=657) to work on /opt/airflow/dags/housekeep.py
[2025-03-02T05:30:44.702+0000] {processor.py:914} INFO - Processing file /opt/airflow/dags/housekeep.py for tasks to queue
[2025-03-02T05:30:44.704+0000] {logging_mixin.py:190} INFO - [2025-03-02T05:30:44.704+0000] {dagbag.py:588} INFO - Filling up the DagBag from /opt/airflow/dags/housekeep.py
[2025-03-02T05:30:44.721+0000] {processor.py:925} INFO - DAG(s) 'housekeeping_job' retrieved from /opt/airflow/dags/housekeep.py
[2025-03-02T05:30:44.743+0000] {logging_mixin.py:190} INFO - [2025-03-02T05:30:44.743+0000] {dag.py:3239} INFO - Sync 1 DAGs
[2025-03-02T05:30:44.767+0000] {logging_mixin.py:190} INFO - [2025-03-02T05:30:44.766+0000] {dag.py:4180} INFO - Setting next_dagrun for housekeeping_job to 2025-03-02 05:25:00+00:00, run_after=2025-03-02 05:30:00+00:00
[2025-03-02T05:30:44.785+0000] {processor.py:208} INFO - Processing /opt/airflow/dags/housekeep.py took 0.089 seconds
[2025-03-02T05:31:15.263+0000] {processor.py:186} INFO - Started process (PID=677) to work on /opt/airflow/dags/housekeep.py
[2025-03-02T05:31:15.264+0000] {processor.py:914} INFO - Processing file /opt/airflow/dags/housekeep.py for tasks to queue
[2025-03-02T05:31:15.266+0000] {logging_mixin.py:190} INFO - [2025-03-02T05:31:15.266+0000] {dagbag.py:588} INFO - Filling up the DagBag from /opt/airflow/dags/housekeep.py
[2025-03-02T05:31:15.283+0000] {processor.py:925} INFO - DAG(s) 'housekeeping_job' retrieved from /opt/airflow/dags/housekeep.py
[2025-03-02T05:31:15.307+0000] {logging_mixin.py:190} INFO - [2025-03-02T05:31:15.307+0000] {dag.py:3239} INFO - Sync 1 DAGs
[2025-03-02T05:31:15.330+0000] {logging_mixin.py:190} INFO - [2025-03-02T05:31:15.330+0000] {dag.py:4180} INFO - Setting next_dagrun for housekeeping_job to 2025-03-02 05:25:00+00:00, run_after=2025-03-02 05:30:00+00:00
[2025-03-02T05:31:15.348+0000] {processor.py:208} INFO - Processing /opt/airflow/dags/housekeep.py took 0.090 seconds
