[2025-03-02T05:29:43.525+0000] {processor.py:186} INFO - Started process (PID=610) to work on /opt/airflow/dags/spark_airflow.py
[2025-03-02T05:29:43.525+0000] {processor.py:914} INFO - Processing file /opt/airflow/dags/spark_airflow.py for tasks to queue
[2025-03-02T05:29:43.527+0000] {logging_mixin.py:190} INFO - [2025-03-02T05:29:43.527+0000] {dagbag.py:588} INFO - Filling up the DagBag from /opt/airflow/dags/spark_airflow.py
[2025-03-02T05:29:43.543+0000] {processor.py:925} INFO - DAG(s) 'spark_orchestration' retrieved from /opt/airflow/dags/spark_airflow.py
[2025-03-02T05:29:43.571+0000] {logging_mixin.py:190} INFO - [2025-03-02T05:29:43.570+0000] {dag.py:3239} INFO - Sync 1 DAGs
[2025-03-02T05:29:43.585+0000] {logging_mixin.py:190} INFO - [2025-03-02T05:29:43.585+0000] {dag.py:4180} INFO - Setting next_dagrun for spark_orchestration to None, run_after=None
[2025-03-02T05:29:43.605+0000] {processor.py:208} INFO - Processing /opt/airflow/dags/spark_airflow.py took 0.085 seconds
[2025-03-02T05:30:14.060+0000] {processor.py:186} INFO - Started process (PID=630) to work on /opt/airflow/dags/spark_airflow.py
[2025-03-02T05:30:14.060+0000] {processor.py:914} INFO - Processing file /opt/airflow/dags/spark_airflow.py for tasks to queue
[2025-03-02T05:30:14.062+0000] {logging_mixin.py:190} INFO - [2025-03-02T05:30:14.062+0000] {dagbag.py:588} INFO - Filling up the DagBag from /opt/airflow/dags/spark_airflow.py
[2025-03-02T05:30:14.079+0000] {processor.py:925} INFO - DAG(s) 'spark_orchestration' retrieved from /opt/airflow/dags/spark_airflow.py
[2025-03-02T05:30:14.107+0000] {logging_mixin.py:190} INFO - [2025-03-02T05:30:14.107+0000] {dag.py:3239} INFO - Sync 1 DAGs
[2025-03-02T05:30:14.121+0000] {logging_mixin.py:190} INFO - [2025-03-02T05:30:14.121+0000] {dag.py:4180} INFO - Setting next_dagrun for spark_orchestration to None, run_after=None
[2025-03-02T05:30:14.140+0000] {processor.py:208} INFO - Processing /opt/airflow/dags/spark_airflow.py took 0.085 seconds
[2025-03-02T05:30:44.589+0000] {processor.py:186} INFO - Started process (PID=650) to work on /opt/airflow/dags/spark_airflow.py
[2025-03-02T05:30:44.590+0000] {processor.py:914} INFO - Processing file /opt/airflow/dags/spark_airflow.py for tasks to queue
[2025-03-02T05:30:44.592+0000] {logging_mixin.py:190} INFO - [2025-03-02T05:30:44.591+0000] {dagbag.py:588} INFO - Filling up the DagBag from /opt/airflow/dags/spark_airflow.py
[2025-03-02T05:30:44.607+0000] {processor.py:925} INFO - DAG(s) 'spark_orchestration' retrieved from /opt/airflow/dags/spark_airflow.py
[2025-03-02T05:30:44.635+0000] {logging_mixin.py:190} INFO - [2025-03-02T05:30:44.635+0000] {dag.py:3239} INFO - Sync 1 DAGs
[2025-03-02T05:30:44.649+0000] {logging_mixin.py:190} INFO - [2025-03-02T05:30:44.649+0000] {dag.py:4180} INFO - Setting next_dagrun for spark_orchestration to None, run_after=None
[2025-03-02T05:30:44.668+0000] {processor.py:208} INFO - Processing /opt/airflow/dags/spark_airflow.py took 0.084 seconds
[2025-03-02T05:31:15.139+0000] {processor.py:186} INFO - Started process (PID=670) to work on /opt/airflow/dags/spark_airflow.py
[2025-03-02T05:31:15.140+0000] {processor.py:914} INFO - Processing file /opt/airflow/dags/spark_airflow.py for tasks to queue
[2025-03-02T05:31:15.142+0000] {logging_mixin.py:190} INFO - [2025-03-02T05:31:15.142+0000] {dagbag.py:588} INFO - Filling up the DagBag from /opt/airflow/dags/spark_airflow.py
[2025-03-02T05:31:15.162+0000] {processor.py:925} INFO - DAG(s) 'spark_orchestration' retrieved from /opt/airflow/dags/spark_airflow.py
[2025-03-02T05:31:15.191+0000] {logging_mixin.py:190} INFO - [2025-03-02T05:31:15.191+0000] {dag.py:3239} INFO - Sync 1 DAGs
[2025-03-02T05:31:15.208+0000] {logging_mixin.py:190} INFO - [2025-03-02T05:31:15.207+0000] {dag.py:4180} INFO - Setting next_dagrun for spark_orchestration to None, run_after=None
[2025-03-02T05:31:15.228+0000] {processor.py:208} INFO - Processing /opt/airflow/dags/spark_airflow.py took 0.095 seconds
