[2025-04-09T13:50:00.707+0000] {local_task_job_runner.py:123} INFO - ::group::Pre task execution logs
[2025-04-09T13:50:00.722+0000] {taskinstance.py:2614} INFO - Dependencies all met for dep_context=non-requeueable deps ti=<TaskInstance: housekeeping_job.execute_job scheduled__2025-04-09T13:45:00+00:00 [queued]>
[2025-04-09T13:50:00.728+0000] {taskinstance.py:2614} INFO - Dependencies all met for dep_context=requeueable deps ti=<TaskInstance: housekeeping_job.execute_job scheduled__2025-04-09T13:45:00+00:00 [queued]>
[2025-04-09T13:50:00.728+0000] {taskinstance.py:2867} INFO - Starting attempt 1 of 2
[2025-04-09T13:50:00.739+0000] {taskinstance.py:2890} INFO - Executing <Task(PythonOperator): execute_job> on 2025-04-09 13:45:00+00:00
[2025-04-09T13:50:00.743+0000] {standard_task_runner.py:72} INFO - Started process 8018 to run task
[2025-04-09T13:50:00.745+0000] {standard_task_runner.py:104} INFO - Running: ['***', 'tasks', 'run', 'housekeeping_job', 'execute_job', 'scheduled__2025-04-09T13:45:00+00:00', '--job-id', '34', '--raw', '--subdir', 'DAGS_FOLDER/housekeep.py', '--cfg-path', '/tmp/tmpkxzq1hkx']
[2025-04-09T13:50:00.747+0000] {standard_task_runner.py:105} INFO - Job 34: Subtask execute_job
[2025-04-09T13:50:00.784+0000] {task_command.py:467} INFO - Running <TaskInstance: housekeeping_job.execute_job scheduled__2025-04-09T13:45:00+00:00 [running]> on host 5bd761fca1bd
[2025-04-09T13:50:00.859+0000] {taskinstance.py:3134} INFO - Exporting env vars: AIRFLOW_CTX_DAG_OWNER='***' AIRFLOW_CTX_DAG_ID='housekeeping_job' AIRFLOW_CTX_TASK_ID='execute_job' AIRFLOW_CTX_EXECUTION_DATE='2025-04-09T13:45:00+00:00' AIRFLOW_CTX_TRY_NUMBER='1' AIRFLOW_CTX_DAG_RUN_ID='scheduled__2025-04-09T13:45:00+00:00'
[2025-04-09T13:50:00.859+0000] {taskinstance.py:732} INFO - ::endgroup::
[2025-04-09T13:50:00.870+0000] {logging_mixin.py:190} INFO - ./jobs/argument_jobs.py
[2025-04-09T13:50:00.871+0000] {logging_mixin.py:190} INFO - Absolute path for 'argument_jobs.py': /opt/***/argument_jobs.py
[2025-04-09T13:50:01.002+0000] {logging_mixin.py:190} INFO - 2025-04-09 13:50:00,973 - INFO - Running script with batchdate from python logging info before if len >>> 2 > stringfy > 2025-01-01
2025-04-09 13:50:00,974 - INFO - if statement Running script with batchdate from python logging info arguments: 2025-01-01
Parsed date: 2025-01-01 00:00:00
[2025-04-09T13:50:01.003+0000] {logging_mixin.py:190} INFO - Successfully executed here after py ./jobs/argument_jobs.py with batchdate: 2025-01-01
[2025-04-09T13:50:01.004+0000] {python.py:240} INFO - Done. Returned value was: None
[2025-04-09T13:50:01.014+0000] {taskinstance.py:341} INFO - ::group::Post task execution logs
[2025-04-09T13:50:01.015+0000] {taskinstance.py:353} INFO - Marking task as SUCCESS. dag_id=housekeeping_job, task_id=execute_job, run_id=scheduled__2025-04-09T13:45:00+00:00, execution_date=20250409T134500, start_date=20250409T135000, end_date=20250409T135001
[2025-04-09T13:50:01.079+0000] {local_task_job_runner.py:266} INFO - Task exited with return code 0
[2025-04-09T13:50:01.093+0000] {taskinstance.py:3901} INFO - 0 downstream tasks scheduled from follow-on schedule check
[2025-04-09T13:50:01.095+0000] {local_task_job_runner.py:245} INFO - ::endgroup::
