[2025-04-18T08:04:30.880+0000] {manager.py:483} INFO - Processing files using up to 2 processes at a time 
[2025-04-18T08:04:30.881+0000] {manager.py:484} INFO - Process each file at most once every 30 seconds
[2025-04-18T08:04:30.881+0000] {manager.py:485} INFO - Checking for new files in /opt/airflow/dags every 300 seconds
[2025-04-18T08:04:30.882+0000] {manager.py:821} INFO - Searching for files in /opt/airflow/dags
[2025-04-18T08:04:30.939+0000] {manager.py:824} INFO - There are 7 files in /opt/airflow/dags
[2025-04-18T08:04:31.018+0000] {manager.py:997} INFO - 
================================================================================
DAG File Processing Stats

File Path                             PID  Runtime      # DAGs    # Errors  Last Runtime    Last Run      Last # of DB Queries
----------------------------------  -----  ---------  --------  ----------  --------------  ----------  ----------------------
/opt/airflow/dags/callsh.py           171  0.02s             0           0                                                   0
/opt/airflow/dags/cleanup.py                                 0           0                                                   0
/opt/airflow/dags/dqc_airflow.py                             0           0                                                   0
/opt/airflow/dags/executeremote.py    168  0.04s             0           0                                                   0
/opt/airflow/dags/housekeep.py                               0           0                                                   0
/opt/airflow/dags/parameterDAG.py                            0           0                                                   0
/opt/airflow/dags/spark_airflow.py                           0           0                                                   0
================================================================================
[2025-04-18T08:05:03.441+0000] {manager.py:997} INFO - 
================================================================================
DAG File Processing Stats

File Path                           PID    Runtime      # DAGs    # Errors  Last Runtime    Last Run               Last # of DB Queries
----------------------------------  -----  ---------  --------  ----------  --------------  -------------------  ----------------------
/opt/airflow/dags/spark_airflow.py                           1           0  0.24s           2025-04-18T08:05:02                      10
/opt/airflow/dags/housekeep.py                               1           0  0.23s           2025-04-18T08:05:02                      12
/opt/airflow/dags/parameterDAG.py                            1           0  0.23s           2025-04-18T08:05:02                      10
/opt/airflow/dags/callsh.py                                  1           0  0.19s           2025-04-18T08:05:01                      10
/opt/airflow/dags/executeremote.py                           1           0  0.19s           2025-04-18T08:05:01                      10
/opt/airflow/dags/cleanup.py                                 1           0  0.18s           2025-04-18T08:05:02                      14
/opt/airflow/dags/dqc_airflow.py                             1           0  0.17s           2025-04-18T08:05:01                      10
================================================================================
[2025-04-18T08:05:35.921+0000] {manager.py:997} INFO - 
================================================================================
DAG File Processing Stats

File Path                           PID    Runtime      # DAGs    # Errors  Last Runtime    Last Run               Last # of DB Queries
----------------------------------  -----  ---------  --------  ----------  --------------  -------------------  ----------------------
/opt/airflow/dags/callsh.py                                  1           0  0.14s           2025-04-18T08:05:32                      10
/opt/airflow/dags/executeremote.py                           1           0  0.13s           2025-04-18T08:05:32                      10
/opt/airflow/dags/dqc_airflow.py                             1           0  0.12s           2025-04-18T08:05:32                      10
/opt/airflow/dags/housekeep.py                               1           0  0.11s           2025-04-18T08:05:32                      12
/opt/airflow/dags/cleanup.py                                 1           0  0.10s           2025-04-18T08:05:32                      14
/opt/airflow/dags/spark_airflow.py                           1           0  0.10s           2025-04-18T08:05:32                      10
/opt/airflow/dags/parameterDAG.py                            1           0  0.09s           2025-04-18T08:05:32                      10
================================================================================
[2025-04-18T08:06:08.339+0000] {manager.py:997} INFO - 
================================================================================
DAG File Processing Stats

File Path                           PID    Runtime      # DAGs    # Errors  Last Runtime    Last Run               Last # of DB Queries
----------------------------------  -----  ---------  --------  ----------  --------------  -------------------  ----------------------
/opt/airflow/dags/cleanup.py                                 1           0  0.10s           2025-04-18T08:06:03                      14
/opt/airflow/dags/callsh.py                                  1           0  0.09s           2025-04-18T08:06:02                      10
/opt/airflow/dags/housekeep.py                               1           0  0.09s           2025-04-18T08:06:03                      12
/opt/airflow/dags/spark_airflow.py                           1           0  0.09s           2025-04-18T08:06:03                      10
/opt/airflow/dags/executeremote.py                           1           0  0.09s           2025-04-18T08:06:02                      10
/opt/airflow/dags/dqc_airflow.py                             1           0  0.09s           2025-04-18T08:06:03                      10
/opt/airflow/dags/parameterDAG.py                            1           0  0.09s           2025-04-18T08:06:03                      10
================================================================================
[2025-04-18T08:06:40.792+0000] {manager.py:997} INFO - 
================================================================================
DAG File Processing Stats

File Path                           PID    Runtime      # DAGs    # Errors  Last Runtime    Last Run               Last # of DB Queries
----------------------------------  -----  ---------  --------  ----------  --------------  -------------------  ----------------------
/opt/airflow/dags/cleanup.py                                 1           0  0.10s           2025-04-18T08:06:33                      14
/opt/airflow/dags/housekeep.py                               1           0  0.09s           2025-04-18T08:06:33                      12
/opt/airflow/dags/spark_airflow.py                           1           0  0.09s           2025-04-18T08:06:33                      10
/opt/airflow/dags/callsh.py                                  1           0  0.09s           2025-04-18T08:06:33                      10
/opt/airflow/dags/parameterDAG.py                            1           0  0.09s           2025-04-18T08:06:33                      10
/opt/airflow/dags/executeremote.py                           1           0  0.09s           2025-04-18T08:06:33                      10
/opt/airflow/dags/dqc_airflow.py                             1           0  0.09s           2025-04-18T08:06:33                      10
================================================================================
[2025-04-18T08:07:13.126+0000] {manager.py:997} INFO - 
================================================================================
DAG File Processing Stats

File Path                           PID    Runtime      # DAGs    # Errors  Last Runtime    Last Run               Last # of DB Queries
----------------------------------  -----  ---------  --------  ----------  --------------  -------------------  ----------------------
/opt/airflow/dags/cleanup.py                                 1           0  0.10s           2025-04-18T08:07:04                      14
/opt/airflow/dags/callsh.py                                  1           0  0.09s           2025-04-18T08:07:03                      10
/opt/airflow/dags/spark_airflow.py                           1           0  0.09s           2025-04-18T08:07:03                      10
/opt/airflow/dags/housekeep.py                               1           0  0.09s           2025-04-18T08:07:04                      12
/opt/airflow/dags/executeremote.py                           1           0  0.09s           2025-04-18T08:07:03                      10
/opt/airflow/dags/parameterDAG.py                            1           0  0.09s           2025-04-18T08:07:03                      10
/opt/airflow/dags/dqc_airflow.py                             1           0  0.08s           2025-04-18T08:07:03                      10
================================================================================
[2025-04-18T08:07:45.437+0000] {manager.py:997} INFO - 
================================================================================
DAG File Processing Stats

File Path                           PID    Runtime      # DAGs    # Errors  Last Runtime    Last Run               Last # of DB Queries
----------------------------------  -----  ---------  --------  ----------  --------------  -------------------  ----------------------
/opt/airflow/dags/cleanup.py                                 1           0  0.11s           2025-04-18T08:07:34                      14
/opt/airflow/dags/housekeep.py                               1           0  0.11s           2025-04-18T08:07:34                      12
/opt/airflow/dags/callsh.py                                  1           0  0.10s           2025-04-18T08:07:34                      10
/opt/airflow/dags/spark_airflow.py                           1           0  0.10s           2025-04-18T08:07:34                      10
/opt/airflow/dags/executeremote.py                           1           0  0.10s           2025-04-18T08:07:33                      10
/opt/airflow/dags/parameterDAG.py                            1           0  0.10s           2025-04-18T08:07:34                      10
/opt/airflow/dags/dqc_airflow.py                             1           0  0.10s           2025-04-18T08:07:34                      10
================================================================================
[2025-04-18T08:08:18.021+0000] {manager.py:997} INFO - 
================================================================================
DAG File Processing Stats

File Path                           PID    Runtime      # DAGs    # Errors  Last Runtime    Last Run               Last # of DB Queries
----------------------------------  -----  ---------  --------  ----------  --------------  -------------------  ----------------------
/opt/airflow/dags/housekeep.py                               1           0  0.11s           2025-04-18T08:08:04                      12
/opt/airflow/dags/callsh.py                                  1           0  0.11s           2025-04-18T08:08:04                      10
/opt/airflow/dags/spark_airflow.py                           1           0  0.10s           2025-04-18T08:08:04                      10
/opt/airflow/dags/cleanup.py                                 1           0  0.10s           2025-04-18T08:08:05                      14
/opt/airflow/dags/executeremote.py                           1           0  0.10s           2025-04-18T08:08:04                      10
/opt/airflow/dags/dqc_airflow.py                             1           0  0.10s           2025-04-18T08:08:04                      10
/opt/airflow/dags/parameterDAG.py                            1           0  0.10s           2025-04-18T08:08:04                      10
================================================================================
[2025-04-18T08:08:50.456+0000] {manager.py:997} INFO - 
================================================================================
DAG File Processing Stats

File Path                           PID    Runtime      # DAGs    # Errors  Last Runtime    Last Run               Last # of DB Queries
----------------------------------  -----  ---------  --------  ----------  --------------  -------------------  ----------------------
/opt/airflow/dags/cleanup.py                                 1           0  0.10s           2025-04-18T08:08:35                      14
/opt/airflow/dags/callsh.py                                  1           0  0.10s           2025-04-18T08:08:35                      10
/opt/airflow/dags/executeremote.py                           1           0  0.10s           2025-04-18T08:08:35                      10
/opt/airflow/dags/housekeep.py                               1           0  0.10s           2025-04-18T08:08:35                      12
/opt/airflow/dags/spark_airflow.py                           1           0  0.09s           2025-04-18T08:08:35                      10
/opt/airflow/dags/parameterDAG.py                            1           0  0.09s           2025-04-18T08:08:35                      10
/opt/airflow/dags/dqc_airflow.py                             1           0  0.09s           2025-04-18T08:08:35                      10
================================================================================
[2025-04-18T08:09:21.860+0000] {manager.py:997} INFO - 
================================================================================
DAG File Processing Stats

File Path                           PID    Runtime      # DAGs    # Errors  Last Runtime    Last Run               Last # of DB Queries
----------------------------------  -----  ---------  --------  ----------  --------------  -------------------  ----------------------
/opt/airflow/dags/cleanup.py                                 1           0  0.12s           2025-04-18T08:09:05                      14
/opt/airflow/dags/housekeep.py                               1           0  0.10s           2025-04-18T08:09:05                      12
/opt/airflow/dags/spark_airflow.py                           1           0  0.10s           2025-04-18T08:09:05                      10
/opt/airflow/dags/callsh.py                                  1           0  0.09s           2025-04-18T08:09:05                      10
/opt/airflow/dags/parameterDAG.py                            1           0  0.09s           2025-04-18T08:09:05                      10
/opt/airflow/dags/executeremote.py                           1           0  0.09s           2025-04-18T08:09:05                      10
/opt/airflow/dags/dqc_airflow.py                             1           0  0.09s           2025-04-18T08:09:05                      10
================================================================================
[2025-04-18T08:09:31.344+0000] {manager.py:821} INFO - Searching for files in /opt/airflow/dags
[2025-04-18T08:09:31.407+0000] {manager.py:824} INFO - There are 7 files in /opt/airflow/dags
[2025-04-18T08:09:55.115+0000] {manager.py:997} INFO - 
================================================================================
DAG File Processing Stats

File Path                           PID    Runtime      # DAGs    # Errors  Last Runtime    Last Run               Last # of DB Queries
----------------------------------  -----  ---------  --------  ----------  --------------  -------------------  ----------------------
/opt/airflow/dags/dqc_airflow.py                             1           0  0.13s           2025-04-18T08:09:35                      10
/opt/airflow/dags/housekeep.py                               1           0  0.12s           2025-04-18T08:09:35                      12
/opt/airflow/dags/cleanup.py                                 1           0  0.12s           2025-04-18T08:09:36                      14
/opt/airflow/dags/spark_airflow.py                           1           0  0.11s           2025-04-18T08:09:35                      10
/opt/airflow/dags/parameterDAG.py                            1           0  0.11s           2025-04-18T08:09:35                      10
/opt/airflow/dags/executeremote.py                           1           0  0.10s           2025-04-18T08:09:35                      10
/opt/airflow/dags/callsh.py                                  1           0  0.09s           2025-04-18T08:09:35                      10
================================================================================
[2025-04-18T08:10:27.544+0000] {manager.py:997} INFO - 
================================================================================
DAG File Processing Stats

File Path                           PID    Runtime      # DAGs    # Errors  Last Runtime    Last Run               Last # of DB Queries
----------------------------------  -----  ---------  --------  ----------  --------------  -------------------  ----------------------
/opt/airflow/dags/callsh.py                                  1           0  0.11s           2025-04-18T08:10:06                      10
/opt/airflow/dags/executeremote.py                           1           0  0.11s           2025-04-18T08:10:06                      10
/opt/airflow/dags/cleanup.py                                 1           0  0.11s           2025-04-18T08:10:06                      14
/opt/airflow/dags/spark_airflow.py                           1           0  0.10s           2025-04-18T08:10:06                      10
/opt/airflow/dags/dqc_airflow.py                             1           0  0.10s           2025-04-18T08:10:06                      10
/opt/airflow/dags/housekeep.py                               1           0  0.10s           2025-04-18T08:10:06                      12
/opt/airflow/dags/parameterDAG.py                            1           0  0.10s           2025-04-18T08:10:06                      10
================================================================================
[2025-04-18T08:10:59.978+0000] {manager.py:997} INFO - 
================================================================================
DAG File Processing Stats

File Path                           PID    Runtime      # DAGs    # Errors  Last Runtime    Last Run               Last # of DB Queries
----------------------------------  -----  ---------  --------  ----------  --------------  -------------------  ----------------------
/opt/airflow/dags/cleanup.py                                 1           0  0.10s           2025-04-18T08:10:36                      14
/opt/airflow/dags/housekeep.py                               1           0  0.09s           2025-04-18T08:10:36                      12
/opt/airflow/dags/callsh.py                                  1           0  0.09s           2025-04-18T08:10:36                      10
/opt/airflow/dags/spark_airflow.py                           1           0  0.09s           2025-04-18T08:10:36                      10
/opt/airflow/dags/executeremote.py                           1           0  0.09s           2025-04-18T08:10:36                      10
/opt/airflow/dags/dqc_airflow.py                             1           0  0.09s           2025-04-18T08:10:36                      10
/opt/airflow/dags/parameterDAG.py                            1           0  0.09s           2025-04-18T08:10:36                      10
================================================================================
