[2025-04-09T11:23:06.356+0000] {processor.py:186} INFO - Started process (PID=651) to work on /opt/airflow/dags/dqc_airflow.py
[2025-04-09T11:23:06.356+0000] {processor.py:914} INFO - Processing file /opt/airflow/dags/dqc_airflow.py for tasks to queue
[2025-04-09T11:23:06.358+0000] {logging_mixin.py:190} INFO - [2025-04-09T11:23:06.358+0000] {dagbag.py:588} INFO - Filling up the DagBag from /opt/airflow/dags/dqc_airflow.py
[2025-04-09T11:23:06.374+0000] {processor.py:925} INFO - DAG(s) 'DataQualityOrchestration' retrieved from /opt/airflow/dags/dqc_airflow.py
[2025-04-09T11:23:06.396+0000] {logging_mixin.py:190} INFO - [2025-04-09T11:23:06.396+0000] {dag.py:3239} INFO - Sync 1 DAGs
[2025-04-09T11:23:06.407+0000] {logging_mixin.py:190} INFO - [2025-04-09T11:23:06.406+0000] {dag.py:4180} INFO - Setting next_dagrun for DataQualityOrchestration to None, run_after=None
[2025-04-09T11:23:06.423+0000] {processor.py:208} INFO - Processing /opt/airflow/dags/dqc_airflow.py took 0.073 seconds
[2025-04-09T11:23:36.781+0000] {processor.py:186} INFO - Started process (PID=676) to work on /opt/airflow/dags/dqc_airflow.py
[2025-04-09T11:23:36.782+0000] {processor.py:914} INFO - Processing file /opt/airflow/dags/dqc_airflow.py for tasks to queue
[2025-04-09T11:23:36.783+0000] {logging_mixin.py:190} INFO - [2025-04-09T11:23:36.783+0000] {dagbag.py:588} INFO - Filling up the DagBag from /opt/airflow/dags/dqc_airflow.py
[2025-04-09T11:23:36.798+0000] {processor.py:925} INFO - DAG(s) 'DataQualityOrchestration' retrieved from /opt/airflow/dags/dqc_airflow.py
[2025-04-09T11:23:36.820+0000] {logging_mixin.py:190} INFO - [2025-04-09T11:23:36.820+0000] {dag.py:3239} INFO - Sync 1 DAGs
[2025-04-09T11:23:36.831+0000] {logging_mixin.py:190} INFO - [2025-04-09T11:23:36.831+0000] {dag.py:4180} INFO - Setting next_dagrun for DataQualityOrchestration to None, run_after=None
[2025-04-09T11:23:36.847+0000] {processor.py:208} INFO - Processing /opt/airflow/dags/dqc_airflow.py took 0.071 seconds
[2025-04-09T11:24:07.226+0000] {processor.py:186} INFO - Started process (PID=701) to work on /opt/airflow/dags/dqc_airflow.py
[2025-04-09T11:24:07.227+0000] {processor.py:914} INFO - Processing file /opt/airflow/dags/dqc_airflow.py for tasks to queue
[2025-04-09T11:24:07.229+0000] {logging_mixin.py:190} INFO - [2025-04-09T11:24:07.228+0000] {dagbag.py:588} INFO - Filling up the DagBag from /opt/airflow/dags/dqc_airflow.py
[2025-04-09T11:24:07.246+0000] {processor.py:925} INFO - DAG(s) 'DataQualityOrchestration' retrieved from /opt/airflow/dags/dqc_airflow.py
[2025-04-09T11:24:07.272+0000] {logging_mixin.py:190} INFO - [2025-04-09T11:24:07.271+0000] {dag.py:3239} INFO - Sync 1 DAGs
[2025-04-09T11:24:07.284+0000] {logging_mixin.py:190} INFO - [2025-04-09T11:24:07.284+0000] {dag.py:4180} INFO - Setting next_dagrun for DataQualityOrchestration to None, run_after=None
[2025-04-09T11:24:07.303+0000] {processor.py:208} INFO - Processing /opt/airflow/dags/dqc_airflow.py took 0.083 seconds
[2025-04-09T11:24:37.659+0000] {processor.py:186} INFO - Started process (PID=726) to work on /opt/airflow/dags/dqc_airflow.py
[2025-04-09T11:24:37.660+0000] {processor.py:914} INFO - Processing file /opt/airflow/dags/dqc_airflow.py for tasks to queue
[2025-04-09T11:24:37.662+0000] {logging_mixin.py:190} INFO - [2025-04-09T11:24:37.661+0000] {dagbag.py:588} INFO - Filling up the DagBag from /opt/airflow/dags/dqc_airflow.py
[2025-04-09T11:24:37.677+0000] {processor.py:925} INFO - DAG(s) 'DataQualityOrchestration' retrieved from /opt/airflow/dags/dqc_airflow.py
[2025-04-09T11:24:37.700+0000] {logging_mixin.py:190} INFO - [2025-04-09T11:24:37.700+0000] {dag.py:3239} INFO - Sync 1 DAGs
[2025-04-09T11:24:37.713+0000] {logging_mixin.py:190} INFO - [2025-04-09T11:24:37.713+0000] {dag.py:4180} INFO - Setting next_dagrun for DataQualityOrchestration to None, run_after=None
[2025-04-09T11:24:37.729+0000] {processor.py:208} INFO - Processing /opt/airflow/dags/dqc_airflow.py took 0.075 seconds
[2025-04-09T11:25:08.091+0000] {processor.py:186} INFO - Started process (PID=755) to work on /opt/airflow/dags/dqc_airflow.py
[2025-04-09T11:25:08.092+0000] {processor.py:914} INFO - Processing file /opt/airflow/dags/dqc_airflow.py for tasks to queue
[2025-04-09T11:25:08.094+0000] {logging_mixin.py:190} INFO - [2025-04-09T11:25:08.093+0000] {dagbag.py:588} INFO - Filling up the DagBag from /opt/airflow/dags/dqc_airflow.py
[2025-04-09T11:25:08.110+0000] {processor.py:925} INFO - DAG(s) 'DataQualityOrchestration' retrieved from /opt/airflow/dags/dqc_airflow.py
[2025-04-09T11:25:08.134+0000] {logging_mixin.py:190} INFO - [2025-04-09T11:25:08.133+0000] {dag.py:3239} INFO - Sync 1 DAGs
[2025-04-09T11:25:08.145+0000] {logging_mixin.py:190} INFO - [2025-04-09T11:25:08.145+0000] {dag.py:4180} INFO - Setting next_dagrun for DataQualityOrchestration to None, run_after=None
[2025-04-09T11:25:08.163+0000] {processor.py:208} INFO - Processing /opt/airflow/dags/dqc_airflow.py took 0.077 seconds
[2025-04-09T11:25:38.519+0000] {processor.py:186} INFO - Started process (PID=780) to work on /opt/airflow/dags/dqc_airflow.py
[2025-04-09T11:25:38.520+0000] {processor.py:914} INFO - Processing file /opt/airflow/dags/dqc_airflow.py for tasks to queue
[2025-04-09T11:25:38.521+0000] {logging_mixin.py:190} INFO - [2025-04-09T11:25:38.521+0000] {dagbag.py:588} INFO - Filling up the DagBag from /opt/airflow/dags/dqc_airflow.py
[2025-04-09T11:25:38.536+0000] {processor.py:925} INFO - DAG(s) 'DataQualityOrchestration' retrieved from /opt/airflow/dags/dqc_airflow.py
[2025-04-09T11:25:38.558+0000] {logging_mixin.py:190} INFO - [2025-04-09T11:25:38.558+0000] {dag.py:3239} INFO - Sync 1 DAGs
[2025-04-09T11:25:38.568+0000] {logging_mixin.py:190} INFO - [2025-04-09T11:25:38.568+0000] {dag.py:4180} INFO - Setting next_dagrun for DataQualityOrchestration to None, run_after=None
[2025-04-09T11:25:38.584+0000] {processor.py:208} INFO - Processing /opt/airflow/dags/dqc_airflow.py took 0.070 seconds
[2025-04-09T11:26:08.855+0000] {processor.py:186} INFO - Started process (PID=805) to work on /opt/airflow/dags/dqc_airflow.py
[2025-04-09T11:26:08.856+0000] {processor.py:914} INFO - Processing file /opt/airflow/dags/dqc_airflow.py for tasks to queue
[2025-04-09T11:26:08.857+0000] {logging_mixin.py:190} INFO - [2025-04-09T11:26:08.857+0000] {dagbag.py:588} INFO - Filling up the DagBag from /opt/airflow/dags/dqc_airflow.py
[2025-04-09T11:26:08.872+0000] {processor.py:925} INFO - DAG(s) 'DataQualityOrchestration' retrieved from /opt/airflow/dags/dqc_airflow.py
[2025-04-09T11:26:08.895+0000] {logging_mixin.py:190} INFO - [2025-04-09T11:26:08.894+0000] {dag.py:3239} INFO - Sync 1 DAGs
[2025-04-09T11:26:08.907+0000] {logging_mixin.py:190} INFO - [2025-04-09T11:26:08.907+0000] {dag.py:4180} INFO - Setting next_dagrun for DataQualityOrchestration to None, run_after=None
[2025-04-09T11:26:08.926+0000] {processor.py:208} INFO - Processing /opt/airflow/dags/dqc_airflow.py took 0.076 seconds
[2025-04-09T11:26:39.302+0000] {processor.py:186} INFO - Started process (PID=830) to work on /opt/airflow/dags/dqc_airflow.py
[2025-04-09T11:26:39.303+0000] {processor.py:914} INFO - Processing file /opt/airflow/dags/dqc_airflow.py for tasks to queue
[2025-04-09T11:26:39.304+0000] {logging_mixin.py:190} INFO - [2025-04-09T11:26:39.304+0000] {dagbag.py:588} INFO - Filling up the DagBag from /opt/airflow/dags/dqc_airflow.py
[2025-04-09T11:26:39.322+0000] {processor.py:925} INFO - DAG(s) 'DataQualityOrchestration' retrieved from /opt/airflow/dags/dqc_airflow.py
[2025-04-09T11:26:39.348+0000] {logging_mixin.py:190} INFO - [2025-04-09T11:26:39.348+0000] {dag.py:3239} INFO - Sync 1 DAGs
[2025-04-09T11:26:39.362+0000] {logging_mixin.py:190} INFO - [2025-04-09T11:26:39.362+0000] {dag.py:4180} INFO - Setting next_dagrun for DataQualityOrchestration to None, run_after=None
[2025-04-09T11:26:39.382+0000] {processor.py:208} INFO - Processing /opt/airflow/dags/dqc_airflow.py took 0.086 seconds
