[2025-02-17T05:00:00.938+0000] {local_task_job_runner.py:123} INFO - ::group::Pre task execution logs
[2025-02-17T05:00:00.952+0000] {taskinstance.py:2614} INFO - Dependencies all met for dep_context=non-requeueable deps ti=<TaskInstance: housekeeping_job.execute_job scheduled__2025-02-17T04:55:00+00:00 [queued]>
[2025-02-17T05:00:00.959+0000] {taskinstance.py:2614} INFO - Dependencies all met for dep_context=requeueable deps ti=<TaskInstance: housekeeping_job.execute_job scheduled__2025-02-17T04:55:00+00:00 [queued]>
[2025-02-17T05:00:00.959+0000] {taskinstance.py:2867} INFO - Starting attempt 1 of 2
[2025-02-17T05:00:00.970+0000] {taskinstance.py:2890} INFO - Executing <Task(PythonOperator): execute_job> on 2025-02-17 04:55:00+00:00
[2025-02-17T05:00:00.977+0000] {standard_task_runner.py:104} INFO - Running: ['***', 'tasks', 'run', 'housekeeping_job', 'execute_job', 'scheduled__2025-02-17T04:55:00+00:00', '--job-id', '160', '--raw', '--subdir', 'DAGS_FOLDER/housekeep.py', '--cfg-path', '/tmp/tmpzpwin4x9']
[2025-02-17T05:00:00.979+0000] {standard_task_runner.py:105} INFO - Job 160: Subtask execute_job
[2025-02-17T05:00:00.982+0000] {logging_mixin.py:190} WARNING - /home/***/.local/lib/python3.12/site-packages/***/task/task_runner/standard_task_runner.py:70 DeprecationWarning: This process (pid=6858) is multi-threaded, use of fork() may lead to deadlocks in the child.
[2025-02-17T05:00:00.983+0000] {standard_task_runner.py:72} INFO - Started process 6859 to run task
[2025-02-17T05:00:01.016+0000] {task_command.py:467} INFO - Running <TaskInstance: housekeeping_job.execute_job scheduled__2025-02-17T04:55:00+00:00 [running]> on host 662fc89c5bc4
[2025-02-17T05:00:01.092+0000] {taskinstance.py:3134} INFO - Exporting env vars: AIRFLOW_CTX_DAG_OWNER='***' AIRFLOW_CTX_DAG_ID='housekeeping_job' AIRFLOW_CTX_TASK_ID='execute_job' AIRFLOW_CTX_EXECUTION_DATE='2025-02-17T04:55:00+00:00' AIRFLOW_CTX_TRY_NUMBER='1' AIRFLOW_CTX_DAG_RUN_ID='scheduled__2025-02-17T04:55:00+00:00'
[2025-02-17T05:00:01.093+0000] {taskinstance.py:732} INFO - ::endgroup::
[2025-02-17T05:00:01.105+0000] {logging_mixin.py:190} INFO - ./jobs/argument_jobs.py
[2025-02-17T05:00:01.105+0000] {logging_mixin.py:190} INFO - Absolute path for 'argument_jobs.py': /opt/***/argument_jobs.py
[2025-02-17T05:00:01.251+0000] {logging_mixin.py:190} INFO - 2025-02-17 05:00:01,228 - INFO - Running script with batchdate from python logging info before if len >>> 2 > stringfy > 2025-01-01
2025-02-17 05:00:01,228 - INFO - if statement Running script with batchdate from python logging info arguments: 2025-01-01
Parsed date: 2025-01-01 00:00:00
[2025-02-17T05:00:01.252+0000] {logging_mixin.py:190} INFO - Successfully executed here after py ./jobs/argument_jobs.py with batchdate: 2025-01-01
[2025-02-17T05:00:01.252+0000] {python.py:240} INFO - Done. Returned value was: None
[2025-02-17T05:00:01.260+0000] {taskinstance.py:341} INFO - ::group::Post task execution logs
[2025-02-17T05:00:01.261+0000] {taskinstance.py:353} INFO - Marking task as SUCCESS. dag_id=housekeeping_job, task_id=execute_job, run_id=scheduled__2025-02-17T04:55:00+00:00, execution_date=20250217T045500, start_date=20250217T050000, end_date=20250217T050001
[2025-02-17T05:00:01.317+0000] {local_task_job_runner.py:266} INFO - Task exited with return code 0
[2025-02-17T05:00:01.330+0000] {taskinstance.py:3901} INFO - 0 downstream tasks scheduled from follow-on schedule check
[2025-02-17T05:00:01.332+0000] {local_task_job_runner.py:245} INFO - ::endgroup::
