[2025-03-09T05:45:16.309+0000] {processor.py:186} INFO - Started process (PID=5876) to work on /opt/airflow/dags/cleanup.py
[2025-03-09T05:45:16.310+0000] {processor.py:914} INFO - Processing file /opt/airflow/dags/cleanup.py for tasks to queue
[2025-03-09T05:45:16.311+0000] {logging_mixin.py:190} INFO - [2025-03-09T05:45:16.311+0000] {dagbag.py:588} INFO - Filling up the DagBag from /opt/airflow/dags/cleanup.py
[2025-03-09T05:45:16.336+0000] {logging_mixin.py:190} INFO - [2025-03-09T05:45:16.335+0000] {cleanup.py:49} INFO - ENABLE_DELETE_CHILD_LOG  False
[2025-03-09T05:45:16.343+0000] {processor.py:925} INFO - DAG(s) 'cleanup' retrieved from /opt/airflow/dags/cleanup.py
[2025-03-09T05:45:16.363+0000] {logging_mixin.py:190} INFO - [2025-03-09T05:45:16.362+0000] {dag.py:3239} INFO - Sync 1 DAGs
[2025-03-09T05:45:16.388+0000] {logging_mixin.py:190} INFO - [2025-03-09T05:45:16.388+0000] {dag.py:4180} INFO - Setting next_dagrun for cleanup to 2025-03-09 00:00:00+00:00, run_after=2025-03-16 00:00:00+00:00
[2025-03-09T05:45:16.412+0000] {processor.py:208} INFO - Processing /opt/airflow/dags/cleanup.py took 0.109 seconds
[2025-03-09T05:45:46.522+0000] {processor.py:186} INFO - Started process (PID=5896) to work on /opt/airflow/dags/cleanup.py
[2025-03-09T05:45:46.523+0000] {processor.py:914} INFO - Processing file /opt/airflow/dags/cleanup.py for tasks to queue
[2025-03-09T05:45:46.524+0000] {logging_mixin.py:190} INFO - [2025-03-09T05:45:46.524+0000] {dagbag.py:588} INFO - Filling up the DagBag from /opt/airflow/dags/cleanup.py
[2025-03-09T05:45:46.546+0000] {logging_mixin.py:190} INFO - [2025-03-09T05:45:46.546+0000] {cleanup.py:49} INFO - ENABLE_DELETE_CHILD_LOG  False
[2025-03-09T05:45:46.553+0000] {processor.py:925} INFO - DAG(s) 'cleanup' retrieved from /opt/airflow/dags/cleanup.py
[2025-03-09T05:45:46.570+0000] {logging_mixin.py:190} INFO - [2025-03-09T05:45:46.570+0000] {dag.py:3239} INFO - Sync 1 DAGs
[2025-03-09T05:45:46.592+0000] {logging_mixin.py:190} INFO - [2025-03-09T05:45:46.592+0000] {dag.py:4180} INFO - Setting next_dagrun for cleanup to 2025-03-09 00:00:00+00:00, run_after=2025-03-16 00:00:00+00:00
[2025-03-09T05:45:46.608+0000] {processor.py:208} INFO - Processing /opt/airflow/dags/cleanup.py took 0.091 seconds
[2025-03-09T05:46:16.733+0000] {processor.py:186} INFO - Started process (PID=5916) to work on /opt/airflow/dags/cleanup.py
[2025-03-09T05:46:16.733+0000] {processor.py:914} INFO - Processing file /opt/airflow/dags/cleanup.py for tasks to queue
[2025-03-09T05:46:16.735+0000] {logging_mixin.py:190} INFO - [2025-03-09T05:46:16.735+0000] {dagbag.py:588} INFO - Filling up the DagBag from /opt/airflow/dags/cleanup.py
[2025-03-09T05:46:16.756+0000] {logging_mixin.py:190} INFO - [2025-03-09T05:46:16.756+0000] {cleanup.py:49} INFO - ENABLE_DELETE_CHILD_LOG  False
[2025-03-09T05:46:16.763+0000] {processor.py:925} INFO - DAG(s) 'cleanup' retrieved from /opt/airflow/dags/cleanup.py
[2025-03-09T05:46:16.779+0000] {logging_mixin.py:190} INFO - [2025-03-09T05:46:16.779+0000] {dag.py:3239} INFO - Sync 1 DAGs
[2025-03-09T05:46:16.799+0000] {logging_mixin.py:190} INFO - [2025-03-09T05:46:16.798+0000] {dag.py:4180} INFO - Setting next_dagrun for cleanup to 2025-03-09 00:00:00+00:00, run_after=2025-03-16 00:00:00+00:00
[2025-03-09T05:46:16.814+0000] {processor.py:208} INFO - Processing /opt/airflow/dags/cleanup.py took 0.086 seconds
[2025-03-09T05:46:47.805+0000] {processor.py:186} INFO - Started process (PID=5936) to work on /opt/airflow/dags/cleanup.py
[2025-03-09T05:46:47.806+0000] {processor.py:914} INFO - Processing file /opt/airflow/dags/cleanup.py for tasks to queue
[2025-03-09T05:46:47.808+0000] {logging_mixin.py:190} INFO - [2025-03-09T05:46:47.808+0000] {dagbag.py:588} INFO - Filling up the DagBag from /opt/airflow/dags/cleanup.py
[2025-03-09T05:46:47.832+0000] {logging_mixin.py:190} INFO - [2025-03-09T05:46:47.832+0000] {cleanup.py:49} INFO - ENABLE_DELETE_CHILD_LOG  False
[2025-03-09T05:46:47.841+0000] {processor.py:925} INFO - DAG(s) 'cleanup' retrieved from /opt/airflow/dags/cleanup.py
[2025-03-09T05:46:47.862+0000] {logging_mixin.py:190} INFO - [2025-03-09T05:46:47.862+0000] {dag.py:3239} INFO - Sync 1 DAGs
[2025-03-09T05:46:47.888+0000] {logging_mixin.py:190} INFO - [2025-03-09T05:46:47.887+0000] {dag.py:4180} INFO - Setting next_dagrun for cleanup to 2025-03-09 00:00:00+00:00, run_after=2025-03-16 00:00:00+00:00
[2025-03-09T05:46:47.910+0000] {processor.py:208} INFO - Processing /opt/airflow/dags/cleanup.py took 0.109 seconds
[2025-03-09T05:47:18.334+0000] {processor.py:186} INFO - Started process (PID=5954) to work on /opt/airflow/dags/cleanup.py
[2025-03-09T05:47:18.335+0000] {processor.py:914} INFO - Processing file /opt/airflow/dags/cleanup.py for tasks to queue
[2025-03-09T05:47:18.337+0000] {logging_mixin.py:190} INFO - [2025-03-09T05:47:18.336+0000] {dagbag.py:588} INFO - Filling up the DagBag from /opt/airflow/dags/cleanup.py
[2025-03-09T05:47:18.359+0000] {logging_mixin.py:190} INFO - [2025-03-09T05:47:18.358+0000] {cleanup.py:49} INFO - ENABLE_DELETE_CHILD_LOG  False
[2025-03-09T05:47:18.366+0000] {processor.py:925} INFO - DAG(s) 'cleanup' retrieved from /opt/airflow/dags/cleanup.py
[2025-03-09T05:47:18.383+0000] {logging_mixin.py:190} INFO - [2025-03-09T05:47:18.382+0000] {dag.py:3239} INFO - Sync 1 DAGs
[2025-03-09T05:47:18.403+0000] {logging_mixin.py:190} INFO - [2025-03-09T05:47:18.403+0000] {dag.py:4180} INFO - Setting next_dagrun for cleanup to 2025-03-09 00:00:00+00:00, run_after=2025-03-16 00:00:00+00:00
[2025-03-09T05:47:18.422+0000] {processor.py:208} INFO - Processing /opt/airflow/dags/cleanup.py took 0.093 seconds
[2025-03-09T05:47:50.377+0000] {processor.py:186} INFO - Started process (PID=5974) to work on /opt/airflow/dags/cleanup.py
[2025-03-09T05:47:50.378+0000] {processor.py:914} INFO - Processing file /opt/airflow/dags/cleanup.py for tasks to queue
[2025-03-09T05:47:50.380+0000] {logging_mixin.py:190} INFO - [2025-03-09T05:47:50.380+0000] {dagbag.py:588} INFO - Filling up the DagBag from /opt/airflow/dags/cleanup.py
[2025-03-09T05:47:50.403+0000] {logging_mixin.py:190} INFO - [2025-03-09T05:47:50.403+0000] {cleanup.py:49} INFO - ENABLE_DELETE_CHILD_LOG  False
[2025-03-09T05:47:50.410+0000] {processor.py:925} INFO - DAG(s) 'cleanup' retrieved from /opt/airflow/dags/cleanup.py
[2025-03-09T05:47:50.428+0000] {logging_mixin.py:190} INFO - [2025-03-09T05:47:50.428+0000] {dag.py:3239} INFO - Sync 1 DAGs
[2025-03-09T05:47:52.062+0000] {logging_mixin.py:190} INFO - [2025-03-09T05:47:52.062+0000] {dag.py:4180} INFO - Setting next_dagrun for cleanup to 2025-03-09 00:00:00+00:00, run_after=2025-03-16 00:00:00+00:00
[2025-03-09T05:47:52.081+0000] {processor.py:208} INFO - Processing /opt/airflow/dags/cleanup.py took 0.098 seconds
[2025-03-09T05:48:25.029+0000] {processor.py:186} INFO - Started process (PID=5994) to work on /opt/airflow/dags/cleanup.py
[2025-03-09T05:48:25.030+0000] {processor.py:914} INFO - Processing file /opt/airflow/dags/cleanup.py for tasks to queue
[2025-03-09T05:48:25.032+0000] {logging_mixin.py:190} INFO - [2025-03-09T05:48:25.031+0000] {dagbag.py:588} INFO - Filling up the DagBag from /opt/airflow/dags/cleanup.py
[2025-03-09T05:48:25.056+0000] {logging_mixin.py:190} INFO - [2025-03-09T05:48:25.055+0000] {cleanup.py:49} INFO - ENABLE_DELETE_CHILD_LOG  False
[2025-03-09T05:48:25.064+0000] {processor.py:925} INFO - DAG(s) 'cleanup' retrieved from /opt/airflow/dags/cleanup.py
[2025-03-09T05:48:25.082+0000] {logging_mixin.py:190} INFO - [2025-03-09T05:48:25.081+0000] {dag.py:3239} INFO - Sync 1 DAGs
[2025-03-09T05:48:25.104+0000] {logging_mixin.py:190} INFO - [2025-03-09T05:48:25.104+0000] {dag.py:4180} INFO - Setting next_dagrun for cleanup to 2025-03-09 00:00:00+00:00, run_after=2025-03-16 00:00:00+00:00
[2025-03-09T05:48:25.121+0000] {processor.py:208} INFO - Processing /opt/airflow/dags/cleanup.py took 0.097 seconds
[2025-03-09T05:48:58.162+0000] {processor.py:186} INFO - Started process (PID=6014) to work on /opt/airflow/dags/cleanup.py
[2025-03-09T05:48:58.162+0000] {processor.py:914} INFO - Processing file /opt/airflow/dags/cleanup.py for tasks to queue
[2025-03-09T05:48:58.164+0000] {logging_mixin.py:190} INFO - [2025-03-09T05:48:58.164+0000] {dagbag.py:588} INFO - Filling up the DagBag from /opt/airflow/dags/cleanup.py
[2025-03-09T05:48:58.186+0000] {logging_mixin.py:190} INFO - [2025-03-09T05:48:58.185+0000] {cleanup.py:49} INFO - ENABLE_DELETE_CHILD_LOG  False
[2025-03-09T05:48:58.192+0000] {processor.py:925} INFO - DAG(s) 'cleanup' retrieved from /opt/airflow/dags/cleanup.py
[2025-03-09T05:48:58.209+0000] {logging_mixin.py:190} INFO - [2025-03-09T05:48:58.209+0000] {dag.py:3239} INFO - Sync 1 DAGs
[2025-03-09T05:48:58.231+0000] {logging_mixin.py:190} INFO - [2025-03-09T05:48:58.231+0000] {dag.py:4180} INFO - Setting next_dagrun for cleanup to 2025-03-09 00:00:00+00:00, run_after=2025-03-16 00:00:00+00:00
[2025-03-09T05:48:58.249+0000] {processor.py:208} INFO - Processing /opt/airflow/dags/cleanup.py took 0.092 seconds
[2025-03-09T05:49:30.153+0000] {processor.py:186} INFO - Started process (PID=6034) to work on /opt/airflow/dags/cleanup.py
[2025-03-09T05:49:30.154+0000] {processor.py:914} INFO - Processing file /opt/airflow/dags/cleanup.py for tasks to queue
[2025-03-09T05:49:30.155+0000] {logging_mixin.py:190} INFO - [2025-03-09T05:49:30.155+0000] {dagbag.py:588} INFO - Filling up the DagBag from /opt/airflow/dags/cleanup.py
[2025-03-09T05:49:30.177+0000] {logging_mixin.py:190} INFO - [2025-03-09T05:49:30.177+0000] {cleanup.py:49} INFO - ENABLE_DELETE_CHILD_LOG  False
[2025-03-09T05:49:30.184+0000] {processor.py:925} INFO - DAG(s) 'cleanup' retrieved from /opt/airflow/dags/cleanup.py
[2025-03-09T05:49:30.202+0000] {logging_mixin.py:190} INFO - [2025-03-09T05:49:30.201+0000] {dag.py:3239} INFO - Sync 1 DAGs
[2025-03-09T05:49:30.224+0000] {logging_mixin.py:190} INFO - [2025-03-09T05:49:30.223+0000] {dag.py:4180} INFO - Setting next_dagrun for cleanup to 2025-03-09 00:00:00+00:00, run_after=2025-03-16 00:00:00+00:00
[2025-03-09T05:49:30.242+0000] {processor.py:208} INFO - Processing /opt/airflow/dags/cleanup.py took 0.094 seconds
[2025-03-09T05:50:03.330+0000] {processor.py:186} INFO - Started process (PID=6054) to work on /opt/airflow/dags/cleanup.py
[2025-03-09T05:50:03.331+0000] {processor.py:914} INFO - Processing file /opt/airflow/dags/cleanup.py for tasks to queue
[2025-03-09T05:50:03.333+0000] {logging_mixin.py:190} INFO - [2025-03-09T05:50:03.332+0000] {dagbag.py:588} INFO - Filling up the DagBag from /opt/airflow/dags/cleanup.py
[2025-03-09T05:50:03.354+0000] {logging_mixin.py:190} INFO - [2025-03-09T05:50:03.354+0000] {cleanup.py:49} INFO - ENABLE_DELETE_CHILD_LOG  False
[2025-03-09T05:50:03.361+0000] {processor.py:925} INFO - DAG(s) 'cleanup' retrieved from /opt/airflow/dags/cleanup.py
[2025-03-09T05:50:03.381+0000] {logging_mixin.py:190} INFO - [2025-03-09T05:50:03.380+0000] {dag.py:3239} INFO - Sync 1 DAGs
[2025-03-09T05:50:03.404+0000] {logging_mixin.py:190} INFO - [2025-03-09T05:50:03.404+0000] {dag.py:4180} INFO - Setting next_dagrun for cleanup to 2025-03-09 00:00:00+00:00, run_after=2025-03-16 00:00:00+00:00
[2025-03-09T05:50:03.424+0000] {processor.py:208} INFO - Processing /opt/airflow/dags/cleanup.py took 0.099 seconds
[2025-03-09T05:50:33.860+0000] {processor.py:186} INFO - Started process (PID=6074) to work on /opt/airflow/dags/cleanup.py
[2025-03-09T05:50:33.861+0000] {processor.py:914} INFO - Processing file /opt/airflow/dags/cleanup.py for tasks to queue
[2025-03-09T05:50:33.863+0000] {logging_mixin.py:190} INFO - [2025-03-09T05:50:33.862+0000] {dagbag.py:588} INFO - Filling up the DagBag from /opt/airflow/dags/cleanup.py
[2025-03-09T05:50:35.486+0000] {logging_mixin.py:190} INFO - [2025-03-09T05:50:35.486+0000] {cleanup.py:49} INFO - ENABLE_DELETE_CHILD_LOG  False
[2025-03-09T05:50:35.494+0000] {processor.py:925} INFO - DAG(s) 'cleanup' retrieved from /opt/airflow/dags/cleanup.py
[2025-03-09T05:50:35.512+0000] {logging_mixin.py:190} INFO - [2025-03-09T05:50:35.512+0000] {dag.py:3239} INFO - Sync 1 DAGs
[2025-03-09T05:50:35.535+0000] {logging_mixin.py:190} INFO - [2025-03-09T05:50:35.534+0000] {dag.py:4180} INFO - Setting next_dagrun for cleanup to 2025-03-09 00:00:00+00:00, run_after=2025-03-16 00:00:00+00:00
[2025-03-09T05:50:35.553+0000] {processor.py:208} INFO - Processing /opt/airflow/dags/cleanup.py took 0.097 seconds
[2025-03-09T05:51:08.646+0000] {processor.py:186} INFO - Started process (PID=6094) to work on /opt/airflow/dags/cleanup.py
[2025-03-09T05:51:08.647+0000] {processor.py:914} INFO - Processing file /opt/airflow/dags/cleanup.py for tasks to queue
[2025-03-09T05:51:08.649+0000] {logging_mixin.py:190} INFO - [2025-03-09T05:51:08.648+0000] {dagbag.py:588} INFO - Filling up the DagBag from /opt/airflow/dags/cleanup.py
[2025-03-09T05:51:08.670+0000] {logging_mixin.py:190} INFO - [2025-03-09T05:51:08.670+0000] {cleanup.py:49} INFO - ENABLE_DELETE_CHILD_LOG  False
[2025-03-09T05:51:08.677+0000] {processor.py:925} INFO - DAG(s) 'cleanup' retrieved from /opt/airflow/dags/cleanup.py
[2025-03-09T05:51:08.694+0000] {logging_mixin.py:190} INFO - [2025-03-09T05:51:08.694+0000] {dag.py:3239} INFO - Sync 1 DAGs
[2025-03-09T05:51:08.716+0000] {logging_mixin.py:190} INFO - [2025-03-09T05:51:08.715+0000] {dag.py:4180} INFO - Setting next_dagrun for cleanup to 2025-03-09 00:00:00+00:00, run_after=2025-03-16 00:00:00+00:00
[2025-03-09T05:51:08.733+0000] {processor.py:208} INFO - Processing /opt/airflow/dags/cleanup.py took 0.092 seconds
[2025-03-09T05:51:39.094+0000] {processor.py:186} INFO - Started process (PID=6114) to work on /opt/airflow/dags/cleanup.py
[2025-03-09T05:51:39.095+0000] {processor.py:914} INFO - Processing file /opt/airflow/dags/cleanup.py for tasks to queue
[2025-03-09T05:51:39.097+0000] {logging_mixin.py:190} INFO - [2025-03-09T05:51:39.096+0000] {dagbag.py:588} INFO - Filling up the DagBag from /opt/airflow/dags/cleanup.py
[2025-03-09T05:51:39.118+0000] {logging_mixin.py:190} INFO - [2025-03-09T05:51:39.118+0000] {cleanup.py:49} INFO - ENABLE_DELETE_CHILD_LOG  False
[2025-03-09T05:51:39.125+0000] {processor.py:925} INFO - DAG(s) 'cleanup' retrieved from /opt/airflow/dags/cleanup.py
[2025-03-09T05:51:39.142+0000] {logging_mixin.py:190} INFO - [2025-03-09T05:51:39.142+0000] {dag.py:3239} INFO - Sync 1 DAGs
[2025-03-09T05:51:39.163+0000] {logging_mixin.py:190} INFO - [2025-03-09T05:51:39.163+0000] {dag.py:4180} INFO - Setting next_dagrun for cleanup to 2025-03-09 00:00:00+00:00, run_after=2025-03-16 00:00:00+00:00
[2025-03-09T05:51:39.179+0000] {processor.py:208} INFO - Processing /opt/airflow/dags/cleanup.py took 0.090 seconds
[2025-03-09T05:52:10.131+0000] {processor.py:186} INFO - Started process (PID=6134) to work on /opt/airflow/dags/cleanup.py
[2025-03-09T05:52:10.131+0000] {processor.py:914} INFO - Processing file /opt/airflow/dags/cleanup.py for tasks to queue
[2025-03-09T05:52:10.133+0000] {logging_mixin.py:190} INFO - [2025-03-09T05:52:10.133+0000] {dagbag.py:588} INFO - Filling up the DagBag from /opt/airflow/dags/cleanup.py
[2025-03-09T05:52:10.155+0000] {logging_mixin.py:190} INFO - [2025-03-09T05:52:10.155+0000] {cleanup.py:49} INFO - ENABLE_DELETE_CHILD_LOG  False
[2025-03-09T05:52:10.163+0000] {processor.py:925} INFO - DAG(s) 'cleanup' retrieved from /opt/airflow/dags/cleanup.py
[2025-03-09T05:52:10.180+0000] {logging_mixin.py:190} INFO - [2025-03-09T05:52:10.179+0000] {dag.py:3239} INFO - Sync 1 DAGs
[2025-03-09T05:52:10.201+0000] {logging_mixin.py:190} INFO - [2025-03-09T05:52:10.201+0000] {dag.py:4180} INFO - Setting next_dagrun for cleanup to 2025-03-09 00:00:00+00:00, run_after=2025-03-16 00:00:00+00:00
[2025-03-09T05:52:10.220+0000] {processor.py:208} INFO - Processing /opt/airflow/dags/cleanup.py took 0.094 seconds
[2025-03-09T05:52:40.271+0000] {processor.py:186} INFO - Started process (PID=6154) to work on /opt/airflow/dags/cleanup.py
[2025-03-09T05:52:40.272+0000] {processor.py:914} INFO - Processing file /opt/airflow/dags/cleanup.py for tasks to queue
[2025-03-09T05:52:40.273+0000] {logging_mixin.py:190} INFO - [2025-03-09T05:52:40.273+0000] {dagbag.py:588} INFO - Filling up the DagBag from /opt/airflow/dags/cleanup.py
[2025-03-09T05:52:40.296+0000] {logging_mixin.py:190} INFO - [2025-03-09T05:52:40.296+0000] {cleanup.py:49} INFO - ENABLE_DELETE_CHILD_LOG  False
[2025-03-09T05:52:40.303+0000] {processor.py:925} INFO - DAG(s) 'cleanup' retrieved from /opt/airflow/dags/cleanup.py
[2025-03-09T05:52:40.320+0000] {logging_mixin.py:190} INFO - [2025-03-09T05:52:40.320+0000] {dag.py:3239} INFO - Sync 1 DAGs
[2025-03-09T05:52:40.342+0000] {logging_mixin.py:190} INFO - [2025-03-09T05:52:40.341+0000] {dag.py:4180} INFO - Setting next_dagrun for cleanup to 2025-03-09 00:00:00+00:00, run_after=2025-03-16 00:00:00+00:00
[2025-03-09T05:52:40.360+0000] {processor.py:208} INFO - Processing /opt/airflow/dags/cleanup.py took 0.093 seconds
[2025-03-09T05:53:11.311+0000] {processor.py:186} INFO - Started process (PID=6174) to work on /opt/airflow/dags/cleanup.py
[2025-03-09T05:53:11.311+0000] {processor.py:914} INFO - Processing file /opt/airflow/dags/cleanup.py for tasks to queue
[2025-03-09T05:53:11.313+0000] {logging_mixin.py:190} INFO - [2025-03-09T05:53:11.313+0000] {dagbag.py:588} INFO - Filling up the DagBag from /opt/airflow/dags/cleanup.py
[2025-03-09T05:53:11.335+0000] {logging_mixin.py:190} INFO - [2025-03-09T05:53:11.334+0000] {cleanup.py:49} INFO - ENABLE_DELETE_CHILD_LOG  False
[2025-03-09T05:53:11.341+0000] {processor.py:925} INFO - DAG(s) 'cleanup' retrieved from /opt/airflow/dags/cleanup.py
[2025-03-09T05:53:11.359+0000] {logging_mixin.py:190} INFO - [2025-03-09T05:53:11.359+0000] {dag.py:3239} INFO - Sync 1 DAGs
[2025-03-09T05:53:11.380+0000] {logging_mixin.py:190} INFO - [2025-03-09T05:53:11.380+0000] {dag.py:4180} INFO - Setting next_dagrun for cleanup to 2025-03-09 00:00:00+00:00, run_after=2025-03-16 00:00:00+00:00
[2025-03-09T05:53:11.397+0000] {processor.py:208} INFO - Processing /opt/airflow/dags/cleanup.py took 0.092 seconds
[2025-03-09T05:53:42.352+0000] {processor.py:186} INFO - Started process (PID=6194) to work on /opt/airflow/dags/cleanup.py
[2025-03-09T05:53:42.353+0000] {processor.py:914} INFO - Processing file /opt/airflow/dags/cleanup.py for tasks to queue
[2025-03-09T05:53:42.355+0000] {logging_mixin.py:190} INFO - [2025-03-09T05:53:42.354+0000] {dagbag.py:588} INFO - Filling up the DagBag from /opt/airflow/dags/cleanup.py
[2025-03-09T05:53:42.376+0000] {logging_mixin.py:190} INFO - [2025-03-09T05:53:42.376+0000] {cleanup.py:49} INFO - ENABLE_DELETE_CHILD_LOG  False
[2025-03-09T05:53:42.384+0000] {processor.py:925} INFO - DAG(s) 'cleanup' retrieved from /opt/airflow/dags/cleanup.py
[2025-03-09T05:53:42.401+0000] {logging_mixin.py:190} INFO - [2025-03-09T05:53:42.400+0000] {dag.py:3239} INFO - Sync 1 DAGs
[2025-03-09T05:53:42.422+0000] {logging_mixin.py:190} INFO - [2025-03-09T05:53:42.422+0000] {dag.py:4180} INFO - Setting next_dagrun for cleanup to 2025-03-09 00:00:00+00:00, run_after=2025-03-16 00:00:00+00:00
[2025-03-09T05:53:42.440+0000] {processor.py:208} INFO - Processing /opt/airflow/dags/cleanup.py took 0.093 seconds
[2025-03-09T05:54:13.399+0000] {processor.py:186} INFO - Started process (PID=6214) to work on /opt/airflow/dags/cleanup.py
[2025-03-09T05:54:13.400+0000] {processor.py:914} INFO - Processing file /opt/airflow/dags/cleanup.py for tasks to queue
[2025-03-09T05:54:13.402+0000] {logging_mixin.py:190} INFO - [2025-03-09T05:54:13.401+0000] {dagbag.py:588} INFO - Filling up the DagBag from /opt/airflow/dags/cleanup.py
[2025-03-09T05:54:13.423+0000] {logging_mixin.py:190} INFO - [2025-03-09T05:54:13.423+0000] {cleanup.py:49} INFO - ENABLE_DELETE_CHILD_LOG  False
[2025-03-09T05:54:13.430+0000] {processor.py:925} INFO - DAG(s) 'cleanup' retrieved from /opt/airflow/dags/cleanup.py
[2025-03-09T05:54:13.450+0000] {logging_mixin.py:190} INFO - [2025-03-09T05:54:13.449+0000] {dag.py:3239} INFO - Sync 1 DAGs
[2025-03-09T05:54:13.472+0000] {logging_mixin.py:190} INFO - [2025-03-09T05:54:13.472+0000] {dag.py:4180} INFO - Setting next_dagrun for cleanup to 2025-03-09 00:00:00+00:00, run_after=2025-03-16 00:00:00+00:00
[2025-03-09T05:54:13.490+0000] {processor.py:208} INFO - Processing /opt/airflow/dags/cleanup.py took 0.096 seconds
[2025-03-09T05:54:44.522+0000] {processor.py:186} INFO - Started process (PID=6234) to work on /opt/airflow/dags/cleanup.py
[2025-03-09T05:54:44.522+0000] {processor.py:914} INFO - Processing file /opt/airflow/dags/cleanup.py for tasks to queue
[2025-03-09T05:54:44.524+0000] {logging_mixin.py:190} INFO - [2025-03-09T05:54:44.524+0000] {dagbag.py:588} INFO - Filling up the DagBag from /opt/airflow/dags/cleanup.py
[2025-03-09T05:54:44.546+0000] {logging_mixin.py:190} INFO - [2025-03-09T05:54:44.546+0000] {cleanup.py:49} INFO - ENABLE_DELETE_CHILD_LOG  False
[2025-03-09T05:54:44.553+0000] {processor.py:925} INFO - DAG(s) 'cleanup' retrieved from /opt/airflow/dags/cleanup.py
[2025-03-09T05:54:44.570+0000] {logging_mixin.py:190} INFO - [2025-03-09T05:54:44.570+0000] {dag.py:3239} INFO - Sync 1 DAGs
[2025-03-09T05:54:44.591+0000] {logging_mixin.py:190} INFO - [2025-03-09T05:54:44.590+0000] {dag.py:4180} INFO - Setting next_dagrun for cleanup to 2025-03-09 00:00:00+00:00, run_after=2025-03-16 00:00:00+00:00
[2025-03-09T05:54:44.608+0000] {processor.py:208} INFO - Processing /opt/airflow/dags/cleanup.py took 0.091 seconds
[2025-03-09T05:55:14.656+0000] {processor.py:186} INFO - Started process (PID=6254) to work on /opt/airflow/dags/cleanup.py
[2025-03-09T05:55:14.657+0000] {processor.py:914} INFO - Processing file /opt/airflow/dags/cleanup.py for tasks to queue
[2025-03-09T05:55:14.659+0000] {logging_mixin.py:190} INFO - [2025-03-09T05:55:14.659+0000] {dagbag.py:588} INFO - Filling up the DagBag from /opt/airflow/dags/cleanup.py
[2025-03-09T05:55:14.681+0000] {logging_mixin.py:190} INFO - [2025-03-09T05:55:14.681+0000] {cleanup.py:49} INFO - ENABLE_DELETE_CHILD_LOG  False
[2025-03-09T05:55:14.687+0000] {processor.py:925} INFO - DAG(s) 'cleanup' retrieved from /opt/airflow/dags/cleanup.py
[2025-03-09T05:55:14.704+0000] {logging_mixin.py:190} INFO - [2025-03-09T05:55:14.703+0000] {dag.py:3239} INFO - Sync 1 DAGs
[2025-03-09T05:55:14.724+0000] {logging_mixin.py:190} INFO - [2025-03-09T05:55:14.724+0000] {dag.py:4180} INFO - Setting next_dagrun for cleanup to 2025-03-09 00:00:00+00:00, run_after=2025-03-16 00:00:00+00:00
[2025-03-09T05:55:14.741+0000] {processor.py:208} INFO - Processing /opt/airflow/dags/cleanup.py took 0.090 seconds
[2025-03-09T05:55:44.802+0000] {processor.py:186} INFO - Started process (PID=6274) to work on /opt/airflow/dags/cleanup.py
[2025-03-09T05:55:44.803+0000] {processor.py:914} INFO - Processing file /opt/airflow/dags/cleanup.py for tasks to queue
[2025-03-09T05:55:44.805+0000] {logging_mixin.py:190} INFO - [2025-03-09T05:55:44.804+0000] {dagbag.py:588} INFO - Filling up the DagBag from /opt/airflow/dags/cleanup.py
[2025-03-09T05:55:44.826+0000] {logging_mixin.py:190} INFO - [2025-03-09T05:55:44.826+0000] {cleanup.py:49} INFO - ENABLE_DELETE_CHILD_LOG  False
[2025-03-09T05:55:44.833+0000] {processor.py:925} INFO - DAG(s) 'cleanup' retrieved from /opt/airflow/dags/cleanup.py
[2025-03-09T05:55:44.851+0000] {logging_mixin.py:190} INFO - [2025-03-09T05:55:44.851+0000] {dag.py:3239} INFO - Sync 1 DAGs
[2025-03-09T05:55:44.872+0000] {logging_mixin.py:190} INFO - [2025-03-09T05:55:44.872+0000] {dag.py:4180} INFO - Setting next_dagrun for cleanup to 2025-03-09 00:00:00+00:00, run_after=2025-03-16 00:00:00+00:00
[2025-03-09T05:55:44.890+0000] {processor.py:208} INFO - Processing /opt/airflow/dags/cleanup.py took 0.093 seconds
[2025-03-09T05:56:15.832+0000] {processor.py:186} INFO - Started process (PID=6294) to work on /opt/airflow/dags/cleanup.py
[2025-03-09T05:56:15.833+0000] {processor.py:914} INFO - Processing file /opt/airflow/dags/cleanup.py for tasks to queue
[2025-03-09T05:56:15.835+0000] {logging_mixin.py:190} INFO - [2025-03-09T05:56:15.834+0000] {dagbag.py:588} INFO - Filling up the DagBag from /opt/airflow/dags/cleanup.py
[2025-03-09T05:56:15.858+0000] {logging_mixin.py:190} INFO - [2025-03-09T05:56:15.858+0000] {cleanup.py:49} INFO - ENABLE_DELETE_CHILD_LOG  False
[2025-03-09T05:56:15.865+0000] {processor.py:925} INFO - DAG(s) 'cleanup' retrieved from /opt/airflow/dags/cleanup.py
[2025-03-09T05:56:15.882+0000] {logging_mixin.py:190} INFO - [2025-03-09T05:56:15.882+0000] {dag.py:3239} INFO - Sync 1 DAGs
[2025-03-09T05:56:15.904+0000] {logging_mixin.py:190} INFO - [2025-03-09T05:56:15.903+0000] {dag.py:4180} INFO - Setting next_dagrun for cleanup to 2025-03-09 00:00:00+00:00, run_after=2025-03-16 00:00:00+00:00
[2025-03-09T05:56:15.922+0000] {processor.py:208} INFO - Processing /opt/airflow/dags/cleanup.py took 0.095 seconds
[2025-03-09T05:56:46.872+0000] {processor.py:186} INFO - Started process (PID=6314) to work on /opt/airflow/dags/cleanup.py
[2025-03-09T05:56:46.873+0000] {processor.py:914} INFO - Processing file /opt/airflow/dags/cleanup.py for tasks to queue
[2025-03-09T05:56:46.874+0000] {logging_mixin.py:190} INFO - [2025-03-09T05:56:46.874+0000] {dagbag.py:588} INFO - Filling up the DagBag from /opt/airflow/dags/cleanup.py
[2025-03-09T05:56:46.896+0000] {logging_mixin.py:190} INFO - [2025-03-09T05:56:46.896+0000] {cleanup.py:49} INFO - ENABLE_DELETE_CHILD_LOG  False
[2025-03-09T05:56:46.903+0000] {processor.py:925} INFO - DAG(s) 'cleanup' retrieved from /opt/airflow/dags/cleanup.py
[2025-03-09T05:56:46.921+0000] {logging_mixin.py:190} INFO - [2025-03-09T05:56:46.921+0000] {dag.py:3239} INFO - Sync 1 DAGs
[2025-03-09T05:56:46.942+0000] {logging_mixin.py:190} INFO - [2025-03-09T05:56:46.942+0000] {dag.py:4180} INFO - Setting next_dagrun for cleanup to 2025-03-09 00:00:00+00:00, run_after=2025-03-16 00:00:00+00:00
[2025-03-09T05:56:46.960+0000] {processor.py:208} INFO - Processing /opt/airflow/dags/cleanup.py took 0.093 seconds
[2025-03-09T05:57:17.980+0000] {processor.py:186} INFO - Started process (PID=6334) to work on /opt/airflow/dags/cleanup.py
[2025-03-09T05:57:17.981+0000] {processor.py:914} INFO - Processing file /opt/airflow/dags/cleanup.py for tasks to queue
[2025-03-09T05:57:17.983+0000] {logging_mixin.py:190} INFO - [2025-03-09T05:57:17.983+0000] {dagbag.py:588} INFO - Filling up the DagBag from /opt/airflow/dags/cleanup.py
[2025-03-09T05:57:18.005+0000] {logging_mixin.py:190} INFO - [2025-03-09T05:57:18.004+0000] {cleanup.py:49} INFO - ENABLE_DELETE_CHILD_LOG  False
[2025-03-09T05:57:18.013+0000] {processor.py:925} INFO - DAG(s) 'cleanup' retrieved from /opt/airflow/dags/cleanup.py
[2025-03-09T05:57:18.030+0000] {logging_mixin.py:190} INFO - [2025-03-09T05:57:18.030+0000] {dag.py:3239} INFO - Sync 1 DAGs
[2025-03-09T05:57:18.051+0000] {logging_mixin.py:190} INFO - [2025-03-09T05:57:18.050+0000] {dag.py:4180} INFO - Setting next_dagrun for cleanup to 2025-03-09 00:00:00+00:00, run_after=2025-03-16 00:00:00+00:00
[2025-03-09T05:57:18.069+0000] {processor.py:208} INFO - Processing /opt/airflow/dags/cleanup.py took 0.093 seconds
[2025-03-09T05:57:49.008+0000] {processor.py:186} INFO - Started process (PID=6354) to work on /opt/airflow/dags/cleanup.py
[2025-03-09T05:57:49.009+0000] {processor.py:914} INFO - Processing file /opt/airflow/dags/cleanup.py for tasks to queue
[2025-03-09T05:57:49.011+0000] {logging_mixin.py:190} INFO - [2025-03-09T05:57:49.011+0000] {dagbag.py:588} INFO - Filling up the DagBag from /opt/airflow/dags/cleanup.py
[2025-03-09T05:57:49.033+0000] {logging_mixin.py:190} INFO - [2025-03-09T05:57:49.033+0000] {cleanup.py:49} INFO - ENABLE_DELETE_CHILD_LOG  False
[2025-03-09T05:57:49.040+0000] {processor.py:925} INFO - DAG(s) 'cleanup' retrieved from /opt/airflow/dags/cleanup.py
[2025-03-09T05:57:49.058+0000] {logging_mixin.py:190} INFO - [2025-03-09T05:57:49.058+0000] {dag.py:3239} INFO - Sync 1 DAGs
[2025-03-09T05:57:49.079+0000] {logging_mixin.py:190} INFO - [2025-03-09T05:57:49.078+0000] {dag.py:4180} INFO - Setting next_dagrun for cleanup to 2025-03-09 00:00:00+00:00, run_after=2025-03-16 00:00:00+00:00
[2025-03-09T05:57:49.097+0000] {processor.py:208} INFO - Processing /opt/airflow/dags/cleanup.py took 0.095 seconds
[2025-03-09T05:58:20.128+0000] {processor.py:186} INFO - Started process (PID=6374) to work on /opt/airflow/dags/cleanup.py
[2025-03-09T05:58:20.129+0000] {processor.py:914} INFO - Processing file /opt/airflow/dags/cleanup.py for tasks to queue
[2025-03-09T05:58:20.130+0000] {logging_mixin.py:190} INFO - [2025-03-09T05:58:20.130+0000] {dagbag.py:588} INFO - Filling up the DagBag from /opt/airflow/dags/cleanup.py
[2025-03-09T05:58:20.156+0000] {logging_mixin.py:190} INFO - [2025-03-09T05:58:20.156+0000] {cleanup.py:49} INFO - ENABLE_DELETE_CHILD_LOG  False
[2025-03-09T05:58:20.163+0000] {processor.py:925} INFO - DAG(s) 'cleanup' retrieved from /opt/airflow/dags/cleanup.py
[2025-03-09T05:58:20.181+0000] {logging_mixin.py:190} INFO - [2025-03-09T05:58:20.181+0000] {dag.py:3239} INFO - Sync 1 DAGs
[2025-03-09T05:58:20.206+0000] {logging_mixin.py:190} INFO - [2025-03-09T05:58:20.205+0000] {dag.py:4180} INFO - Setting next_dagrun for cleanup to 2025-03-09 00:00:00+00:00, run_after=2025-03-16 00:00:00+00:00
[2025-03-09T05:58:20.225+0000] {processor.py:208} INFO - Processing /opt/airflow/dags/cleanup.py took 0.103 seconds
[2025-03-09T05:58:50.384+0000] {processor.py:186} INFO - Started process (PID=6396) to work on /opt/airflow/dags/cleanup.py
[2025-03-09T05:58:50.385+0000] {processor.py:914} INFO - Processing file /opt/airflow/dags/cleanup.py for tasks to queue
[2025-03-09T05:58:50.386+0000] {logging_mixin.py:190} INFO - [2025-03-09T05:58:50.386+0000] {dagbag.py:588} INFO - Filling up the DagBag from /opt/airflow/dags/cleanup.py
[2025-03-09T05:58:50.411+0000] {logging_mixin.py:190} INFO - [2025-03-09T05:58:50.411+0000] {cleanup.py:49} INFO - ENABLE_DELETE_CHILD_LOG  False
[2025-03-09T05:58:50.418+0000] {processor.py:925} INFO - DAG(s) 'cleanup' retrieved from /opt/airflow/dags/cleanup.py
[2025-03-09T05:58:50.439+0000] {logging_mixin.py:190} INFO - [2025-03-09T05:58:50.438+0000] {dag.py:3239} INFO - Sync 1 DAGs
[2025-03-09T05:58:50.460+0000] {logging_mixin.py:190} INFO - [2025-03-09T05:58:50.460+0000] {dag.py:4180} INFO - Setting next_dagrun for cleanup to 2025-03-09 00:00:00+00:00, run_after=2025-03-16 00:00:00+00:00
[2025-03-09T05:58:50.478+0000] {processor.py:208} INFO - Processing /opt/airflow/dags/cleanup.py took 0.100 seconds
[2025-03-09T05:59:20.555+0000] {processor.py:186} INFO - Started process (PID=6416) to work on /opt/airflow/dags/cleanup.py
[2025-03-09T05:59:20.557+0000] {processor.py:914} INFO - Processing file /opt/airflow/dags/cleanup.py for tasks to queue
[2025-03-09T05:59:20.559+0000] {logging_mixin.py:190} INFO - [2025-03-09T05:59:20.558+0000] {dagbag.py:588} INFO - Filling up the DagBag from /opt/airflow/dags/cleanup.py
[2025-03-09T05:59:20.583+0000] {logging_mixin.py:190} INFO - [2025-03-09T05:59:20.582+0000] {cleanup.py:49} INFO - ENABLE_DELETE_CHILD_LOG  False
[2025-03-09T05:59:20.590+0000] {processor.py:925} INFO - DAG(s) 'cleanup' retrieved from /opt/airflow/dags/cleanup.py
[2025-03-09T05:59:20.608+0000] {logging_mixin.py:190} INFO - [2025-03-09T05:59:20.608+0000] {dag.py:3239} INFO - Sync 1 DAGs
[2025-03-09T05:59:20.634+0000] {logging_mixin.py:190} INFO - [2025-03-09T05:59:20.633+0000] {dag.py:4180} INFO - Setting next_dagrun for cleanup to 2025-03-09 00:00:00+00:00, run_after=2025-03-16 00:00:00+00:00
[2025-03-09T05:59:20.654+0000] {processor.py:208} INFO - Processing /opt/airflow/dags/cleanup.py took 0.103 seconds
[2025-03-09T05:59:51.613+0000] {processor.py:186} INFO - Started process (PID=6434) to work on /opt/airflow/dags/cleanup.py
[2025-03-09T05:59:51.614+0000] {processor.py:914} INFO - Processing file /opt/airflow/dags/cleanup.py for tasks to queue
[2025-03-09T05:59:51.615+0000] {logging_mixin.py:190} INFO - [2025-03-09T05:59:51.615+0000] {dagbag.py:588} INFO - Filling up the DagBag from /opt/airflow/dags/cleanup.py
[2025-03-09T05:59:51.638+0000] {logging_mixin.py:190} INFO - [2025-03-09T05:59:51.638+0000] {cleanup.py:49} INFO - ENABLE_DELETE_CHILD_LOG  False
[2025-03-09T05:59:51.646+0000] {processor.py:925} INFO - DAG(s) 'cleanup' retrieved from /opt/airflow/dags/cleanup.py
[2025-03-09T05:59:51.666+0000] {logging_mixin.py:190} INFO - [2025-03-09T05:59:51.665+0000] {dag.py:3239} INFO - Sync 1 DAGs
[2025-03-09T05:59:51.687+0000] {logging_mixin.py:190} INFO - [2025-03-09T05:59:51.687+0000] {dag.py:4180} INFO - Setting next_dagrun for cleanup to 2025-03-09 00:00:00+00:00, run_after=2025-03-16 00:00:00+00:00
[2025-03-09T05:59:51.706+0000] {processor.py:208} INFO - Processing /opt/airflow/dags/cleanup.py took 0.097 seconds
[2025-03-09T06:00:22.126+0000] {processor.py:186} INFO - Started process (PID=6454) to work on /opt/airflow/dags/cleanup.py
[2025-03-09T06:00:22.126+0000] {processor.py:914} INFO - Processing file /opt/airflow/dags/cleanup.py for tasks to queue
[2025-03-09T06:00:22.128+0000] {logging_mixin.py:190} INFO - [2025-03-09T06:00:22.128+0000] {dagbag.py:588} INFO - Filling up the DagBag from /opt/airflow/dags/cleanup.py
[2025-03-09T06:00:22.151+0000] {logging_mixin.py:190} INFO - [2025-03-09T06:00:22.150+0000] {cleanup.py:49} INFO - ENABLE_DELETE_CHILD_LOG  False
[2025-03-09T06:00:22.158+0000] {processor.py:925} INFO - DAG(s) 'cleanup' retrieved from /opt/airflow/dags/cleanup.py
[2025-03-09T06:00:22.177+0000] {logging_mixin.py:190} INFO - [2025-03-09T06:00:22.177+0000] {dag.py:3239} INFO - Sync 1 DAGs
[2025-03-09T06:00:22.200+0000] {logging_mixin.py:190} INFO - [2025-03-09T06:00:22.200+0000] {dag.py:4180} INFO - Setting next_dagrun for cleanup to 2025-03-09 00:00:00+00:00, run_after=2025-03-16 00:00:00+00:00
[2025-03-09T06:00:22.221+0000] {processor.py:208} INFO - Processing /opt/airflow/dags/cleanup.py took 0.100 seconds
[2025-03-09T06:00:53.132+0000] {processor.py:186} INFO - Started process (PID=6474) to work on /opt/airflow/dags/cleanup.py
[2025-03-09T06:00:53.133+0000] {processor.py:914} INFO - Processing file /opt/airflow/dags/cleanup.py for tasks to queue
[2025-03-09T06:00:53.135+0000] {logging_mixin.py:190} INFO - [2025-03-09T06:00:53.134+0000] {dagbag.py:588} INFO - Filling up the DagBag from /opt/airflow/dags/cleanup.py
[2025-03-09T06:00:53.159+0000] {logging_mixin.py:190} INFO - [2025-03-09T06:00:53.158+0000] {cleanup.py:49} INFO - ENABLE_DELETE_CHILD_LOG  False
[2025-03-09T06:00:53.166+0000] {processor.py:925} INFO - DAG(s) 'cleanup' retrieved from /opt/airflow/dags/cleanup.py
[2025-03-09T06:00:53.184+0000] {logging_mixin.py:190} INFO - [2025-03-09T06:00:53.184+0000] {dag.py:3239} INFO - Sync 1 DAGs
[2025-03-09T06:00:53.205+0000] {logging_mixin.py:190} INFO - [2025-03-09T06:00:53.205+0000] {dag.py:4180} INFO - Setting next_dagrun for cleanup to 2025-03-09 00:00:00+00:00, run_after=2025-03-16 00:00:00+00:00
[2025-03-09T06:00:53.224+0000] {processor.py:208} INFO - Processing /opt/airflow/dags/cleanup.py took 0.097 seconds
[2025-03-09T06:01:23.290+0000] {processor.py:186} INFO - Started process (PID=6494) to work on /opt/airflow/dags/cleanup.py
[2025-03-09T06:01:23.291+0000] {processor.py:914} INFO - Processing file /opt/airflow/dags/cleanup.py for tasks to queue
[2025-03-09T06:01:23.293+0000] {logging_mixin.py:190} INFO - [2025-03-09T06:01:23.292+0000] {dagbag.py:588} INFO - Filling up the DagBag from /opt/airflow/dags/cleanup.py
[2025-03-09T06:01:23.316+0000] {logging_mixin.py:190} INFO - [2025-03-09T06:01:23.315+0000] {cleanup.py:49} INFO - ENABLE_DELETE_CHILD_LOG  False
[2025-03-09T06:01:23.323+0000] {processor.py:925} INFO - DAG(s) 'cleanup' retrieved from /opt/airflow/dags/cleanup.py
[2025-03-09T06:01:23.341+0000] {logging_mixin.py:190} INFO - [2025-03-09T06:01:23.341+0000] {dag.py:3239} INFO - Sync 1 DAGs
[2025-03-09T06:01:23.364+0000] {logging_mixin.py:190} INFO - [2025-03-09T06:01:23.364+0000] {dag.py:4180} INFO - Setting next_dagrun for cleanup to 2025-03-09 00:00:00+00:00, run_after=2025-03-16 00:00:00+00:00
[2025-03-09T06:01:23.391+0000] {processor.py:208} INFO - Processing /opt/airflow/dags/cleanup.py took 0.106 seconds
[2025-03-09T06:01:54.342+0000] {processor.py:186} INFO - Started process (PID=6514) to work on /opt/airflow/dags/cleanup.py
[2025-03-09T06:01:54.343+0000] {processor.py:914} INFO - Processing file /opt/airflow/dags/cleanup.py for tasks to queue
[2025-03-09T06:01:54.344+0000] {logging_mixin.py:190} INFO - [2025-03-09T06:01:54.344+0000] {dagbag.py:588} INFO - Filling up the DagBag from /opt/airflow/dags/cleanup.py
[2025-03-09T06:01:54.368+0000] {logging_mixin.py:190} INFO - [2025-03-09T06:01:54.368+0000] {cleanup.py:49} INFO - ENABLE_DELETE_CHILD_LOG  False
[2025-03-09T06:01:54.376+0000] {processor.py:925} INFO - DAG(s) 'cleanup' retrieved from /opt/airflow/dags/cleanup.py
[2025-03-09T06:01:54.394+0000] {logging_mixin.py:190} INFO - [2025-03-09T06:01:54.394+0000] {dag.py:3239} INFO - Sync 1 DAGs
[2025-03-09T06:01:54.414+0000] {logging_mixin.py:190} INFO - [2025-03-09T06:01:54.414+0000] {dag.py:4180} INFO - Setting next_dagrun for cleanup to 2025-03-09 00:00:00+00:00, run_after=2025-03-16 00:00:00+00:00
[2025-03-09T06:01:54.432+0000] {processor.py:208} INFO - Processing /opt/airflow/dags/cleanup.py took 0.095 seconds
[2025-03-09T06:02:24.597+0000] {processor.py:186} INFO - Started process (PID=6536) to work on /opt/airflow/dags/cleanup.py
[2025-03-09T06:02:24.598+0000] {processor.py:914} INFO - Processing file /opt/airflow/dags/cleanup.py for tasks to queue
[2025-03-09T06:02:24.600+0000] {logging_mixin.py:190} INFO - [2025-03-09T06:02:24.599+0000] {dagbag.py:588} INFO - Filling up the DagBag from /opt/airflow/dags/cleanup.py
[2025-03-09T06:02:24.623+0000] {logging_mixin.py:190} INFO - [2025-03-09T06:02:24.623+0000] {cleanup.py:49} INFO - ENABLE_DELETE_CHILD_LOG  False
[2025-03-09T06:02:24.630+0000] {processor.py:925} INFO - DAG(s) 'cleanup' retrieved from /opt/airflow/dags/cleanup.py
[2025-03-09T06:02:24.649+0000] {logging_mixin.py:190} INFO - [2025-03-09T06:02:24.648+0000] {dag.py:3239} INFO - Sync 1 DAGs
[2025-03-09T06:02:24.671+0000] {logging_mixin.py:190} INFO - [2025-03-09T06:02:24.671+0000] {dag.py:4180} INFO - Setting next_dagrun for cleanup to 2025-03-09 00:00:00+00:00, run_after=2025-03-16 00:00:00+00:00
[2025-03-09T06:02:24.690+0000] {processor.py:208} INFO - Processing /opt/airflow/dags/cleanup.py took 0.099 seconds
[2025-03-09T06:02:55.617+0000] {processor.py:186} INFO - Started process (PID=6556) to work on /opt/airflow/dags/cleanup.py
[2025-03-09T06:02:55.618+0000] {processor.py:914} INFO - Processing file /opt/airflow/dags/cleanup.py for tasks to queue
[2025-03-09T06:02:55.620+0000] {logging_mixin.py:190} INFO - [2025-03-09T06:02:55.620+0000] {dagbag.py:588} INFO - Filling up the DagBag from /opt/airflow/dags/cleanup.py
[2025-03-09T06:02:55.641+0000] {logging_mixin.py:190} INFO - [2025-03-09T06:02:55.641+0000] {cleanup.py:49} INFO - ENABLE_DELETE_CHILD_LOG  False
[2025-03-09T06:02:55.648+0000] {processor.py:925} INFO - DAG(s) 'cleanup' retrieved from /opt/airflow/dags/cleanup.py
[2025-03-09T06:02:55.665+0000] {logging_mixin.py:190} INFO - [2025-03-09T06:02:55.665+0000] {dag.py:3239} INFO - Sync 1 DAGs
[2025-03-09T06:02:55.685+0000] {logging_mixin.py:190} INFO - [2025-03-09T06:02:55.684+0000] {dag.py:4180} INFO - Setting next_dagrun for cleanup to 2025-03-09 00:00:00+00:00, run_after=2025-03-16 00:00:00+00:00
[2025-03-09T06:02:55.700+0000] {processor.py:208} INFO - Processing /opt/airflow/dags/cleanup.py took 0.087 seconds
[2025-03-09T06:03:25.740+0000] {processor.py:186} INFO - Started process (PID=6576) to work on /opt/airflow/dags/cleanup.py
[2025-03-09T06:03:25.741+0000] {processor.py:914} INFO - Processing file /opt/airflow/dags/cleanup.py for tasks to queue
[2025-03-09T06:03:25.743+0000] {logging_mixin.py:190} INFO - [2025-03-09T06:03:25.742+0000] {dagbag.py:588} INFO - Filling up the DagBag from /opt/airflow/dags/cleanup.py
[2025-03-09T06:03:25.765+0000] {logging_mixin.py:190} INFO - [2025-03-09T06:03:25.764+0000] {cleanup.py:49} INFO - ENABLE_DELETE_CHILD_LOG  False
[2025-03-09T06:03:25.771+0000] {processor.py:925} INFO - DAG(s) 'cleanup' retrieved from /opt/airflow/dags/cleanup.py
[2025-03-09T06:03:25.788+0000] {logging_mixin.py:190} INFO - [2025-03-09T06:03:25.788+0000] {dag.py:3239} INFO - Sync 1 DAGs
[2025-03-09T06:03:25.809+0000] {logging_mixin.py:190} INFO - [2025-03-09T06:03:25.809+0000] {dag.py:4180} INFO - Setting next_dagrun for cleanup to 2025-03-09 00:00:00+00:00, run_after=2025-03-16 00:00:00+00:00
[2025-03-09T06:03:25.826+0000] {processor.py:208} INFO - Processing /opt/airflow/dags/cleanup.py took 0.090 seconds
[2025-03-09T06:03:55.967+0000] {processor.py:186} INFO - Started process (PID=6596) to work on /opt/airflow/dags/cleanup.py
[2025-03-09T06:03:55.968+0000] {processor.py:914} INFO - Processing file /opt/airflow/dags/cleanup.py for tasks to queue
[2025-03-09T06:03:55.969+0000] {logging_mixin.py:190} INFO - [2025-03-09T06:03:55.969+0000] {dagbag.py:588} INFO - Filling up the DagBag from /opt/airflow/dags/cleanup.py
[2025-03-09T06:03:55.991+0000] {logging_mixin.py:190} INFO - [2025-03-09T06:03:55.991+0000] {cleanup.py:49} INFO - ENABLE_DELETE_CHILD_LOG  False
[2025-03-09T06:03:55.997+0000] {processor.py:925} INFO - DAG(s) 'cleanup' retrieved from /opt/airflow/dags/cleanup.py
[2025-03-09T06:03:56.014+0000] {logging_mixin.py:190} INFO - [2025-03-09T06:03:56.014+0000] {dag.py:3239} INFO - Sync 1 DAGs
[2025-03-09T06:03:56.034+0000] {logging_mixin.py:190} INFO - [2025-03-09T06:03:56.033+0000] {dag.py:4180} INFO - Setting next_dagrun for cleanup to 2025-03-09 00:00:00+00:00, run_after=2025-03-16 00:00:00+00:00
[2025-03-09T06:03:56.049+0000] {processor.py:208} INFO - Processing /opt/airflow/dags/cleanup.py took 0.087 seconds
[2025-03-09T06:04:26.863+0000] {processor.py:186} INFO - Started process (PID=6616) to work on /opt/airflow/dags/cleanup.py
[2025-03-09T06:04:26.864+0000] {processor.py:914} INFO - Processing file /opt/airflow/dags/cleanup.py for tasks to queue
[2025-03-09T06:04:26.866+0000] {logging_mixin.py:190} INFO - [2025-03-09T06:04:26.866+0000] {dagbag.py:588} INFO - Filling up the DagBag from /opt/airflow/dags/cleanup.py
[2025-03-09T06:04:26.890+0000] {logging_mixin.py:190} INFO - [2025-03-09T06:04:26.890+0000] {cleanup.py:49} INFO - ENABLE_DELETE_CHILD_LOG  False
[2025-03-09T06:04:26.898+0000] {processor.py:925} INFO - DAG(s) 'cleanup' retrieved from /opt/airflow/dags/cleanup.py
[2025-03-09T06:04:26.916+0000] {logging_mixin.py:190} INFO - [2025-03-09T06:04:26.916+0000] {dag.py:3239} INFO - Sync 1 DAGs
[2025-03-09T06:04:26.939+0000] {logging_mixin.py:190} INFO - [2025-03-09T06:04:26.939+0000] {dag.py:4180} INFO - Setting next_dagrun for cleanup to 2025-03-09 00:00:00+00:00, run_after=2025-03-16 00:00:00+00:00
[2025-03-09T06:04:26.956+0000] {processor.py:208} INFO - Processing /opt/airflow/dags/cleanup.py took 0.099 seconds
[2025-03-09T06:04:57.464+0000] {processor.py:186} INFO - Started process (PID=6649) to work on /opt/airflow/dags/cleanup.py
[2025-03-09T06:04:57.465+0000] {processor.py:914} INFO - Processing file /opt/airflow/dags/cleanup.py for tasks to queue
[2025-03-09T06:04:57.468+0000] {logging_mixin.py:190} INFO - [2025-03-09T06:04:57.468+0000] {dagbag.py:588} INFO - Filling up the DagBag from /opt/airflow/dags/cleanup.py
[2025-03-09T06:04:57.500+0000] {logging_mixin.py:190} INFO - [2025-03-09T06:04:57.499+0000] {cleanup.py:49} INFO - ENABLE_DELETE_CHILD_LOG  False
[2025-03-09T06:04:57.508+0000] {processor.py:925} INFO - DAG(s) 'cleanup' retrieved from /opt/airflow/dags/cleanup.py
[2025-03-09T06:04:57.535+0000] {logging_mixin.py:190} INFO - [2025-03-09T06:04:57.535+0000] {dag.py:3239} INFO - Sync 1 DAGs
[2025-03-09T06:04:57.565+0000] {logging_mixin.py:190} INFO - [2025-03-09T06:04:57.564+0000] {dag.py:4180} INFO - Setting next_dagrun for cleanup to 2025-03-09 00:00:00+00:00, run_after=2025-03-16 00:00:00+00:00
[2025-03-09T06:04:57.589+0000] {processor.py:208} INFO - Processing /opt/airflow/dags/cleanup.py took 0.132 seconds
[2025-03-09T06:05:27.951+0000] {processor.py:186} INFO - Started process (PID=6669) to work on /opt/airflow/dags/cleanup.py
[2025-03-09T06:05:27.952+0000] {processor.py:914} INFO - Processing file /opt/airflow/dags/cleanup.py for tasks to queue
[2025-03-09T06:05:27.954+0000] {logging_mixin.py:190} INFO - [2025-03-09T06:05:27.954+0000] {dagbag.py:588} INFO - Filling up the DagBag from /opt/airflow/dags/cleanup.py
[2025-03-09T06:05:27.990+0000] {logging_mixin.py:190} INFO - [2025-03-09T06:05:27.990+0000] {cleanup.py:49} INFO - ENABLE_DELETE_CHILD_LOG  False
[2025-03-09T06:05:27.998+0000] {processor.py:925} INFO - DAG(s) 'cleanup' retrieved from /opt/airflow/dags/cleanup.py
[2025-03-09T06:05:28.016+0000] {logging_mixin.py:190} INFO - [2025-03-09T06:05:28.015+0000] {dag.py:3239} INFO - Sync 1 DAGs
[2025-03-09T06:05:28.038+0000] {logging_mixin.py:190} INFO - [2025-03-09T06:05:28.037+0000] {dag.py:4180} INFO - Setting next_dagrun for cleanup to 2025-03-09 00:00:00+00:00, run_after=2025-03-16 00:00:00+00:00
[2025-03-09T06:05:28.056+0000] {processor.py:208} INFO - Processing /opt/airflow/dags/cleanup.py took 0.112 seconds
[2025-03-09T06:05:58.611+0000] {processor.py:186} INFO - Started process (PID=6689) to work on /opt/airflow/dags/cleanup.py
[2025-03-09T06:05:58.612+0000] {processor.py:914} INFO - Processing file /opt/airflow/dags/cleanup.py for tasks to queue
[2025-03-09T06:05:58.614+0000] {logging_mixin.py:190} INFO - [2025-03-09T06:05:58.613+0000] {dagbag.py:588} INFO - Filling up the DagBag from /opt/airflow/dags/cleanup.py
[2025-03-09T06:05:58.634+0000] {logging_mixin.py:190} INFO - [2025-03-09T06:05:58.634+0000] {cleanup.py:49} INFO - ENABLE_DELETE_CHILD_LOG  False
[2025-03-09T06:05:58.641+0000] {processor.py:925} INFO - DAG(s) 'cleanup' retrieved from /opt/airflow/dags/cleanup.py
[2025-03-09T06:05:58.658+0000] {logging_mixin.py:190} INFO - [2025-03-09T06:05:58.657+0000] {dag.py:3239} INFO - Sync 1 DAGs
[2025-03-09T06:05:58.677+0000] {logging_mixin.py:190} INFO - [2025-03-09T06:05:58.677+0000] {dag.py:4180} INFO - Setting next_dagrun for cleanup to 2025-03-09 00:00:00+00:00, run_after=2025-03-16 00:00:00+00:00
[2025-03-09T06:05:58.693+0000] {processor.py:208} INFO - Processing /opt/airflow/dags/cleanup.py took 0.086 seconds
[2025-03-09T06:06:29.315+0000] {processor.py:186} INFO - Started process (PID=6709) to work on /opt/airflow/dags/cleanup.py
[2025-03-09T06:06:29.316+0000] {processor.py:914} INFO - Processing file /opt/airflow/dags/cleanup.py for tasks to queue
[2025-03-09T06:06:29.317+0000] {logging_mixin.py:190} INFO - [2025-03-09T06:06:29.317+0000] {dagbag.py:588} INFO - Filling up the DagBag from /opt/airflow/dags/cleanup.py
[2025-03-09T06:06:29.339+0000] {logging_mixin.py:190} INFO - [2025-03-09T06:06:29.338+0000] {cleanup.py:49} INFO - ENABLE_DELETE_CHILD_LOG  False
[2025-03-09T06:06:29.345+0000] {processor.py:925} INFO - DAG(s) 'cleanup' retrieved from /opt/airflow/dags/cleanup.py
[2025-03-09T06:06:29.362+0000] {logging_mixin.py:190} INFO - [2025-03-09T06:06:29.362+0000] {dag.py:3239} INFO - Sync 1 DAGs
[2025-03-09T06:06:29.383+0000] {logging_mixin.py:190} INFO - [2025-03-09T06:06:29.382+0000] {dag.py:4180} INFO - Setting next_dagrun for cleanup to 2025-03-09 00:00:00+00:00, run_after=2025-03-16 00:00:00+00:00
[2025-03-09T06:06:29.398+0000] {processor.py:208} INFO - Processing /opt/airflow/dags/cleanup.py took 0.088 seconds
[2025-03-09T06:06:59.940+0000] {processor.py:186} INFO - Started process (PID=6729) to work on /opt/airflow/dags/cleanup.py
[2025-03-09T06:06:59.941+0000] {processor.py:914} INFO - Processing file /opt/airflow/dags/cleanup.py for tasks to queue
[2025-03-09T06:06:59.942+0000] {logging_mixin.py:190} INFO - [2025-03-09T06:06:59.942+0000] {dagbag.py:588} INFO - Filling up the DagBag from /opt/airflow/dags/cleanup.py
[2025-03-09T06:06:59.964+0000] {logging_mixin.py:190} INFO - [2025-03-09T06:06:59.964+0000] {cleanup.py:49} INFO - ENABLE_DELETE_CHILD_LOG  False
[2025-03-09T06:06:59.971+0000] {processor.py:925} INFO - DAG(s) 'cleanup' retrieved from /opt/airflow/dags/cleanup.py
[2025-03-09T06:06:59.989+0000] {logging_mixin.py:190} INFO - [2025-03-09T06:06:59.989+0000] {dag.py:3239} INFO - Sync 1 DAGs
[2025-03-09T06:07:00.009+0000] {logging_mixin.py:190} INFO - [2025-03-09T06:07:00.009+0000] {dag.py:4180} INFO - Setting next_dagrun for cleanup to 2025-03-09 00:00:00+00:00, run_after=2025-03-16 00:00:00+00:00
[2025-03-09T06:07:00.025+0000] {processor.py:208} INFO - Processing /opt/airflow/dags/cleanup.py took 0.090 seconds
[2025-03-09T06:07:30.567+0000] {processor.py:186} INFO - Started process (PID=6749) to work on /opt/airflow/dags/cleanup.py
[2025-03-09T06:07:30.568+0000] {processor.py:914} INFO - Processing file /opt/airflow/dags/cleanup.py for tasks to queue
[2025-03-09T06:07:30.570+0000] {logging_mixin.py:190} INFO - [2025-03-09T06:07:30.570+0000] {dagbag.py:588} INFO - Filling up the DagBag from /opt/airflow/dags/cleanup.py
[2025-03-09T06:07:30.591+0000] {logging_mixin.py:190} INFO - [2025-03-09T06:07:30.591+0000] {cleanup.py:49} INFO - ENABLE_DELETE_CHILD_LOG  False
[2025-03-09T06:07:30.599+0000] {processor.py:925} INFO - DAG(s) 'cleanup' retrieved from /opt/airflow/dags/cleanup.py
[2025-03-09T06:07:30.616+0000] {logging_mixin.py:190} INFO - [2025-03-09T06:07:30.616+0000] {dag.py:3239} INFO - Sync 1 DAGs
[2025-03-09T06:07:30.636+0000] {logging_mixin.py:190} INFO - [2025-03-09T06:07:30.636+0000] {dag.py:4180} INFO - Setting next_dagrun for cleanup to 2025-03-09 00:00:00+00:00, run_after=2025-03-16 00:00:00+00:00
[2025-03-09T06:07:30.655+0000] {processor.py:208} INFO - Processing /opt/airflow/dags/cleanup.py took 0.092 seconds
[2025-03-09T06:08:00.721+0000] {processor.py:186} INFO - Started process (PID=6769) to work on /opt/airflow/dags/cleanup.py
[2025-03-09T06:08:00.722+0000] {processor.py:914} INFO - Processing file /opt/airflow/dags/cleanup.py for tasks to queue
[2025-03-09T06:08:00.724+0000] {logging_mixin.py:190} INFO - [2025-03-09T06:08:00.723+0000] {dagbag.py:588} INFO - Filling up the DagBag from /opt/airflow/dags/cleanup.py
[2025-03-09T06:08:00.746+0000] {logging_mixin.py:190} INFO - [2025-03-09T06:08:00.746+0000] {cleanup.py:49} INFO - ENABLE_DELETE_CHILD_LOG  False
[2025-03-09T06:08:00.753+0000] {processor.py:925} INFO - DAG(s) 'cleanup' retrieved from /opt/airflow/dags/cleanup.py
[2025-03-09T06:08:00.771+0000] {logging_mixin.py:190} INFO - [2025-03-09T06:08:00.770+0000] {dag.py:3239} INFO - Sync 1 DAGs
[2025-03-09T06:08:00.793+0000] {logging_mixin.py:190} INFO - [2025-03-09T06:08:00.793+0000] {dag.py:4180} INFO - Setting next_dagrun for cleanup to 2025-03-09 00:00:00+00:00, run_after=2025-03-16 00:00:00+00:00
[2025-03-09T06:08:00.809+0000] {processor.py:208} INFO - Processing /opt/airflow/dags/cleanup.py took 0.094 seconds
[2025-03-09T06:08:31.565+0000] {processor.py:186} INFO - Started process (PID=6787) to work on /opt/airflow/dags/cleanup.py
[2025-03-09T06:08:31.566+0000] {processor.py:914} INFO - Processing file /opt/airflow/dags/cleanup.py for tasks to queue
[2025-03-09T06:08:31.567+0000] {logging_mixin.py:190} INFO - [2025-03-09T06:08:31.567+0000] {dagbag.py:588} INFO - Filling up the DagBag from /opt/airflow/dags/cleanup.py
[2025-03-09T06:08:31.590+0000] {logging_mixin.py:190} INFO - [2025-03-09T06:08:31.589+0000] {cleanup.py:49} INFO - ENABLE_DELETE_CHILD_LOG  False
[2025-03-09T06:08:31.605+0000] {processor.py:925} INFO - DAG(s) 'cleanup' retrieved from /opt/airflow/dags/cleanup.py
[2025-03-09T06:08:31.623+0000] {logging_mixin.py:190} INFO - [2025-03-09T06:08:31.623+0000] {dag.py:3239} INFO - Sync 1 DAGs
[2025-03-09T06:08:31.645+0000] {logging_mixin.py:190} INFO - [2025-03-09T06:08:31.645+0000] {dag.py:4180} INFO - Setting next_dagrun for cleanup to 2025-03-09 00:00:00+00:00, run_after=2025-03-16 00:00:00+00:00
[2025-03-09T06:08:31.664+0000] {processor.py:208} INFO - Processing /opt/airflow/dags/cleanup.py took 0.105 seconds
[2025-03-09T06:09:02.276+0000] {processor.py:186} INFO - Started process (PID=6807) to work on /opt/airflow/dags/cleanup.py
[2025-03-09T06:09:02.277+0000] {processor.py:914} INFO - Processing file /opt/airflow/dags/cleanup.py for tasks to queue
[2025-03-09T06:09:02.279+0000] {logging_mixin.py:190} INFO - [2025-03-09T06:09:02.279+0000] {dagbag.py:588} INFO - Filling up the DagBag from /opt/airflow/dags/cleanup.py
[2025-03-09T06:09:02.302+0000] {logging_mixin.py:190} INFO - [2025-03-09T06:09:02.302+0000] {cleanup.py:49} INFO - ENABLE_DELETE_CHILD_LOG  False
[2025-03-09T06:09:02.310+0000] {processor.py:925} INFO - DAG(s) 'cleanup' retrieved from /opt/airflow/dags/cleanup.py
[2025-03-09T06:09:02.328+0000] {logging_mixin.py:190} INFO - [2025-03-09T06:09:02.328+0000] {dag.py:3239} INFO - Sync 1 DAGs
[2025-03-09T06:09:02.351+0000] {logging_mixin.py:190} INFO - [2025-03-09T06:09:02.351+0000] {dag.py:4180} INFO - Setting next_dagrun for cleanup to 2025-03-09 00:00:00+00:00, run_after=2025-03-16 00:00:00+00:00
[2025-03-09T06:09:02.372+0000] {processor.py:208} INFO - Processing /opt/airflow/dags/cleanup.py took 0.101 seconds
[2025-03-09T06:09:34.163+0000] {processor.py:186} INFO - Started process (PID=6829) to work on /opt/airflow/dags/cleanup.py
[2025-03-09T06:09:34.164+0000] {processor.py:914} INFO - Processing file /opt/airflow/dags/cleanup.py for tasks to queue
[2025-03-09T06:09:34.166+0000] {logging_mixin.py:190} INFO - [2025-03-09T06:09:34.166+0000] {dagbag.py:588} INFO - Filling up the DagBag from /opt/airflow/dags/cleanup.py
[2025-03-09T06:09:34.192+0000] {logging_mixin.py:190} INFO - [2025-03-09T06:09:34.192+0000] {cleanup.py:49} INFO - ENABLE_DELETE_CHILD_LOG  False
[2025-03-09T06:09:34.201+0000] {processor.py:925} INFO - DAG(s) 'cleanup' retrieved from /opt/airflow/dags/cleanup.py
[2025-03-09T06:09:34.220+0000] {logging_mixin.py:190} INFO - [2025-03-09T06:09:34.220+0000] {dag.py:3239} INFO - Sync 1 DAGs
[2025-03-09T06:09:34.244+0000] {logging_mixin.py:190} INFO - [2025-03-09T06:09:34.244+0000] {dag.py:4180} INFO - Setting next_dagrun for cleanup to 2025-03-09 00:00:00+00:00, run_after=2025-03-16 00:00:00+00:00
[2025-03-09T06:09:34.262+0000] {processor.py:208} INFO - Processing /opt/airflow/dags/cleanup.py took 0.104 seconds
[2025-03-09T06:10:06.060+0000] {processor.py:186} INFO - Started process (PID=6849) to work on /opt/airflow/dags/cleanup.py
[2025-03-09T06:10:06.061+0000] {processor.py:914} INFO - Processing file /opt/airflow/dags/cleanup.py for tasks to queue
[2025-03-09T06:10:06.062+0000] {logging_mixin.py:190} INFO - [2025-03-09T06:10:06.062+0000] {dagbag.py:588} INFO - Filling up the DagBag from /opt/airflow/dags/cleanup.py
[2025-03-09T06:10:06.083+0000] {logging_mixin.py:190} INFO - [2025-03-09T06:10:06.083+0000] {cleanup.py:49} INFO - ENABLE_DELETE_CHILD_LOG  False
[2025-03-09T06:10:06.090+0000] {processor.py:925} INFO - DAG(s) 'cleanup' retrieved from /opt/airflow/dags/cleanup.py
[2025-03-09T06:10:06.107+0000] {logging_mixin.py:190} INFO - [2025-03-09T06:10:06.107+0000] {dag.py:3239} INFO - Sync 1 DAGs
[2025-03-09T06:10:06.127+0000] {logging_mixin.py:190} INFO - [2025-03-09T06:10:06.127+0000] {dag.py:4180} INFO - Setting next_dagrun for cleanup to 2025-03-09 00:00:00+00:00, run_after=2025-03-16 00:00:00+00:00
[2025-03-09T06:10:06.143+0000] {processor.py:208} INFO - Processing /opt/airflow/dags/cleanup.py took 0.089 seconds
[2025-03-09T06:10:39.004+0000] {processor.py:186} INFO - Started process (PID=6869) to work on /opt/airflow/dags/cleanup.py
[2025-03-09T06:10:39.005+0000] {processor.py:914} INFO - Processing file /opt/airflow/dags/cleanup.py for tasks to queue
[2025-03-09T06:10:39.007+0000] {logging_mixin.py:190} INFO - [2025-03-09T06:10:39.006+0000] {dagbag.py:588} INFO - Filling up the DagBag from /opt/airflow/dags/cleanup.py
[2025-03-09T06:10:39.029+0000] {logging_mixin.py:190} INFO - [2025-03-09T06:10:39.029+0000] {cleanup.py:49} INFO - ENABLE_DELETE_CHILD_LOG  False
[2025-03-09T06:10:39.036+0000] {processor.py:925} INFO - DAG(s) 'cleanup' retrieved from /opt/airflow/dags/cleanup.py
[2025-03-09T06:10:39.053+0000] {logging_mixin.py:190} INFO - [2025-03-09T06:10:39.053+0000] {dag.py:3239} INFO - Sync 1 DAGs
[2025-03-09T06:10:39.074+0000] {logging_mixin.py:190} INFO - [2025-03-09T06:10:39.074+0000] {dag.py:4180} INFO - Setting next_dagrun for cleanup to 2025-03-09 00:00:00+00:00, run_after=2025-03-16 00:00:00+00:00
[2025-03-09T06:10:39.091+0000] {processor.py:208} INFO - Processing /opt/airflow/dags/cleanup.py took 0.092 seconds
[2025-03-09T06:11:10.861+0000] {processor.py:186} INFO - Started process (PID=6889) to work on /opt/airflow/dags/cleanup.py
[2025-03-09T06:11:10.862+0000] {processor.py:914} INFO - Processing file /opt/airflow/dags/cleanup.py for tasks to queue
[2025-03-09T06:11:10.864+0000] {logging_mixin.py:190} INFO - [2025-03-09T06:11:10.864+0000] {dagbag.py:588} INFO - Filling up the DagBag from /opt/airflow/dags/cleanup.py
[2025-03-09T06:11:10.886+0000] {logging_mixin.py:190} INFO - [2025-03-09T06:11:10.886+0000] {cleanup.py:49} INFO - ENABLE_DELETE_CHILD_LOG  False
[2025-03-09T06:11:10.893+0000] {processor.py:925} INFO - DAG(s) 'cleanup' retrieved from /opt/airflow/dags/cleanup.py
[2025-03-09T06:11:10.911+0000] {logging_mixin.py:190} INFO - [2025-03-09T06:11:10.911+0000] {dag.py:3239} INFO - Sync 1 DAGs
[2025-03-09T06:11:10.931+0000] {logging_mixin.py:190} INFO - [2025-03-09T06:11:10.930+0000] {dag.py:4180} INFO - Setting next_dagrun for cleanup to 2025-03-09 00:00:00+00:00, run_after=2025-03-16 00:00:00+00:00
[2025-03-09T06:11:10.946+0000] {processor.py:208} INFO - Processing /opt/airflow/dags/cleanup.py took 0.090 seconds
[2025-03-09T06:11:43.650+0000] {processor.py:186} INFO - Started process (PID=6909) to work on /opt/airflow/dags/cleanup.py
[2025-03-09T06:11:43.651+0000] {processor.py:914} INFO - Processing file /opt/airflow/dags/cleanup.py for tasks to queue
[2025-03-09T06:11:43.653+0000] {logging_mixin.py:190} INFO - [2025-03-09T06:11:43.652+0000] {dagbag.py:588} INFO - Filling up the DagBag from /opt/airflow/dags/cleanup.py
[2025-03-09T06:11:43.675+0000] {logging_mixin.py:190} INFO - [2025-03-09T06:11:43.675+0000] {cleanup.py:49} INFO - ENABLE_DELETE_CHILD_LOG  False
[2025-03-09T06:11:43.682+0000] {processor.py:925} INFO - DAG(s) 'cleanup' retrieved from /opt/airflow/dags/cleanup.py
[2025-03-09T06:11:43.699+0000] {logging_mixin.py:190} INFO - [2025-03-09T06:11:43.699+0000] {dag.py:3239} INFO - Sync 1 DAGs
[2025-03-09T06:11:43.721+0000] {logging_mixin.py:190} INFO - [2025-03-09T06:11:43.721+0000] {dag.py:4180} INFO - Setting next_dagrun for cleanup to 2025-03-09 00:00:00+00:00, run_after=2025-03-16 00:00:00+00:00
[2025-03-09T06:11:43.738+0000] {processor.py:208} INFO - Processing /opt/airflow/dags/cleanup.py took 0.093 seconds
[2025-03-09T06:12:15.635+0000] {processor.py:186} INFO - Started process (PID=6929) to work on /opt/airflow/dags/cleanup.py
[2025-03-09T06:12:15.636+0000] {processor.py:914} INFO - Processing file /opt/airflow/dags/cleanup.py for tasks to queue
[2025-03-09T06:12:15.638+0000] {logging_mixin.py:190} INFO - [2025-03-09T06:12:15.638+0000] {dagbag.py:588} INFO - Filling up the DagBag from /opt/airflow/dags/cleanup.py
[2025-03-09T06:12:15.661+0000] {logging_mixin.py:190} INFO - [2025-03-09T06:12:15.661+0000] {cleanup.py:49} INFO - ENABLE_DELETE_CHILD_LOG  False
[2025-03-09T06:12:15.669+0000] {processor.py:925} INFO - DAG(s) 'cleanup' retrieved from /opt/airflow/dags/cleanup.py
[2025-03-09T06:12:15.688+0000] {logging_mixin.py:190} INFO - [2025-03-09T06:12:15.688+0000] {dag.py:3239} INFO - Sync 1 DAGs
[2025-03-09T06:12:15.711+0000] {logging_mixin.py:190} INFO - [2025-03-09T06:12:15.711+0000] {dag.py:4180} INFO - Setting next_dagrun for cleanup to 2025-03-09 00:00:00+00:00, run_after=2025-03-16 00:00:00+00:00
[2025-03-09T06:12:15.731+0000] {processor.py:208} INFO - Processing /opt/airflow/dags/cleanup.py took 0.102 seconds
[2025-03-09T06:12:48.043+0000] {processor.py:186} INFO - Started process (PID=6989) to work on /opt/airflow/dags/cleanup.py
[2025-03-09T06:12:48.047+0000] {processor.py:914} INFO - Processing file /opt/airflow/dags/cleanup.py for tasks to queue
[2025-03-09T06:12:48.052+0000] {logging_mixin.py:190} INFO - [2025-03-09T06:12:48.051+0000] {dagbag.py:588} INFO - Filling up the DagBag from /opt/airflow/dags/cleanup.py
[2025-03-09T06:12:48.100+0000] {logging_mixin.py:190} INFO - [2025-03-09T06:12:48.099+0000] {cleanup.py:49} INFO - ENABLE_DELETE_CHILD_LOG  False
[2025-03-09T06:12:48.114+0000] {processor.py:925} INFO - DAG(s) 'cleanup' retrieved from /opt/airflow/dags/cleanup.py
[2025-03-09T06:12:48.157+0000] {logging_mixin.py:190} INFO - [2025-03-09T06:12:48.156+0000] {dag.py:3239} INFO - Sync 1 DAGs
[2025-03-09T06:12:48.208+0000] {logging_mixin.py:190} INFO - [2025-03-09T06:12:48.207+0000] {dag.py:4180} INFO - Setting next_dagrun for cleanup to 2025-03-09 00:00:00+00:00, run_after=2025-03-16 00:00:00+00:00
[2025-03-09T06:12:48.279+0000] {processor.py:208} INFO - Processing /opt/airflow/dags/cleanup.py took 0.246 seconds
[2025-03-09T06:13:18.730+0000] {processor.py:186} INFO - Started process (PID=7007) to work on /opt/airflow/dags/cleanup.py
[2025-03-09T06:13:18.734+0000] {processor.py:914} INFO - Processing file /opt/airflow/dags/cleanup.py for tasks to queue
[2025-03-09T06:13:18.739+0000] {logging_mixin.py:190} INFO - [2025-03-09T06:13:18.739+0000] {dagbag.py:588} INFO - Filling up the DagBag from /opt/airflow/dags/cleanup.py
[2025-03-09T06:13:20.574+0000] {logging_mixin.py:190} INFO - [2025-03-09T06:13:20.574+0000] {cleanup.py:49} INFO - ENABLE_DELETE_CHILD_LOG  False
[2025-03-09T06:13:20.588+0000] {processor.py:925} INFO - DAG(s) 'cleanup' retrieved from /opt/airflow/dags/cleanup.py
[2025-03-09T06:13:20.617+0000] {logging_mixin.py:190} INFO - [2025-03-09T06:13:20.616+0000] {dag.py:3239} INFO - Sync 1 DAGs
[2025-03-09T06:13:20.645+0000] {logging_mixin.py:190} INFO - [2025-03-09T06:13:20.645+0000] {dag.py:4180} INFO - Setting next_dagrun for cleanup to 2025-03-09 00:00:00+00:00, run_after=2025-03-16 00:00:00+00:00
[2025-03-09T06:13:20.668+0000] {processor.py:208} INFO - Processing /opt/airflow/dags/cleanup.py took 0.314 seconds
[2025-03-09T06:13:54.287+0000] {processor.py:186} INFO - Started process (PID=7027) to work on /opt/airflow/dags/cleanup.py
[2025-03-09T06:13:54.295+0000] {processor.py:914} INFO - Processing file /opt/airflow/dags/cleanup.py for tasks to queue
[2025-03-09T06:13:54.298+0000] {logging_mixin.py:190} INFO - [2025-03-09T06:13:54.297+0000] {dagbag.py:588} INFO - Filling up the DagBag from /opt/airflow/dags/cleanup.py
[2025-03-09T06:13:54.347+0000] {logging_mixin.py:190} INFO - [2025-03-09T06:13:54.347+0000] {cleanup.py:49} INFO - ENABLE_DELETE_CHILD_LOG  False
[2025-03-09T06:13:54.356+0000] {processor.py:925} INFO - DAG(s) 'cleanup' retrieved from /opt/airflow/dags/cleanup.py
[2025-03-09T06:13:54.389+0000] {logging_mixin.py:190} INFO - [2025-03-09T06:13:54.388+0000] {dag.py:3239} INFO - Sync 1 DAGs
[2025-03-09T06:13:54.421+0000] {logging_mixin.py:190} INFO - [2025-03-09T06:13:54.421+0000] {dag.py:4180} INFO - Setting next_dagrun for cleanup to 2025-03-09 00:00:00+00:00, run_after=2025-03-16 00:00:00+00:00
[2025-03-09T06:13:54.445+0000] {processor.py:208} INFO - Processing /opt/airflow/dags/cleanup.py took 0.163 seconds
[2025-03-09T06:15:17.897+0000] {processor.py:186} INFO - Started process (PID=7048) to work on /opt/airflow/dags/cleanup.py
[2025-03-09T06:15:17.907+0000] {processor.py:914} INFO - Processing file /opt/airflow/dags/cleanup.py for tasks to queue
[2025-03-09T06:15:17.910+0000] {logging_mixin.py:190} INFO - [2025-03-09T06:15:17.910+0000] {dagbag.py:588} INFO - Filling up the DagBag from /opt/airflow/dags/cleanup.py
[2025-03-09T06:15:17.987+0000] {logging_mixin.py:190} INFO - [2025-03-09T06:15:17.986+0000] {cleanup.py:49} INFO - ENABLE_DELETE_CHILD_LOG  False
[2025-03-09T06:15:17.998+0000] {processor.py:925} INFO - DAG(s) 'cleanup' retrieved from /opt/airflow/dags/cleanup.py
[2025-03-09T06:15:18.021+0000] {logging_mixin.py:190} INFO - [2025-03-09T06:15:18.021+0000] {dag.py:3239} INFO - Sync 1 DAGs
[2025-03-09T06:15:18.050+0000] {logging_mixin.py:190} INFO - [2025-03-09T06:15:18.050+0000] {dag.py:4180} INFO - Setting next_dagrun for cleanup to 2025-03-09 00:00:00+00:00, run_after=2025-03-16 00:00:00+00:00
[2025-03-09T06:15:18.073+0000] {processor.py:208} INFO - Processing /opt/airflow/dags/cleanup.py took 0.184 seconds
[2025-03-09T06:15:48.822+0000] {processor.py:186} INFO - Started process (PID=7068) to work on /opt/airflow/dags/cleanup.py
[2025-03-09T06:15:48.824+0000] {processor.py:914} INFO - Processing file /opt/airflow/dags/cleanup.py for tasks to queue
[2025-03-09T06:15:48.827+0000] {logging_mixin.py:190} INFO - [2025-03-09T06:15:48.827+0000] {dagbag.py:588} INFO - Filling up the DagBag from /opt/airflow/dags/cleanup.py
[2025-03-09T06:15:48.924+0000] {logging_mixin.py:190} INFO - [2025-03-09T06:15:48.924+0000] {cleanup.py:49} INFO - ENABLE_DELETE_CHILD_LOG  False
[2025-03-09T06:15:48.937+0000] {processor.py:925} INFO - DAG(s) 'cleanup' retrieved from /opt/airflow/dags/cleanup.py
[2025-03-09T06:15:48.965+0000] {logging_mixin.py:190} INFO - [2025-03-09T06:15:48.964+0000] {dag.py:3239} INFO - Sync 1 DAGs
[2025-03-09T06:15:49.001+0000] {logging_mixin.py:190} INFO - [2025-03-09T06:15:49.000+0000] {dag.py:4180} INFO - Setting next_dagrun for cleanup to 2025-03-09 00:00:00+00:00, run_after=2025-03-16 00:00:00+00:00
[2025-03-09T06:15:49.034+0000] {processor.py:208} INFO - Processing /opt/airflow/dags/cleanup.py took 0.223 seconds
[2025-03-09T06:16:19.335+0000] {processor.py:186} INFO - Started process (PID=7088) to work on /opt/airflow/dags/cleanup.py
[2025-03-09T06:16:19.336+0000] {processor.py:914} INFO - Processing file /opt/airflow/dags/cleanup.py for tasks to queue
[2025-03-09T06:16:19.339+0000] {logging_mixin.py:190} INFO - [2025-03-09T06:16:19.339+0000] {dagbag.py:588} INFO - Filling up the DagBag from /opt/airflow/dags/cleanup.py
[2025-03-09T06:16:19.531+0000] {logging_mixin.py:190} INFO - [2025-03-09T06:16:19.530+0000] {cleanup.py:49} INFO - ENABLE_DELETE_CHILD_LOG  False
[2025-03-09T06:16:19.538+0000] {processor.py:925} INFO - DAG(s) 'cleanup' retrieved from /opt/airflow/dags/cleanup.py
[2025-03-09T06:16:19.556+0000] {logging_mixin.py:190} INFO - [2025-03-09T06:16:19.556+0000] {dag.py:3239} INFO - Sync 1 DAGs
[2025-03-09T06:16:19.581+0000] {logging_mixin.py:190} INFO - [2025-03-09T06:16:19.580+0000] {dag.py:4180} INFO - Setting next_dagrun for cleanup to 2025-03-09 00:00:00+00:00, run_after=2025-03-16 00:00:00+00:00
[2025-03-09T06:16:19.611+0000] {processor.py:208} INFO - Processing /opt/airflow/dags/cleanup.py took 0.282 seconds
[2025-03-09T06:16:49.936+0000] {processor.py:186} INFO - Started process (PID=7108) to work on /opt/airflow/dags/cleanup.py
[2025-03-09T06:16:49.969+0000] {processor.py:914} INFO - Processing file /opt/airflow/dags/cleanup.py for tasks to queue
[2025-03-09T06:16:49.972+0000] {logging_mixin.py:190} INFO - [2025-03-09T06:16:49.972+0000] {dagbag.py:588} INFO - Filling up the DagBag from /opt/airflow/dags/cleanup.py
[2025-03-09T06:16:50.273+0000] {logging_mixin.py:190} INFO - [2025-03-09T06:16:50.272+0000] {cleanup.py:49} INFO - ENABLE_DELETE_CHILD_LOG  False
[2025-03-09T06:16:50.284+0000] {processor.py:925} INFO - DAG(s) 'cleanup' retrieved from /opt/airflow/dags/cleanup.py
[2025-03-09T06:16:50.311+0000] {logging_mixin.py:190} INFO - [2025-03-09T06:16:50.310+0000] {dag.py:3239} INFO - Sync 1 DAGs
[2025-03-09T06:16:50.337+0000] {logging_mixin.py:190} INFO - [2025-03-09T06:16:50.337+0000] {dag.py:4180} INFO - Setting next_dagrun for cleanup to 2025-03-09 00:00:00+00:00, run_after=2025-03-16 00:00:00+00:00
[2025-03-09T06:16:50.365+0000] {processor.py:208} INFO - Processing /opt/airflow/dags/cleanup.py took 0.436 seconds
[2025-03-09T06:17:20.978+0000] {processor.py:186} INFO - Started process (PID=7128) to work on /opt/airflow/dags/cleanup.py
[2025-03-09T06:17:20.980+0000] {processor.py:914} INFO - Processing file /opt/airflow/dags/cleanup.py for tasks to queue
[2025-03-09T06:17:20.983+0000] {logging_mixin.py:190} INFO - [2025-03-09T06:17:20.983+0000] {dagbag.py:588} INFO - Filling up the DagBag from /opt/airflow/dags/cleanup.py
[2025-03-09T06:17:21.194+0000] {logging_mixin.py:190} INFO - [2025-03-09T06:17:21.193+0000] {cleanup.py:49} INFO - ENABLE_DELETE_CHILD_LOG  False
[2025-03-09T06:17:21.204+0000] {processor.py:925} INFO - DAG(s) 'cleanup' retrieved from /opt/airflow/dags/cleanup.py
[2025-03-09T06:17:21.230+0000] {logging_mixin.py:190} INFO - [2025-03-09T06:17:21.230+0000] {dag.py:3239} INFO - Sync 1 DAGs
[2025-03-09T06:17:21.253+0000] {logging_mixin.py:190} INFO - [2025-03-09T06:17:21.253+0000] {dag.py:4180} INFO - Setting next_dagrun for cleanup to 2025-03-09 00:00:00+00:00, run_after=2025-03-16 00:00:00+00:00
[2025-03-09T06:17:21.285+0000] {processor.py:208} INFO - Processing /opt/airflow/dags/cleanup.py took 0.317 seconds
[2025-03-09T06:17:51.664+0000] {processor.py:186} INFO - Started process (PID=7148) to work on /opt/airflow/dags/cleanup.py
[2025-03-09T06:17:51.666+0000] {processor.py:914} INFO - Processing file /opt/airflow/dags/cleanup.py for tasks to queue
[2025-03-09T06:17:51.669+0000] {logging_mixin.py:190} INFO - [2025-03-09T06:17:51.668+0000] {dagbag.py:588} INFO - Filling up the DagBag from /opt/airflow/dags/cleanup.py
[2025-03-09T06:17:51.761+0000] {logging_mixin.py:190} INFO - [2025-03-09T06:17:51.761+0000] {cleanup.py:49} INFO - ENABLE_DELETE_CHILD_LOG  False
[2025-03-09T06:17:51.771+0000] {processor.py:925} INFO - DAG(s) 'cleanup' retrieved from /opt/airflow/dags/cleanup.py
[2025-03-09T06:17:51.795+0000] {logging_mixin.py:190} INFO - [2025-03-09T06:17:51.794+0000] {dag.py:3239} INFO - Sync 1 DAGs
[2025-03-09T06:17:51.829+0000] {logging_mixin.py:190} INFO - [2025-03-09T06:17:51.829+0000] {dag.py:4180} INFO - Setting next_dagrun for cleanup to 2025-03-09 00:00:00+00:00, run_after=2025-03-16 00:00:00+00:00
[2025-03-09T06:17:51.849+0000] {processor.py:208} INFO - Processing /opt/airflow/dags/cleanup.py took 0.193 seconds
[2025-03-09T06:18:22.163+0000] {processor.py:186} INFO - Started process (PID=7168) to work on /opt/airflow/dags/cleanup.py
[2025-03-09T06:18:22.167+0000] {processor.py:914} INFO - Processing file /opt/airflow/dags/cleanup.py for tasks to queue
[2025-03-09T06:18:22.170+0000] {logging_mixin.py:190} INFO - [2025-03-09T06:18:22.170+0000] {dagbag.py:588} INFO - Filling up the DagBag from /opt/airflow/dags/cleanup.py
[2025-03-09T06:18:22.233+0000] {logging_mixin.py:190} INFO - [2025-03-09T06:18:22.233+0000] {cleanup.py:49} INFO - ENABLE_DELETE_CHILD_LOG  False
[2025-03-09T06:18:22.243+0000] {processor.py:925} INFO - DAG(s) 'cleanup' retrieved from /opt/airflow/dags/cleanup.py
[2025-03-09T06:18:22.269+0000] {logging_mixin.py:190} INFO - [2025-03-09T06:18:22.268+0000] {dag.py:3239} INFO - Sync 1 DAGs
[2025-03-09T06:18:22.299+0000] {logging_mixin.py:190} INFO - [2025-03-09T06:18:22.298+0000] {dag.py:4180} INFO - Setting next_dagrun for cleanup to 2025-03-09 00:00:00+00:00, run_after=2025-03-16 00:00:00+00:00
[2025-03-09T06:18:22.327+0000] {processor.py:208} INFO - Processing /opt/airflow/dags/cleanup.py took 0.170 seconds
[2025-03-09T06:19:01.201+0000] {processor.py:186} INFO - Started process (PID=7186) to work on /opt/airflow/dags/cleanup.py
[2025-03-09T06:19:01.216+0000] {processor.py:914} INFO - Processing file /opt/airflow/dags/cleanup.py for tasks to queue
[2025-03-09T06:19:01.220+0000] {logging_mixin.py:190} INFO - [2025-03-09T06:19:01.220+0000] {dagbag.py:588} INFO - Filling up the DagBag from /opt/airflow/dags/cleanup.py
[2025-03-09T06:19:01.281+0000] {logging_mixin.py:190} INFO - [2025-03-09T06:19:01.280+0000] {cleanup.py:49} INFO - ENABLE_DELETE_CHILD_LOG  False
[2025-03-09T06:19:01.292+0000] {processor.py:925} INFO - DAG(s) 'cleanup' retrieved from /opt/airflow/dags/cleanup.py
[2025-03-09T06:19:01.321+0000] {logging_mixin.py:190} INFO - [2025-03-09T06:19:01.321+0000] {dag.py:3239} INFO - Sync 1 DAGs
[2025-03-09T06:19:01.355+0000] {logging_mixin.py:190} INFO - [2025-03-09T06:19:01.355+0000] {dag.py:4180} INFO - Setting next_dagrun for cleanup to 2025-03-09 00:00:00+00:00, run_after=2025-03-16 00:00:00+00:00
[2025-03-09T06:19:01.384+0000] {processor.py:208} INFO - Processing /opt/airflow/dags/cleanup.py took 0.190 seconds
[2025-03-09T06:19:32.005+0000] {processor.py:186} INFO - Started process (PID=7209) to work on /opt/airflow/dags/cleanup.py
[2025-03-09T06:19:32.038+0000] {processor.py:914} INFO - Processing file /opt/airflow/dags/cleanup.py for tasks to queue
[2025-03-09T06:19:32.041+0000] {logging_mixin.py:190} INFO - [2025-03-09T06:19:32.041+0000] {dagbag.py:588} INFO - Filling up the DagBag from /opt/airflow/dags/cleanup.py
[2025-03-09T06:19:32.266+0000] {logging_mixin.py:190} INFO - [2025-03-09T06:19:32.266+0000] {cleanup.py:49} INFO - ENABLE_DELETE_CHILD_LOG  False
[2025-03-09T06:19:32.274+0000] {processor.py:925} INFO - DAG(s) 'cleanup' retrieved from /opt/airflow/dags/cleanup.py
[2025-03-09T06:19:32.293+0000] {logging_mixin.py:190} INFO - [2025-03-09T06:19:32.293+0000] {dag.py:3239} INFO - Sync 1 DAGs
[2025-03-09T06:19:32.321+0000] {logging_mixin.py:190} INFO - [2025-03-09T06:19:32.321+0000] {dag.py:4180} INFO - Setting next_dagrun for cleanup to 2025-03-09 00:00:00+00:00, run_after=2025-03-16 00:00:00+00:00
[2025-03-09T06:19:32.339+0000] {processor.py:208} INFO - Processing /opt/airflow/dags/cleanup.py took 0.340 seconds
[2025-03-09T06:20:03.764+0000] {processor.py:186} INFO - Started process (PID=7229) to work on /opt/airflow/dags/cleanup.py
[2025-03-09T06:20:03.770+0000] {processor.py:914} INFO - Processing file /opt/airflow/dags/cleanup.py for tasks to queue
[2025-03-09T06:20:03.773+0000] {logging_mixin.py:190} INFO - [2025-03-09T06:20:03.772+0000] {dagbag.py:588} INFO - Filling up the DagBag from /opt/airflow/dags/cleanup.py
[2025-03-09T06:20:03.855+0000] {logging_mixin.py:190} INFO - [2025-03-09T06:20:03.855+0000] {cleanup.py:49} INFO - ENABLE_DELETE_CHILD_LOG  False
[2025-03-09T06:20:03.864+0000] {processor.py:925} INFO - DAG(s) 'cleanup' retrieved from /opt/airflow/dags/cleanup.py
[2025-03-09T06:20:03.892+0000] {logging_mixin.py:190} INFO - [2025-03-09T06:20:03.892+0000] {dag.py:3239} INFO - Sync 1 DAGs
[2025-03-09T06:20:03.929+0000] {logging_mixin.py:190} INFO - [2025-03-09T06:20:03.928+0000] {dag.py:4180} INFO - Setting next_dagrun for cleanup to 2025-03-09 00:00:00+00:00, run_after=2025-03-16 00:00:00+00:00
[2025-03-09T06:20:03.950+0000] {processor.py:208} INFO - Processing /opt/airflow/dags/cleanup.py took 0.195 seconds
[2025-03-09T06:21:15.418+0000] {processor.py:186} INFO - Started process (PID=7252) to work on /opt/airflow/dags/cleanup.py
[2025-03-09T06:21:15.419+0000] {processor.py:914} INFO - Processing file /opt/airflow/dags/cleanup.py for tasks to queue
[2025-03-09T06:21:15.422+0000] {logging_mixin.py:190} INFO - [2025-03-09T06:21:15.421+0000] {dagbag.py:588} INFO - Filling up the DagBag from /opt/airflow/dags/cleanup.py
[2025-03-09T06:21:15.453+0000] {logging_mixin.py:190} INFO - [2025-03-09T06:21:15.452+0000] {cleanup.py:49} INFO - ENABLE_DELETE_CHILD_LOG  False
[2025-03-09T06:21:15.461+0000] {processor.py:925} INFO - DAG(s) 'cleanup' retrieved from /opt/airflow/dags/cleanup.py
[2025-03-09T06:21:15.486+0000] {logging_mixin.py:190} INFO - [2025-03-09T06:21:15.485+0000] {dag.py:3239} INFO - Sync 1 DAGs
[2025-03-09T06:21:15.512+0000] {logging_mixin.py:190} INFO - [2025-03-09T06:21:15.512+0000] {dag.py:4180} INFO - Setting next_dagrun for cleanup to 2025-03-09 00:00:00+00:00, run_after=2025-03-16 00:00:00+00:00
[2025-03-09T06:21:15.533+0000] {processor.py:208} INFO - Processing /opt/airflow/dags/cleanup.py took 0.122 seconds
[2025-03-09T06:21:46.809+0000] {processor.py:186} INFO - Started process (PID=7274) to work on /opt/airflow/dags/cleanup.py
[2025-03-09T06:21:46.829+0000] {processor.py:914} INFO - Processing file /opt/airflow/dags/cleanup.py for tasks to queue
[2025-03-09T06:21:46.835+0000] {logging_mixin.py:190} INFO - [2025-03-09T06:21:46.834+0000] {dagbag.py:588} INFO - Filling up the DagBag from /opt/airflow/dags/cleanup.py
[2025-03-09T06:21:46.896+0000] {logging_mixin.py:190} INFO - [2025-03-09T06:21:46.896+0000] {cleanup.py:49} INFO - ENABLE_DELETE_CHILD_LOG  False
[2025-03-09T06:21:46.908+0000] {processor.py:925} INFO - DAG(s) 'cleanup' retrieved from /opt/airflow/dags/cleanup.py
[2025-03-09T06:21:46.937+0000] {logging_mixin.py:190} INFO - [2025-03-09T06:21:46.937+0000] {dag.py:3239} INFO - Sync 1 DAGs
[2025-03-09T06:21:46.969+0000] {logging_mixin.py:190} INFO - [2025-03-09T06:21:46.969+0000] {dag.py:4180} INFO - Setting next_dagrun for cleanup to 2025-03-09 00:00:00+00:00, run_after=2025-03-16 00:00:00+00:00
[2025-03-09T06:21:46.988+0000] {processor.py:208} INFO - Processing /opt/airflow/dags/cleanup.py took 0.187 seconds
[2025-03-09T06:22:17.200+0000] {processor.py:186} INFO - Started process (PID=7294) to work on /opt/airflow/dags/cleanup.py
[2025-03-09T06:22:17.283+0000] {processor.py:914} INFO - Processing file /opt/airflow/dags/cleanup.py for tasks to queue
[2025-03-09T06:22:17.286+0000] {logging_mixin.py:190} INFO - [2025-03-09T06:22:17.285+0000] {dagbag.py:588} INFO - Filling up the DagBag from /opt/airflow/dags/cleanup.py
[2025-03-09T06:22:17.347+0000] {logging_mixin.py:190} INFO - [2025-03-09T06:22:17.347+0000] {cleanup.py:49} INFO - ENABLE_DELETE_CHILD_LOG  False
[2025-03-09T06:22:17.358+0000] {processor.py:925} INFO - DAG(s) 'cleanup' retrieved from /opt/airflow/dags/cleanup.py
[2025-03-09T06:22:17.382+0000] {logging_mixin.py:190} INFO - [2025-03-09T06:22:17.381+0000] {dag.py:3239} INFO - Sync 1 DAGs
[2025-03-09T06:22:17.413+0000] {logging_mixin.py:190} INFO - [2025-03-09T06:22:17.413+0000] {dag.py:4180} INFO - Setting next_dagrun for cleanup to 2025-03-09 00:00:00+00:00, run_after=2025-03-16 00:00:00+00:00
[2025-03-09T06:22:17.457+0000] {processor.py:208} INFO - Processing /opt/airflow/dags/cleanup.py took 0.264 seconds
[2025-03-09T06:22:48.063+0000] {processor.py:186} INFO - Started process (PID=7312) to work on /opt/airflow/dags/cleanup.py
[2025-03-09T06:22:48.065+0000] {processor.py:914} INFO - Processing file /opt/airflow/dags/cleanup.py for tasks to queue
[2025-03-09T06:22:48.067+0000] {logging_mixin.py:190} INFO - [2025-03-09T06:22:48.066+0000] {dagbag.py:588} INFO - Filling up the DagBag from /opt/airflow/dags/cleanup.py
[2025-03-09T06:22:48.116+0000] {logging_mixin.py:190} INFO - [2025-03-09T06:22:48.115+0000] {cleanup.py:49} INFO - ENABLE_DELETE_CHILD_LOG  False
[2025-03-09T06:22:48.126+0000] {processor.py:925} INFO - DAG(s) 'cleanup' retrieved from /opt/airflow/dags/cleanup.py
[2025-03-09T06:22:48.146+0000] {logging_mixin.py:190} INFO - [2025-03-09T06:22:48.146+0000] {dag.py:3239} INFO - Sync 1 DAGs
[2025-03-09T06:22:48.172+0000] {logging_mixin.py:190} INFO - [2025-03-09T06:22:48.171+0000] {dag.py:4180} INFO - Setting next_dagrun for cleanup to 2025-03-09 00:00:00+00:00, run_after=2025-03-16 00:00:00+00:00
[2025-03-09T06:22:48.193+0000] {processor.py:208} INFO - Processing /opt/airflow/dags/cleanup.py took 0.138 seconds
[2025-03-09T06:23:19.145+0000] {processor.py:186} INFO - Started process (PID=7334) to work on /opt/airflow/dags/cleanup.py
[2025-03-09T06:23:19.146+0000] {processor.py:914} INFO - Processing file /opt/airflow/dags/cleanup.py for tasks to queue
[2025-03-09T06:23:19.149+0000] {logging_mixin.py:190} INFO - [2025-03-09T06:23:19.149+0000] {dagbag.py:588} INFO - Filling up the DagBag from /opt/airflow/dags/cleanup.py
[2025-03-09T06:23:19.389+0000] {logging_mixin.py:190} INFO - [2025-03-09T06:23:19.388+0000] {cleanup.py:49} INFO - ENABLE_DELETE_CHILD_LOG  False
[2025-03-09T06:23:19.399+0000] {processor.py:925} INFO - DAG(s) 'cleanup' retrieved from /opt/airflow/dags/cleanup.py
[2025-03-09T06:23:19.424+0000] {logging_mixin.py:190} INFO - [2025-03-09T06:23:19.424+0000] {dag.py:3239} INFO - Sync 1 DAGs
[2025-03-09T06:23:19.455+0000] {logging_mixin.py:190} INFO - [2025-03-09T06:23:19.455+0000] {dag.py:4180} INFO - Setting next_dagrun for cleanup to 2025-03-09 00:00:00+00:00, run_after=2025-03-16 00:00:00+00:00
[2025-03-09T06:23:19.479+0000] {processor.py:208} INFO - Processing /opt/airflow/dags/cleanup.py took 0.342 seconds
[2025-03-09T06:23:49.769+0000] {processor.py:186} INFO - Started process (PID=7354) to work on /opt/airflow/dags/cleanup.py
[2025-03-09T06:23:49.770+0000] {processor.py:914} INFO - Processing file /opt/airflow/dags/cleanup.py for tasks to queue
[2025-03-09T06:23:49.772+0000] {logging_mixin.py:190} INFO - [2025-03-09T06:23:49.772+0000] {dagbag.py:588} INFO - Filling up the DagBag from /opt/airflow/dags/cleanup.py
[2025-03-09T06:23:49.837+0000] {logging_mixin.py:190} INFO - [2025-03-09T06:23:49.836+0000] {cleanup.py:49} INFO - ENABLE_DELETE_CHILD_LOG  False
[2025-03-09T06:23:49.849+0000] {processor.py:925} INFO - DAG(s) 'cleanup' retrieved from /opt/airflow/dags/cleanup.py
[2025-03-09T06:23:49.875+0000] {logging_mixin.py:190} INFO - [2025-03-09T06:23:49.874+0000] {dag.py:3239} INFO - Sync 1 DAGs
[2025-03-09T06:23:49.906+0000] {logging_mixin.py:190} INFO - [2025-03-09T06:23:49.905+0000] {dag.py:4180} INFO - Setting next_dagrun for cleanup to 2025-03-09 00:00:00+00:00, run_after=2025-03-16 00:00:00+00:00
[2025-03-09T06:23:49.934+0000] {processor.py:208} INFO - Processing /opt/airflow/dags/cleanup.py took 0.171 seconds
[2025-03-09T06:24:20.871+0000] {processor.py:186} INFO - Started process (PID=7374) to work on /opt/airflow/dags/cleanup.py
[2025-03-09T06:24:20.932+0000] {processor.py:914} INFO - Processing file /opt/airflow/dags/cleanup.py for tasks to queue
[2025-03-09T06:24:20.935+0000] {logging_mixin.py:190} INFO - [2025-03-09T06:24:20.935+0000] {dagbag.py:588} INFO - Filling up the DagBag from /opt/airflow/dags/cleanup.py
[2025-03-09T06:24:21.045+0000] {logging_mixin.py:190} INFO - [2025-03-09T06:24:21.045+0000] {cleanup.py:49} INFO - ENABLE_DELETE_CHILD_LOG  False
[2025-03-09T06:24:21.053+0000] {processor.py:925} INFO - DAG(s) 'cleanup' retrieved from /opt/airflow/dags/cleanup.py
[2025-03-09T06:24:21.075+0000] {logging_mixin.py:190} INFO - [2025-03-09T06:24:21.075+0000] {dag.py:3239} INFO - Sync 1 DAGs
[2025-03-09T06:24:21.100+0000] {logging_mixin.py:190} INFO - [2025-03-09T06:24:21.099+0000] {dag.py:4180} INFO - Setting next_dagrun for cleanup to 2025-03-09 00:00:00+00:00, run_after=2025-03-16 00:00:00+00:00
[2025-03-09T06:24:21.127+0000] {processor.py:208} INFO - Processing /opt/airflow/dags/cleanup.py took 0.264 seconds
[2025-03-09T06:24:51.252+0000] {processor.py:186} INFO - Started process (PID=7394) to work on /opt/airflow/dags/cleanup.py
[2025-03-09T06:24:51.254+0000] {processor.py:914} INFO - Processing file /opt/airflow/dags/cleanup.py for tasks to queue
[2025-03-09T06:24:51.256+0000] {logging_mixin.py:190} INFO - [2025-03-09T06:24:51.256+0000] {dagbag.py:588} INFO - Filling up the DagBag from /opt/airflow/dags/cleanup.py
[2025-03-09T06:24:51.297+0000] {logging_mixin.py:190} INFO - [2025-03-09T06:24:51.296+0000] {cleanup.py:49} INFO - ENABLE_DELETE_CHILD_LOG  False
[2025-03-09T06:24:51.305+0000] {processor.py:925} INFO - DAG(s) 'cleanup' retrieved from /opt/airflow/dags/cleanup.py
[2025-03-09T06:24:51.329+0000] {logging_mixin.py:190} INFO - [2025-03-09T06:24:51.329+0000] {dag.py:3239} INFO - Sync 1 DAGs
[2025-03-09T06:24:51.361+0000] {logging_mixin.py:190} INFO - [2025-03-09T06:24:51.360+0000] {dag.py:4180} INFO - Setting next_dagrun for cleanup to 2025-03-09 00:00:00+00:00, run_after=2025-03-16 00:00:00+00:00
[2025-03-09T06:24:51.382+0000] {processor.py:208} INFO - Processing /opt/airflow/dags/cleanup.py took 0.136 seconds
[2025-03-09T06:25:22.169+0000] {processor.py:186} INFO - Started process (PID=7412) to work on /opt/airflow/dags/cleanup.py
[2025-03-09T06:25:22.178+0000] {processor.py:914} INFO - Processing file /opt/airflow/dags/cleanup.py for tasks to queue
[2025-03-09T06:25:22.180+0000] {logging_mixin.py:190} INFO - [2025-03-09T06:25:22.180+0000] {dagbag.py:588} INFO - Filling up the DagBag from /opt/airflow/dags/cleanup.py
[2025-03-09T06:25:22.220+0000] {logging_mixin.py:190} INFO - [2025-03-09T06:25:22.220+0000] {cleanup.py:49} INFO - ENABLE_DELETE_CHILD_LOG  False
[2025-03-09T06:25:22.228+0000] {processor.py:925} INFO - DAG(s) 'cleanup' retrieved from /opt/airflow/dags/cleanup.py
[2025-03-09T06:25:22.248+0000] {logging_mixin.py:190} INFO - [2025-03-09T06:25:22.248+0000] {dag.py:3239} INFO - Sync 1 DAGs
[2025-03-09T06:25:22.272+0000] {logging_mixin.py:190} INFO - [2025-03-09T06:25:22.272+0000] {dag.py:4180} INFO - Setting next_dagrun for cleanup to 2025-03-09 00:00:00+00:00, run_after=2025-03-16 00:00:00+00:00
[2025-03-09T06:25:23.013+0000] {processor.py:208} INFO - Processing /opt/airflow/dags/cleanup.py took 0.851 seconds
