[2025-03-09T05:45:05.173+0000] {processor.py:186} INFO - Started process (PID=5861) to work on /opt/airflow/dags/dqc_airflow.py
[2025-03-09T05:45:05.174+0000] {processor.py:914} INFO - Processing file /opt/airflow/dags/dqc_airflow.py for tasks to queue
[2025-03-09T05:45:05.176+0000] {logging_mixin.py:190} INFO - [2025-03-09T05:45:05.175+0000] {dagbag.py:588} INFO - Filling up the DagBag from /opt/airflow/dags/dqc_airflow.py
[2025-03-09T05:45:05.189+0000] {processor.py:925} INFO - DAG(s) 'DataQualityOrchestration' retrieved from /opt/airflow/dags/dqc_airflow.py
[2025-03-09T05:45:05.212+0000] {logging_mixin.py:190} INFO - [2025-03-09T05:45:05.212+0000] {dag.py:3239} INFO - Sync 1 DAGs
[2025-03-09T05:45:05.224+0000] {logging_mixin.py:190} INFO - [2025-03-09T05:45:05.224+0000] {dag.py:4180} INFO - Setting next_dagrun for DataQualityOrchestration to None, run_after=None
[2025-03-09T05:45:05.242+0000] {processor.py:208} INFO - Processing /opt/airflow/dags/dqc_airflow.py took 0.074 seconds
[2025-03-09T05:45:35.582+0000] {processor.py:186} INFO - Started process (PID=5881) to work on /opt/airflow/dags/dqc_airflow.py
[2025-03-09T05:45:35.583+0000] {processor.py:914} INFO - Processing file /opt/airflow/dags/dqc_airflow.py for tasks to queue
[2025-03-09T05:45:35.585+0000] {logging_mixin.py:190} INFO - [2025-03-09T05:45:35.585+0000] {dagbag.py:588} INFO - Filling up the DagBag from /opt/airflow/dags/dqc_airflow.py
[2025-03-09T05:45:35.602+0000] {processor.py:925} INFO - DAG(s) 'DataQualityOrchestration' retrieved from /opt/airflow/dags/dqc_airflow.py
[2025-03-09T05:45:35.631+0000] {logging_mixin.py:190} INFO - [2025-03-09T05:45:35.630+0000] {dag.py:3239} INFO - Sync 1 DAGs
[2025-03-09T05:45:35.645+0000] {logging_mixin.py:190} INFO - [2025-03-09T05:45:35.645+0000] {dag.py:4180} INFO - Setting next_dagrun for DataQualityOrchestration to None, run_after=None
[2025-03-09T05:45:35.667+0000] {processor.py:208} INFO - Processing /opt/airflow/dags/dqc_airflow.py took 0.091 seconds
[2025-03-09T05:46:05.740+0000] {processor.py:186} INFO - Started process (PID=5901) to work on /opt/airflow/dags/dqc_airflow.py
[2025-03-09T05:46:05.741+0000] {processor.py:914} INFO - Processing file /opt/airflow/dags/dqc_airflow.py for tasks to queue
[2025-03-09T05:46:05.743+0000] {logging_mixin.py:190} INFO - [2025-03-09T05:46:05.743+0000] {dagbag.py:588} INFO - Filling up the DagBag from /opt/airflow/dags/dqc_airflow.py
[2025-03-09T05:46:05.756+0000] {processor.py:925} INFO - DAG(s) 'DataQualityOrchestration' retrieved from /opt/airflow/dags/dqc_airflow.py
[2025-03-09T05:46:05.780+0000] {logging_mixin.py:190} INFO - [2025-03-09T05:46:05.780+0000] {dag.py:3239} INFO - Sync 1 DAGs
[2025-03-09T05:46:05.793+0000] {logging_mixin.py:190} INFO - [2025-03-09T05:46:05.793+0000] {dag.py:4180} INFO - Setting next_dagrun for DataQualityOrchestration to None, run_after=None
[2025-03-09T05:46:05.809+0000] {processor.py:208} INFO - Processing /opt/airflow/dags/dqc_airflow.py took 0.074 seconds
[2025-03-09T05:46:35.879+0000] {processor.py:186} INFO - Started process (PID=5921) to work on /opt/airflow/dags/dqc_airflow.py
[2025-03-09T05:46:35.880+0000] {processor.py:914} INFO - Processing file /opt/airflow/dags/dqc_airflow.py for tasks to queue
[2025-03-09T05:46:35.883+0000] {logging_mixin.py:190} INFO - [2025-03-09T05:46:35.882+0000] {dagbag.py:588} INFO - Filling up the DagBag from /opt/airflow/dags/dqc_airflow.py
[2025-03-09T05:46:35.906+0000] {processor.py:925} INFO - DAG(s) 'DataQualityOrchestration' retrieved from /opt/airflow/dags/dqc_airflow.py
[2025-03-09T05:46:35.953+0000] {logging_mixin.py:190} INFO - [2025-03-09T05:46:35.952+0000] {dag.py:3239} INFO - Sync 1 DAGs
[2025-03-09T05:46:35.973+0000] {logging_mixin.py:190} INFO - [2025-03-09T05:46:35.973+0000] {dag.py:4180} INFO - Setting next_dagrun for DataQualityOrchestration to None, run_after=None
[2025-03-09T05:46:35.997+0000] {processor.py:208} INFO - Processing /opt/airflow/dags/dqc_airflow.py took 0.126 seconds
[2025-03-09T05:47:06.056+0000] {processor.py:186} INFO - Started process (PID=5941) to work on /opt/airflow/dags/dqc_airflow.py
[2025-03-09T05:47:06.056+0000] {processor.py:914} INFO - Processing file /opt/airflow/dags/dqc_airflow.py for tasks to queue
[2025-03-09T05:47:06.058+0000] {logging_mixin.py:190} INFO - [2025-03-09T05:47:06.058+0000] {dagbag.py:588} INFO - Filling up the DagBag from /opt/airflow/dags/dqc_airflow.py
[2025-03-09T05:47:06.072+0000] {processor.py:925} INFO - DAG(s) 'DataQualityOrchestration' retrieved from /opt/airflow/dags/dqc_airflow.py
[2025-03-09T05:47:06.096+0000] {logging_mixin.py:190} INFO - [2025-03-09T05:47:06.095+0000] {dag.py:3239} INFO - Sync 1 DAGs
[2025-03-09T05:47:06.108+0000] {logging_mixin.py:190} INFO - [2025-03-09T05:47:06.108+0000] {dag.py:4180} INFO - Setting next_dagrun for DataQualityOrchestration to None, run_after=None
[2025-03-09T05:47:06.125+0000] {processor.py:208} INFO - Processing /opt/airflow/dags/dqc_airflow.py took 0.075 seconds
[2025-03-09T05:47:36.705+0000] {processor.py:186} INFO - Started process (PID=5961) to work on /opt/airflow/dags/dqc_airflow.py
[2025-03-09T05:47:36.706+0000] {processor.py:914} INFO - Processing file /opt/airflow/dags/dqc_airflow.py for tasks to queue
[2025-03-09T05:47:36.708+0000] {logging_mixin.py:190} INFO - [2025-03-09T05:47:36.708+0000] {dagbag.py:588} INFO - Filling up the DagBag from /opt/airflow/dags/dqc_airflow.py
[2025-03-09T05:47:36.722+0000] {processor.py:925} INFO - DAG(s) 'DataQualityOrchestration' retrieved from /opt/airflow/dags/dqc_airflow.py
[2025-03-09T05:47:36.745+0000] {logging_mixin.py:190} INFO - [2025-03-09T05:47:36.745+0000] {dag.py:3239} INFO - Sync 1 DAGs
[2025-03-09T05:47:36.758+0000] {logging_mixin.py:190} INFO - [2025-03-09T05:47:36.758+0000] {dag.py:4180} INFO - Setting next_dagrun for DataQualityOrchestration to None, run_after=None
[2025-03-09T05:47:36.775+0000] {processor.py:208} INFO - Processing /opt/airflow/dags/dqc_airflow.py took 0.075 seconds
[2025-03-09T05:48:07.200+0000] {processor.py:186} INFO - Started process (PID=5981) to work on /opt/airflow/dags/dqc_airflow.py
[2025-03-09T05:48:07.201+0000] {processor.py:914} INFO - Processing file /opt/airflow/dags/dqc_airflow.py for tasks to queue
[2025-03-09T05:48:07.203+0000] {logging_mixin.py:190} INFO - [2025-03-09T05:48:07.202+0000] {dagbag.py:588} INFO - Filling up the DagBag from /opt/airflow/dags/dqc_airflow.py
[2025-03-09T05:48:07.217+0000] {processor.py:925} INFO - DAG(s) 'DataQualityOrchestration' retrieved from /opt/airflow/dags/dqc_airflow.py
[2025-03-09T05:48:07.241+0000] {logging_mixin.py:190} INFO - [2025-03-09T05:48:07.241+0000] {dag.py:3239} INFO - Sync 1 DAGs
[2025-03-09T05:48:07.254+0000] {logging_mixin.py:190} INFO - [2025-03-09T05:48:07.254+0000] {dag.py:4180} INFO - Setting next_dagrun for DataQualityOrchestration to None, run_after=None
[2025-03-09T05:48:07.271+0000] {processor.py:208} INFO - Processing /opt/airflow/dags/dqc_airflow.py took 0.077 seconds
[2025-03-09T05:48:38.230+0000] {processor.py:186} INFO - Started process (PID=6001) to work on /opt/airflow/dags/dqc_airflow.py
[2025-03-09T05:48:38.231+0000] {processor.py:914} INFO - Processing file /opt/airflow/dags/dqc_airflow.py for tasks to queue
[2025-03-09T05:48:38.233+0000] {logging_mixin.py:190} INFO - [2025-03-09T05:48:38.233+0000] {dagbag.py:588} INFO - Filling up the DagBag from /opt/airflow/dags/dqc_airflow.py
[2025-03-09T05:48:38.247+0000] {processor.py:925} INFO - DAG(s) 'DataQualityOrchestration' retrieved from /opt/airflow/dags/dqc_airflow.py
[2025-03-09T05:48:38.271+0000] {logging_mixin.py:190} INFO - [2025-03-09T05:48:38.271+0000] {dag.py:3239} INFO - Sync 1 DAGs
[2025-03-09T05:48:38.283+0000] {logging_mixin.py:190} INFO - [2025-03-09T05:48:38.283+0000] {dag.py:4180} INFO - Setting next_dagrun for DataQualityOrchestration to None, run_after=None
[2025-03-09T05:48:38.300+0000] {processor.py:208} INFO - Processing /opt/airflow/dags/dqc_airflow.py took 0.075 seconds
[2025-03-09T05:49:08.344+0000] {processor.py:186} INFO - Started process (PID=6021) to work on /opt/airflow/dags/dqc_airflow.py
[2025-03-09T05:49:08.345+0000] {processor.py:914} INFO - Processing file /opt/airflow/dags/dqc_airflow.py for tasks to queue
[2025-03-09T05:49:08.347+0000] {logging_mixin.py:190} INFO - [2025-03-09T05:49:08.347+0000] {dagbag.py:588} INFO - Filling up the DagBag from /opt/airflow/dags/dqc_airflow.py
[2025-03-09T05:49:08.361+0000] {processor.py:925} INFO - DAG(s) 'DataQualityOrchestration' retrieved from /opt/airflow/dags/dqc_airflow.py
[2025-03-09T05:49:08.384+0000] {logging_mixin.py:190} INFO - [2025-03-09T05:49:08.384+0000] {dag.py:3239} INFO - Sync 1 DAGs
[2025-03-09T05:49:08.397+0000] {logging_mixin.py:190} INFO - [2025-03-09T05:49:08.397+0000] {dag.py:4180} INFO - Setting next_dagrun for DataQualityOrchestration to None, run_after=None
[2025-03-09T05:49:08.414+0000] {processor.py:208} INFO - Processing /opt/airflow/dags/dqc_airflow.py took 0.075 seconds
[2025-03-09T05:49:39.322+0000] {processor.py:186} INFO - Started process (PID=6041) to work on /opt/airflow/dags/dqc_airflow.py
[2025-03-09T05:49:39.323+0000] {processor.py:914} INFO - Processing file /opt/airflow/dags/dqc_airflow.py for tasks to queue
[2025-03-09T05:49:39.325+0000] {logging_mixin.py:190} INFO - [2025-03-09T05:49:39.325+0000] {dagbag.py:588} INFO - Filling up the DagBag from /opt/airflow/dags/dqc_airflow.py
[2025-03-09T05:49:39.339+0000] {processor.py:925} INFO - DAG(s) 'DataQualityOrchestration' retrieved from /opt/airflow/dags/dqc_airflow.py
[2025-03-09T05:49:39.363+0000] {logging_mixin.py:190} INFO - [2025-03-09T05:49:39.362+0000] {dag.py:3239} INFO - Sync 1 DAGs
[2025-03-09T05:49:39.378+0000] {logging_mixin.py:190} INFO - [2025-03-09T05:49:39.378+0000] {dag.py:4180} INFO - Setting next_dagrun for DataQualityOrchestration to None, run_after=None
[2025-03-09T05:49:39.395+0000] {processor.py:208} INFO - Processing /opt/airflow/dags/dqc_airflow.py took 0.078 seconds
[2025-03-09T05:50:09.490+0000] {processor.py:186} INFO - Started process (PID=6061) to work on /opt/airflow/dags/dqc_airflow.py
[2025-03-09T05:50:09.491+0000] {processor.py:914} INFO - Processing file /opt/airflow/dags/dqc_airflow.py for tasks to queue
[2025-03-09T05:50:09.492+0000] {logging_mixin.py:190} INFO - [2025-03-09T05:50:09.492+0000] {dagbag.py:588} INFO - Filling up the DagBag from /opt/airflow/dags/dqc_airflow.py
[2025-03-09T05:50:09.505+0000] {processor.py:925} INFO - DAG(s) 'DataQualityOrchestration' retrieved from /opt/airflow/dags/dqc_airflow.py
[2025-03-09T05:50:09.528+0000] {logging_mixin.py:190} INFO - [2025-03-09T05:50:09.527+0000] {dag.py:3239} INFO - Sync 1 DAGs
[2025-03-09T05:50:09.540+0000] {logging_mixin.py:190} INFO - [2025-03-09T05:50:09.540+0000] {dag.py:4180} INFO - Setting next_dagrun for DataQualityOrchestration to None, run_after=None
[2025-03-09T05:50:09.556+0000] {processor.py:208} INFO - Processing /opt/airflow/dags/dqc_airflow.py took 0.071 seconds
[2025-03-09T05:50:39.601+0000] {processor.py:186} INFO - Started process (PID=6081) to work on /opt/airflow/dags/dqc_airflow.py
[2025-03-09T05:50:39.602+0000] {processor.py:914} INFO - Processing file /opt/airflow/dags/dqc_airflow.py for tasks to queue
[2025-03-09T05:50:39.603+0000] {logging_mixin.py:190} INFO - [2025-03-09T05:50:39.603+0000] {dagbag.py:588} INFO - Filling up the DagBag from /opt/airflow/dags/dqc_airflow.py
[2025-03-09T05:50:39.617+0000] {processor.py:925} INFO - DAG(s) 'DataQualityOrchestration' retrieved from /opt/airflow/dags/dqc_airflow.py
[2025-03-09T05:50:39.641+0000] {logging_mixin.py:190} INFO - [2025-03-09T05:50:39.641+0000] {dag.py:3239} INFO - Sync 1 DAGs
[2025-03-09T05:50:39.653+0000] {logging_mixin.py:190} INFO - [2025-03-09T05:50:39.653+0000] {dag.py:4180} INFO - Setting next_dagrun for DataQualityOrchestration to None, run_after=None
[2025-03-09T05:50:39.670+0000] {processor.py:208} INFO - Processing /opt/airflow/dags/dqc_airflow.py took 0.074 seconds
[2025-03-09T05:51:09.764+0000] {processor.py:186} INFO - Started process (PID=6101) to work on /opt/airflow/dags/dqc_airflow.py
[2025-03-09T05:51:09.765+0000] {processor.py:914} INFO - Processing file /opt/airflow/dags/dqc_airflow.py for tasks to queue
[2025-03-09T05:51:09.767+0000] {logging_mixin.py:190} INFO - [2025-03-09T05:51:09.767+0000] {dagbag.py:588} INFO - Filling up the DagBag from /opt/airflow/dags/dqc_airflow.py
[2025-03-09T05:51:09.781+0000] {processor.py:925} INFO - DAG(s) 'DataQualityOrchestration' retrieved from /opt/airflow/dags/dqc_airflow.py
[2025-03-09T05:51:09.806+0000] {logging_mixin.py:190} INFO - [2025-03-09T05:51:09.806+0000] {dag.py:3239} INFO - Sync 1 DAGs
[2025-03-09T05:51:09.821+0000] {logging_mixin.py:190} INFO - [2025-03-09T05:51:09.821+0000] {dag.py:4180} INFO - Setting next_dagrun for DataQualityOrchestration to None, run_after=None
[2025-03-09T05:51:09.843+0000] {processor.py:208} INFO - Processing /opt/airflow/dags/dqc_airflow.py took 0.084 seconds
[2025-03-09T05:51:41.810+0000] {processor.py:186} INFO - Started process (PID=6121) to work on /opt/airflow/dags/dqc_airflow.py
[2025-03-09T05:51:41.811+0000] {processor.py:914} INFO - Processing file /opt/airflow/dags/dqc_airflow.py for tasks to queue
[2025-03-09T05:51:41.814+0000] {logging_mixin.py:190} INFO - [2025-03-09T05:51:41.813+0000] {dagbag.py:588} INFO - Filling up the DagBag from /opt/airflow/dags/dqc_airflow.py
[2025-03-09T05:51:41.831+0000] {processor.py:925} INFO - DAG(s) 'DataQualityOrchestration' retrieved from /opt/airflow/dags/dqc_airflow.py
[2025-03-09T05:51:41.863+0000] {logging_mixin.py:190} INFO - [2025-03-09T05:51:41.863+0000] {dag.py:3239} INFO - Sync 1 DAGs
[2025-03-09T05:51:41.879+0000] {logging_mixin.py:190} INFO - [2025-03-09T05:51:41.879+0000] {dag.py:4180} INFO - Setting next_dagrun for DataQualityOrchestration to None, run_after=None
[2025-03-09T05:51:41.898+0000] {processor.py:208} INFO - Processing /opt/airflow/dags/dqc_airflow.py took 0.094 seconds
[2025-03-09T05:52:13.952+0000] {processor.py:186} INFO - Started process (PID=6141) to work on /opt/airflow/dags/dqc_airflow.py
[2025-03-09T05:52:13.954+0000] {processor.py:914} INFO - Processing file /opt/airflow/dags/dqc_airflow.py for tasks to queue
[2025-03-09T05:52:13.956+0000] {logging_mixin.py:190} INFO - [2025-03-09T05:52:13.956+0000] {dagbag.py:588} INFO - Filling up the DagBag from /opt/airflow/dags/dqc_airflow.py
[2025-03-09T05:52:13.973+0000] {processor.py:925} INFO - DAG(s) 'DataQualityOrchestration' retrieved from /opt/airflow/dags/dqc_airflow.py
[2025-03-09T05:52:14.003+0000] {logging_mixin.py:190} INFO - [2025-03-09T05:52:14.003+0000] {dag.py:3239} INFO - Sync 1 DAGs
[2025-03-09T05:52:14.018+0000] {logging_mixin.py:190} INFO - [2025-03-09T05:52:14.018+0000] {dag.py:4180} INFO - Setting next_dagrun for DataQualityOrchestration to None, run_after=None
[2025-03-09T05:52:14.039+0000] {processor.py:208} INFO - Processing /opt/airflow/dags/dqc_airflow.py took 0.092 seconds
[2025-03-09T05:52:44.492+0000] {processor.py:186} INFO - Started process (PID=6161) to work on /opt/airflow/dags/dqc_airflow.py
[2025-03-09T05:52:44.493+0000] {processor.py:914} INFO - Processing file /opt/airflow/dags/dqc_airflow.py for tasks to queue
[2025-03-09T05:52:44.495+0000] {logging_mixin.py:190} INFO - [2025-03-09T05:52:44.495+0000] {dagbag.py:588} INFO - Filling up the DagBag from /opt/airflow/dags/dqc_airflow.py
[2025-03-09T05:52:44.509+0000] {processor.py:925} INFO - DAG(s) 'DataQualityOrchestration' retrieved from /opt/airflow/dags/dqc_airflow.py
[2025-03-09T05:52:44.534+0000] {logging_mixin.py:190} INFO - [2025-03-09T05:52:44.533+0000] {dag.py:3239} INFO - Sync 1 DAGs
[2025-03-09T05:52:44.547+0000] {logging_mixin.py:190} INFO - [2025-03-09T05:52:44.546+0000] {dag.py:4180} INFO - Setting next_dagrun for DataQualityOrchestration to None, run_after=None
[2025-03-09T05:52:44.564+0000] {processor.py:208} INFO - Processing /opt/airflow/dags/dqc_airflow.py took 0.077 seconds
[2025-03-09T05:53:19.166+0000] {processor.py:186} INFO - Started process (PID=6181) to work on /opt/airflow/dags/dqc_airflow.py
[2025-03-09T05:53:19.167+0000] {processor.py:914} INFO - Processing file /opt/airflow/dags/dqc_airflow.py for tasks to queue
[2025-03-09T05:53:19.169+0000] {logging_mixin.py:190} INFO - [2025-03-09T05:53:19.169+0000] {dagbag.py:588} INFO - Filling up the DagBag from /opt/airflow/dags/dqc_airflow.py
[2025-03-09T05:53:19.183+0000] {processor.py:925} INFO - DAG(s) 'DataQualityOrchestration' retrieved from /opt/airflow/dags/dqc_airflow.py
[2025-03-09T05:53:19.209+0000] {logging_mixin.py:190} INFO - [2025-03-09T05:53:19.209+0000] {dag.py:3239} INFO - Sync 1 DAGs
[2025-03-09T05:53:19.221+0000] {logging_mixin.py:190} INFO - [2025-03-09T05:53:19.221+0000] {dag.py:4180} INFO - Setting next_dagrun for DataQualityOrchestration to None, run_after=None
[2025-03-09T05:53:19.239+0000] {processor.py:208} INFO - Processing /opt/airflow/dags/dqc_airflow.py took 0.078 seconds
[2025-03-09T05:53:52.146+0000] {processor.py:186} INFO - Started process (PID=6201) to work on /opt/airflow/dags/dqc_airflow.py
[2025-03-09T05:53:52.147+0000] {processor.py:914} INFO - Processing file /opt/airflow/dags/dqc_airflow.py for tasks to queue
[2025-03-09T05:53:52.149+0000] {logging_mixin.py:190} INFO - [2025-03-09T05:53:52.149+0000] {dagbag.py:588} INFO - Filling up the DagBag from /opt/airflow/dags/dqc_airflow.py
[2025-03-09T05:53:52.163+0000] {processor.py:925} INFO - DAG(s) 'DataQualityOrchestration' retrieved from /opt/airflow/dags/dqc_airflow.py
[2025-03-09T05:53:52.186+0000] {logging_mixin.py:190} INFO - [2025-03-09T05:53:52.186+0000] {dag.py:3239} INFO - Sync 1 DAGs
[2025-03-09T05:53:52.199+0000] {logging_mixin.py:190} INFO - [2025-03-09T05:53:52.199+0000] {dag.py:4180} INFO - Setting next_dagrun for DataQualityOrchestration to None, run_after=None
[2025-03-09T05:53:52.216+0000] {processor.py:208} INFO - Processing /opt/airflow/dags/dqc_airflow.py took 0.075 seconds
[2025-03-09T05:54:22.661+0000] {processor.py:186} INFO - Started process (PID=6221) to work on /opt/airflow/dags/dqc_airflow.py
[2025-03-09T05:54:22.662+0000] {processor.py:914} INFO - Processing file /opt/airflow/dags/dqc_airflow.py for tasks to queue
[2025-03-09T05:54:24.265+0000] {logging_mixin.py:190} INFO - [2025-03-09T05:54:24.264+0000] {dagbag.py:588} INFO - Filling up the DagBag from /opt/airflow/dags/dqc_airflow.py
[2025-03-09T05:54:24.278+0000] {processor.py:925} INFO - DAG(s) 'DataQualityOrchestration' retrieved from /opt/airflow/dags/dqc_airflow.py
[2025-03-09T05:54:24.303+0000] {logging_mixin.py:190} INFO - [2025-03-09T05:54:24.302+0000] {dag.py:3239} INFO - Sync 1 DAGs
[2025-03-09T05:54:24.316+0000] {logging_mixin.py:190} INFO - [2025-03-09T05:54:24.315+0000] {dag.py:4180} INFO - Setting next_dagrun for DataQualityOrchestration to None, run_after=None
[2025-03-09T05:54:24.334+0000] {processor.py:208} INFO - Processing /opt/airflow/dags/dqc_airflow.py took 0.078 seconds
[2025-03-09T05:54:57.417+0000] {processor.py:186} INFO - Started process (PID=6241) to work on /opt/airflow/dags/dqc_airflow.py
[2025-03-09T05:54:57.418+0000] {processor.py:914} INFO - Processing file /opt/airflow/dags/dqc_airflow.py for tasks to queue
[2025-03-09T05:54:57.420+0000] {logging_mixin.py:190} INFO - [2025-03-09T05:54:57.420+0000] {dagbag.py:588} INFO - Filling up the DagBag from /opt/airflow/dags/dqc_airflow.py
[2025-03-09T05:54:57.434+0000] {processor.py:925} INFO - DAG(s) 'DataQualityOrchestration' retrieved from /opt/airflow/dags/dqc_airflow.py
[2025-03-09T05:54:57.458+0000] {logging_mixin.py:190} INFO - [2025-03-09T05:54:57.458+0000] {dag.py:3239} INFO - Sync 1 DAGs
[2025-03-09T05:54:57.470+0000] {logging_mixin.py:190} INFO - [2025-03-09T05:54:57.470+0000] {dag.py:4180} INFO - Setting next_dagrun for DataQualityOrchestration to None, run_after=None
[2025-03-09T05:54:57.487+0000] {processor.py:208} INFO - Processing /opt/airflow/dags/dqc_airflow.py took 0.075 seconds
[2025-03-09T05:55:27.962+0000] {processor.py:186} INFO - Started process (PID=6261) to work on /opt/airflow/dags/dqc_airflow.py
[2025-03-09T05:55:27.963+0000] {processor.py:914} INFO - Processing file /opt/airflow/dags/dqc_airflow.py for tasks to queue
[2025-03-09T05:55:27.965+0000] {logging_mixin.py:190} INFO - [2025-03-09T05:55:27.965+0000] {dagbag.py:588} INFO - Filling up the DagBag from /opt/airflow/dags/dqc_airflow.py
[2025-03-09T05:55:27.979+0000] {processor.py:925} INFO - DAG(s) 'DataQualityOrchestration' retrieved from /opt/airflow/dags/dqc_airflow.py
[2025-03-09T05:55:28.004+0000] {logging_mixin.py:190} INFO - [2025-03-09T05:55:28.004+0000] {dag.py:3239} INFO - Sync 1 DAGs
[2025-03-09T05:55:28.018+0000] {logging_mixin.py:190} INFO - [2025-03-09T05:55:28.018+0000] {dag.py:4180} INFO - Setting next_dagrun for DataQualityOrchestration to None, run_after=None
[2025-03-09T05:55:28.040+0000] {processor.py:208} INFO - Processing /opt/airflow/dags/dqc_airflow.py took 0.083 seconds
[2025-03-09T05:55:59.048+0000] {processor.py:186} INFO - Started process (PID=6281) to work on /opt/airflow/dags/dqc_airflow.py
[2025-03-09T05:55:59.049+0000] {processor.py:914} INFO - Processing file /opt/airflow/dags/dqc_airflow.py for tasks to queue
[2025-03-09T05:55:59.050+0000] {logging_mixin.py:190} INFO - [2025-03-09T05:55:59.050+0000] {dagbag.py:588} INFO - Filling up the DagBag from /opt/airflow/dags/dqc_airflow.py
[2025-03-09T05:55:59.064+0000] {processor.py:925} INFO - DAG(s) 'DataQualityOrchestration' retrieved from /opt/airflow/dags/dqc_airflow.py
[2025-03-09T05:55:59.089+0000] {logging_mixin.py:190} INFO - [2025-03-09T05:55:59.089+0000] {dag.py:3239} INFO - Sync 1 DAGs
[2025-03-09T05:55:59.102+0000] {logging_mixin.py:190} INFO - [2025-03-09T05:55:59.102+0000] {dag.py:4180} INFO - Setting next_dagrun for DataQualityOrchestration to None, run_after=None
[2025-03-09T05:55:59.123+0000] {processor.py:208} INFO - Processing /opt/airflow/dags/dqc_airflow.py took 0.081 seconds
[2025-03-09T05:56:30.035+0000] {processor.py:186} INFO - Started process (PID=6301) to work on /opt/airflow/dags/dqc_airflow.py
[2025-03-09T05:56:30.036+0000] {processor.py:914} INFO - Processing file /opt/airflow/dags/dqc_airflow.py for tasks to queue
[2025-03-09T05:56:30.038+0000] {logging_mixin.py:190} INFO - [2025-03-09T05:56:30.038+0000] {dagbag.py:588} INFO - Filling up the DagBag from /opt/airflow/dags/dqc_airflow.py
[2025-03-09T05:56:30.053+0000] {processor.py:925} INFO - DAG(s) 'DataQualityOrchestration' retrieved from /opt/airflow/dags/dqc_airflow.py
[2025-03-09T05:56:30.078+0000] {logging_mixin.py:190} INFO - [2025-03-09T05:56:30.078+0000] {dag.py:3239} INFO - Sync 1 DAGs
[2025-03-09T05:56:30.092+0000] {logging_mixin.py:190} INFO - [2025-03-09T05:56:30.092+0000] {dag.py:4180} INFO - Setting next_dagrun for DataQualityOrchestration to None, run_after=None
[2025-03-09T05:56:30.109+0000] {processor.py:208} INFO - Processing /opt/airflow/dags/dqc_airflow.py took 0.079 seconds
[2025-03-09T05:57:01.073+0000] {processor.py:186} INFO - Started process (PID=6321) to work on /opt/airflow/dags/dqc_airflow.py
[2025-03-09T05:57:01.074+0000] {processor.py:914} INFO - Processing file /opt/airflow/dags/dqc_airflow.py for tasks to queue
[2025-03-09T05:57:01.076+0000] {logging_mixin.py:190} INFO - [2025-03-09T05:57:01.075+0000] {dagbag.py:588} INFO - Filling up the DagBag from /opt/airflow/dags/dqc_airflow.py
[2025-03-09T05:57:01.090+0000] {processor.py:925} INFO - DAG(s) 'DataQualityOrchestration' retrieved from /opt/airflow/dags/dqc_airflow.py
[2025-03-09T05:57:01.114+0000] {logging_mixin.py:190} INFO - [2025-03-09T05:57:01.114+0000] {dag.py:3239} INFO - Sync 1 DAGs
[2025-03-09T05:57:01.127+0000] {logging_mixin.py:190} INFO - [2025-03-09T05:57:01.127+0000] {dag.py:4180} INFO - Setting next_dagrun for DataQualityOrchestration to None, run_after=None
[2025-03-09T05:57:01.144+0000] {processor.py:208} INFO - Processing /opt/airflow/dags/dqc_airflow.py took 0.076 seconds
[2025-03-09T05:57:32.181+0000] {processor.py:186} INFO - Started process (PID=6341) to work on /opt/airflow/dags/dqc_airflow.py
[2025-03-09T05:57:32.182+0000] {processor.py:914} INFO - Processing file /opt/airflow/dags/dqc_airflow.py for tasks to queue
[2025-03-09T05:57:32.184+0000] {logging_mixin.py:190} INFO - [2025-03-09T05:57:32.183+0000] {dagbag.py:588} INFO - Filling up the DagBag from /opt/airflow/dags/dqc_airflow.py
[2025-03-09T05:57:32.197+0000] {processor.py:925} INFO - DAG(s) 'DataQualityOrchestration' retrieved from /opt/airflow/dags/dqc_airflow.py
[2025-03-09T05:57:32.221+0000] {logging_mixin.py:190} INFO - [2025-03-09T05:57:32.221+0000] {dag.py:3239} INFO - Sync 1 DAGs
[2025-03-09T05:57:32.234+0000] {logging_mixin.py:190} INFO - [2025-03-09T05:57:32.233+0000] {dag.py:4180} INFO - Setting next_dagrun for DataQualityOrchestration to None, run_after=None
[2025-03-09T05:57:32.253+0000] {processor.py:208} INFO - Processing /opt/airflow/dags/dqc_airflow.py took 0.077 seconds
[2025-03-09T05:58:03.218+0000] {processor.py:186} INFO - Started process (PID=6361) to work on /opt/airflow/dags/dqc_airflow.py
[2025-03-09T05:58:03.220+0000] {processor.py:914} INFO - Processing file /opt/airflow/dags/dqc_airflow.py for tasks to queue
[2025-03-09T05:58:03.222+0000] {logging_mixin.py:190} INFO - [2025-03-09T05:58:03.222+0000] {dagbag.py:588} INFO - Filling up the DagBag from /opt/airflow/dags/dqc_airflow.py
[2025-03-09T05:58:03.239+0000] {processor.py:925} INFO - DAG(s) 'DataQualityOrchestration' retrieved from /opt/airflow/dags/dqc_airflow.py
[2025-03-09T05:58:03.270+0000] {logging_mixin.py:190} INFO - [2025-03-09T05:58:03.270+0000] {dag.py:3239} INFO - Sync 1 DAGs
[2025-03-09T05:58:03.287+0000] {logging_mixin.py:190} INFO - [2025-03-09T05:58:03.286+0000] {dag.py:4180} INFO - Setting next_dagrun for DataQualityOrchestration to None, run_after=None
[2025-03-09T05:58:03.305+0000] {processor.py:208} INFO - Processing /opt/airflow/dags/dqc_airflow.py took 0.092 seconds
[2025-03-09T05:58:34.343+0000] {processor.py:186} INFO - Started process (PID=6381) to work on /opt/airflow/dags/dqc_airflow.py
[2025-03-09T05:58:34.344+0000] {processor.py:914} INFO - Processing file /opt/airflow/dags/dqc_airflow.py for tasks to queue
[2025-03-09T05:58:34.346+0000] {logging_mixin.py:190} INFO - [2025-03-09T05:58:34.346+0000] {dagbag.py:588} INFO - Filling up the DagBag from /opt/airflow/dags/dqc_airflow.py
[2025-03-09T05:58:34.360+0000] {processor.py:925} INFO - DAG(s) 'DataQualityOrchestration' retrieved from /opt/airflow/dags/dqc_airflow.py
[2025-03-09T05:58:34.384+0000] {logging_mixin.py:190} INFO - [2025-03-09T05:58:34.383+0000] {dag.py:3239} INFO - Sync 1 DAGs
[2025-03-09T05:58:34.397+0000] {logging_mixin.py:190} INFO - [2025-03-09T05:58:34.397+0000] {dag.py:4180} INFO - Setting next_dagrun for DataQualityOrchestration to None, run_after=None
[2025-03-09T05:58:34.415+0000] {processor.py:208} INFO - Processing /opt/airflow/dags/dqc_airflow.py took 0.077 seconds
[2025-03-09T05:59:04.490+0000] {processor.py:186} INFO - Started process (PID=6401) to work on /opt/airflow/dags/dqc_airflow.py
[2025-03-09T05:59:04.491+0000] {processor.py:914} INFO - Processing file /opt/airflow/dags/dqc_airflow.py for tasks to queue
[2025-03-09T05:59:04.493+0000] {logging_mixin.py:190} INFO - [2025-03-09T05:59:04.492+0000] {dagbag.py:588} INFO - Filling up the DagBag from /opt/airflow/dags/dqc_airflow.py
[2025-03-09T05:59:04.509+0000] {processor.py:925} INFO - DAG(s) 'DataQualityOrchestration' retrieved from /opt/airflow/dags/dqc_airflow.py
[2025-03-09T05:59:04.536+0000] {logging_mixin.py:190} INFO - [2025-03-09T05:59:04.536+0000] {dag.py:3239} INFO - Sync 1 DAGs
[2025-03-09T05:59:04.550+0000] {logging_mixin.py:190} INFO - [2025-03-09T05:59:04.550+0000] {dag.py:4180} INFO - Setting next_dagrun for DataQualityOrchestration to None, run_after=None
[2025-03-09T05:59:04.570+0000] {processor.py:208} INFO - Processing /opt/airflow/dags/dqc_airflow.py took 0.086 seconds
[2025-03-09T05:59:34.671+0000] {processor.py:186} INFO - Started process (PID=6421) to work on /opt/airflow/dags/dqc_airflow.py
[2025-03-09T05:59:34.672+0000] {processor.py:914} INFO - Processing file /opt/airflow/dags/dqc_airflow.py for tasks to queue
[2025-03-09T05:59:34.674+0000] {logging_mixin.py:190} INFO - [2025-03-09T05:59:34.674+0000] {dagbag.py:588} INFO - Filling up the DagBag from /opt/airflow/dags/dqc_airflow.py
[2025-03-09T05:59:34.688+0000] {processor.py:925} INFO - DAG(s) 'DataQualityOrchestration' retrieved from /opt/airflow/dags/dqc_airflow.py
[2025-03-09T05:59:34.713+0000] {logging_mixin.py:190} INFO - [2025-03-09T05:59:34.713+0000] {dag.py:3239} INFO - Sync 1 DAGs
[2025-03-09T05:59:34.725+0000] {logging_mixin.py:190} INFO - [2025-03-09T05:59:34.725+0000] {dag.py:4180} INFO - Setting next_dagrun for DataQualityOrchestration to None, run_after=None
[2025-03-09T05:59:34.743+0000] {processor.py:208} INFO - Processing /opt/airflow/dags/dqc_airflow.py took 0.076 seconds
[2025-03-09T06:00:04.823+0000] {processor.py:186} INFO - Started process (PID=6441) to work on /opt/airflow/dags/dqc_airflow.py
[2025-03-09T06:00:04.824+0000] {processor.py:914} INFO - Processing file /opt/airflow/dags/dqc_airflow.py for tasks to queue
[2025-03-09T06:00:04.826+0000] {logging_mixin.py:190} INFO - [2025-03-09T06:00:04.826+0000] {dagbag.py:588} INFO - Filling up the DagBag from /opt/airflow/dags/dqc_airflow.py
[2025-03-09T06:00:04.842+0000] {processor.py:925} INFO - DAG(s) 'DataQualityOrchestration' retrieved from /opt/airflow/dags/dqc_airflow.py
[2025-03-09T06:00:04.870+0000] {logging_mixin.py:190} INFO - [2025-03-09T06:00:04.869+0000] {dag.py:3239} INFO - Sync 1 DAGs
[2025-03-09T06:00:04.884+0000] {logging_mixin.py:190} INFO - [2025-03-09T06:00:04.884+0000] {dag.py:4180} INFO - Setting next_dagrun for DataQualityOrchestration to None, run_after=None
[2025-03-09T06:00:04.904+0000] {processor.py:208} INFO - Processing /opt/airflow/dags/dqc_airflow.py took 0.086 seconds
[2025-03-09T06:00:35.935+0000] {processor.py:186} INFO - Started process (PID=6461) to work on /opt/airflow/dags/dqc_airflow.py
[2025-03-09T06:00:35.935+0000] {processor.py:914} INFO - Processing file /opt/airflow/dags/dqc_airflow.py for tasks to queue
[2025-03-09T06:00:35.937+0000] {logging_mixin.py:190} INFO - [2025-03-09T06:00:35.937+0000] {dagbag.py:588} INFO - Filling up the DagBag from /opt/airflow/dags/dqc_airflow.py
[2025-03-09T06:00:35.951+0000] {processor.py:925} INFO - DAG(s) 'DataQualityOrchestration' retrieved from /opt/airflow/dags/dqc_airflow.py
[2025-03-09T06:00:35.975+0000] {logging_mixin.py:190} INFO - [2025-03-09T06:00:35.975+0000] {dag.py:3239} INFO - Sync 1 DAGs
[2025-03-09T06:00:35.989+0000] {logging_mixin.py:190} INFO - [2025-03-09T06:00:35.988+0000] {dag.py:4180} INFO - Setting next_dagrun for DataQualityOrchestration to None, run_after=None
[2025-03-09T06:00:36.008+0000] {processor.py:208} INFO - Processing /opt/airflow/dags/dqc_airflow.py took 0.079 seconds
[2025-03-09T06:01:07.044+0000] {processor.py:186} INFO - Started process (PID=6481) to work on /opt/airflow/dags/dqc_airflow.py
[2025-03-09T06:01:07.045+0000] {processor.py:914} INFO - Processing file /opt/airflow/dags/dqc_airflow.py for tasks to queue
[2025-03-09T06:01:07.047+0000] {logging_mixin.py:190} INFO - [2025-03-09T06:01:07.047+0000] {dagbag.py:588} INFO - Filling up the DagBag from /opt/airflow/dags/dqc_airflow.py
[2025-03-09T06:01:07.061+0000] {processor.py:925} INFO - DAG(s) 'DataQualityOrchestration' retrieved from /opt/airflow/dags/dqc_airflow.py
[2025-03-09T06:01:07.086+0000] {logging_mixin.py:190} INFO - [2025-03-09T06:01:07.086+0000] {dag.py:3239} INFO - Sync 1 DAGs
[2025-03-09T06:01:07.101+0000] {logging_mixin.py:190} INFO - [2025-03-09T06:01:07.101+0000] {dag.py:4180} INFO - Setting next_dagrun for DataQualityOrchestration to None, run_after=None
[2025-03-09T06:01:07.126+0000] {processor.py:208} INFO - Processing /opt/airflow/dags/dqc_airflow.py took 0.087 seconds
[2025-03-09T06:01:37.192+0000] {processor.py:186} INFO - Started process (PID=6501) to work on /opt/airflow/dags/dqc_airflow.py
[2025-03-09T06:01:37.194+0000] {processor.py:914} INFO - Processing file /opt/airflow/dags/dqc_airflow.py for tasks to queue
[2025-03-09T06:01:37.196+0000] {logging_mixin.py:190} INFO - [2025-03-09T06:01:37.196+0000] {dagbag.py:588} INFO - Filling up the DagBag from /opt/airflow/dags/dqc_airflow.py
[2025-03-09T06:01:37.209+0000] {processor.py:925} INFO - DAG(s) 'DataQualityOrchestration' retrieved from /opt/airflow/dags/dqc_airflow.py
[2025-03-09T06:01:37.235+0000] {logging_mixin.py:190} INFO - [2025-03-09T06:01:37.235+0000] {dag.py:3239} INFO - Sync 1 DAGs
[2025-03-09T06:01:37.249+0000] {logging_mixin.py:190} INFO - [2025-03-09T06:01:37.249+0000] {dag.py:4180} INFO - Setting next_dagrun for DataQualityOrchestration to None, run_after=None
[2025-03-09T06:01:37.266+0000] {processor.py:208} INFO - Processing /opt/airflow/dags/dqc_airflow.py took 0.079 seconds
[2025-03-09T06:02:08.208+0000] {processor.py:186} INFO - Started process (PID=6521) to work on /opt/airflow/dags/dqc_airflow.py
[2025-03-09T06:02:08.209+0000] {processor.py:914} INFO - Processing file /opt/airflow/dags/dqc_airflow.py for tasks to queue
[2025-03-09T06:02:08.212+0000] {logging_mixin.py:190} INFO - [2025-03-09T06:02:08.212+0000] {dagbag.py:588} INFO - Filling up the DagBag from /opt/airflow/dags/dqc_airflow.py
[2025-03-09T06:02:08.227+0000] {processor.py:925} INFO - DAG(s) 'DataQualityOrchestration' retrieved from /opt/airflow/dags/dqc_airflow.py
[2025-03-09T06:02:08.254+0000] {logging_mixin.py:190} INFO - [2025-03-09T06:02:08.254+0000] {dag.py:3239} INFO - Sync 1 DAGs
[2025-03-09T06:02:08.268+0000] {logging_mixin.py:190} INFO - [2025-03-09T06:02:08.268+0000] {dag.py:4180} INFO - Setting next_dagrun for DataQualityOrchestration to None, run_after=None
[2025-03-09T06:02:08.289+0000] {processor.py:208} INFO - Processing /opt/airflow/dags/dqc_airflow.py took 0.087 seconds
[2025-03-09T06:02:38.360+0000] {processor.py:186} INFO - Started process (PID=6541) to work on /opt/airflow/dags/dqc_airflow.py
[2025-03-09T06:02:38.361+0000] {processor.py:914} INFO - Processing file /opt/airflow/dags/dqc_airflow.py for tasks to queue
[2025-03-09T06:02:38.363+0000] {logging_mixin.py:190} INFO - [2025-03-09T06:02:38.363+0000] {dagbag.py:588} INFO - Filling up the DagBag from /opt/airflow/dags/dqc_airflow.py
[2025-03-09T06:02:38.378+0000] {processor.py:925} INFO - DAG(s) 'DataQualityOrchestration' retrieved from /opt/airflow/dags/dqc_airflow.py
[2025-03-09T06:02:38.405+0000] {logging_mixin.py:190} INFO - [2025-03-09T06:02:38.404+0000] {dag.py:3239} INFO - Sync 1 DAGs
[2025-03-09T06:02:38.420+0000] {logging_mixin.py:190} INFO - [2025-03-09T06:02:38.420+0000] {dag.py:4180} INFO - Setting next_dagrun for DataQualityOrchestration to None, run_after=None
[2025-03-09T06:02:38.441+0000] {processor.py:208} INFO - Processing /opt/airflow/dags/dqc_airflow.py took 0.086 seconds
[2025-03-09T06:03:08.486+0000] {processor.py:186} INFO - Started process (PID=6561) to work on /opt/airflow/dags/dqc_airflow.py
[2025-03-09T06:03:08.487+0000] {processor.py:914} INFO - Processing file /opt/airflow/dags/dqc_airflow.py for tasks to queue
[2025-03-09T06:03:08.489+0000] {logging_mixin.py:190} INFO - [2025-03-09T06:03:08.489+0000] {dagbag.py:588} INFO - Filling up the DagBag from /opt/airflow/dags/dqc_airflow.py
[2025-03-09T06:03:08.502+0000] {processor.py:925} INFO - DAG(s) 'DataQualityOrchestration' retrieved from /opt/airflow/dags/dqc_airflow.py
[2025-03-09T06:03:08.527+0000] {logging_mixin.py:190} INFO - [2025-03-09T06:03:08.526+0000] {dag.py:3239} INFO - Sync 1 DAGs
[2025-03-09T06:03:08.539+0000] {logging_mixin.py:190} INFO - [2025-03-09T06:03:08.539+0000] {dag.py:4180} INFO - Setting next_dagrun for DataQualityOrchestration to None, run_after=None
[2025-03-09T06:03:08.557+0000] {processor.py:208} INFO - Processing /opt/airflow/dags/dqc_airflow.py took 0.076 seconds
[2025-03-09T06:03:40.618+0000] {processor.py:186} INFO - Started process (PID=6581) to work on /opt/airflow/dags/dqc_airflow.py
[2025-03-09T06:03:40.619+0000] {processor.py:914} INFO - Processing file /opt/airflow/dags/dqc_airflow.py for tasks to queue
[2025-03-09T06:03:40.622+0000] {logging_mixin.py:190} INFO - [2025-03-09T06:03:40.621+0000] {dagbag.py:588} INFO - Filling up the DagBag from /opt/airflow/dags/dqc_airflow.py
[2025-03-09T06:03:40.635+0000] {processor.py:925} INFO - DAG(s) 'DataQualityOrchestration' retrieved from /opt/airflow/dags/dqc_airflow.py
[2025-03-09T06:03:40.659+0000] {logging_mixin.py:190} INFO - [2025-03-09T06:03:40.659+0000] {dag.py:3239} INFO - Sync 1 DAGs
[2025-03-09T06:03:40.672+0000] {logging_mixin.py:190} INFO - [2025-03-09T06:03:40.672+0000] {dag.py:4180} INFO - Setting next_dagrun for DataQualityOrchestration to None, run_after=None
[2025-03-09T06:03:40.690+0000] {processor.py:208} INFO - Processing /opt/airflow/dags/dqc_airflow.py took 0.077 seconds
[2025-03-09T06:04:11.166+0000] {processor.py:186} INFO - Started process (PID=6601) to work on /opt/airflow/dags/dqc_airflow.py
[2025-03-09T06:04:11.167+0000] {processor.py:914} INFO - Processing file /opt/airflow/dags/dqc_airflow.py for tasks to queue
[2025-03-09T06:04:11.169+0000] {logging_mixin.py:190} INFO - [2025-03-09T06:04:11.169+0000] {dagbag.py:588} INFO - Filling up the DagBag from /opt/airflow/dags/dqc_airflow.py
[2025-03-09T06:04:11.182+0000] {processor.py:925} INFO - DAG(s) 'DataQualityOrchestration' retrieved from /opt/airflow/dags/dqc_airflow.py
[2025-03-09T06:04:11.206+0000] {logging_mixin.py:190} INFO - [2025-03-09T06:04:11.206+0000] {dag.py:3239} INFO - Sync 1 DAGs
[2025-03-09T06:04:11.219+0000] {logging_mixin.py:190} INFO - [2025-03-09T06:04:11.219+0000] {dag.py:4180} INFO - Setting next_dagrun for DataQualityOrchestration to None, run_after=None
[2025-03-09T06:04:11.237+0000] {processor.py:208} INFO - Processing /opt/airflow/dags/dqc_airflow.py took 0.076 seconds
[2025-03-09T06:04:45.076+0000] {processor.py:186} INFO - Started process (PID=6634) to work on /opt/airflow/dags/dqc_airflow.py
[2025-03-09T06:04:45.078+0000] {processor.py:914} INFO - Processing file /opt/airflow/dags/dqc_airflow.py for tasks to queue
[2025-03-09T06:04:45.084+0000] {logging_mixin.py:190} INFO - [2025-03-09T06:04:45.083+0000] {dagbag.py:588} INFO - Filling up the DagBag from /opt/airflow/dags/dqc_airflow.py
[2025-03-09T06:04:45.113+0000] {processor.py:925} INFO - DAG(s) 'DataQualityOrchestration' retrieved from /opt/airflow/dags/dqc_airflow.py
[2025-03-09T06:04:45.161+0000] {logging_mixin.py:190} INFO - [2025-03-09T06:04:45.160+0000] {dag.py:3239} INFO - Sync 1 DAGs
[2025-03-09T06:04:45.188+0000] {logging_mixin.py:190} INFO - [2025-03-09T06:04:45.188+0000] {dag.py:4180} INFO - Setting next_dagrun for DataQualityOrchestration to None, run_after=None
[2025-03-09T06:04:45.223+0000] {processor.py:208} INFO - Processing /opt/airflow/dags/dqc_airflow.py took 0.169 seconds
[2025-03-09T06:05:15.587+0000] {processor.py:186} INFO - Started process (PID=6654) to work on /opt/airflow/dags/dqc_airflow.py
[2025-03-09T06:05:15.599+0000] {processor.py:914} INFO - Processing file /opt/airflow/dags/dqc_airflow.py for tasks to queue
[2025-03-09T06:05:15.602+0000] {logging_mixin.py:190} INFO - [2025-03-09T06:05:15.602+0000] {dagbag.py:588} INFO - Filling up the DagBag from /opt/airflow/dags/dqc_airflow.py
[2025-03-09T06:05:15.670+0000] {processor.py:925} INFO - DAG(s) 'DataQualityOrchestration' retrieved from /opt/airflow/dags/dqc_airflow.py
[2025-03-09T06:05:15.700+0000] {logging_mixin.py:190} INFO - [2025-03-09T06:05:15.700+0000] {dag.py:3239} INFO - Sync 1 DAGs
[2025-03-09T06:05:15.717+0000] {logging_mixin.py:190} INFO - [2025-03-09T06:05:15.717+0000] {dag.py:4180} INFO - Setting next_dagrun for DataQualityOrchestration to None, run_after=None
[2025-03-09T06:05:15.738+0000] {processor.py:208} INFO - Processing /opt/airflow/dags/dqc_airflow.py took 0.156 seconds
[2025-03-09T06:05:47.360+0000] {processor.py:186} INFO - Started process (PID=6674) to work on /opt/airflow/dags/dqc_airflow.py
[2025-03-09T06:05:47.361+0000] {processor.py:914} INFO - Processing file /opt/airflow/dags/dqc_airflow.py for tasks to queue
[2025-03-09T06:05:47.363+0000] {logging_mixin.py:190} INFO - [2025-03-09T06:05:47.362+0000] {dagbag.py:588} INFO - Filling up the DagBag from /opt/airflow/dags/dqc_airflow.py
[2025-03-09T06:05:47.377+0000] {processor.py:925} INFO - DAG(s) 'DataQualityOrchestration' retrieved from /opt/airflow/dags/dqc_airflow.py
[2025-03-09T06:05:47.402+0000] {logging_mixin.py:190} INFO - [2025-03-09T06:05:47.402+0000] {dag.py:3239} INFO - Sync 1 DAGs
[2025-03-09T06:05:47.415+0000] {logging_mixin.py:190} INFO - [2025-03-09T06:05:47.415+0000] {dag.py:4180} INFO - Setting next_dagrun for DataQualityOrchestration to None, run_after=None
[2025-03-09T06:05:47.431+0000] {processor.py:208} INFO - Processing /opt/airflow/dags/dqc_airflow.py took 0.076 seconds
[2025-03-09T06:06:19.135+0000] {processor.py:186} INFO - Started process (PID=6694) to work on /opt/airflow/dags/dqc_airflow.py
[2025-03-09T06:06:19.136+0000] {processor.py:914} INFO - Processing file /opt/airflow/dags/dqc_airflow.py for tasks to queue
[2025-03-09T06:06:19.139+0000] {logging_mixin.py:190} INFO - [2025-03-09T06:06:19.138+0000] {dagbag.py:588} INFO - Filling up the DagBag from /opt/airflow/dags/dqc_airflow.py
[2025-03-09T06:06:19.153+0000] {processor.py:925} INFO - DAG(s) 'DataQualityOrchestration' retrieved from /opt/airflow/dags/dqc_airflow.py
[2025-03-09T06:06:19.178+0000] {logging_mixin.py:190} INFO - [2025-03-09T06:06:19.178+0000] {dag.py:3239} INFO - Sync 1 DAGs
[2025-03-09T06:06:19.191+0000] {logging_mixin.py:190} INFO - [2025-03-09T06:06:19.191+0000] {dag.py:4180} INFO - Setting next_dagrun for DataQualityOrchestration to None, run_after=None
[2025-03-09T06:06:19.209+0000] {processor.py:208} INFO - Processing /opt/airflow/dags/dqc_airflow.py took 0.079 seconds
[2025-03-09T06:06:51.751+0000] {processor.py:186} INFO - Started process (PID=6714) to work on /opt/airflow/dags/dqc_airflow.py
[2025-03-09T06:06:51.752+0000] {processor.py:914} INFO - Processing file /opt/airflow/dags/dqc_airflow.py for tasks to queue
[2025-03-09T06:06:51.754+0000] {logging_mixin.py:190} INFO - [2025-03-09T06:06:51.754+0000] {dagbag.py:588} INFO - Filling up the DagBag from /opt/airflow/dags/dqc_airflow.py
[2025-03-09T06:06:51.768+0000] {processor.py:925} INFO - DAG(s) 'DataQualityOrchestration' retrieved from /opt/airflow/dags/dqc_airflow.py
[2025-03-09T06:06:51.791+0000] {logging_mixin.py:190} INFO - [2025-03-09T06:06:51.791+0000] {dag.py:3239} INFO - Sync 1 DAGs
[2025-03-09T06:06:51.805+0000] {logging_mixin.py:190} INFO - [2025-03-09T06:06:51.805+0000] {dag.py:4180} INFO - Setting next_dagrun for DataQualityOrchestration to None, run_after=None
[2025-03-09T06:06:51.824+0000] {processor.py:208} INFO - Processing /opt/airflow/dags/dqc_airflow.py took 0.078 seconds
[2025-03-09T06:07:24.384+0000] {processor.py:186} INFO - Started process (PID=6734) to work on /opt/airflow/dags/dqc_airflow.py
[2025-03-09T06:07:24.385+0000] {processor.py:914} INFO - Processing file /opt/airflow/dags/dqc_airflow.py for tasks to queue
[2025-03-09T06:07:24.387+0000] {logging_mixin.py:190} INFO - [2025-03-09T06:07:24.387+0000] {dagbag.py:588} INFO - Filling up the DagBag from /opt/airflow/dags/dqc_airflow.py
[2025-03-09T06:07:24.402+0000] {processor.py:925} INFO - DAG(s) 'DataQualityOrchestration' retrieved from /opt/airflow/dags/dqc_airflow.py
[2025-03-09T06:07:24.430+0000] {logging_mixin.py:190} INFO - [2025-03-09T06:07:24.429+0000] {dag.py:3239} INFO - Sync 1 DAGs
[2025-03-09T06:07:24.444+0000] {logging_mixin.py:190} INFO - [2025-03-09T06:07:24.443+0000] {dag.py:4180} INFO - Setting next_dagrun for DataQualityOrchestration to None, run_after=None
[2025-03-09T06:07:24.464+0000] {processor.py:208} INFO - Processing /opt/airflow/dags/dqc_airflow.py took 0.087 seconds
[2025-03-09T06:07:56.457+0000] {processor.py:186} INFO - Started process (PID=6754) to work on /opt/airflow/dags/dqc_airflow.py
[2025-03-09T06:07:56.457+0000] {processor.py:914} INFO - Processing file /opt/airflow/dags/dqc_airflow.py for tasks to queue
[2025-03-09T06:07:56.460+0000] {logging_mixin.py:190} INFO - [2025-03-09T06:07:56.460+0000] {dagbag.py:588} INFO - Filling up the DagBag from /opt/airflow/dags/dqc_airflow.py
[2025-03-09T06:07:56.473+0000] {processor.py:925} INFO - DAG(s) 'DataQualityOrchestration' retrieved from /opt/airflow/dags/dqc_airflow.py
[2025-03-09T06:07:56.497+0000] {logging_mixin.py:190} INFO - [2025-03-09T06:07:56.497+0000] {dag.py:3239} INFO - Sync 1 DAGs
[2025-03-09T06:07:56.512+0000] {logging_mixin.py:190} INFO - [2025-03-09T06:07:56.511+0000] {dag.py:4180} INFO - Setting next_dagrun for DataQualityOrchestration to None, run_after=None
[2025-03-09T06:07:56.531+0000] {processor.py:208} INFO - Processing /opt/airflow/dags/dqc_airflow.py took 0.079 seconds
[2025-03-09T06:08:29.426+0000] {processor.py:186} INFO - Started process (PID=6774) to work on /opt/airflow/dags/dqc_airflow.py
[2025-03-09T06:08:29.427+0000] {processor.py:914} INFO - Processing file /opt/airflow/dags/dqc_airflow.py for tasks to queue
[2025-03-09T06:08:29.429+0000] {logging_mixin.py:190} INFO - [2025-03-09T06:08:29.429+0000] {dagbag.py:588} INFO - Filling up the DagBag from /opt/airflow/dags/dqc_airflow.py
[2025-03-09T06:08:29.443+0000] {processor.py:925} INFO - DAG(s) 'DataQualityOrchestration' retrieved from /opt/airflow/dags/dqc_airflow.py
[2025-03-09T06:08:29.466+0000] {logging_mixin.py:190} INFO - [2025-03-09T06:08:29.466+0000] {dag.py:3239} INFO - Sync 1 DAGs
[2025-03-09T06:08:29.479+0000] {logging_mixin.py:190} INFO - [2025-03-09T06:08:29.479+0000] {dag.py:4180} INFO - Setting next_dagrun for DataQualityOrchestration to None, run_after=None
[2025-03-09T06:08:29.501+0000] {processor.py:208} INFO - Processing /opt/airflow/dags/dqc_airflow.py took 0.079 seconds
[2025-03-09T06:09:01.128+0000] {processor.py:186} INFO - Started process (PID=6794) to work on /opt/airflow/dags/dqc_airflow.py
[2025-03-09T06:09:01.129+0000] {processor.py:914} INFO - Processing file /opt/airflow/dags/dqc_airflow.py for tasks to queue
[2025-03-09T06:09:01.131+0000] {logging_mixin.py:190} INFO - [2025-03-09T06:09:01.131+0000] {dagbag.py:588} INFO - Filling up the DagBag from /opt/airflow/dags/dqc_airflow.py
[2025-03-09T06:09:01.146+0000] {processor.py:925} INFO - DAG(s) 'DataQualityOrchestration' retrieved from /opt/airflow/dags/dqc_airflow.py
[2025-03-09T06:09:01.171+0000] {logging_mixin.py:190} INFO - [2025-03-09T06:09:01.170+0000] {dag.py:3239} INFO - Sync 1 DAGs
[2025-03-09T06:09:01.184+0000] {logging_mixin.py:190} INFO - [2025-03-09T06:09:01.184+0000] {dag.py:4180} INFO - Setting next_dagrun for DataQualityOrchestration to None, run_after=None
[2025-03-09T06:09:01.201+0000] {processor.py:208} INFO - Processing /opt/airflow/dags/dqc_airflow.py took 0.079 seconds
[2025-03-09T06:09:33.925+0000] {processor.py:186} INFO - Started process (PID=6814) to work on /opt/airflow/dags/dqc_airflow.py
[2025-03-09T06:09:33.926+0000] {processor.py:914} INFO - Processing file /opt/airflow/dags/dqc_airflow.py for tasks to queue
[2025-03-09T06:09:33.928+0000] {logging_mixin.py:190} INFO - [2025-03-09T06:09:33.927+0000] {dagbag.py:588} INFO - Filling up the DagBag from /opt/airflow/dags/dqc_airflow.py
[2025-03-09T06:09:33.942+0000] {processor.py:925} INFO - DAG(s) 'DataQualityOrchestration' retrieved from /opt/airflow/dags/dqc_airflow.py
[2025-03-09T06:09:33.966+0000] {logging_mixin.py:190} INFO - [2025-03-09T06:09:33.966+0000] {dag.py:3239} INFO - Sync 1 DAGs
[2025-03-09T06:09:33.980+0000] {logging_mixin.py:190} INFO - [2025-03-09T06:09:33.979+0000] {dag.py:4180} INFO - Setting next_dagrun for DataQualityOrchestration to None, run_after=None
[2025-03-09T06:09:33.998+0000] {processor.py:208} INFO - Processing /opt/airflow/dags/dqc_airflow.py took 0.079 seconds
[2025-03-09T06:10:05.829+0000] {processor.py:186} INFO - Started process (PID=6834) to work on /opt/airflow/dags/dqc_airflow.py
[2025-03-09T06:10:05.830+0000] {processor.py:914} INFO - Processing file /opt/airflow/dags/dqc_airflow.py for tasks to queue
[2025-03-09T06:10:05.832+0000] {logging_mixin.py:190} INFO - [2025-03-09T06:10:05.831+0000] {dagbag.py:588} INFO - Filling up the DagBag from /opt/airflow/dags/dqc_airflow.py
[2025-03-09T06:10:05.845+0000] {processor.py:925} INFO - DAG(s) 'DataQualityOrchestration' retrieved from /opt/airflow/dags/dqc_airflow.py
[2025-03-09T06:10:05.869+0000] {logging_mixin.py:190} INFO - [2025-03-09T06:10:05.868+0000] {dag.py:3239} INFO - Sync 1 DAGs
[2025-03-09T06:10:05.881+0000] {logging_mixin.py:190} INFO - [2025-03-09T06:10:05.881+0000] {dag.py:4180} INFO - Setting next_dagrun for DataQualityOrchestration to None, run_after=None
[2025-03-09T06:10:05.900+0000] {processor.py:208} INFO - Processing /opt/airflow/dags/dqc_airflow.py took 0.076 seconds
[2025-03-09T06:10:38.768+0000] {processor.py:186} INFO - Started process (PID=6854) to work on /opt/airflow/dags/dqc_airflow.py
[2025-03-09T06:10:38.769+0000] {processor.py:914} INFO - Processing file /opt/airflow/dags/dqc_airflow.py for tasks to queue
[2025-03-09T06:10:38.771+0000] {logging_mixin.py:190} INFO - [2025-03-09T06:10:38.771+0000] {dagbag.py:588} INFO - Filling up the DagBag from /opt/airflow/dags/dqc_airflow.py
[2025-03-09T06:10:38.784+0000] {processor.py:925} INFO - DAG(s) 'DataQualityOrchestration' retrieved from /opt/airflow/dags/dqc_airflow.py
[2025-03-09T06:10:38.809+0000] {logging_mixin.py:190} INFO - [2025-03-09T06:10:38.809+0000] {dag.py:3239} INFO - Sync 1 DAGs
[2025-03-09T06:10:38.822+0000] {logging_mixin.py:190} INFO - [2025-03-09T06:10:38.822+0000] {dag.py:4180} INFO - Setting next_dagrun for DataQualityOrchestration to None, run_after=None
[2025-03-09T06:10:38.840+0000] {processor.py:208} INFO - Processing /opt/airflow/dags/dqc_airflow.py took 0.077 seconds
[2025-03-09T06:11:08.998+0000] {processor.py:186} INFO - Started process (PID=6874) to work on /opt/airflow/dags/dqc_airflow.py
[2025-03-09T06:11:10.628+0000] {processor.py:914} INFO - Processing file /opt/airflow/dags/dqc_airflow.py for tasks to queue
[2025-03-09T06:11:10.630+0000] {logging_mixin.py:190} INFO - [2025-03-09T06:11:10.630+0000] {dagbag.py:588} INFO - Filling up the DagBag from /opt/airflow/dags/dqc_airflow.py
[2025-03-09T06:11:10.644+0000] {processor.py:925} INFO - DAG(s) 'DataQualityOrchestration' retrieved from /opt/airflow/dags/dqc_airflow.py
[2025-03-09T06:11:10.669+0000] {logging_mixin.py:190} INFO - [2025-03-09T06:11:10.669+0000] {dag.py:3239} INFO - Sync 1 DAGs
[2025-03-09T06:11:10.682+0000] {logging_mixin.py:190} INFO - [2025-03-09T06:11:10.682+0000] {dag.py:4180} INFO - Setting next_dagrun for DataQualityOrchestration to None, run_after=None
[2025-03-09T06:11:10.700+0000] {processor.py:208} INFO - Processing /opt/airflow/dags/dqc_airflow.py took 0.079 seconds
[2025-03-09T06:11:43.411+0000] {processor.py:186} INFO - Started process (PID=6894) to work on /opt/airflow/dags/dqc_airflow.py
[2025-03-09T06:11:43.413+0000] {processor.py:914} INFO - Processing file /opt/airflow/dags/dqc_airflow.py for tasks to queue
[2025-03-09T06:11:43.414+0000] {logging_mixin.py:190} INFO - [2025-03-09T06:11:43.414+0000] {dagbag.py:588} INFO - Filling up the DagBag from /opt/airflow/dags/dqc_airflow.py
[2025-03-09T06:11:43.429+0000] {processor.py:925} INFO - DAG(s) 'DataQualityOrchestration' retrieved from /opt/airflow/dags/dqc_airflow.py
[2025-03-09T06:11:43.453+0000] {logging_mixin.py:190} INFO - [2025-03-09T06:11:43.453+0000] {dag.py:3239} INFO - Sync 1 DAGs
[2025-03-09T06:11:43.465+0000] {logging_mixin.py:190} INFO - [2025-03-09T06:11:43.465+0000] {dag.py:4180} INFO - Setting next_dagrun for DataQualityOrchestration to None, run_after=None
[2025-03-09T06:11:43.485+0000] {processor.py:208} INFO - Processing /opt/airflow/dags/dqc_airflow.py took 0.079 seconds
[2025-03-09T06:12:13.755+0000] {processor.py:186} INFO - Started process (PID=6914) to work on /opt/airflow/dags/dqc_airflow.py
[2025-03-09T06:12:13.756+0000] {processor.py:914} INFO - Processing file /opt/airflow/dags/dqc_airflow.py for tasks to queue
[2025-03-09T06:12:13.759+0000] {logging_mixin.py:190} INFO - [2025-03-09T06:12:13.758+0000] {dagbag.py:588} INFO - Filling up the DagBag from /opt/airflow/dags/dqc_airflow.py
[2025-03-09T06:12:13.773+0000] {processor.py:925} INFO - DAG(s) 'DataQualityOrchestration' retrieved from /opt/airflow/dags/dqc_airflow.py
[2025-03-09T06:12:13.799+0000] {logging_mixin.py:190} INFO - [2025-03-09T06:12:13.799+0000] {dag.py:3239} INFO - Sync 1 DAGs
[2025-03-09T06:12:13.813+0000] {logging_mixin.py:190} INFO - [2025-03-09T06:12:13.812+0000] {dag.py:4180} INFO - Setting next_dagrun for DataQualityOrchestration to None, run_after=None
[2025-03-09T06:12:13.834+0000] {processor.py:208} INFO - Processing /opt/airflow/dags/dqc_airflow.py took 0.084 seconds
[2025-03-09T06:12:44.037+0000] {processor.py:186} INFO - Started process (PID=6974) to work on /opt/airflow/dags/dqc_airflow.py
[2025-03-09T06:12:44.040+0000] {processor.py:914} INFO - Processing file /opt/airflow/dags/dqc_airflow.py for tasks to queue
[2025-03-09T06:12:44.046+0000] {logging_mixin.py:190} INFO - [2025-03-09T06:12:44.046+0000] {dagbag.py:588} INFO - Filling up the DagBag from /opt/airflow/dags/dqc_airflow.py
[2025-03-09T06:12:44.092+0000] {processor.py:925} INFO - DAG(s) 'DataQualityOrchestration' retrieved from /opt/airflow/dags/dqc_airflow.py
[2025-03-09T06:12:44.163+0000] {logging_mixin.py:190} INFO - [2025-03-09T06:12:44.163+0000] {dag.py:3239} INFO - Sync 1 DAGs
[2025-03-09T06:12:44.197+0000] {logging_mixin.py:190} INFO - [2025-03-09T06:12:44.197+0000] {dag.py:4180} INFO - Setting next_dagrun for DataQualityOrchestration to None, run_after=None
[2025-03-09T06:12:44.255+0000] {processor.py:208} INFO - Processing /opt/airflow/dags/dqc_airflow.py took 0.239 seconds
[2025-03-09T06:13:15.600+0000] {processor.py:186} INFO - Started process (PID=6994) to work on /opt/airflow/dags/dqc_airflow.py
[2025-03-09T06:13:15.638+0000] {processor.py:914} INFO - Processing file /opt/airflow/dags/dqc_airflow.py for tasks to queue
[2025-03-09T06:13:15.642+0000] {logging_mixin.py:190} INFO - [2025-03-09T06:13:15.640+0000] {dagbag.py:588} INFO - Filling up the DagBag from /opt/airflow/dags/dqc_airflow.py
[2025-03-09T06:13:15.699+0000] {processor.py:925} INFO - DAG(s) 'DataQualityOrchestration' retrieved from /opt/airflow/dags/dqc_airflow.py
[2025-03-09T06:13:15.734+0000] {logging_mixin.py:190} INFO - [2025-03-09T06:13:15.734+0000] {dag.py:3239} INFO - Sync 1 DAGs
[2025-03-09T06:13:15.757+0000] {logging_mixin.py:190} INFO - [2025-03-09T06:13:15.757+0000] {dag.py:4180} INFO - Setting next_dagrun for DataQualityOrchestration to None, run_after=None
[2025-03-09T06:13:15.785+0000] {processor.py:208} INFO - Processing /opt/airflow/dags/dqc_airflow.py took 1.204 seconds
[2025-03-09T06:13:46.024+0000] {processor.py:186} INFO - Started process (PID=7014) to work on /opt/airflow/dags/dqc_airflow.py
[2025-03-09T06:13:46.040+0000] {processor.py:914} INFO - Processing file /opt/airflow/dags/dqc_airflow.py for tasks to queue
[2025-03-09T06:13:46.044+0000] {logging_mixin.py:190} INFO - [2025-03-09T06:13:46.044+0000] {dagbag.py:588} INFO - Filling up the DagBag from /opt/airflow/dags/dqc_airflow.py
[2025-03-09T06:13:46.092+0000] {processor.py:925} INFO - DAG(s) 'DataQualityOrchestration' retrieved from /opt/airflow/dags/dqc_airflow.py
[2025-03-09T06:13:46.136+0000] {logging_mixin.py:190} INFO - [2025-03-09T06:13:46.135+0000] {dag.py:3239} INFO - Sync 1 DAGs
[2025-03-09T06:13:46.159+0000] {logging_mixin.py:190} INFO - [2025-03-09T06:13:46.158+0000] {dag.py:4180} INFO - Setting next_dagrun for DataQualityOrchestration to None, run_after=None
[2025-03-09T06:13:46.189+0000] {processor.py:208} INFO - Processing /opt/airflow/dags/dqc_airflow.py took 0.173 seconds
[2025-03-09T06:14:29.718+0000] {processor.py:186} INFO - Started process (PID=7034) to work on /opt/airflow/dags/dqc_airflow.py
[2025-03-09T06:14:29.733+0000] {processor.py:914} INFO - Processing file /opt/airflow/dags/dqc_airflow.py for tasks to queue
[2025-03-09T06:14:30.954+0000] {logging_mixin.py:190} INFO - [2025-03-09T06:14:30.953+0000] {dagbag.py:588} INFO - Filling up the DagBag from /opt/airflow/dags/dqc_airflow.py
[2025-03-09T06:14:45.006+0000] {processor.py:925} INFO - DAG(s) 'DataQualityOrchestration' retrieved from /opt/airflow/dags/dqc_airflow.py
[2025-03-09T06:15:06.093+0000] {logging_mixin.py:190} INFO - [2025-03-09T06:15:06.093+0000] {dag.py:3239} INFO - Sync 1 DAGs
[2025-03-09T06:15:06.704+0000] {logging_mixin.py:190} INFO - [2025-03-09T06:15:06.704+0000] {dag.py:4180} INFO - Setting next_dagrun for DataQualityOrchestration to None, run_after=None
[2025-03-09T06:15:42.189+0000] {processor.py:186} INFO - Started process (PID=7053) to work on /opt/airflow/dags/dqc_airflow.py
[2025-03-09T06:15:42.210+0000] {processor.py:914} INFO - Processing file /opt/airflow/dags/dqc_airflow.py for tasks to queue
[2025-03-09T06:15:42.214+0000] {logging_mixin.py:190} INFO - [2025-03-09T06:15:42.213+0000] {dagbag.py:588} INFO - Filling up the DagBag from /opt/airflow/dags/dqc_airflow.py
[2025-03-09T06:15:42.265+0000] {processor.py:925} INFO - DAG(s) 'DataQualityOrchestration' retrieved from /opt/airflow/dags/dqc_airflow.py
[2025-03-09T06:15:42.301+0000] {logging_mixin.py:190} INFO - [2025-03-09T06:15:42.300+0000] {dag.py:3239} INFO - Sync 1 DAGs
[2025-03-09T06:15:42.316+0000] {logging_mixin.py:190} INFO - [2025-03-09T06:15:42.316+0000] {dag.py:4180} INFO - Setting next_dagrun for DataQualityOrchestration to None, run_after=None
[2025-03-09T06:15:42.340+0000] {processor.py:208} INFO - Processing /opt/airflow/dags/dqc_airflow.py took 0.158 seconds
[2025-03-09T06:16:12.719+0000] {processor.py:186} INFO - Started process (PID=7073) to work on /opt/airflow/dags/dqc_airflow.py
[2025-03-09T06:16:12.812+0000] {processor.py:914} INFO - Processing file /opt/airflow/dags/dqc_airflow.py for tasks to queue
[2025-03-09T06:16:12.816+0000] {logging_mixin.py:190} INFO - [2025-03-09T06:16:12.816+0000] {dagbag.py:588} INFO - Filling up the DagBag from /opt/airflow/dags/dqc_airflow.py
[2025-03-09T06:16:12.851+0000] {processor.py:925} INFO - DAG(s) 'DataQualityOrchestration' retrieved from /opt/airflow/dags/dqc_airflow.py
[2025-03-09T06:16:12.894+0000] {logging_mixin.py:190} INFO - [2025-03-09T06:16:12.894+0000] {dag.py:3239} INFO - Sync 1 DAGs
[2025-03-09T06:16:12.914+0000] {logging_mixin.py:190} INFO - [2025-03-09T06:16:12.914+0000] {dag.py:4180} INFO - Setting next_dagrun for DataQualityOrchestration to None, run_after=None
[2025-03-09T06:16:12.943+0000] {processor.py:208} INFO - Processing /opt/airflow/dags/dqc_airflow.py took 0.232 seconds
[2025-03-09T06:16:43.119+0000] {processor.py:186} INFO - Started process (PID=7093) to work on /opt/airflow/dags/dqc_airflow.py
[2025-03-09T06:16:43.225+0000] {processor.py:914} INFO - Processing file /opt/airflow/dags/dqc_airflow.py for tasks to queue
[2025-03-09T06:16:43.228+0000] {logging_mixin.py:190} INFO - [2025-03-09T06:16:43.228+0000] {dagbag.py:588} INFO - Filling up the DagBag from /opt/airflow/dags/dqc_airflow.py
[2025-03-09T06:16:43.292+0000] {processor.py:925} INFO - DAG(s) 'DataQualityOrchestration' retrieved from /opt/airflow/dags/dqc_airflow.py
[2025-03-09T06:16:43.341+0000] {logging_mixin.py:190} INFO - [2025-03-09T06:16:43.341+0000] {dag.py:3239} INFO - Sync 1 DAGs
[2025-03-09T06:16:43.361+0000] {logging_mixin.py:190} INFO - [2025-03-09T06:16:43.360+0000] {dag.py:4180} INFO - Setting next_dagrun for DataQualityOrchestration to None, run_after=None
[2025-03-09T06:16:43.403+0000] {processor.py:208} INFO - Processing /opt/airflow/dags/dqc_airflow.py took 0.290 seconds
[2025-03-09T06:17:13.609+0000] {processor.py:186} INFO - Started process (PID=7113) to work on /opt/airflow/dags/dqc_airflow.py
[2025-03-09T06:17:13.638+0000] {processor.py:914} INFO - Processing file /opt/airflow/dags/dqc_airflow.py for tasks to queue
[2025-03-09T06:17:13.642+0000] {logging_mixin.py:190} INFO - [2025-03-09T06:17:13.642+0000] {dagbag.py:588} INFO - Filling up the DagBag from /opt/airflow/dags/dqc_airflow.py
[2025-03-09T06:17:13.844+0000] {processor.py:925} INFO - DAG(s) 'DataQualityOrchestration' retrieved from /opt/airflow/dags/dqc_airflow.py
[2025-03-09T06:17:13.882+0000] {logging_mixin.py:190} INFO - [2025-03-09T06:17:13.881+0000] {dag.py:3239} INFO - Sync 1 DAGs
[2025-03-09T06:17:13.905+0000] {logging_mixin.py:190} INFO - [2025-03-09T06:17:13.904+0000] {dag.py:4180} INFO - Setting next_dagrun for DataQualityOrchestration to None, run_after=None
[2025-03-09T06:17:13.940+0000] {processor.py:208} INFO - Processing /opt/airflow/dags/dqc_airflow.py took 0.342 seconds
[2025-03-09T06:17:44.147+0000] {processor.py:186} INFO - Started process (PID=7133) to work on /opt/airflow/dags/dqc_airflow.py
[2025-03-09T06:17:44.221+0000] {processor.py:914} INFO - Processing file /opt/airflow/dags/dqc_airflow.py for tasks to queue
[2025-03-09T06:17:44.225+0000] {logging_mixin.py:190} INFO - [2025-03-09T06:17:44.225+0000] {dagbag.py:588} INFO - Filling up the DagBag from /opt/airflow/dags/dqc_airflow.py
[2025-03-09T06:17:44.356+0000] {processor.py:925} INFO - DAG(s) 'DataQualityOrchestration' retrieved from /opt/airflow/dags/dqc_airflow.py
[2025-03-09T06:17:44.392+0000] {logging_mixin.py:190} INFO - [2025-03-09T06:17:44.392+0000] {dag.py:3239} INFO - Sync 1 DAGs
[2025-03-09T06:17:44.415+0000] {logging_mixin.py:190} INFO - [2025-03-09T06:17:44.415+0000] {dag.py:4180} INFO - Setting next_dagrun for DataQualityOrchestration to None, run_after=None
[2025-03-09T06:17:44.450+0000] {processor.py:208} INFO - Processing /opt/airflow/dags/dqc_airflow.py took 0.314 seconds
[2025-03-09T06:18:15.699+0000] {processor.py:186} INFO - Started process (PID=7153) to work on /opt/airflow/dags/dqc_airflow.py
[2025-03-09T06:18:16.026+0000] {processor.py:914} INFO - Processing file /opt/airflow/dags/dqc_airflow.py for tasks to queue
[2025-03-09T06:18:16.028+0000] {logging_mixin.py:190} INFO - [2025-03-09T06:18:16.028+0000] {dagbag.py:588} INFO - Filling up the DagBag from /opt/airflow/dags/dqc_airflow.py
[2025-03-09T06:18:16.422+0000] {processor.py:925} INFO - DAG(s) 'DataQualityOrchestration' retrieved from /opt/airflow/dags/dqc_airflow.py
[2025-03-09T06:18:16.528+0000] {logging_mixin.py:190} INFO - [2025-03-09T06:18:16.528+0000] {dag.py:3239} INFO - Sync 1 DAGs
[2025-03-09T06:18:16.545+0000] {logging_mixin.py:190} INFO - [2025-03-09T06:18:16.544+0000] {dag.py:4180} INFO - Setting next_dagrun for DataQualityOrchestration to None, run_after=None
[2025-03-09T06:18:16.578+0000] {processor.py:208} INFO - Processing /opt/airflow/dags/dqc_airflow.py took 0.887 seconds
[2025-03-09T06:18:47.988+0000] {processor.py:186} INFO - Started process (PID=7173) to work on /opt/airflow/dags/dqc_airflow.py
[2025-03-09T06:18:48.024+0000] {processor.py:914} INFO - Processing file /opt/airflow/dags/dqc_airflow.py for tasks to queue
[2025-03-09T06:18:48.028+0000] {logging_mixin.py:190} INFO - [2025-03-09T06:18:48.028+0000] {dagbag.py:588} INFO - Filling up the DagBag from /opt/airflow/dags/dqc_airflow.py
[2025-03-09T06:18:48.099+0000] {processor.py:925} INFO - DAG(s) 'DataQualityOrchestration' retrieved from /opt/airflow/dags/dqc_airflow.py
[2025-03-09T06:18:48.134+0000] {logging_mixin.py:190} INFO - [2025-03-09T06:18:48.133+0000] {dag.py:3239} INFO - Sync 1 DAGs
[2025-03-09T06:18:48.155+0000] {logging_mixin.py:190} INFO - [2025-03-09T06:18:48.155+0000] {dag.py:4180} INFO - Setting next_dagrun for DataQualityOrchestration to None, run_after=None
[2025-03-09T06:18:48.195+0000] {processor.py:208} INFO - Processing /opt/airflow/dags/dqc_airflow.py took 0.217 seconds
[2025-03-09T06:19:20.868+0000] {processor.py:186} INFO - Started process (PID=7194) to work on /opt/airflow/dags/dqc_airflow.py
[2025-03-09T06:19:20.880+0000] {processor.py:914} INFO - Processing file /opt/airflow/dags/dqc_airflow.py for tasks to queue
[2025-03-09T06:19:20.882+0000] {logging_mixin.py:190} INFO - [2025-03-09T06:19:20.882+0000] {dagbag.py:588} INFO - Filling up the DagBag from /opt/airflow/dags/dqc_airflow.py
[2025-03-09T06:19:20.976+0000] {processor.py:925} INFO - DAG(s) 'DataQualityOrchestration' retrieved from /opt/airflow/dags/dqc_airflow.py
[2025-03-09T06:19:21.007+0000] {logging_mixin.py:190} INFO - [2025-03-09T06:19:21.007+0000] {dag.py:3239} INFO - Sync 1 DAGs
[2025-03-09T06:19:21.032+0000] {logging_mixin.py:190} INFO - [2025-03-09T06:19:21.032+0000] {dag.py:4180} INFO - Setting next_dagrun for DataQualityOrchestration to None, run_after=None
[2025-03-09T06:19:24.251+0000] {processor.py:208} INFO - Processing /opt/airflow/dags/dqc_airflow.py took 3.389 seconds
[2025-03-09T06:19:54.554+0000] {processor.py:186} INFO - Started process (PID=7214) to work on /opt/airflow/dags/dqc_airflow.py
[2025-03-09T06:19:54.584+0000] {processor.py:914} INFO - Processing file /opt/airflow/dags/dqc_airflow.py for tasks to queue
[2025-03-09T06:19:54.588+0000] {logging_mixin.py:190} INFO - [2025-03-09T06:19:54.587+0000] {dagbag.py:588} INFO - Filling up the DagBag from /opt/airflow/dags/dqc_airflow.py
[2025-03-09T06:19:54.908+0000] {processor.py:925} INFO - DAG(s) 'DataQualityOrchestration' retrieved from /opt/airflow/dags/dqc_airflow.py
[2025-03-09T06:19:54.955+0000] {logging_mixin.py:190} INFO - [2025-03-09T06:19:54.954+0000] {dag.py:3239} INFO - Sync 1 DAGs
[2025-03-09T06:19:54.983+0000] {logging_mixin.py:190} INFO - [2025-03-09T06:19:54.982+0000] {dag.py:4180} INFO - Setting next_dagrun for DataQualityOrchestration to None, run_after=None
[2025-03-09T06:19:55.018+0000] {processor.py:208} INFO - Processing /opt/airflow/dags/dqc_airflow.py took 0.473 seconds
[2025-03-09T06:20:25.596+0000] {processor.py:186} INFO - Started process (PID=7234) to work on /opt/airflow/dags/dqc_airflow.py
[2025-03-09T06:20:25.705+0000] {processor.py:914} INFO - Processing file /opt/airflow/dags/dqc_airflow.py for tasks to queue
[2025-03-09T06:20:25.710+0000] {logging_mixin.py:190} INFO - [2025-03-09T06:20:25.710+0000] {dagbag.py:588} INFO - Filling up the DagBag from /opt/airflow/dags/dqc_airflow.py
[2025-03-09T06:20:25.826+0000] {processor.py:925} INFO - DAG(s) 'DataQualityOrchestration' retrieved from /opt/airflow/dags/dqc_airflow.py
[2025-03-09T06:20:25.869+0000] {logging_mixin.py:190} INFO - [2025-03-09T06:20:25.868+0000] {dag.py:3239} INFO - Sync 1 DAGs
[2025-03-09T06:20:25.894+0000] {logging_mixin.py:190} INFO - [2025-03-09T06:20:25.894+0000] {dag.py:4180} INFO - Setting next_dagrun for DataQualityOrchestration to None, run_after=None
[2025-03-09T06:20:25.923+0000] {processor.py:208} INFO - Processing /opt/airflow/dags/dqc_airflow.py took 0.333 seconds
[2025-03-09T06:20:58.310+0000] {processor.py:186} INFO - Started process (PID=7242) to work on /opt/airflow/dags/dqc_airflow.py
[2025-03-09T06:20:58.321+0000] {processor.py:914} INFO - Processing file /opt/airflow/dags/dqc_airflow.py for tasks to queue
[2025-03-09T06:20:58.324+0000] {logging_mixin.py:190} INFO - [2025-03-09T06:20:58.324+0000] {dagbag.py:588} INFO - Filling up the DagBag from /opt/airflow/dags/dqc_airflow.py
[2025-03-09T06:20:58.350+0000] {processor.py:925} INFO - DAG(s) 'DataQualityOrchestration' retrieved from /opt/airflow/dags/dqc_airflow.py
[2025-03-09T06:20:58.399+0000] {logging_mixin.py:190} INFO - [2025-03-09T06:20:58.398+0000] {dag.py:3239} INFO - Sync 1 DAGs
[2025-03-09T06:20:58.428+0000] {logging_mixin.py:190} INFO - [2025-03-09T06:20:58.427+0000] {dag.py:4180} INFO - Setting next_dagrun for DataQualityOrchestration to None, run_after=None
[2025-03-09T06:21:15.211+0000] {processor.py:208} INFO - Processing /opt/airflow/dags/dqc_airflow.py took 16.910 seconds
[2025-03-09T06:21:46.298+0000] {processor.py:186} INFO - Started process (PID=7259) to work on /opt/airflow/dags/dqc_airflow.py
[2025-03-09T06:21:46.312+0000] {processor.py:914} INFO - Processing file /opt/airflow/dags/dqc_airflow.py for tasks to queue
[2025-03-09T06:21:46.320+0000] {logging_mixin.py:190} INFO - [2025-03-09T06:21:46.319+0000] {dagbag.py:588} INFO - Filling up the DagBag from /opt/airflow/dags/dqc_airflow.py
[2025-03-09T06:21:46.464+0000] {processor.py:925} INFO - DAG(s) 'DataQualityOrchestration' retrieved from /opt/airflow/dags/dqc_airflow.py
[2025-03-09T06:21:46.493+0000] {logging_mixin.py:190} INFO - [2025-03-09T06:21:46.492+0000] {dag.py:3239} INFO - Sync 1 DAGs
[2025-03-09T06:21:46.510+0000] {logging_mixin.py:190} INFO - [2025-03-09T06:21:46.510+0000] {dag.py:4180} INFO - Setting next_dagrun for DataQualityOrchestration to None, run_after=None
[2025-03-09T06:21:46.537+0000] {processor.py:208} INFO - Processing /opt/airflow/dags/dqc_airflow.py took 0.246 seconds
[2025-03-09T06:22:16.698+0000] {processor.py:186} INFO - Started process (PID=7279) to work on /opt/airflow/dags/dqc_airflow.py
[2025-03-09T06:22:16.709+0000] {processor.py:914} INFO - Processing file /opt/airflow/dags/dqc_airflow.py for tasks to queue
[2025-03-09T06:22:16.714+0000] {logging_mixin.py:190} INFO - [2025-03-09T06:22:16.714+0000] {dagbag.py:588} INFO - Filling up the DagBag from /opt/airflow/dags/dqc_airflow.py
[2025-03-09T06:22:16.824+0000] {processor.py:925} INFO - DAG(s) 'DataQualityOrchestration' retrieved from /opt/airflow/dags/dqc_airflow.py
[2025-03-09T06:22:16.864+0000] {logging_mixin.py:190} INFO - [2025-03-09T06:22:16.863+0000] {dag.py:3239} INFO - Sync 1 DAGs
[2025-03-09T06:22:16.884+0000] {logging_mixin.py:190} INFO - [2025-03-09T06:22:16.884+0000] {dag.py:4180} INFO - Setting next_dagrun for DataQualityOrchestration to None, run_after=None
[2025-03-09T06:22:16.909+0000] {processor.py:208} INFO - Processing /opt/airflow/dags/dqc_airflow.py took 0.218 seconds
[2025-03-09T06:22:47.235+0000] {processor.py:186} INFO - Started process (PID=7299) to work on /opt/airflow/dags/dqc_airflow.py
[2025-03-09T06:22:47.550+0000] {processor.py:914} INFO - Processing file /opt/airflow/dags/dqc_airflow.py for tasks to queue
[2025-03-09T06:22:47.553+0000] {logging_mixin.py:190} INFO - [2025-03-09T06:22:47.553+0000] {dagbag.py:588} INFO - Filling up the DagBag from /opt/airflow/dags/dqc_airflow.py
[2025-03-09T06:22:47.881+0000] {processor.py:925} INFO - DAG(s) 'DataQualityOrchestration' retrieved from /opt/airflow/dags/dqc_airflow.py
[2025-03-09T06:22:47.912+0000] {logging_mixin.py:190} INFO - [2025-03-09T06:22:47.912+0000] {dag.py:3239} INFO - Sync 1 DAGs
[2025-03-09T06:22:47.934+0000] {logging_mixin.py:190} INFO - [2025-03-09T06:22:47.933+0000] {dag.py:4180} INFO - Setting next_dagrun for DataQualityOrchestration to None, run_after=None
[2025-03-09T06:22:47.961+0000] {processor.py:208} INFO - Processing /opt/airflow/dags/dqc_airflow.py took 0.734 seconds
[2025-03-09T06:23:18.550+0000] {processor.py:186} INFO - Started process (PID=7319) to work on /opt/airflow/dags/dqc_airflow.py
[2025-03-09T06:23:18.569+0000] {processor.py:914} INFO - Processing file /opt/airflow/dags/dqc_airflow.py for tasks to queue
[2025-03-09T06:23:18.573+0000] {logging_mixin.py:190} INFO - [2025-03-09T06:23:18.572+0000] {dagbag.py:588} INFO - Filling up the DagBag from /opt/airflow/dags/dqc_airflow.py
[2025-03-09T06:23:18.626+0000] {processor.py:925} INFO - DAG(s) 'DataQualityOrchestration' retrieved from /opt/airflow/dags/dqc_airflow.py
[2025-03-09T06:23:18.686+0000] {logging_mixin.py:190} INFO - [2025-03-09T06:23:18.685+0000] {dag.py:3239} INFO - Sync 1 DAGs
[2025-03-09T06:23:18.705+0000] {logging_mixin.py:190} INFO - [2025-03-09T06:23:18.705+0000] {dag.py:4180} INFO - Setting next_dagrun for DataQualityOrchestration to None, run_after=None
[2025-03-09T06:23:18.736+0000] {processor.py:208} INFO - Processing /opt/airflow/dags/dqc_airflow.py took 0.193 seconds
[2025-03-09T06:23:49.087+0000] {processor.py:186} INFO - Started process (PID=7339) to work on /opt/airflow/dags/dqc_airflow.py
[2025-03-09T06:23:49.198+0000] {processor.py:914} INFO - Processing file /opt/airflow/dags/dqc_airflow.py for tasks to queue
[2025-03-09T06:23:49.203+0000] {logging_mixin.py:190} INFO - [2025-03-09T06:23:49.202+0000] {dagbag.py:588} INFO - Filling up the DagBag from /opt/airflow/dags/dqc_airflow.py
[2025-03-09T06:23:49.327+0000] {processor.py:925} INFO - DAG(s) 'DataQualityOrchestration' retrieved from /opt/airflow/dags/dqc_airflow.py
[2025-03-09T06:23:49.359+0000] {logging_mixin.py:190} INFO - [2025-03-09T06:23:49.359+0000] {dag.py:3239} INFO - Sync 1 DAGs
[2025-03-09T06:23:49.374+0000] {logging_mixin.py:190} INFO - [2025-03-09T06:23:49.373+0000] {dag.py:4180} INFO - Setting next_dagrun for DataQualityOrchestration to None, run_after=None
[2025-03-09T06:23:49.394+0000] {processor.py:208} INFO - Processing /opt/airflow/dags/dqc_airflow.py took 0.316 seconds
[2025-03-09T06:24:20.222+0000] {processor.py:186} INFO - Started process (PID=7359) to work on /opt/airflow/dags/dqc_airflow.py
[2025-03-09T06:24:20.245+0000] {processor.py:914} INFO - Processing file /opt/airflow/dags/dqc_airflow.py for tasks to queue
[2025-03-09T06:24:20.248+0000] {logging_mixin.py:190} INFO - [2025-03-09T06:24:20.247+0000] {dagbag.py:588} INFO - Filling up the DagBag from /opt/airflow/dags/dqc_airflow.py
[2025-03-09T06:24:20.340+0000] {processor.py:925} INFO - DAG(s) 'DataQualityOrchestration' retrieved from /opt/airflow/dags/dqc_airflow.py
[2025-03-09T06:24:20.372+0000] {logging_mixin.py:190} INFO - [2025-03-09T06:24:20.371+0000] {dag.py:3239} INFO - Sync 1 DAGs
[2025-03-09T06:24:20.389+0000] {logging_mixin.py:190} INFO - [2025-03-09T06:24:20.389+0000] {dag.py:4180} INFO - Setting next_dagrun for DataQualityOrchestration to None, run_after=None
[2025-03-09T06:24:20.408+0000] {processor.py:208} INFO - Processing /opt/airflow/dags/dqc_airflow.py took 0.195 seconds
[2025-03-09T06:24:50.558+0000] {processor.py:186} INFO - Started process (PID=7379) to work on /opt/airflow/dags/dqc_airflow.py
[2025-03-09T06:24:50.613+0000] {processor.py:914} INFO - Processing file /opt/airflow/dags/dqc_airflow.py for tasks to queue
[2025-03-09T06:24:50.617+0000] {logging_mixin.py:190} INFO - [2025-03-09T06:24:50.616+0000] {dagbag.py:588} INFO - Filling up the DagBag from /opt/airflow/dags/dqc_airflow.py
[2025-03-09T06:24:50.693+0000] {processor.py:925} INFO - DAG(s) 'DataQualityOrchestration' retrieved from /opt/airflow/dags/dqc_airflow.py
[2025-03-09T06:24:50.724+0000] {logging_mixin.py:190} INFO - [2025-03-09T06:24:50.724+0000] {dag.py:3239} INFO - Sync 1 DAGs
[2025-03-09T06:24:50.738+0000] {logging_mixin.py:190} INFO - [2025-03-09T06:24:50.737+0000] {dag.py:4180} INFO - Setting next_dagrun for DataQualityOrchestration to None, run_after=None
[2025-03-09T06:24:50.758+0000] {processor.py:208} INFO - Processing /opt/airflow/dags/dqc_airflow.py took 0.206 seconds
[2025-03-09T06:25:20.932+0000] {processor.py:186} INFO - Started process (PID=7399) to work on /opt/airflow/dags/dqc_airflow.py
[2025-03-09T06:25:20.943+0000] {processor.py:914} INFO - Processing file /opt/airflow/dags/dqc_airflow.py for tasks to queue
[2025-03-09T06:25:20.947+0000] {logging_mixin.py:190} INFO - [2025-03-09T06:25:20.946+0000] {dagbag.py:588} INFO - Filling up the DagBag from /opt/airflow/dags/dqc_airflow.py
[2025-03-09T06:25:20.977+0000] {processor.py:925} INFO - DAG(s) 'DataQualityOrchestration' retrieved from /opt/airflow/dags/dqc_airflow.py
[2025-03-09T06:25:21.011+0000] {logging_mixin.py:190} INFO - [2025-03-09T06:25:21.010+0000] {dag.py:3239} INFO - Sync 1 DAGs
[2025-03-09T06:25:21.031+0000] {logging_mixin.py:190} INFO - [2025-03-09T06:25:21.031+0000] {dag.py:4180} INFO - Setting next_dagrun for DataQualityOrchestration to None, run_after=None
[2025-03-09T06:25:21.056+0000] {processor.py:208} INFO - Processing /opt/airflow/dags/dqc_airflow.py took 0.142 seconds
