[2025-03-09T05:45:14.264+0000] {processor.py:186} INFO - Started process (PID=5871) to work on /opt/airflow/dags/housekeep.py
[2025-03-09T05:45:14.265+0000] {processor.py:914} INFO - Processing file /opt/airflow/dags/housekeep.py for tasks to queue
[2025-03-09T05:45:14.268+0000] {logging_mixin.py:190} INFO - [2025-03-09T05:45:14.267+0000] {dagbag.py:588} INFO - Filling up the DagBag from /opt/airflow/dags/housekeep.py
[2025-03-09T05:45:14.285+0000] {processor.py:925} INFO - DAG(s) 'housekeeping_job' retrieved from /opt/airflow/dags/housekeep.py
[2025-03-09T05:45:14.314+0000] {logging_mixin.py:190} INFO - [2025-03-09T05:45:14.313+0000] {dag.py:3239} INFO - Sync 1 DAGs
[2025-03-09T05:45:14.341+0000] {logging_mixin.py:190} INFO - [2025-03-09T05:45:14.341+0000] {dag.py:4180} INFO - Setting next_dagrun for housekeeping_job to 2025-03-09 05:40:00+00:00, run_after=2025-03-09 05:45:00+00:00
[2025-03-09T05:45:14.368+0000] {processor.py:208} INFO - Processing /opt/airflow/dags/housekeep.py took 0.110 seconds
[2025-03-09T05:45:44.488+0000] {processor.py:186} INFO - Started process (PID=5891) to work on /opt/airflow/dags/housekeep.py
[2025-03-09T05:45:44.489+0000] {processor.py:914} INFO - Processing file /opt/airflow/dags/housekeep.py for tasks to queue
[2025-03-09T05:45:44.490+0000] {logging_mixin.py:190} INFO - [2025-03-09T05:45:44.490+0000] {dagbag.py:588} INFO - Filling up the DagBag from /opt/airflow/dags/housekeep.py
[2025-03-09T05:45:44.504+0000] {processor.py:925} INFO - DAG(s) 'housekeeping_job' retrieved from /opt/airflow/dags/housekeep.py
[2025-03-09T05:45:44.525+0000] {logging_mixin.py:190} INFO - [2025-03-09T05:45:44.525+0000] {dag.py:3239} INFO - Sync 1 DAGs
[2025-03-09T05:45:44.546+0000] {logging_mixin.py:190} INFO - [2025-03-09T05:45:44.546+0000] {dag.py:4180} INFO - Setting next_dagrun for housekeeping_job to 2025-03-09 05:40:00+00:00, run_after=2025-03-09 05:45:00+00:00
[2025-03-09T05:45:44.563+0000] {processor.py:208} INFO - Processing /opt/airflow/dags/housekeep.py took 0.079 seconds
[2025-03-09T05:46:14.604+0000] {processor.py:186} INFO - Started process (PID=5911) to work on /opt/airflow/dags/housekeep.py
[2025-03-09T05:46:14.605+0000] {processor.py:914} INFO - Processing file /opt/airflow/dags/housekeep.py for tasks to queue
[2025-03-09T05:46:14.606+0000] {logging_mixin.py:190} INFO - [2025-03-09T05:46:14.606+0000] {dagbag.py:588} INFO - Filling up the DagBag from /opt/airflow/dags/housekeep.py
[2025-03-09T05:46:14.621+0000] {processor.py:925} INFO - DAG(s) 'housekeeping_job' retrieved from /opt/airflow/dags/housekeep.py
[2025-03-09T05:46:14.641+0000] {logging_mixin.py:190} INFO - [2025-03-09T05:46:14.641+0000] {dag.py:3239} INFO - Sync 1 DAGs
[2025-03-09T05:46:14.662+0000] {logging_mixin.py:190} INFO - [2025-03-09T05:46:14.662+0000] {dag.py:4180} INFO - Setting next_dagrun for housekeeping_job to 2025-03-09 05:40:00+00:00, run_after=2025-03-09 05:45:00+00:00
[2025-03-09T05:46:14.678+0000] {processor.py:208} INFO - Processing /opt/airflow/dags/housekeep.py took 0.079 seconds
[2025-03-09T05:46:45.129+0000] {processor.py:186} INFO - Started process (PID=5931) to work on /opt/airflow/dags/housekeep.py
[2025-03-09T05:46:45.130+0000] {processor.py:914} INFO - Processing file /opt/airflow/dags/housekeep.py for tasks to queue
[2025-03-09T05:46:45.132+0000] {logging_mixin.py:190} INFO - [2025-03-09T05:46:45.132+0000] {dagbag.py:588} INFO - Filling up the DagBag from /opt/airflow/dags/housekeep.py
[2025-03-09T05:46:45.147+0000] {processor.py:925} INFO - DAG(s) 'housekeeping_job' retrieved from /opt/airflow/dags/housekeep.py
[2025-03-09T05:46:45.169+0000] {logging_mixin.py:190} INFO - [2025-03-09T05:46:45.169+0000] {dag.py:3239} INFO - Sync 1 DAGs
[2025-03-09T05:46:46.789+0000] {logging_mixin.py:190} INFO - [2025-03-09T05:46:46.788+0000] {dag.py:4180} INFO - Setting next_dagrun for housekeeping_job to 2025-03-09 05:40:00+00:00, run_after=2025-03-09 05:45:00+00:00
[2025-03-09T05:46:46.804+0000] {processor.py:208} INFO - Processing /opt/airflow/dags/housekeep.py took 0.083 seconds
[2025-03-09T05:47:18.322+0000] {processor.py:186} INFO - Started process (PID=5951) to work on /opt/airflow/dags/housekeep.py
[2025-03-09T05:47:18.323+0000] {processor.py:914} INFO - Processing file /opt/airflow/dags/housekeep.py for tasks to queue
[2025-03-09T05:47:18.326+0000] {logging_mixin.py:190} INFO - [2025-03-09T05:47:18.325+0000] {dagbag.py:588} INFO - Filling up the DagBag from /opt/airflow/dags/housekeep.py
[2025-03-09T05:47:18.340+0000] {processor.py:925} INFO - DAG(s) 'housekeeping_job' retrieved from /opt/airflow/dags/housekeep.py
[2025-03-09T05:47:18.365+0000] {logging_mixin.py:190} INFO - [2025-03-09T05:47:18.365+0000] {dag.py:3239} INFO - Sync 1 DAGs
[2025-03-09T05:47:18.387+0000] {logging_mixin.py:190} INFO - [2025-03-09T05:47:18.387+0000] {dag.py:4180} INFO - Setting next_dagrun for housekeeping_job to 2025-03-09 05:40:00+00:00, run_after=2025-03-09 05:45:00+00:00
[2025-03-09T05:47:18.404+0000] {processor.py:208} INFO - Processing /opt/airflow/dags/housekeep.py took 0.087 seconds
[2025-03-09T05:47:50.365+0000] {processor.py:186} INFO - Started process (PID=5971) to work on /opt/airflow/dags/housekeep.py
[2025-03-09T05:47:50.366+0000] {processor.py:914} INFO - Processing file /opt/airflow/dags/housekeep.py for tasks to queue
[2025-03-09T05:47:50.368+0000] {logging_mixin.py:190} INFO - [2025-03-09T05:47:50.368+0000] {dagbag.py:588} INFO - Filling up the DagBag from /opt/airflow/dags/housekeep.py
[2025-03-09T05:47:50.384+0000] {processor.py:925} INFO - DAG(s) 'housekeeping_job' retrieved from /opt/airflow/dags/housekeep.py
[2025-03-09T05:47:50.408+0000] {logging_mixin.py:190} INFO - [2025-03-09T05:47:50.408+0000] {dag.py:3239} INFO - Sync 1 DAGs
[2025-03-09T05:47:50.430+0000] {logging_mixin.py:190} INFO - [2025-03-09T05:47:50.430+0000] {dag.py:4180} INFO - Setting next_dagrun for housekeeping_job to 2025-03-09 05:40:00+00:00, run_after=2025-03-09 05:45:00+00:00
[2025-03-09T05:47:52.060+0000] {processor.py:208} INFO - Processing /opt/airflow/dags/housekeep.py took 0.089 seconds
[2025-03-09T05:48:25.018+0000] {processor.py:186} INFO - Started process (PID=5991) to work on /opt/airflow/dags/housekeep.py
[2025-03-09T05:48:25.019+0000] {processor.py:914} INFO - Processing file /opt/airflow/dags/housekeep.py for tasks to queue
[2025-03-09T05:48:25.021+0000] {logging_mixin.py:190} INFO - [2025-03-09T05:48:25.020+0000] {dagbag.py:588} INFO - Filling up the DagBag from /opt/airflow/dags/housekeep.py
[2025-03-09T05:48:25.036+0000] {processor.py:925} INFO - DAG(s) 'housekeeping_job' retrieved from /opt/airflow/dags/housekeep.py
[2025-03-09T05:48:25.060+0000] {logging_mixin.py:190} INFO - [2025-03-09T05:48:25.060+0000] {dag.py:3239} INFO - Sync 1 DAGs
[2025-03-09T05:48:25.084+0000] {logging_mixin.py:190} INFO - [2025-03-09T05:48:25.084+0000] {dag.py:4180} INFO - Setting next_dagrun for housekeeping_job to 2025-03-09 05:40:00+00:00, run_after=2025-03-09 05:45:00+00:00
[2025-03-09T05:48:25.102+0000] {processor.py:208} INFO - Processing /opt/airflow/dags/housekeep.py took 0.089 seconds
[2025-03-09T05:48:58.151+0000] {processor.py:186} INFO - Started process (PID=6011) to work on /opt/airflow/dags/housekeep.py
[2025-03-09T05:48:58.152+0000] {processor.py:914} INFO - Processing file /opt/airflow/dags/housekeep.py for tasks to queue
[2025-03-09T05:48:58.154+0000] {logging_mixin.py:190} INFO - [2025-03-09T05:48:58.154+0000] {dagbag.py:588} INFO - Filling up the DagBag from /opt/airflow/dags/housekeep.py
[2025-03-09T05:48:58.170+0000] {processor.py:925} INFO - DAG(s) 'housekeeping_job' retrieved from /opt/airflow/dags/housekeep.py
[2025-03-09T05:48:58.194+0000] {logging_mixin.py:190} INFO - [2025-03-09T05:48:58.193+0000] {dag.py:3239} INFO - Sync 1 DAGs
[2025-03-09T05:48:58.218+0000] {logging_mixin.py:190} INFO - [2025-03-09T05:48:58.217+0000] {dag.py:4180} INFO - Setting next_dagrun for housekeeping_job to 2025-03-09 05:40:00+00:00, run_after=2025-03-09 05:45:00+00:00
[2025-03-09T05:48:58.235+0000] {processor.py:208} INFO - Processing /opt/airflow/dags/housekeep.py took 0.089 seconds
[2025-03-09T05:49:30.141+0000] {processor.py:186} INFO - Started process (PID=6031) to work on /opt/airflow/dags/housekeep.py
[2025-03-09T05:49:30.142+0000] {processor.py:914} INFO - Processing file /opt/airflow/dags/housekeep.py for tasks to queue
[2025-03-09T05:49:30.144+0000] {logging_mixin.py:190} INFO - [2025-03-09T05:49:30.144+0000] {dagbag.py:588} INFO - Filling up the DagBag from /opt/airflow/dags/housekeep.py
[2025-03-09T05:49:30.159+0000] {processor.py:925} INFO - DAG(s) 'housekeeping_job' retrieved from /opt/airflow/dags/housekeep.py
[2025-03-09T05:49:30.182+0000] {logging_mixin.py:190} INFO - [2025-03-09T05:49:30.181+0000] {dag.py:3239} INFO - Sync 1 DAGs
[2025-03-09T05:49:30.202+0000] {logging_mixin.py:190} INFO - [2025-03-09T05:49:30.202+0000] {dag.py:4180} INFO - Setting next_dagrun for housekeeping_job to 2025-03-09 05:40:00+00:00, run_after=2025-03-09 05:45:00+00:00
[2025-03-09T05:49:30.219+0000] {processor.py:208} INFO - Processing /opt/airflow/dags/housekeep.py took 0.083 seconds
[2025-03-09T05:50:03.319+0000] {processor.py:186} INFO - Started process (PID=6051) to work on /opt/airflow/dags/housekeep.py
[2025-03-09T05:50:03.321+0000] {processor.py:914} INFO - Processing file /opt/airflow/dags/housekeep.py for tasks to queue
[2025-03-09T05:50:03.323+0000] {logging_mixin.py:190} INFO - [2025-03-09T05:50:03.323+0000] {dagbag.py:588} INFO - Filling up the DagBag from /opt/airflow/dags/housekeep.py
[2025-03-09T05:50:03.338+0000] {processor.py:925} INFO - DAG(s) 'housekeeping_job' retrieved from /opt/airflow/dags/housekeep.py
[2025-03-09T05:50:03.363+0000] {logging_mixin.py:190} INFO - [2025-03-09T05:50:03.363+0000] {dag.py:3239} INFO - Sync 1 DAGs
[2025-03-09T05:50:03.389+0000] {logging_mixin.py:190} INFO - [2025-03-09T05:50:03.389+0000] {dag.py:4180} INFO - Setting next_dagrun for housekeeping_job to 2025-03-09 05:45:00+00:00, run_after=2025-03-09 05:50:00+00:00
[2025-03-09T05:50:03.409+0000] {processor.py:208} INFO - Processing /opt/airflow/dags/housekeep.py took 0.096 seconds
[2025-03-09T05:50:33.848+0000] {processor.py:186} INFO - Started process (PID=6071) to work on /opt/airflow/dags/housekeep.py
[2025-03-09T05:50:33.850+0000] {processor.py:914} INFO - Processing file /opt/airflow/dags/housekeep.py for tasks to queue
[2025-03-09T05:50:33.852+0000] {logging_mixin.py:190} INFO - [2025-03-09T05:50:33.851+0000] {dagbag.py:588} INFO - Filling up the DagBag from /opt/airflow/dags/housekeep.py
[2025-03-09T05:50:33.867+0000] {processor.py:925} INFO - DAG(s) 'housekeeping_job' retrieved from /opt/airflow/dags/housekeep.py
[2025-03-09T05:50:35.491+0000] {logging_mixin.py:190} INFO - [2025-03-09T05:50:35.491+0000] {dag.py:3239} INFO - Sync 1 DAGs
[2025-03-09T05:50:35.514+0000] {logging_mixin.py:190} INFO - [2025-03-09T05:50:35.513+0000] {dag.py:4180} INFO - Setting next_dagrun for housekeeping_job to 2025-03-09 05:45:00+00:00, run_after=2025-03-09 05:50:00+00:00
[2025-03-09T05:50:35.531+0000] {processor.py:208} INFO - Processing /opt/airflow/dags/housekeep.py took 0.087 seconds
[2025-03-09T05:51:08.634+0000] {processor.py:186} INFO - Started process (PID=6091) to work on /opt/airflow/dags/housekeep.py
[2025-03-09T05:51:08.635+0000] {processor.py:914} INFO - Processing file /opt/airflow/dags/housekeep.py for tasks to queue
[2025-03-09T05:51:08.637+0000] {logging_mixin.py:190} INFO - [2025-03-09T05:51:08.637+0000] {dagbag.py:588} INFO - Filling up the DagBag from /opt/airflow/dags/housekeep.py
[2025-03-09T05:51:08.653+0000] {processor.py:925} INFO - DAG(s) 'housekeeping_job' retrieved from /opt/airflow/dags/housekeep.py
[2025-03-09T05:51:08.676+0000] {logging_mixin.py:190} INFO - [2025-03-09T05:51:08.675+0000] {dag.py:3239} INFO - Sync 1 DAGs
[2025-03-09T05:51:08.698+0000] {logging_mixin.py:190} INFO - [2025-03-09T05:51:08.698+0000] {dag.py:4180} INFO - Setting next_dagrun for housekeeping_job to 2025-03-09 05:45:00+00:00, run_after=2025-03-09 05:50:00+00:00
[2025-03-09T05:51:08.715+0000] {processor.py:208} INFO - Processing /opt/airflow/dags/housekeep.py took 0.086 seconds
[2025-03-09T05:51:39.082+0000] {processor.py:186} INFO - Started process (PID=6111) to work on /opt/airflow/dags/housekeep.py
[2025-03-09T05:51:39.083+0000] {processor.py:914} INFO - Processing file /opt/airflow/dags/housekeep.py for tasks to queue
[2025-03-09T05:51:39.085+0000] {logging_mixin.py:190} INFO - [2025-03-09T05:51:39.085+0000] {dagbag.py:588} INFO - Filling up the DagBag from /opt/airflow/dags/housekeep.py
[2025-03-09T05:51:39.100+0000] {processor.py:925} INFO - DAG(s) 'housekeeping_job' retrieved from /opt/airflow/dags/housekeep.py
[2025-03-09T05:51:39.123+0000] {logging_mixin.py:190} INFO - [2025-03-09T05:51:39.122+0000] {dag.py:3239} INFO - Sync 1 DAGs
[2025-03-09T05:51:39.144+0000] {logging_mixin.py:190} INFO - [2025-03-09T05:51:39.144+0000] {dag.py:4180} INFO - Setting next_dagrun for housekeeping_job to 2025-03-09 05:45:00+00:00, run_after=2025-03-09 05:50:00+00:00
[2025-03-09T05:51:39.161+0000] {processor.py:208} INFO - Processing /opt/airflow/dags/housekeep.py took 0.084 seconds
[2025-03-09T05:52:10.120+0000] {processor.py:186} INFO - Started process (PID=6131) to work on /opt/airflow/dags/housekeep.py
[2025-03-09T05:52:10.121+0000] {processor.py:914} INFO - Processing file /opt/airflow/dags/housekeep.py for tasks to queue
[2025-03-09T05:52:10.123+0000] {logging_mixin.py:190} INFO - [2025-03-09T05:52:10.122+0000] {dagbag.py:588} INFO - Filling up the DagBag from /opt/airflow/dags/housekeep.py
[2025-03-09T05:52:10.138+0000] {processor.py:925} INFO - DAG(s) 'housekeeping_job' retrieved from /opt/airflow/dags/housekeep.py
[2025-03-09T05:52:10.160+0000] {logging_mixin.py:190} INFO - [2025-03-09T05:52:10.160+0000] {dag.py:3239} INFO - Sync 1 DAGs
[2025-03-09T05:52:10.182+0000] {logging_mixin.py:190} INFO - [2025-03-09T05:52:10.182+0000] {dag.py:4180} INFO - Setting next_dagrun for housekeeping_job to 2025-03-09 05:45:00+00:00, run_after=2025-03-09 05:50:00+00:00
[2025-03-09T05:52:10.201+0000] {processor.py:208} INFO - Processing /opt/airflow/dags/housekeep.py took 0.087 seconds
[2025-03-09T05:52:40.254+0000] {processor.py:186} INFO - Started process (PID=6151) to work on /opt/airflow/dags/housekeep.py
[2025-03-09T05:52:40.254+0000] {processor.py:914} INFO - Processing file /opt/airflow/dags/housekeep.py for tasks to queue
[2025-03-09T05:52:40.256+0000] {logging_mixin.py:190} INFO - [2025-03-09T05:52:40.256+0000] {dagbag.py:588} INFO - Filling up the DagBag from /opt/airflow/dags/housekeep.py
[2025-03-09T05:52:40.271+0000] {processor.py:925} INFO - DAG(s) 'housekeeping_job' retrieved from /opt/airflow/dags/housekeep.py
[2025-03-09T05:52:40.294+0000] {logging_mixin.py:190} INFO - [2025-03-09T05:52:40.294+0000] {dag.py:3239} INFO - Sync 1 DAGs
[2025-03-09T05:52:40.316+0000] {logging_mixin.py:190} INFO - [2025-03-09T05:52:40.316+0000] {dag.py:4180} INFO - Setting next_dagrun for housekeeping_job to 2025-03-09 05:45:00+00:00, run_after=2025-03-09 05:50:00+00:00
[2025-03-09T05:52:40.336+0000] {processor.py:208} INFO - Processing /opt/airflow/dags/housekeep.py took 0.087 seconds
[2025-03-09T05:53:11.300+0000] {processor.py:186} INFO - Started process (PID=6171) to work on /opt/airflow/dags/housekeep.py
[2025-03-09T05:53:11.301+0000] {processor.py:914} INFO - Processing file /opt/airflow/dags/housekeep.py for tasks to queue
[2025-03-09T05:53:11.303+0000] {logging_mixin.py:190} INFO - [2025-03-09T05:53:11.303+0000] {dagbag.py:588} INFO - Filling up the DagBag from /opt/airflow/dags/housekeep.py
[2025-03-09T05:53:11.317+0000] {processor.py:925} INFO - DAG(s) 'housekeeping_job' retrieved from /opt/airflow/dags/housekeep.py
[2025-03-09T05:53:11.340+0000] {logging_mixin.py:190} INFO - [2025-03-09T05:53:11.340+0000] {dag.py:3239} INFO - Sync 1 DAGs
[2025-03-09T05:53:11.362+0000] {logging_mixin.py:190} INFO - [2025-03-09T05:53:11.362+0000] {dag.py:4180} INFO - Setting next_dagrun for housekeeping_job to 2025-03-09 05:45:00+00:00, run_after=2025-03-09 05:50:00+00:00
[2025-03-09T05:53:11.378+0000] {processor.py:208} INFO - Processing /opt/airflow/dags/housekeep.py took 0.083 seconds
[2025-03-09T05:53:42.343+0000] {processor.py:186} INFO - Started process (PID=6191) to work on /opt/airflow/dags/housekeep.py
[2025-03-09T05:53:42.344+0000] {processor.py:914} INFO - Processing file /opt/airflow/dags/housekeep.py for tasks to queue
[2025-03-09T05:53:42.346+0000] {logging_mixin.py:190} INFO - [2025-03-09T05:53:42.346+0000] {dagbag.py:588} INFO - Filling up the DagBag from /opt/airflow/dags/housekeep.py
[2025-03-09T05:53:42.361+0000] {processor.py:925} INFO - DAG(s) 'housekeeping_job' retrieved from /opt/airflow/dags/housekeep.py
[2025-03-09T05:53:42.384+0000] {logging_mixin.py:190} INFO - [2025-03-09T05:53:42.383+0000] {dag.py:3239} INFO - Sync 1 DAGs
[2025-03-09T05:53:42.406+0000] {logging_mixin.py:190} INFO - [2025-03-09T05:53:42.405+0000] {dag.py:4180} INFO - Setting next_dagrun for housekeeping_job to 2025-03-09 05:45:00+00:00, run_after=2025-03-09 05:50:00+00:00
[2025-03-09T05:53:42.422+0000] {processor.py:208} INFO - Processing /opt/airflow/dags/housekeep.py took 0.085 seconds
[2025-03-09T05:54:13.388+0000] {processor.py:186} INFO - Started process (PID=6211) to work on /opt/airflow/dags/housekeep.py
[2025-03-09T05:54:13.390+0000] {processor.py:914} INFO - Processing file /opt/airflow/dags/housekeep.py for tasks to queue
[2025-03-09T05:54:13.392+0000] {logging_mixin.py:190} INFO - [2025-03-09T05:54:13.391+0000] {dagbag.py:588} INFO - Filling up the DagBag from /opt/airflow/dags/housekeep.py
[2025-03-09T05:54:13.407+0000] {processor.py:925} INFO - DAG(s) 'housekeeping_job' retrieved from /opt/airflow/dags/housekeep.py
[2025-03-09T05:54:13.429+0000] {logging_mixin.py:190} INFO - [2025-03-09T05:54:13.429+0000] {dag.py:3239} INFO - Sync 1 DAGs
[2025-03-09T05:54:13.453+0000] {logging_mixin.py:190} INFO - [2025-03-09T05:54:13.453+0000] {dag.py:4180} INFO - Setting next_dagrun for housekeeping_job to 2025-03-09 05:45:00+00:00, run_after=2025-03-09 05:50:00+00:00
[2025-03-09T05:54:13.473+0000] {processor.py:208} INFO - Processing /opt/airflow/dags/housekeep.py took 0.090 seconds
[2025-03-09T05:54:44.511+0000] {processor.py:186} INFO - Started process (PID=6231) to work on /opt/airflow/dags/housekeep.py
[2025-03-09T05:54:44.512+0000] {processor.py:914} INFO - Processing file /opt/airflow/dags/housekeep.py for tasks to queue
[2025-03-09T05:54:44.514+0000] {logging_mixin.py:190} INFO - [2025-03-09T05:54:44.513+0000] {dagbag.py:588} INFO - Filling up the DagBag from /opt/airflow/dags/housekeep.py
[2025-03-09T05:54:44.529+0000] {processor.py:925} INFO - DAG(s) 'housekeeping_job' retrieved from /opt/airflow/dags/housekeep.py
[2025-03-09T05:54:44.552+0000] {logging_mixin.py:190} INFO - [2025-03-09T05:54:44.551+0000] {dag.py:3239} INFO - Sync 1 DAGs
[2025-03-09T05:54:44.576+0000] {logging_mixin.py:190} INFO - [2025-03-09T05:54:44.575+0000] {dag.py:4180} INFO - Setting next_dagrun for housekeeping_job to 2025-03-09 05:45:00+00:00, run_after=2025-03-09 05:50:00+00:00
[2025-03-09T05:54:44.595+0000] {processor.py:208} INFO - Processing /opt/airflow/dags/housekeep.py took 0.089 seconds
[2025-03-09T05:55:14.638+0000] {processor.py:186} INFO - Started process (PID=6251) to work on /opt/airflow/dags/housekeep.py
[2025-03-09T05:55:14.639+0000] {processor.py:914} INFO - Processing file /opt/airflow/dags/housekeep.py for tasks to queue
[2025-03-09T05:55:14.641+0000] {logging_mixin.py:190} INFO - [2025-03-09T05:55:14.641+0000] {dagbag.py:588} INFO - Filling up the DagBag from /opt/airflow/dags/housekeep.py
[2025-03-09T05:55:14.656+0000] {processor.py:925} INFO - DAG(s) 'housekeeping_job' retrieved from /opt/airflow/dags/housekeep.py
[2025-03-09T05:55:14.679+0000] {logging_mixin.py:190} INFO - [2025-03-09T05:55:14.678+0000] {dag.py:3239} INFO - Sync 1 DAGs
[2025-03-09T05:55:14.700+0000] {logging_mixin.py:190} INFO - [2025-03-09T05:55:14.700+0000] {dag.py:4180} INFO - Setting next_dagrun for housekeeping_job to 2025-03-09 05:50:00+00:00, run_after=2025-03-09 05:55:00+00:00
[2025-03-09T05:55:14.717+0000] {processor.py:208} INFO - Processing /opt/airflow/dags/housekeep.py took 0.083 seconds
[2025-03-09T05:55:44.791+0000] {processor.py:186} INFO - Started process (PID=6271) to work on /opt/airflow/dags/housekeep.py
[2025-03-09T05:55:44.792+0000] {processor.py:914} INFO - Processing file /opt/airflow/dags/housekeep.py for tasks to queue
[2025-03-09T05:55:44.794+0000] {logging_mixin.py:190} INFO - [2025-03-09T05:55:44.794+0000] {dagbag.py:588} INFO - Filling up the DagBag from /opt/airflow/dags/housekeep.py
[2025-03-09T05:55:44.809+0000] {processor.py:925} INFO - DAG(s) 'housekeeping_job' retrieved from /opt/airflow/dags/housekeep.py
[2025-03-09T05:55:44.832+0000] {logging_mixin.py:190} INFO - [2025-03-09T05:55:44.832+0000] {dag.py:3239} INFO - Sync 1 DAGs
[2025-03-09T05:55:44.855+0000] {logging_mixin.py:190} INFO - [2025-03-09T05:55:44.855+0000] {dag.py:4180} INFO - Setting next_dagrun for housekeeping_job to 2025-03-09 05:50:00+00:00, run_after=2025-03-09 05:55:00+00:00
[2025-03-09T05:55:44.874+0000] {processor.py:208} INFO - Processing /opt/airflow/dags/housekeep.py took 0.087 seconds
[2025-03-09T05:56:15.821+0000] {processor.py:186} INFO - Started process (PID=6291) to work on /opt/airflow/dags/housekeep.py
[2025-03-09T05:56:15.822+0000] {processor.py:914} INFO - Processing file /opt/airflow/dags/housekeep.py for tasks to queue
[2025-03-09T05:56:15.824+0000] {logging_mixin.py:190} INFO - [2025-03-09T05:56:15.823+0000] {dagbag.py:588} INFO - Filling up the DagBag from /opt/airflow/dags/housekeep.py
[2025-03-09T05:56:15.838+0000] {processor.py:925} INFO - DAG(s) 'housekeeping_job' retrieved from /opt/airflow/dags/housekeep.py
[2025-03-09T05:56:15.860+0000] {logging_mixin.py:190} INFO - [2025-03-09T05:56:15.860+0000] {dag.py:3239} INFO - Sync 1 DAGs
[2025-03-09T05:56:15.883+0000] {logging_mixin.py:190} INFO - [2025-03-09T05:56:15.883+0000] {dag.py:4180} INFO - Setting next_dagrun for housekeeping_job to 2025-03-09 05:50:00+00:00, run_after=2025-03-09 05:55:00+00:00
[2025-03-09T05:56:15.902+0000] {processor.py:208} INFO - Processing /opt/airflow/dags/housekeep.py took 0.086 seconds
[2025-03-09T05:56:46.860+0000] {processor.py:186} INFO - Started process (PID=6311) to work on /opt/airflow/dags/housekeep.py
[2025-03-09T05:56:46.861+0000] {processor.py:914} INFO - Processing file /opt/airflow/dags/housekeep.py for tasks to queue
[2025-03-09T05:56:46.863+0000] {logging_mixin.py:190} INFO - [2025-03-09T05:56:46.863+0000] {dagbag.py:588} INFO - Filling up the DagBag from /opt/airflow/dags/housekeep.py
[2025-03-09T05:56:46.877+0000] {processor.py:925} INFO - DAG(s) 'housekeeping_job' retrieved from /opt/airflow/dags/housekeep.py
[2025-03-09T05:56:46.898+0000] {logging_mixin.py:190} INFO - [2025-03-09T05:56:46.898+0000] {dag.py:3239} INFO - Sync 1 DAGs
[2025-03-09T05:56:46.920+0000] {logging_mixin.py:190} INFO - [2025-03-09T05:56:46.920+0000] {dag.py:4180} INFO - Setting next_dagrun for housekeeping_job to 2025-03-09 05:50:00+00:00, run_after=2025-03-09 05:55:00+00:00
[2025-03-09T05:56:46.938+0000] {processor.py:208} INFO - Processing /opt/airflow/dags/housekeep.py took 0.083 seconds
[2025-03-09T05:57:17.969+0000] {processor.py:186} INFO - Started process (PID=6331) to work on /opt/airflow/dags/housekeep.py
[2025-03-09T05:57:17.970+0000] {processor.py:914} INFO - Processing file /opt/airflow/dags/housekeep.py for tasks to queue
[2025-03-09T05:57:17.972+0000] {logging_mixin.py:190} INFO - [2025-03-09T05:57:17.972+0000] {dagbag.py:588} INFO - Filling up the DagBag from /opt/airflow/dags/housekeep.py
[2025-03-09T05:57:17.987+0000] {processor.py:925} INFO - DAG(s) 'housekeeping_job' retrieved from /opt/airflow/dags/housekeep.py
[2025-03-09T05:57:18.010+0000] {logging_mixin.py:190} INFO - [2025-03-09T05:57:18.010+0000] {dag.py:3239} INFO - Sync 1 DAGs
[2025-03-09T05:57:18.032+0000] {logging_mixin.py:190} INFO - [2025-03-09T05:57:18.032+0000] {dag.py:4180} INFO - Setting next_dagrun for housekeeping_job to 2025-03-09 05:50:00+00:00, run_after=2025-03-09 05:55:00+00:00
[2025-03-09T05:57:18.050+0000] {processor.py:208} INFO - Processing /opt/airflow/dags/housekeep.py took 0.086 seconds
[2025-03-09T05:57:48.996+0000] {processor.py:186} INFO - Started process (PID=6351) to work on /opt/airflow/dags/housekeep.py
[2025-03-09T05:57:48.997+0000] {processor.py:914} INFO - Processing file /opt/airflow/dags/housekeep.py for tasks to queue
[2025-03-09T05:57:48.999+0000] {logging_mixin.py:190} INFO - [2025-03-09T05:57:48.999+0000] {dagbag.py:588} INFO - Filling up the DagBag from /opt/airflow/dags/housekeep.py
[2025-03-09T05:57:49.013+0000] {processor.py:925} INFO - DAG(s) 'housekeeping_job' retrieved from /opt/airflow/dags/housekeep.py
[2025-03-09T05:57:49.037+0000] {logging_mixin.py:190} INFO - [2025-03-09T05:57:49.037+0000] {dag.py:3239} INFO - Sync 1 DAGs
[2025-03-09T05:57:49.059+0000] {logging_mixin.py:190} INFO - [2025-03-09T05:57:49.058+0000] {dag.py:4180} INFO - Setting next_dagrun for housekeeping_job to 2025-03-09 05:50:00+00:00, run_after=2025-03-09 05:55:00+00:00
[2025-03-09T05:57:49.075+0000] {processor.py:208} INFO - Processing /opt/airflow/dags/housekeep.py took 0.084 seconds
[2025-03-09T05:58:20.114+0000] {processor.py:186} INFO - Started process (PID=6371) to work on /opt/airflow/dags/housekeep.py
[2025-03-09T05:58:20.116+0000] {processor.py:914} INFO - Processing file /opt/airflow/dags/housekeep.py for tasks to queue
[2025-03-09T05:58:20.118+0000] {logging_mixin.py:190} INFO - [2025-03-09T05:58:20.118+0000] {dagbag.py:588} INFO - Filling up the DagBag from /opt/airflow/dags/housekeep.py
[2025-03-09T05:58:20.135+0000] {processor.py:925} INFO - DAG(s) 'housekeeping_job' retrieved from /opt/airflow/dags/housekeep.py
[2025-03-09T05:58:20.160+0000] {logging_mixin.py:190} INFO - [2025-03-09T05:58:20.160+0000] {dag.py:3239} INFO - Sync 1 DAGs
[2025-03-09T05:58:20.186+0000] {logging_mixin.py:190} INFO - [2025-03-09T05:58:20.186+0000] {dag.py:4180} INFO - Setting next_dagrun for housekeeping_job to 2025-03-09 05:50:00+00:00, run_after=2025-03-09 05:55:00+00:00
[2025-03-09T05:58:20.208+0000] {processor.py:208} INFO - Processing /opt/airflow/dags/housekeep.py took 0.099 seconds
[2025-03-09T05:58:50.252+0000] {processor.py:186} INFO - Started process (PID=6391) to work on /opt/airflow/dags/housekeep.py
[2025-03-09T05:58:50.253+0000] {processor.py:914} INFO - Processing file /opt/airflow/dags/housekeep.py for tasks to queue
[2025-03-09T05:58:50.255+0000] {logging_mixin.py:190} INFO - [2025-03-09T05:58:50.255+0000] {dagbag.py:588} INFO - Filling up the DagBag from /opt/airflow/dags/housekeep.py
[2025-03-09T05:58:50.269+0000] {processor.py:925} INFO - DAG(s) 'housekeeping_job' retrieved from /opt/airflow/dags/housekeep.py
[2025-03-09T05:58:50.293+0000] {logging_mixin.py:190} INFO - [2025-03-09T05:58:50.293+0000] {dag.py:3239} INFO - Sync 1 DAGs
[2025-03-09T05:58:50.317+0000] {logging_mixin.py:190} INFO - [2025-03-09T05:58:50.317+0000] {dag.py:4180} INFO - Setting next_dagrun for housekeeping_job to 2025-03-09 05:50:00+00:00, run_after=2025-03-09 05:55:00+00:00
[2025-03-09T05:58:50.335+0000] {processor.py:208} INFO - Processing /opt/airflow/dags/housekeep.py took 0.089 seconds
[2025-03-09T05:59:20.420+0000] {processor.py:186} INFO - Started process (PID=6411) to work on /opt/airflow/dags/housekeep.py
[2025-03-09T05:59:20.421+0000] {processor.py:914} INFO - Processing file /opt/airflow/dags/housekeep.py for tasks to queue
[2025-03-09T05:59:20.423+0000] {logging_mixin.py:190} INFO - [2025-03-09T05:59:20.422+0000] {dagbag.py:588} INFO - Filling up the DagBag from /opt/airflow/dags/housekeep.py
[2025-03-09T05:59:20.438+0000] {processor.py:925} INFO - DAG(s) 'housekeeping_job' retrieved from /opt/airflow/dags/housekeep.py
[2025-03-09T05:59:20.463+0000] {logging_mixin.py:190} INFO - [2025-03-09T05:59:20.462+0000] {dag.py:3239} INFO - Sync 1 DAGs
[2025-03-09T05:59:20.486+0000] {logging_mixin.py:190} INFO - [2025-03-09T05:59:20.486+0000] {dag.py:4180} INFO - Setting next_dagrun for housekeeping_job to 2025-03-09 05:50:00+00:00, run_after=2025-03-09 05:55:00+00:00
[2025-03-09T05:59:20.508+0000] {processor.py:208} INFO - Processing /opt/airflow/dags/housekeep.py took 0.093 seconds
[2025-03-09T05:59:51.601+0000] {processor.py:186} INFO - Started process (PID=6431) to work on /opt/airflow/dags/housekeep.py
[2025-03-09T05:59:51.602+0000] {processor.py:914} INFO - Processing file /opt/airflow/dags/housekeep.py for tasks to queue
[2025-03-09T05:59:51.605+0000] {logging_mixin.py:190} INFO - [2025-03-09T05:59:51.604+0000] {dagbag.py:588} INFO - Filling up the DagBag from /opt/airflow/dags/housekeep.py
[2025-03-09T05:59:51.621+0000] {processor.py:925} INFO - DAG(s) 'housekeeping_job' retrieved from /opt/airflow/dags/housekeep.py
[2025-03-09T05:59:51.643+0000] {logging_mixin.py:190} INFO - [2025-03-09T05:59:51.643+0000] {dag.py:3239} INFO - Sync 1 DAGs
[2025-03-09T05:59:51.666+0000] {logging_mixin.py:190} INFO - [2025-03-09T05:59:51.666+0000] {dag.py:4180} INFO - Setting next_dagrun for housekeeping_job to 2025-03-09 05:50:00+00:00, run_after=2025-03-09 05:55:00+00:00
[2025-03-09T05:59:51.683+0000] {processor.py:208} INFO - Processing /opt/airflow/dags/housekeep.py took 0.086 seconds
[2025-03-09T06:00:22.114+0000] {processor.py:186} INFO - Started process (PID=6451) to work on /opt/airflow/dags/housekeep.py
[2025-03-09T06:00:22.115+0000] {processor.py:914} INFO - Processing file /opt/airflow/dags/housekeep.py for tasks to queue
[2025-03-09T06:00:22.117+0000] {logging_mixin.py:190} INFO - [2025-03-09T06:00:22.117+0000] {dagbag.py:588} INFO - Filling up the DagBag from /opt/airflow/dags/housekeep.py
[2025-03-09T06:00:22.132+0000] {processor.py:925} INFO - DAG(s) 'housekeeping_job' retrieved from /opt/airflow/dags/housekeep.py
[2025-03-09T06:00:22.155+0000] {logging_mixin.py:190} INFO - [2025-03-09T06:00:22.155+0000] {dag.py:3239} INFO - Sync 1 DAGs
[2025-03-09T06:00:22.178+0000] {logging_mixin.py:190} INFO - [2025-03-09T06:00:22.178+0000] {dag.py:4180} INFO - Setting next_dagrun for housekeeping_job to 2025-03-09 05:55:00+00:00, run_after=2025-03-09 06:00:00+00:00
[2025-03-09T06:00:22.201+0000] {processor.py:208} INFO - Processing /opt/airflow/dags/housekeep.py took 0.092 seconds
[2025-03-09T06:00:53.121+0000] {processor.py:186} INFO - Started process (PID=6471) to work on /opt/airflow/dags/housekeep.py
[2025-03-09T06:00:53.122+0000] {processor.py:914} INFO - Processing file /opt/airflow/dags/housekeep.py for tasks to queue
[2025-03-09T06:00:53.124+0000] {logging_mixin.py:190} INFO - [2025-03-09T06:00:53.123+0000] {dagbag.py:588} INFO - Filling up the DagBag from /opt/airflow/dags/housekeep.py
[2025-03-09T06:00:53.139+0000] {processor.py:925} INFO - DAG(s) 'housekeeping_job' retrieved from /opt/airflow/dags/housekeep.py
[2025-03-09T06:00:53.163+0000] {logging_mixin.py:190} INFO - [2025-03-09T06:00:53.163+0000] {dag.py:3239} INFO - Sync 1 DAGs
[2025-03-09T06:00:53.186+0000] {logging_mixin.py:190} INFO - [2025-03-09T06:00:53.186+0000] {dag.py:4180} INFO - Setting next_dagrun for housekeeping_job to 2025-03-09 05:55:00+00:00, run_after=2025-03-09 06:00:00+00:00
[2025-03-09T06:00:53.204+0000] {processor.py:208} INFO - Processing /opt/airflow/dags/housekeep.py took 0.088 seconds
[2025-03-09T06:01:23.279+0000] {processor.py:186} INFO - Started process (PID=6491) to work on /opt/airflow/dags/housekeep.py
[2025-03-09T06:01:23.280+0000] {processor.py:914} INFO - Processing file /opt/airflow/dags/housekeep.py for tasks to queue
[2025-03-09T06:01:23.282+0000] {logging_mixin.py:190} INFO - [2025-03-09T06:01:23.282+0000] {dagbag.py:588} INFO - Filling up the DagBag from /opt/airflow/dags/housekeep.py
[2025-03-09T06:01:23.297+0000] {processor.py:925} INFO - DAG(s) 'housekeeping_job' retrieved from /opt/airflow/dags/housekeep.py
[2025-03-09T06:01:23.322+0000] {logging_mixin.py:190} INFO - [2025-03-09T06:01:23.322+0000] {dag.py:3239} INFO - Sync 1 DAGs
[2025-03-09T06:01:23.346+0000] {logging_mixin.py:190} INFO - [2025-03-09T06:01:23.346+0000] {dag.py:4180} INFO - Setting next_dagrun for housekeeping_job to 2025-03-09 05:55:00+00:00, run_after=2025-03-09 06:00:00+00:00
[2025-03-09T06:01:23.368+0000] {processor.py:208} INFO - Processing /opt/airflow/dags/housekeep.py took 0.094 seconds
[2025-03-09T06:01:54.330+0000] {processor.py:186} INFO - Started process (PID=6511) to work on /opt/airflow/dags/housekeep.py
[2025-03-09T06:01:54.331+0000] {processor.py:914} INFO - Processing file /opt/airflow/dags/housekeep.py for tasks to queue
[2025-03-09T06:01:54.333+0000] {logging_mixin.py:190} INFO - [2025-03-09T06:01:54.333+0000] {dagbag.py:588} INFO - Filling up the DagBag from /opt/airflow/dags/housekeep.py
[2025-03-09T06:01:54.349+0000] {processor.py:925} INFO - DAG(s) 'housekeeping_job' retrieved from /opt/airflow/dags/housekeep.py
[2025-03-09T06:01:54.372+0000] {logging_mixin.py:190} INFO - [2025-03-09T06:01:54.371+0000] {dag.py:3239} INFO - Sync 1 DAGs
[2025-03-09T06:01:54.394+0000] {logging_mixin.py:190} INFO - [2025-03-09T06:01:54.393+0000] {dag.py:4180} INFO - Setting next_dagrun for housekeeping_job to 2025-03-09 05:55:00+00:00, run_after=2025-03-09 06:00:00+00:00
[2025-03-09T06:01:54.411+0000] {processor.py:208} INFO - Processing /opt/airflow/dags/housekeep.py took 0.085 seconds
[2025-03-09T06:02:24.455+0000] {processor.py:186} INFO - Started process (PID=6531) to work on /opt/airflow/dags/housekeep.py
[2025-03-09T06:02:24.456+0000] {processor.py:914} INFO - Processing file /opt/airflow/dags/housekeep.py for tasks to queue
[2025-03-09T06:02:24.458+0000] {logging_mixin.py:190} INFO - [2025-03-09T06:02:24.458+0000] {dagbag.py:588} INFO - Filling up the DagBag from /opt/airflow/dags/housekeep.py
[2025-03-09T06:02:24.474+0000] {processor.py:925} INFO - DAG(s) 'housekeeping_job' retrieved from /opt/airflow/dags/housekeep.py
[2025-03-09T06:02:24.499+0000] {logging_mixin.py:190} INFO - [2025-03-09T06:02:24.499+0000] {dag.py:3239} INFO - Sync 1 DAGs
[2025-03-09T06:02:24.524+0000] {logging_mixin.py:190} INFO - [2025-03-09T06:02:24.524+0000] {dag.py:4180} INFO - Setting next_dagrun for housekeeping_job to 2025-03-09 05:55:00+00:00, run_after=2025-03-09 06:00:00+00:00
[2025-03-09T06:02:24.546+0000] {processor.py:208} INFO - Processing /opt/airflow/dags/housekeep.py took 0.096 seconds
[2025-03-09T06:02:54.592+0000] {processor.py:186} INFO - Started process (PID=6551) to work on /opt/airflow/dags/housekeep.py
[2025-03-09T06:02:54.593+0000] {processor.py:914} INFO - Processing file /opt/airflow/dags/housekeep.py for tasks to queue
[2025-03-09T06:02:54.594+0000] {logging_mixin.py:190} INFO - [2025-03-09T06:02:54.594+0000] {dagbag.py:588} INFO - Filling up the DagBag from /opt/airflow/dags/housekeep.py
[2025-03-09T06:02:54.608+0000] {processor.py:925} INFO - DAG(s) 'housekeeping_job' retrieved from /opt/airflow/dags/housekeep.py
[2025-03-09T06:02:54.629+0000] {logging_mixin.py:190} INFO - [2025-03-09T06:02:54.628+0000] {dag.py:3239} INFO - Sync 1 DAGs
[2025-03-09T06:02:54.650+0000] {logging_mixin.py:190} INFO - [2025-03-09T06:02:54.649+0000] {dag.py:4180} INFO - Setting next_dagrun for housekeeping_job to 2025-03-09 05:55:00+00:00, run_after=2025-03-09 06:00:00+00:00
[2025-03-09T06:02:54.665+0000] {processor.py:208} INFO - Processing /opt/airflow/dags/housekeep.py took 0.077 seconds
[2025-03-09T06:03:24.714+0000] {processor.py:186} INFO - Started process (PID=6571) to work on /opt/airflow/dags/housekeep.py
[2025-03-09T06:03:24.714+0000] {processor.py:914} INFO - Processing file /opt/airflow/dags/housekeep.py for tasks to queue
[2025-03-09T06:03:24.716+0000] {logging_mixin.py:190} INFO - [2025-03-09T06:03:24.716+0000] {dagbag.py:588} INFO - Filling up the DagBag from /opt/airflow/dags/housekeep.py
[2025-03-09T06:03:24.731+0000] {processor.py:925} INFO - DAG(s) 'housekeeping_job' retrieved from /opt/airflow/dags/housekeep.py
[2025-03-09T06:03:24.753+0000] {logging_mixin.py:190} INFO - [2025-03-09T06:03:24.752+0000] {dag.py:3239} INFO - Sync 1 DAGs
[2025-03-09T06:03:24.774+0000] {logging_mixin.py:190} INFO - [2025-03-09T06:03:24.773+0000] {dag.py:4180} INFO - Setting next_dagrun for housekeeping_job to 2025-03-09 05:55:00+00:00, run_after=2025-03-09 06:00:00+00:00
[2025-03-09T06:03:24.790+0000] {processor.py:208} INFO - Processing /opt/airflow/dags/housekeep.py took 0.081 seconds
[2025-03-09T06:03:54.835+0000] {processor.py:186} INFO - Started process (PID=6591) to work on /opt/airflow/dags/housekeep.py
[2025-03-09T06:03:54.836+0000] {processor.py:914} INFO - Processing file /opt/airflow/dags/housekeep.py for tasks to queue
[2025-03-09T06:03:54.838+0000] {logging_mixin.py:190} INFO - [2025-03-09T06:03:54.838+0000] {dagbag.py:588} INFO - Filling up the DagBag from /opt/airflow/dags/housekeep.py
[2025-03-09T06:03:54.853+0000] {processor.py:925} INFO - DAG(s) 'housekeeping_job' retrieved from /opt/airflow/dags/housekeep.py
[2025-03-09T06:03:54.876+0000] {logging_mixin.py:190} INFO - [2025-03-09T06:03:54.875+0000] {dag.py:3239} INFO - Sync 1 DAGs
[2025-03-09T06:03:54.900+0000] {logging_mixin.py:190} INFO - [2025-03-09T06:03:54.900+0000] {dag.py:4180} INFO - Setting next_dagrun for housekeeping_job to 2025-03-09 05:55:00+00:00, run_after=2025-03-09 06:00:00+00:00
[2025-03-09T06:03:54.918+0000] {processor.py:208} INFO - Processing /opt/airflow/dags/housekeep.py took 0.087 seconds
[2025-03-09T06:04:25.833+0000] {processor.py:186} INFO - Started process (PID=6611) to work on /opt/airflow/dags/housekeep.py
[2025-03-09T06:04:25.834+0000] {processor.py:914} INFO - Processing file /opt/airflow/dags/housekeep.py for tasks to queue
[2025-03-09T06:04:25.837+0000] {logging_mixin.py:190} INFO - [2025-03-09T06:04:25.836+0000] {dagbag.py:588} INFO - Filling up the DagBag from /opt/airflow/dags/housekeep.py
[2025-03-09T06:04:25.852+0000] {processor.py:925} INFO - DAG(s) 'housekeeping_job' retrieved from /opt/airflow/dags/housekeep.py
[2025-03-09T06:04:25.876+0000] {logging_mixin.py:190} INFO - [2025-03-09T06:04:25.876+0000] {dag.py:3239} INFO - Sync 1 DAGs
[2025-03-09T06:04:25.900+0000] {logging_mixin.py:190} INFO - [2025-03-09T06:04:25.900+0000] {dag.py:4180} INFO - Setting next_dagrun for housekeeping_job to 2025-03-09 05:55:00+00:00, run_after=2025-03-09 06:00:00+00:00
[2025-03-09T06:04:25.921+0000] {processor.py:208} INFO - Processing /opt/airflow/dags/housekeep.py took 0.093 seconds
[2025-03-09T06:04:56.448+0000] {processor.py:186} INFO - Started process (PID=6644) to work on /opt/airflow/dags/housekeep.py
[2025-03-09T06:04:56.450+0000] {processor.py:914} INFO - Processing file /opt/airflow/dags/housekeep.py for tasks to queue
[2025-03-09T06:04:56.455+0000] {logging_mixin.py:190} INFO - [2025-03-09T06:04:56.455+0000] {dagbag.py:588} INFO - Filling up the DagBag from /opt/airflow/dags/housekeep.py
[2025-03-09T06:04:56.520+0000] {processor.py:925} INFO - DAG(s) 'housekeeping_job' retrieved from /opt/airflow/dags/housekeep.py
[2025-03-09T06:04:56.596+0000] {logging_mixin.py:190} INFO - [2025-03-09T06:04:56.595+0000] {dag.py:3239} INFO - Sync 1 DAGs
[2025-03-09T06:04:56.667+0000] {logging_mixin.py:190} INFO - [2025-03-09T06:04:56.667+0000] {dag.py:4180} INFO - Setting next_dagrun for housekeeping_job to 2025-03-09 05:55:00+00:00, run_after=2025-03-09 06:00:00+00:00
[2025-03-09T06:04:56.737+0000] {processor.py:208} INFO - Processing /opt/airflow/dags/housekeep.py took 0.305 seconds
[2025-03-09T06:05:26.918+0000] {processor.py:186} INFO - Started process (PID=6664) to work on /opt/airflow/dags/housekeep.py
[2025-03-09T06:05:26.930+0000] {processor.py:914} INFO - Processing file /opt/airflow/dags/housekeep.py for tasks to queue
[2025-03-09T06:05:26.934+0000] {logging_mixin.py:190} INFO - [2025-03-09T06:05:26.933+0000] {dagbag.py:588} INFO - Filling up the DagBag from /opt/airflow/dags/housekeep.py
[2025-03-09T06:05:26.951+0000] {processor.py:925} INFO - DAG(s) 'housekeeping_job' retrieved from /opt/airflow/dags/housekeep.py
[2025-03-09T06:05:26.985+0000] {logging_mixin.py:190} INFO - [2025-03-09T06:05:26.985+0000] {dag.py:3239} INFO - Sync 1 DAGs
[2025-03-09T06:05:27.023+0000] {logging_mixin.py:190} INFO - [2025-03-09T06:05:27.023+0000] {dag.py:4180} INFO - Setting next_dagrun for housekeeping_job to 2025-03-09 06:00:00+00:00, run_after=2025-03-09 06:05:00+00:00
[2025-03-09T06:05:27.064+0000] {processor.py:208} INFO - Processing /opt/airflow/dags/housekeep.py took 0.154 seconds
[2025-03-09T06:05:57.586+0000] {processor.py:186} INFO - Started process (PID=6684) to work on /opt/airflow/dags/housekeep.py
[2025-03-09T06:05:57.587+0000] {processor.py:914} INFO - Processing file /opt/airflow/dags/housekeep.py for tasks to queue
[2025-03-09T06:05:57.588+0000] {logging_mixin.py:190} INFO - [2025-03-09T06:05:57.588+0000] {dagbag.py:588} INFO - Filling up the DagBag from /opt/airflow/dags/housekeep.py
[2025-03-09T06:05:57.602+0000] {processor.py:925} INFO - DAG(s) 'housekeeping_job' retrieved from /opt/airflow/dags/housekeep.py
[2025-03-09T06:05:57.622+0000] {logging_mixin.py:190} INFO - [2025-03-09T06:05:57.622+0000] {dag.py:3239} INFO - Sync 1 DAGs
[2025-03-09T06:05:57.643+0000] {logging_mixin.py:190} INFO - [2025-03-09T06:05:57.642+0000] {dag.py:4180} INFO - Setting next_dagrun for housekeeping_job to 2025-03-09 06:00:00+00:00, run_after=2025-03-09 06:05:00+00:00
[2025-03-09T06:05:57.659+0000] {processor.py:208} INFO - Processing /opt/airflow/dags/housekeep.py took 0.077 seconds
[2025-03-09T06:06:28.227+0000] {processor.py:186} INFO - Started process (PID=6704) to work on /opt/airflow/dags/housekeep.py
[2025-03-09T06:06:28.228+0000] {processor.py:914} INFO - Processing file /opt/airflow/dags/housekeep.py for tasks to queue
[2025-03-09T06:06:28.229+0000] {logging_mixin.py:190} INFO - [2025-03-09T06:06:28.229+0000] {dagbag.py:588} INFO - Filling up the DagBag from /opt/airflow/dags/housekeep.py
[2025-03-09T06:06:28.243+0000] {processor.py:925} INFO - DAG(s) 'housekeeping_job' retrieved from /opt/airflow/dags/housekeep.py
[2025-03-09T06:06:28.266+0000] {logging_mixin.py:190} INFO - [2025-03-09T06:06:28.265+0000] {dag.py:3239} INFO - Sync 1 DAGs
[2025-03-09T06:06:28.288+0000] {logging_mixin.py:190} INFO - [2025-03-09T06:06:28.288+0000] {dag.py:4180} INFO - Setting next_dagrun for housekeeping_job to 2025-03-09 06:00:00+00:00, run_after=2025-03-09 06:05:00+00:00
[2025-03-09T06:06:28.305+0000] {processor.py:208} INFO - Processing /opt/airflow/dags/housekeep.py took 0.084 seconds
[2025-03-09T06:06:58.915+0000] {processor.py:186} INFO - Started process (PID=6724) to work on /opt/airflow/dags/housekeep.py
[2025-03-09T06:06:58.915+0000] {processor.py:914} INFO - Processing file /opt/airflow/dags/housekeep.py for tasks to queue
[2025-03-09T06:06:58.917+0000] {logging_mixin.py:190} INFO - [2025-03-09T06:06:58.917+0000] {dagbag.py:588} INFO - Filling up the DagBag from /opt/airflow/dags/housekeep.py
[2025-03-09T06:06:58.931+0000] {processor.py:925} INFO - DAG(s) 'housekeeping_job' retrieved from /opt/airflow/dags/housekeep.py
[2025-03-09T06:06:58.953+0000] {logging_mixin.py:190} INFO - [2025-03-09T06:06:58.953+0000] {dag.py:3239} INFO - Sync 1 DAGs
[2025-03-09T06:06:58.974+0000] {logging_mixin.py:190} INFO - [2025-03-09T06:06:58.974+0000] {dag.py:4180} INFO - Setting next_dagrun for housekeeping_job to 2025-03-09 06:00:00+00:00, run_after=2025-03-09 06:05:00+00:00
[2025-03-09T06:06:58.990+0000] {processor.py:208} INFO - Processing /opt/airflow/dags/housekeep.py took 0.080 seconds
[2025-03-09T06:07:29.542+0000] {processor.py:186} INFO - Started process (PID=6744) to work on /opt/airflow/dags/housekeep.py
[2025-03-09T06:07:29.543+0000] {processor.py:914} INFO - Processing file /opt/airflow/dags/housekeep.py for tasks to queue
[2025-03-09T06:07:29.544+0000] {logging_mixin.py:190} INFO - [2025-03-09T06:07:29.544+0000] {dagbag.py:588} INFO - Filling up the DagBag from /opt/airflow/dags/housekeep.py
[2025-03-09T06:07:29.559+0000] {processor.py:925} INFO - DAG(s) 'housekeeping_job' retrieved from /opt/airflow/dags/housekeep.py
[2025-03-09T06:07:29.580+0000] {logging_mixin.py:190} INFO - [2025-03-09T06:07:29.580+0000] {dag.py:3239} INFO - Sync 1 DAGs
[2025-03-09T06:07:29.601+0000] {logging_mixin.py:190} INFO - [2025-03-09T06:07:29.601+0000] {dag.py:4180} INFO - Setting next_dagrun for housekeeping_job to 2025-03-09 06:00:00+00:00, run_after=2025-03-09 06:05:00+00:00
[2025-03-09T06:07:29.620+0000] {processor.py:208} INFO - Processing /opt/airflow/dags/housekeep.py took 0.083 seconds
[2025-03-09T06:08:00.597+0000] {processor.py:186} INFO - Started process (PID=6764) to work on /opt/airflow/dags/housekeep.py
[2025-03-09T06:08:00.598+0000] {processor.py:914} INFO - Processing file /opt/airflow/dags/housekeep.py for tasks to queue
[2025-03-09T06:08:00.600+0000] {logging_mixin.py:190} INFO - [2025-03-09T06:08:00.600+0000] {dagbag.py:588} INFO - Filling up the DagBag from /opt/airflow/dags/housekeep.py
[2025-03-09T06:08:00.615+0000] {processor.py:925} INFO - DAG(s) 'housekeeping_job' retrieved from /opt/airflow/dags/housekeep.py
[2025-03-09T06:08:00.637+0000] {logging_mixin.py:190} INFO - [2025-03-09T06:08:00.636+0000] {dag.py:3239} INFO - Sync 1 DAGs
[2025-03-09T06:08:00.660+0000] {logging_mixin.py:190} INFO - [2025-03-09T06:08:00.659+0000] {dag.py:4180} INFO - Setting next_dagrun for housekeeping_job to 2025-03-09 06:00:00+00:00, run_after=2025-03-09 06:05:00+00:00
[2025-03-09T06:08:00.676+0000] {processor.py:208} INFO - Processing /opt/airflow/dags/housekeep.py took 0.083 seconds
[2025-03-09T06:08:31.553+0000] {processor.py:186} INFO - Started process (PID=6784) to work on /opt/airflow/dags/housekeep.py
[2025-03-09T06:08:31.554+0000] {processor.py:914} INFO - Processing file /opt/airflow/dags/housekeep.py for tasks to queue
[2025-03-09T06:08:31.556+0000] {logging_mixin.py:190} INFO - [2025-03-09T06:08:31.556+0000] {dagbag.py:588} INFO - Filling up the DagBag from /opt/airflow/dags/housekeep.py
[2025-03-09T06:08:31.570+0000] {processor.py:925} INFO - DAG(s) 'housekeeping_job' retrieved from /opt/airflow/dags/housekeep.py
[2025-03-09T06:08:31.593+0000] {logging_mixin.py:190} INFO - [2025-03-09T06:08:31.593+0000] {dag.py:3239} INFO - Sync 1 DAGs
[2025-03-09T06:08:31.617+0000] {logging_mixin.py:190} INFO - [2025-03-09T06:08:31.616+0000] {dag.py:4180} INFO - Setting next_dagrun for housekeeping_job to 2025-03-09 06:00:00+00:00, run_after=2025-03-09 06:05:00+00:00
[2025-03-09T06:08:31.637+0000] {processor.py:208} INFO - Processing /opt/airflow/dags/housekeep.py took 0.089 seconds
[2025-03-09T06:09:02.264+0000] {processor.py:186} INFO - Started process (PID=6804) to work on /opt/airflow/dags/housekeep.py
[2025-03-09T06:09:02.265+0000] {processor.py:914} INFO - Processing file /opt/airflow/dags/housekeep.py for tasks to queue
[2025-03-09T06:09:02.267+0000] {logging_mixin.py:190} INFO - [2025-03-09T06:09:02.267+0000] {dagbag.py:588} INFO - Filling up the DagBag from /opt/airflow/dags/housekeep.py
[2025-03-09T06:09:02.284+0000] {processor.py:925} INFO - DAG(s) 'housekeeping_job' retrieved from /opt/airflow/dags/housekeep.py
[2025-03-09T06:09:02.310+0000] {logging_mixin.py:190} INFO - [2025-03-09T06:09:02.310+0000] {dag.py:3239} INFO - Sync 1 DAGs
[2025-03-09T06:09:02.335+0000] {logging_mixin.py:190} INFO - [2025-03-09T06:09:02.334+0000] {dag.py:4180} INFO - Setting next_dagrun for housekeeping_job to 2025-03-09 06:00:00+00:00, run_after=2025-03-09 06:05:00+00:00
[2025-03-09T06:09:02.355+0000] {processor.py:208} INFO - Processing /opt/airflow/dags/housekeep.py took 0.097 seconds
[2025-03-09T06:09:34.041+0000] {processor.py:186} INFO - Started process (PID=6824) to work on /opt/airflow/dags/housekeep.py
[2025-03-09T06:09:34.042+0000] {processor.py:914} INFO - Processing file /opt/airflow/dags/housekeep.py for tasks to queue
[2025-03-09T06:09:34.043+0000] {logging_mixin.py:190} INFO - [2025-03-09T06:09:34.043+0000] {dagbag.py:588} INFO - Filling up the DagBag from /opt/airflow/dags/housekeep.py
[2025-03-09T06:09:34.058+0000] {processor.py:925} INFO - DAG(s) 'housekeeping_job' retrieved from /opt/airflow/dags/housekeep.py
[2025-03-09T06:09:34.081+0000] {logging_mixin.py:190} INFO - [2025-03-09T06:09:34.080+0000] {dag.py:3239} INFO - Sync 1 DAGs
[2025-03-09T06:09:34.102+0000] {logging_mixin.py:190} INFO - [2025-03-09T06:09:34.102+0000] {dag.py:4180} INFO - Setting next_dagrun for housekeeping_job to 2025-03-09 06:00:00+00:00, run_after=2025-03-09 06:05:00+00:00
[2025-03-09T06:09:34.118+0000] {processor.py:208} INFO - Processing /opt/airflow/dags/housekeep.py took 0.083 seconds
[2025-03-09T06:10:05.942+0000] {processor.py:186} INFO - Started process (PID=6844) to work on /opt/airflow/dags/housekeep.py
[2025-03-09T06:10:05.943+0000] {processor.py:914} INFO - Processing file /opt/airflow/dags/housekeep.py for tasks to queue
[2025-03-09T06:10:05.946+0000] {logging_mixin.py:190} INFO - [2025-03-09T06:10:05.946+0000] {dagbag.py:588} INFO - Filling up the DagBag from /opt/airflow/dags/housekeep.py
[2025-03-09T06:10:05.960+0000] {processor.py:925} INFO - DAG(s) 'housekeeping_job' retrieved from /opt/airflow/dags/housekeep.py
[2025-03-09T06:10:05.982+0000] {logging_mixin.py:190} INFO - [2025-03-09T06:10:05.981+0000] {dag.py:3239} INFO - Sync 1 DAGs
[2025-03-09T06:10:06.003+0000] {logging_mixin.py:190} INFO - [2025-03-09T06:10:06.003+0000] {dag.py:4180} INFO - Setting next_dagrun for housekeeping_job to 2025-03-09 06:05:00+00:00, run_after=2025-03-09 06:10:00+00:00
[2025-03-09T06:10:06.019+0000] {processor.py:208} INFO - Processing /opt/airflow/dags/housekeep.py took 0.082 seconds
[2025-03-09T06:10:38.879+0000] {processor.py:186} INFO - Started process (PID=6864) to work on /opt/airflow/dags/housekeep.py
[2025-03-09T06:10:38.880+0000] {processor.py:914} INFO - Processing file /opt/airflow/dags/housekeep.py for tasks to queue
[2025-03-09T06:10:38.882+0000] {logging_mixin.py:190} INFO - [2025-03-09T06:10:38.881+0000] {dagbag.py:588} INFO - Filling up the DagBag from /opt/airflow/dags/housekeep.py
[2025-03-09T06:10:38.896+0000] {processor.py:925} INFO - DAG(s) 'housekeeping_job' retrieved from /opt/airflow/dags/housekeep.py
[2025-03-09T06:10:38.919+0000] {logging_mixin.py:190} INFO - [2025-03-09T06:10:38.919+0000] {dag.py:3239} INFO - Sync 1 DAGs
[2025-03-09T06:10:38.941+0000] {logging_mixin.py:190} INFO - [2025-03-09T06:10:38.941+0000] {dag.py:4180} INFO - Setting next_dagrun for housekeeping_job to 2025-03-09 06:05:00+00:00, run_after=2025-03-09 06:10:00+00:00
[2025-03-09T06:10:38.961+0000] {processor.py:208} INFO - Processing /opt/airflow/dags/housekeep.py took 0.087 seconds
[2025-03-09T06:11:10.741+0000] {processor.py:186} INFO - Started process (PID=6884) to work on /opt/airflow/dags/housekeep.py
[2025-03-09T06:11:10.742+0000] {processor.py:914} INFO - Processing file /opt/airflow/dags/housekeep.py for tasks to queue
[2025-03-09T06:11:10.744+0000] {logging_mixin.py:190} INFO - [2025-03-09T06:11:10.743+0000] {dagbag.py:588} INFO - Filling up the DagBag from /opt/airflow/dags/housekeep.py
[2025-03-09T06:11:10.757+0000] {processor.py:925} INFO - DAG(s) 'housekeeping_job' retrieved from /opt/airflow/dags/housekeep.py
[2025-03-09T06:11:10.780+0000] {logging_mixin.py:190} INFO - [2025-03-09T06:11:10.779+0000] {dag.py:3239} INFO - Sync 1 DAGs
[2025-03-09T06:11:10.802+0000] {logging_mixin.py:190} INFO - [2025-03-09T06:11:10.802+0000] {dag.py:4180} INFO - Setting next_dagrun for housekeeping_job to 2025-03-09 06:05:00+00:00, run_after=2025-03-09 06:10:00+00:00
[2025-03-09T06:11:10.819+0000] {processor.py:208} INFO - Processing /opt/airflow/dags/housekeep.py took 0.083 seconds
[2025-03-09T06:11:43.527+0000] {processor.py:186} INFO - Started process (PID=6904) to work on /opt/airflow/dags/housekeep.py
[2025-03-09T06:11:43.528+0000] {processor.py:914} INFO - Processing file /opt/airflow/dags/housekeep.py for tasks to queue
[2025-03-09T06:11:43.530+0000] {logging_mixin.py:190} INFO - [2025-03-09T06:11:43.529+0000] {dagbag.py:588} INFO - Filling up the DagBag from /opt/airflow/dags/housekeep.py
[2025-03-09T06:11:43.545+0000] {processor.py:925} INFO - DAG(s) 'housekeeping_job' retrieved from /opt/airflow/dags/housekeep.py
[2025-03-09T06:11:43.569+0000] {logging_mixin.py:190} INFO - [2025-03-09T06:11:43.569+0000] {dag.py:3239} INFO - Sync 1 DAGs
[2025-03-09T06:11:43.592+0000] {logging_mixin.py:190} INFO - [2025-03-09T06:11:43.592+0000] {dag.py:4180} INFO - Setting next_dagrun for housekeeping_job to 2025-03-09 06:05:00+00:00, run_after=2025-03-09 06:10:00+00:00
[2025-03-09T06:11:43.608+0000] {processor.py:208} INFO - Processing /opt/airflow/dags/housekeep.py took 0.085 seconds
[2025-03-09T06:12:15.507+0000] {processor.py:186} INFO - Started process (PID=6924) to work on /opt/airflow/dags/housekeep.py
[2025-03-09T06:12:15.508+0000] {processor.py:914} INFO - Processing file /opt/airflow/dags/housekeep.py for tasks to queue
[2025-03-09T06:12:15.509+0000] {logging_mixin.py:190} INFO - [2025-03-09T06:12:15.509+0000] {dagbag.py:588} INFO - Filling up the DagBag from /opt/airflow/dags/housekeep.py
[2025-03-09T06:12:15.525+0000] {processor.py:925} INFO - DAG(s) 'housekeeping_job' retrieved from /opt/airflow/dags/housekeep.py
[2025-03-09T06:12:15.549+0000] {logging_mixin.py:190} INFO - [2025-03-09T06:12:15.549+0000] {dag.py:3239} INFO - Sync 1 DAGs
[2025-03-09T06:12:15.572+0000] {logging_mixin.py:190} INFO - [2025-03-09T06:12:15.572+0000] {dag.py:4180} INFO - Setting next_dagrun for housekeeping_job to 2025-03-09 06:05:00+00:00, run_after=2025-03-09 06:10:00+00:00
[2025-03-09T06:12:15.591+0000] {processor.py:208} INFO - Processing /opt/airflow/dags/housekeep.py took 0.089 seconds
[2025-03-09T06:12:46.214+0000] {processor.py:186} INFO - Started process (PID=6982) to work on /opt/airflow/dags/housekeep.py
[2025-03-09T06:12:46.216+0000] {processor.py:914} INFO - Processing file /opt/airflow/dags/housekeep.py for tasks to queue
[2025-03-09T06:12:46.219+0000] {logging_mixin.py:190} INFO - [2025-03-09T06:12:46.218+0000] {dagbag.py:588} INFO - Filling up the DagBag from /opt/airflow/dags/housekeep.py
[2025-03-09T06:12:46.245+0000] {processor.py:925} INFO - DAG(s) 'housekeeping_job' retrieved from /opt/airflow/dags/housekeep.py
[2025-03-09T06:12:46.287+0000] {logging_mixin.py:190} INFO - [2025-03-09T06:12:46.286+0000] {dag.py:3239} INFO - Sync 1 DAGs
[2025-03-09T06:12:46.327+0000] {logging_mixin.py:190} INFO - [2025-03-09T06:12:46.327+0000] {dag.py:4180} INFO - Setting next_dagrun for housekeeping_job to 2025-03-09 06:05:00+00:00, run_after=2025-03-09 06:10:00+00:00
[2025-03-09T06:12:46.362+0000] {processor.py:208} INFO - Processing /opt/airflow/dags/housekeep.py took 0.157 seconds
[2025-03-09T06:13:18.686+0000] {processor.py:186} INFO - Started process (PID=7004) to work on /opt/airflow/dags/housekeep.py
[2025-03-09T06:13:18.696+0000] {processor.py:914} INFO - Processing file /opt/airflow/dags/housekeep.py for tasks to queue
[2025-03-09T06:13:18.701+0000] {logging_mixin.py:190} INFO - [2025-03-09T06:13:18.701+0000] {dagbag.py:588} INFO - Filling up the DagBag from /opt/airflow/dags/housekeep.py
[2025-03-09T06:13:18.733+0000] {processor.py:925} INFO - DAG(s) 'housekeeping_job' retrieved from /opt/airflow/dags/housekeep.py
[2025-03-09T06:13:20.402+0000] {logging_mixin.py:190} INFO - [2025-03-09T06:13:20.402+0000] {dag.py:3239} INFO - Sync 1 DAGs
[2025-03-09T06:13:20.433+0000] {logging_mixin.py:190} INFO - [2025-03-09T06:13:20.433+0000] {dag.py:4180} INFO - Setting next_dagrun for housekeeping_job to 2025-03-09 06:05:00+00:00, run_after=2025-03-09 06:10:00+00:00
[2025-03-09T06:13:20.461+0000] {processor.py:208} INFO - Processing /opt/airflow/dags/housekeep.py took 0.153 seconds
[2025-03-09T06:13:54.210+0000] {processor.py:186} INFO - Started process (PID=7024) to work on /opt/airflow/dags/housekeep.py
[2025-03-09T06:13:54.263+0000] {processor.py:914} INFO - Processing file /opt/airflow/dags/housekeep.py for tasks to queue
[2025-03-09T06:13:54.266+0000] {logging_mixin.py:190} INFO - [2025-03-09T06:13:54.266+0000] {dagbag.py:588} INFO - Filling up the DagBag from /opt/airflow/dags/housekeep.py
[2025-03-09T06:13:54.309+0000] {processor.py:925} INFO - DAG(s) 'housekeeping_job' retrieved from /opt/airflow/dags/housekeep.py
[2025-03-09T06:13:54.338+0000] {logging_mixin.py:190} INFO - [2025-03-09T06:13:54.338+0000] {dag.py:3239} INFO - Sync 1 DAGs
[2025-03-09T06:13:54.368+0000] {logging_mixin.py:190} INFO - [2025-03-09T06:13:54.368+0000] {dag.py:4180} INFO - Setting next_dagrun for housekeeping_job to 2025-03-09 06:05:00+00:00, run_after=2025-03-09 06:10:00+00:00
[2025-03-09T06:13:54.398+0000] {processor.py:208} INFO - Processing /opt/airflow/dags/housekeep.py took 0.199 seconds
[2025-03-09T06:15:17.492+0000] {processor.py:186} INFO - Started process (PID=7041) to work on /opt/airflow/dags/housekeep.py
[2025-03-09T06:15:17.616+0000] {processor.py:914} INFO - Processing file /opt/airflow/dags/housekeep.py for tasks to queue
[2025-03-09T06:15:17.620+0000] {logging_mixin.py:190} INFO - [2025-03-09T06:15:17.619+0000] {dagbag.py:588} INFO - Filling up the DagBag from /opt/airflow/dags/housekeep.py
[2025-03-09T06:15:17.673+0000] {processor.py:925} INFO - DAG(s) 'housekeeping_job' retrieved from /opt/airflow/dags/housekeep.py
[2025-03-09T06:15:17.708+0000] {logging_mixin.py:190} INFO - [2025-03-09T06:15:17.708+0000] {dag.py:3239} INFO - Sync 1 DAGs
[2025-03-09T06:15:17.808+0000] {logging_mixin.py:190} INFO - [2025-03-09T06:15:17.807+0000] {dag.py:4180} INFO - Setting next_dagrun for housekeeping_job to 2025-03-09 06:10:00+00:00, run_after=2025-03-09 06:15:00+00:00
[2025-03-09T06:15:17.834+0000] {processor.py:208} INFO - Processing /opt/airflow/dags/housekeep.py took 1.782 seconds
[2025-03-09T06:15:48.338+0000] {processor.py:186} INFO - Started process (PID=7061) to work on /opt/airflow/dags/housekeep.py
[2025-03-09T06:15:48.341+0000] {processor.py:914} INFO - Processing file /opt/airflow/dags/housekeep.py for tasks to queue
[2025-03-09T06:15:48.346+0000] {logging_mixin.py:190} INFO - [2025-03-09T06:15:48.346+0000] {dagbag.py:588} INFO - Filling up the DagBag from /opt/airflow/dags/housekeep.py
[2025-03-09T06:15:48.548+0000] {processor.py:925} INFO - DAG(s) 'housekeeping_job' retrieved from /opt/airflow/dags/housekeep.py
[2025-03-09T06:15:48.591+0000] {logging_mixin.py:190} INFO - [2025-03-09T06:15:48.590+0000] {dag.py:3239} INFO - Sync 1 DAGs
[2025-03-09T06:15:48.629+0000] {logging_mixin.py:190} INFO - [2025-03-09T06:15:48.629+0000] {dag.py:4180} INFO - Setting next_dagrun for housekeeping_job to 2025-03-09 06:10:00+00:00, run_after=2025-03-09 06:15:00+00:00
[2025-03-09T06:15:48.663+0000] {processor.py:208} INFO - Processing /opt/airflow/dags/housekeep.py took 0.332 seconds
[2025-03-09T06:16:19.115+0000] {processor.py:186} INFO - Started process (PID=7081) to work on /opt/airflow/dags/housekeep.py
[2025-03-09T06:16:19.125+0000] {processor.py:914} INFO - Processing file /opt/airflow/dags/housekeep.py for tasks to queue
[2025-03-09T06:16:19.128+0000] {logging_mixin.py:190} INFO - [2025-03-09T06:16:19.128+0000] {dagbag.py:588} INFO - Filling up the DagBag from /opt/airflow/dags/housekeep.py
[2025-03-09T06:16:19.155+0000] {processor.py:925} INFO - DAG(s) 'housekeeping_job' retrieved from /opt/airflow/dags/housekeep.py
[2025-03-09T06:16:19.191+0000] {logging_mixin.py:190} INFO - [2025-03-09T06:16:19.190+0000] {dag.py:3239} INFO - Sync 1 DAGs
[2025-03-09T06:16:19.219+0000] {logging_mixin.py:190} INFO - [2025-03-09T06:16:19.219+0000] {dag.py:4180} INFO - Setting next_dagrun for housekeeping_job to 2025-03-09 06:10:00+00:00, run_after=2025-03-09 06:15:00+00:00
[2025-03-09T06:16:19.247+0000] {processor.py:208} INFO - Processing /opt/airflow/dags/housekeep.py took 0.139 seconds
[2025-03-09T06:16:49.514+0000] {processor.py:186} INFO - Started process (PID=7101) to work on /opt/airflow/dags/housekeep.py
[2025-03-09T06:16:49.573+0000] {processor.py:914} INFO - Processing file /opt/airflow/dags/housekeep.py for tasks to queue
[2025-03-09T06:16:49.576+0000] {logging_mixin.py:190} INFO - [2025-03-09T06:16:49.576+0000] {dagbag.py:588} INFO - Filling up the DagBag from /opt/airflow/dags/housekeep.py
[2025-03-09T06:16:49.748+0000] {processor.py:925} INFO - DAG(s) 'housekeeping_job' retrieved from /opt/airflow/dags/housekeep.py
[2025-03-09T06:16:49.770+0000] {logging_mixin.py:190} INFO - [2025-03-09T06:16:49.770+0000] {dag.py:3239} INFO - Sync 1 DAGs
[2025-03-09T06:16:49.792+0000] {logging_mixin.py:190} INFO - [2025-03-09T06:16:49.791+0000] {dag.py:4180} INFO - Setting next_dagrun for housekeeping_job to 2025-03-09 06:10:00+00:00, run_after=2025-03-09 06:15:00+00:00
[2025-03-09T06:16:49.819+0000] {processor.py:208} INFO - Processing /opt/airflow/dags/housekeep.py took 0.309 seconds
[2025-03-09T06:17:20.479+0000] {processor.py:186} INFO - Started process (PID=7121) to work on /opt/airflow/dags/housekeep.py
[2025-03-09T06:17:20.745+0000] {processor.py:914} INFO - Processing file /opt/airflow/dags/housekeep.py for tasks to queue
[2025-03-09T06:17:20.747+0000] {logging_mixin.py:190} INFO - [2025-03-09T06:17:20.747+0000] {dagbag.py:588} INFO - Filling up the DagBag from /opt/airflow/dags/housekeep.py
[2025-03-09T06:17:20.777+0000] {processor.py:925} INFO - DAG(s) 'housekeeping_job' retrieved from /opt/airflow/dags/housekeep.py
[2025-03-09T06:17:20.815+0000] {logging_mixin.py:190} INFO - [2025-03-09T06:17:20.815+0000] {dag.py:3239} INFO - Sync 1 DAGs
[2025-03-09T06:17:20.843+0000] {logging_mixin.py:190} INFO - [2025-03-09T06:17:20.843+0000] {dag.py:4180} INFO - Setting next_dagrun for housekeeping_job to 2025-03-09 06:10:00+00:00, run_after=2025-03-09 06:15:00+00:00
[2025-03-09T06:17:20.873+0000] {processor.py:208} INFO - Processing /opt/airflow/dags/housekeep.py took 0.401 seconds
[2025-03-09T06:17:51.316+0000] {processor.py:186} INFO - Started process (PID=7141) to work on /opt/airflow/dags/housekeep.py
[2025-03-09T06:17:51.353+0000] {processor.py:914} INFO - Processing file /opt/airflow/dags/housekeep.py for tasks to queue
[2025-03-09T06:17:51.357+0000] {logging_mixin.py:190} INFO - [2025-03-09T06:17:51.356+0000] {dagbag.py:588} INFO - Filling up the DagBag from /opt/airflow/dags/housekeep.py
[2025-03-09T06:17:51.393+0000] {processor.py:925} INFO - DAG(s) 'housekeeping_job' retrieved from /opt/airflow/dags/housekeep.py
[2025-03-09T06:17:51.439+0000] {logging_mixin.py:190} INFO - [2025-03-09T06:17:51.439+0000] {dag.py:3239} INFO - Sync 1 DAGs
[2025-03-09T06:17:51.466+0000] {logging_mixin.py:190} INFO - [2025-03-09T06:17:51.466+0000] {dag.py:4180} INFO - Setting next_dagrun for housekeeping_job to 2025-03-09 06:10:00+00:00, run_after=2025-03-09 06:15:00+00:00
[2025-03-09T06:17:51.503+0000] {processor.py:208} INFO - Processing /opt/airflow/dags/housekeep.py took 0.197 seconds
[2025-03-09T06:18:21.875+0000] {processor.py:186} INFO - Started process (PID=7161) to work on /opt/airflow/dags/housekeep.py
[2025-03-09T06:18:21.883+0000] {processor.py:914} INFO - Processing file /opt/airflow/dags/housekeep.py for tasks to queue
[2025-03-09T06:18:21.886+0000] {logging_mixin.py:190} INFO - [2025-03-09T06:18:21.886+0000] {dagbag.py:588} INFO - Filling up the DagBag from /opt/airflow/dags/housekeep.py
[2025-03-09T06:18:21.931+0000] {processor.py:925} INFO - DAG(s) 'housekeeping_job' retrieved from /opt/airflow/dags/housekeep.py
[2025-03-09T06:18:21.966+0000] {logging_mixin.py:190} INFO - [2025-03-09T06:18:21.965+0000] {dag.py:3239} INFO - Sync 1 DAGs
[2025-03-09T06:18:22.011+0000] {logging_mixin.py:190} INFO - [2025-03-09T06:18:22.011+0000] {dag.py:4180} INFO - Setting next_dagrun for housekeeping_job to 2025-03-09 06:10:00+00:00, run_after=2025-03-09 06:15:00+00:00
[2025-03-09T06:18:22.054+0000] {processor.py:208} INFO - Processing /opt/airflow/dags/housekeep.py took 0.184 seconds
[2025-03-09T06:18:52.716+0000] {processor.py:186} INFO - Started process (PID=7181) to work on /opt/airflow/dags/housekeep.py
[2025-03-09T06:18:52.780+0000] {processor.py:914} INFO - Processing file /opt/airflow/dags/housekeep.py for tasks to queue
[2025-03-09T06:18:52.783+0000] {logging_mixin.py:190} INFO - [2025-03-09T06:18:52.782+0000] {dagbag.py:588} INFO - Filling up the DagBag from /opt/airflow/dags/housekeep.py
[2025-03-09T06:18:52.806+0000] {processor.py:925} INFO - DAG(s) 'housekeeping_job' retrieved from /opt/airflow/dags/housekeep.py
[2025-03-09T06:18:58.069+0000] {logging_mixin.py:190} INFO - [2025-03-09T06:18:58.069+0000] {dag.py:3239} INFO - Sync 1 DAGs
[2025-03-09T06:19:01.135+0000] {logging_mixin.py:190} INFO - [2025-03-09T06:19:01.135+0000] {dag.py:4180} INFO - Setting next_dagrun for housekeeping_job to 2025-03-09 06:10:00+00:00, run_after=2025-03-09 06:15:00+00:00
[2025-03-09T06:19:01.280+0000] {processor.py:208} INFO - Processing /opt/airflow/dags/housekeep.py took 8.574 seconds
[2025-03-09T06:19:31.558+0000] {processor.py:186} INFO - Started process (PID=7202) to work on /opt/airflow/dags/housekeep.py
[2025-03-09T06:19:31.574+0000] {processor.py:914} INFO - Processing file /opt/airflow/dags/housekeep.py for tasks to queue
[2025-03-09T06:19:31.577+0000] {logging_mixin.py:190} INFO - [2025-03-09T06:19:31.577+0000] {dagbag.py:588} INFO - Filling up the DagBag from /opt/airflow/dags/housekeep.py
[2025-03-09T06:19:31.642+0000] {processor.py:925} INFO - DAG(s) 'housekeeping_job' retrieved from /opt/airflow/dags/housekeep.py
[2025-03-09T06:19:31.679+0000] {logging_mixin.py:190} INFO - [2025-03-09T06:19:31.678+0000] {dag.py:3239} INFO - Sync 1 DAGs
[2025-03-09T06:19:31.800+0000] {logging_mixin.py:190} INFO - [2025-03-09T06:19:31.799+0000] {dag.py:4180} INFO - Setting next_dagrun for housekeeping_job to 2025-03-09 06:10:00+00:00, run_after=2025-03-09 06:15:00+00:00
[2025-03-09T06:19:31.827+0000] {processor.py:208} INFO - Processing /opt/airflow/dags/housekeep.py took 0.276 seconds
[2025-03-09T06:20:02.920+0000] {processor.py:186} INFO - Started process (PID=7222) to work on /opt/airflow/dags/housekeep.py
[2025-03-09T06:20:03.013+0000] {processor.py:914} INFO - Processing file /opt/airflow/dags/housekeep.py for tasks to queue
[2025-03-09T06:20:03.016+0000] {logging_mixin.py:190} INFO - [2025-03-09T06:20:03.015+0000] {dagbag.py:588} INFO - Filling up the DagBag from /opt/airflow/dags/housekeep.py
[2025-03-09T06:20:03.576+0000] {processor.py:925} INFO - DAG(s) 'housekeeping_job' retrieved from /opt/airflow/dags/housekeep.py
[2025-03-09T06:20:03.603+0000] {logging_mixin.py:190} INFO - [2025-03-09T06:20:03.603+0000] {dag.py:3239} INFO - Sync 1 DAGs
[2025-03-09T06:20:03.630+0000] {logging_mixin.py:190} INFO - [2025-03-09T06:20:03.630+0000] {dag.py:4180} INFO - Setting next_dagrun for housekeeping_job to 2025-03-09 06:15:00+00:00, run_after=2025-03-09 06:20:00+00:00
[2025-03-09T06:20:03.649+0000] {processor.py:208} INFO - Processing /opt/airflow/dags/housekeep.py took 0.734 seconds
[2025-03-09T06:21:15.293+0000] {processor.py:186} INFO - Started process (PID=7249) to work on /opt/airflow/dags/housekeep.py
[2025-03-09T06:21:15.295+0000] {processor.py:914} INFO - Processing file /opt/airflow/dags/housekeep.py for tasks to queue
[2025-03-09T06:21:15.298+0000] {logging_mixin.py:190} INFO - [2025-03-09T06:21:15.298+0000] {dagbag.py:588} INFO - Filling up the DagBag from /opt/airflow/dags/housekeep.py
[2025-03-09T06:21:15.325+0000] {processor.py:925} INFO - DAG(s) 'housekeeping_job' retrieved from /opt/airflow/dags/housekeep.py
[2025-03-09T06:21:15.368+0000] {logging_mixin.py:190} INFO - [2025-03-09T06:21:15.368+0000] {dag.py:3239} INFO - Sync 1 DAGs
[2025-03-09T06:21:15.410+0000] {logging_mixin.py:190} INFO - [2025-03-09T06:21:15.410+0000] {dag.py:4180} INFO - Setting next_dagrun for housekeeping_job to 2025-03-09 06:15:00+00:00, run_after=2025-03-09 06:20:00+00:00
[2025-03-09T06:21:15.436+0000] {processor.py:208} INFO - Processing /opt/airflow/dags/housekeep.py took 0.153 seconds
[2025-03-09T06:21:46.600+0000] {processor.py:186} INFO - Started process (PID=7269) to work on /opt/airflow/dags/housekeep.py
[2025-03-09T06:21:46.606+0000] {processor.py:914} INFO - Processing file /opt/airflow/dags/housekeep.py for tasks to queue
[2025-03-09T06:21:46.609+0000] {logging_mixin.py:190} INFO - [2025-03-09T06:21:46.609+0000] {dagbag.py:588} INFO - Filling up the DagBag from /opt/airflow/dags/housekeep.py
[2025-03-09T06:21:46.629+0000] {processor.py:925} INFO - DAG(s) 'housekeeping_job' retrieved from /opt/airflow/dags/housekeep.py
[2025-03-09T06:21:46.661+0000] {logging_mixin.py:190} INFO - [2025-03-09T06:21:46.661+0000] {dag.py:3239} INFO - Sync 1 DAGs
[2025-03-09T06:21:46.691+0000] {logging_mixin.py:190} INFO - [2025-03-09T06:21:46.691+0000] {dag.py:4180} INFO - Setting next_dagrun for housekeeping_job to 2025-03-09 06:15:00+00:00, run_after=2025-03-09 06:20:00+00:00
[2025-03-09T06:21:46.719+0000] {processor.py:208} INFO - Processing /opt/airflow/dags/housekeep.py took 0.126 seconds
[2025-03-09T06:22:17.008+0000] {processor.py:186} INFO - Started process (PID=7289) to work on /opt/airflow/dags/housekeep.py
[2025-03-09T06:22:17.010+0000] {processor.py:914} INFO - Processing file /opt/airflow/dags/housekeep.py for tasks to queue
[2025-03-09T06:22:17.012+0000] {logging_mixin.py:190} INFO - [2025-03-09T06:22:17.011+0000] {dagbag.py:588} INFO - Filling up the DagBag from /opt/airflow/dags/housekeep.py
[2025-03-09T06:22:17.038+0000] {processor.py:925} INFO - DAG(s) 'housekeeping_job' retrieved from /opt/airflow/dags/housekeep.py
[2025-03-09T06:22:17.065+0000] {logging_mixin.py:190} INFO - [2025-03-09T06:22:17.064+0000] {dag.py:3239} INFO - Sync 1 DAGs
[2025-03-09T06:22:17.099+0000] {logging_mixin.py:190} INFO - [2025-03-09T06:22:17.099+0000] {dag.py:4180} INFO - Setting next_dagrun for housekeeping_job to 2025-03-09 06:15:00+00:00, run_after=2025-03-09 06:20:00+00:00
[2025-03-09T06:22:17.128+0000] {processor.py:208} INFO - Processing /opt/airflow/dags/housekeep.py took 0.126 seconds
[2025-03-09T06:22:47.939+0000] {processor.py:186} INFO - Started process (PID=7307) to work on /opt/airflow/dags/housekeep.py
[2025-03-09T06:22:47.953+0000] {processor.py:914} INFO - Processing file /opt/airflow/dags/housekeep.py for tasks to queue
[2025-03-09T06:22:47.956+0000] {logging_mixin.py:190} INFO - [2025-03-09T06:22:47.955+0000] {dagbag.py:588} INFO - Filling up the DagBag from /opt/airflow/dags/housekeep.py
[2025-03-09T06:22:47.997+0000] {processor.py:925} INFO - DAG(s) 'housekeeping_job' retrieved from /opt/airflow/dags/housekeep.py
[2025-03-09T06:22:48.024+0000] {logging_mixin.py:190} INFO - [2025-03-09T06:22:48.023+0000] {dag.py:3239} INFO - Sync 1 DAGs
[2025-03-09T06:22:48.055+0000] {logging_mixin.py:190} INFO - [2025-03-09T06:22:48.055+0000] {dag.py:4180} INFO - Setting next_dagrun for housekeeping_job to 2025-03-09 06:15:00+00:00, run_after=2025-03-09 06:20:00+00:00
[2025-03-09T06:22:48.082+0000] {processor.py:208} INFO - Processing /opt/airflow/dags/housekeep.py took 0.151 seconds
[2025-03-09T06:23:18.878+0000] {processor.py:186} INFO - Started process (PID=7329) to work on /opt/airflow/dags/housekeep.py
[2025-03-09T06:23:18.941+0000] {processor.py:914} INFO - Processing file /opt/airflow/dags/housekeep.py for tasks to queue
[2025-03-09T06:23:18.943+0000] {logging_mixin.py:190} INFO - [2025-03-09T06:23:18.943+0000] {dagbag.py:588} INFO - Filling up the DagBag from /opt/airflow/dags/housekeep.py
[2025-03-09T06:23:18.977+0000] {processor.py:925} INFO - DAG(s) 'housekeeping_job' retrieved from /opt/airflow/dags/housekeep.py
[2025-03-09T06:23:19.012+0000] {logging_mixin.py:190} INFO - [2025-03-09T06:23:19.011+0000] {dag.py:3239} INFO - Sync 1 DAGs
[2025-03-09T06:23:19.040+0000] {logging_mixin.py:190} INFO - [2025-03-09T06:23:19.040+0000] {dag.py:4180} INFO - Setting next_dagrun for housekeeping_job to 2025-03-09 06:15:00+00:00, run_after=2025-03-09 06:20:00+00:00
[2025-03-09T06:23:19.065+0000] {processor.py:208} INFO - Processing /opt/airflow/dags/housekeep.py took 0.193 seconds
[2025-03-09T06:23:49.466+0000] {processor.py:186} INFO - Started process (PID=7347) to work on /opt/airflow/dags/housekeep.py
[2025-03-09T06:23:49.495+0000] {processor.py:914} INFO - Processing file /opt/airflow/dags/housekeep.py for tasks to queue
[2025-03-09T06:23:49.498+0000] {logging_mixin.py:190} INFO - [2025-03-09T06:23:49.497+0000] {dagbag.py:588} INFO - Filling up the DagBag from /opt/airflow/dags/housekeep.py
[2025-03-09T06:23:49.554+0000] {processor.py:925} INFO - DAG(s) 'housekeeping_job' retrieved from /opt/airflow/dags/housekeep.py
[2025-03-09T06:23:49.584+0000] {logging_mixin.py:190} INFO - [2025-03-09T06:23:49.584+0000] {dag.py:3239} INFO - Sync 1 DAGs
[2025-03-09T06:23:49.609+0000] {logging_mixin.py:190} INFO - [2025-03-09T06:23:49.609+0000] {dag.py:4180} INFO - Setting next_dagrun for housekeeping_job to 2025-03-09 06:15:00+00:00, run_after=2025-03-09 06:20:00+00:00
[2025-03-09T06:23:49.629+0000] {processor.py:208} INFO - Processing /opt/airflow/dags/housekeep.py took 0.169 seconds
[2025-03-09T06:24:20.638+0000] {processor.py:186} INFO - Started process (PID=7369) to work on /opt/airflow/dags/housekeep.py
[2025-03-09T06:24:20.672+0000] {processor.py:914} INFO - Processing file /opt/airflow/dags/housekeep.py for tasks to queue
[2025-03-09T06:24:20.675+0000] {logging_mixin.py:190} INFO - [2025-03-09T06:24:20.674+0000] {dagbag.py:588} INFO - Filling up the DagBag from /opt/airflow/dags/housekeep.py
[2025-03-09T06:24:20.707+0000] {processor.py:925} INFO - DAG(s) 'housekeeping_job' retrieved from /opt/airflow/dags/housekeep.py
[2025-03-09T06:24:20.742+0000] {logging_mixin.py:190} INFO - [2025-03-09T06:24:20.742+0000] {dag.py:3239} INFO - Sync 1 DAGs
[2025-03-09T06:24:20.771+0000] {logging_mixin.py:190} INFO - [2025-03-09T06:24:20.771+0000] {dag.py:4180} INFO - Setting next_dagrun for housekeeping_job to 2025-03-09 06:15:00+00:00, run_after=2025-03-09 06:20:00+00:00
[2025-03-09T06:24:20.795+0000] {processor.py:208} INFO - Processing /opt/airflow/dags/housekeep.py took 0.163 seconds
[2025-03-09T06:24:51.037+0000] {processor.py:186} INFO - Started process (PID=7389) to work on /opt/airflow/dags/housekeep.py
[2025-03-09T06:24:51.064+0000] {processor.py:914} INFO - Processing file /opt/airflow/dags/housekeep.py for tasks to queue
[2025-03-09T06:24:51.067+0000] {logging_mixin.py:190} INFO - [2025-03-09T06:24:51.066+0000] {dagbag.py:588} INFO - Filling up the DagBag from /opt/airflow/dags/housekeep.py
[2025-03-09T06:24:51.095+0000] {processor.py:925} INFO - DAG(s) 'housekeeping_job' retrieved from /opt/airflow/dags/housekeep.py
[2025-03-09T06:24:51.131+0000] {logging_mixin.py:190} INFO - [2025-03-09T06:24:51.131+0000] {dag.py:3239} INFO - Sync 1 DAGs
[2025-03-09T06:24:51.161+0000] {logging_mixin.py:190} INFO - [2025-03-09T06:24:51.160+0000] {dag.py:4180} INFO - Setting next_dagrun for housekeeping_job to 2025-03-09 06:15:00+00:00, run_after=2025-03-09 06:20:00+00:00
[2025-03-09T06:24:51.183+0000] {processor.py:208} INFO - Processing /opt/airflow/dags/housekeep.py took 0.155 seconds
[2025-03-09T06:25:21.302+0000] {processor.py:186} INFO - Started process (PID=7409) to work on /opt/airflow/dags/housekeep.py
[2025-03-09T06:25:21.325+0000] {processor.py:914} INFO - Processing file /opt/airflow/dags/housekeep.py for tasks to queue
[2025-03-09T06:25:21.329+0000] {logging_mixin.py:190} INFO - [2025-03-09T06:25:21.328+0000] {dagbag.py:588} INFO - Filling up the DagBag from /opt/airflow/dags/housekeep.py
[2025-03-09T06:25:21.350+0000] {processor.py:925} INFO - DAG(s) 'housekeeping_job' retrieved from /opt/airflow/dags/housekeep.py
[2025-03-09T06:25:21.384+0000] {logging_mixin.py:190} INFO - [2025-03-09T06:25:21.384+0000] {dag.py:3239} INFO - Sync 1 DAGs
[2025-03-09T06:25:21.409+0000] {logging_mixin.py:190} INFO - [2025-03-09T06:25:21.409+0000] {dag.py:4180} INFO - Setting next_dagrun for housekeeping_job to 2025-03-09 06:20:00+00:00, run_after=2025-03-09 06:25:00+00:00
[2025-03-09T06:25:23.012+0000] {processor.py:208} INFO - Processing /opt/airflow/dags/housekeep.py took 1.716 seconds
