[2025-03-09T05:45:05.182+0000] {processor.py:186} INFO - Started process (PID=5864) to work on /opt/airflow/dags/spark_airflow.py
[2025-03-09T05:45:05.183+0000] {processor.py:914} INFO - Processing file /opt/airflow/dags/spark_airflow.py for tasks to queue
[2025-03-09T05:45:05.185+0000] {logging_mixin.py:190} INFO - [2025-03-09T05:45:05.184+0000] {dagbag.py:588} INFO - Filling up the DagBag from /opt/airflow/dags/spark_airflow.py
[2025-03-09T05:45:05.199+0000] {processor.py:925} INFO - DAG(s) 'spark_orchestration' retrieved from /opt/airflow/dags/spark_airflow.py
[2025-03-09T05:45:05.224+0000] {logging_mixin.py:190} INFO - [2025-03-09T05:45:05.224+0000] {dag.py:3239} INFO - Sync 1 DAGs
[2025-03-09T05:45:05.237+0000] {logging_mixin.py:190} INFO - [2025-03-09T05:45:05.237+0000] {dag.py:4180} INFO - Setting next_dagrun for spark_orchestration to None, run_after=None
[2025-03-09T05:45:05.262+0000] {processor.py:208} INFO - Processing /opt/airflow/dags/spark_airflow.py took 0.085 seconds
[2025-03-09T05:45:35.593+0000] {processor.py:186} INFO - Started process (PID=5884) to work on /opt/airflow/dags/spark_airflow.py
[2025-03-09T05:45:35.594+0000] {processor.py:914} INFO - Processing file /opt/airflow/dags/spark_airflow.py for tasks to queue
[2025-03-09T05:45:35.596+0000] {logging_mixin.py:190} INFO - [2025-03-09T05:45:35.595+0000] {dagbag.py:588} INFO - Filling up the DagBag from /opt/airflow/dags/spark_airflow.py
[2025-03-09T05:45:35.614+0000] {processor.py:925} INFO - DAG(s) 'spark_orchestration' retrieved from /opt/airflow/dags/spark_airflow.py
[2025-03-09T05:45:35.643+0000] {logging_mixin.py:190} INFO - [2025-03-09T05:45:35.643+0000] {dag.py:3239} INFO - Sync 1 DAGs
[2025-03-09T05:45:35.659+0000] {logging_mixin.py:190} INFO - [2025-03-09T05:45:35.658+0000] {dag.py:4180} INFO - Setting next_dagrun for spark_orchestration to None, run_after=None
[2025-03-09T05:45:35.682+0000] {processor.py:208} INFO - Processing /opt/airflow/dags/spark_airflow.py took 0.095 seconds
[2025-03-09T05:46:05.749+0000] {processor.py:186} INFO - Started process (PID=5904) to work on /opt/airflow/dags/spark_airflow.py
[2025-03-09T05:46:05.750+0000] {processor.py:914} INFO - Processing file /opt/airflow/dags/spark_airflow.py for tasks to queue
[2025-03-09T05:46:05.752+0000] {logging_mixin.py:190} INFO - [2025-03-09T05:46:05.752+0000] {dagbag.py:588} INFO - Filling up the DagBag from /opt/airflow/dags/spark_airflow.py
[2025-03-09T05:46:05.766+0000] {processor.py:925} INFO - DAG(s) 'spark_orchestration' retrieved from /opt/airflow/dags/spark_airflow.py
[2025-03-09T05:46:05.791+0000] {logging_mixin.py:190} INFO - [2025-03-09T05:46:05.791+0000] {dag.py:3239} INFO - Sync 1 DAGs
[2025-03-09T05:46:05.804+0000] {logging_mixin.py:190} INFO - [2025-03-09T05:46:05.803+0000] {dag.py:4180} INFO - Setting next_dagrun for spark_orchestration to None, run_after=None
[2025-03-09T05:46:05.820+0000] {processor.py:208} INFO - Processing /opt/airflow/dags/spark_airflow.py took 0.076 seconds
[2025-03-09T05:46:35.890+0000] {processor.py:186} INFO - Started process (PID=5924) to work on /opt/airflow/dags/spark_airflow.py
[2025-03-09T05:46:35.891+0000] {processor.py:914} INFO - Processing file /opt/airflow/dags/spark_airflow.py for tasks to queue
[2025-03-09T05:46:35.894+0000] {logging_mixin.py:190} INFO - [2025-03-09T05:46:35.894+0000] {dagbag.py:588} INFO - Filling up the DagBag from /opt/airflow/dags/spark_airflow.py
[2025-03-09T05:46:35.913+0000] {processor.py:925} INFO - DAG(s) 'spark_orchestration' retrieved from /opt/airflow/dags/spark_airflow.py
[2025-03-09T05:46:35.953+0000] {logging_mixin.py:190} INFO - [2025-03-09T05:46:35.952+0000] {dag.py:3239} INFO - Sync 1 DAGs
[2025-03-09T05:46:35.971+0000] {logging_mixin.py:190} INFO - [2025-03-09T05:46:35.970+0000] {dag.py:4180} INFO - Setting next_dagrun for spark_orchestration to None, run_after=None
[2025-03-09T05:46:35.998+0000] {processor.py:208} INFO - Processing /opt/airflow/dags/spark_airflow.py took 0.115 seconds
[2025-03-09T05:47:06.065+0000] {processor.py:186} INFO - Started process (PID=5944) to work on /opt/airflow/dags/spark_airflow.py
[2025-03-09T05:47:06.066+0000] {processor.py:914} INFO - Processing file /opt/airflow/dags/spark_airflow.py for tasks to queue
[2025-03-09T05:47:06.068+0000] {logging_mixin.py:190} INFO - [2025-03-09T05:47:06.067+0000] {dagbag.py:588} INFO - Filling up the DagBag from /opt/airflow/dags/spark_airflow.py
[2025-03-09T05:47:06.083+0000] {processor.py:925} INFO - DAG(s) 'spark_orchestration' retrieved from /opt/airflow/dags/spark_airflow.py
[2025-03-09T05:47:06.108+0000] {logging_mixin.py:190} INFO - [2025-03-09T05:47:06.108+0000] {dag.py:3239} INFO - Sync 1 DAGs
[2025-03-09T05:47:06.121+0000] {logging_mixin.py:190} INFO - [2025-03-09T05:47:06.121+0000] {dag.py:4180} INFO - Setting next_dagrun for spark_orchestration to None, run_after=None
[2025-03-09T05:47:06.138+0000] {processor.py:208} INFO - Processing /opt/airflow/dags/spark_airflow.py took 0.079 seconds
[2025-03-09T05:47:36.714+0000] {processor.py:186} INFO - Started process (PID=5964) to work on /opt/airflow/dags/spark_airflow.py
[2025-03-09T05:47:36.715+0000] {processor.py:914} INFO - Processing file /opt/airflow/dags/spark_airflow.py for tasks to queue
[2025-03-09T05:47:36.717+0000] {logging_mixin.py:190} INFO - [2025-03-09T05:47:36.716+0000] {dagbag.py:588} INFO - Filling up the DagBag from /opt/airflow/dags/spark_airflow.py
[2025-03-09T05:47:36.731+0000] {processor.py:925} INFO - DAG(s) 'spark_orchestration' retrieved from /opt/airflow/dags/spark_airflow.py
[2025-03-09T05:47:36.756+0000] {logging_mixin.py:190} INFO - [2025-03-09T05:47:36.756+0000] {dag.py:3239} INFO - Sync 1 DAGs
[2025-03-09T05:47:36.769+0000] {logging_mixin.py:190} INFO - [2025-03-09T05:47:36.769+0000] {dag.py:4180} INFO - Setting next_dagrun for spark_orchestration to None, run_after=None
[2025-03-09T05:47:36.786+0000] {processor.py:208} INFO - Processing /opt/airflow/dags/spark_airflow.py took 0.076 seconds
[2025-03-09T05:48:07.208+0000] {processor.py:186} INFO - Started process (PID=5984) to work on /opt/airflow/dags/spark_airflow.py
[2025-03-09T05:48:07.208+0000] {processor.py:914} INFO - Processing file /opt/airflow/dags/spark_airflow.py for tasks to queue
[2025-03-09T05:48:07.210+0000] {logging_mixin.py:190} INFO - [2025-03-09T05:48:07.210+0000] {dagbag.py:588} INFO - Filling up the DagBag from /opt/airflow/dags/spark_airflow.py
[2025-03-09T05:48:07.224+0000] {processor.py:925} INFO - DAG(s) 'spark_orchestration' retrieved from /opt/airflow/dags/spark_airflow.py
[2025-03-09T05:48:07.248+0000] {logging_mixin.py:190} INFO - [2025-03-09T05:48:07.247+0000] {dag.py:3239} INFO - Sync 1 DAGs
[2025-03-09T05:48:07.260+0000] {logging_mixin.py:190} INFO - [2025-03-09T05:48:07.260+0000] {dag.py:4180} INFO - Setting next_dagrun for spark_orchestration to None, run_after=None
[2025-03-09T05:48:07.276+0000] {processor.py:208} INFO - Processing /opt/airflow/dags/spark_airflow.py took 0.073 seconds
[2025-03-09T05:48:38.237+0000] {processor.py:186} INFO - Started process (PID=6004) to work on /opt/airflow/dags/spark_airflow.py
[2025-03-09T05:48:38.238+0000] {processor.py:914} INFO - Processing file /opt/airflow/dags/spark_airflow.py for tasks to queue
[2025-03-09T05:48:38.240+0000] {logging_mixin.py:190} INFO - [2025-03-09T05:48:38.239+0000] {dagbag.py:588} INFO - Filling up the DagBag from /opt/airflow/dags/spark_airflow.py
[2025-03-09T05:48:38.253+0000] {processor.py:925} INFO - DAG(s) 'spark_orchestration' retrieved from /opt/airflow/dags/spark_airflow.py
[2025-03-09T05:48:38.278+0000] {logging_mixin.py:190} INFO - [2025-03-09T05:48:38.278+0000] {dag.py:3239} INFO - Sync 1 DAGs
[2025-03-09T05:48:38.291+0000] {logging_mixin.py:190} INFO - [2025-03-09T05:48:38.290+0000] {dag.py:4180} INFO - Setting next_dagrun for spark_orchestration to None, run_after=None
[2025-03-09T05:48:38.307+0000] {processor.py:208} INFO - Processing /opt/airflow/dags/spark_airflow.py took 0.075 seconds
[2025-03-09T05:49:08.361+0000] {processor.py:186} INFO - Started process (PID=6024) to work on /opt/airflow/dags/spark_airflow.py
[2025-03-09T05:49:08.362+0000] {processor.py:914} INFO - Processing file /opt/airflow/dags/spark_airflow.py for tasks to queue
[2025-03-09T05:49:08.364+0000] {logging_mixin.py:190} INFO - [2025-03-09T05:49:08.363+0000] {dagbag.py:588} INFO - Filling up the DagBag from /opt/airflow/dags/spark_airflow.py
[2025-03-09T05:49:08.378+0000] {processor.py:925} INFO - DAG(s) 'spark_orchestration' retrieved from /opt/airflow/dags/spark_airflow.py
[2025-03-09T05:49:08.403+0000] {logging_mixin.py:190} INFO - [2025-03-09T05:49:08.403+0000] {dag.py:3239} INFO - Sync 1 DAGs
[2025-03-09T05:49:08.415+0000] {logging_mixin.py:190} INFO - [2025-03-09T05:49:08.415+0000] {dag.py:4180} INFO - Setting next_dagrun for spark_orchestration to None, run_after=None
[2025-03-09T05:49:08.432+0000] {processor.py:208} INFO - Processing /opt/airflow/dags/spark_airflow.py took 0.077 seconds
[2025-03-09T05:49:39.331+0000] {processor.py:186} INFO - Started process (PID=6044) to work on /opt/airflow/dags/spark_airflow.py
[2025-03-09T05:49:39.332+0000] {processor.py:914} INFO - Processing file /opt/airflow/dags/spark_airflow.py for tasks to queue
[2025-03-09T05:49:39.333+0000] {logging_mixin.py:190} INFO - [2025-03-09T05:49:39.333+0000] {dagbag.py:588} INFO - Filling up the DagBag from /opt/airflow/dags/spark_airflow.py
[2025-03-09T05:49:39.348+0000] {processor.py:925} INFO - DAG(s) 'spark_orchestration' retrieved from /opt/airflow/dags/spark_airflow.py
[2025-03-09T05:49:39.375+0000] {logging_mixin.py:190} INFO - [2025-03-09T05:49:39.375+0000] {dag.py:3239} INFO - Sync 1 DAGs
[2025-03-09T05:49:39.388+0000] {logging_mixin.py:190} INFO - [2025-03-09T05:49:39.388+0000] {dag.py:4180} INFO - Setting next_dagrun for spark_orchestration to None, run_after=None
[2025-03-09T05:49:39.404+0000] {processor.py:208} INFO - Processing /opt/airflow/dags/spark_airflow.py took 0.078 seconds
[2025-03-09T05:50:09.498+0000] {processor.py:186} INFO - Started process (PID=6064) to work on /opt/airflow/dags/spark_airflow.py
[2025-03-09T05:50:09.499+0000] {processor.py:914} INFO - Processing file /opt/airflow/dags/spark_airflow.py for tasks to queue
[2025-03-09T05:50:09.500+0000] {logging_mixin.py:190} INFO - [2025-03-09T05:50:09.500+0000] {dagbag.py:588} INFO - Filling up the DagBag from /opt/airflow/dags/spark_airflow.py
[2025-03-09T05:50:09.514+0000] {processor.py:925} INFO - DAG(s) 'spark_orchestration' retrieved from /opt/airflow/dags/spark_airflow.py
[2025-03-09T05:50:09.537+0000] {logging_mixin.py:190} INFO - [2025-03-09T05:50:09.537+0000] {dag.py:3239} INFO - Sync 1 DAGs
[2025-03-09T05:50:09.549+0000] {logging_mixin.py:190} INFO - [2025-03-09T05:50:09.549+0000] {dag.py:4180} INFO - Setting next_dagrun for spark_orchestration to None, run_after=None
[2025-03-09T05:50:09.565+0000] {processor.py:208} INFO - Processing /opt/airflow/dags/spark_airflow.py took 0.071 seconds
[2025-03-09T05:50:39.620+0000] {processor.py:186} INFO - Started process (PID=6084) to work on /opt/airflow/dags/spark_airflow.py
[2025-03-09T05:50:39.621+0000] {processor.py:914} INFO - Processing file /opt/airflow/dags/spark_airflow.py for tasks to queue
[2025-03-09T05:50:39.623+0000] {logging_mixin.py:190} INFO - [2025-03-09T05:50:39.622+0000] {dagbag.py:588} INFO - Filling up the DagBag from /opt/airflow/dags/spark_airflow.py
[2025-03-09T05:50:39.637+0000] {processor.py:925} INFO - DAG(s) 'spark_orchestration' retrieved from /opt/airflow/dags/spark_airflow.py
[2025-03-09T05:50:39.661+0000] {logging_mixin.py:190} INFO - [2025-03-09T05:50:39.661+0000] {dag.py:3239} INFO - Sync 1 DAGs
[2025-03-09T05:50:39.674+0000] {logging_mixin.py:190} INFO - [2025-03-09T05:50:39.673+0000] {dag.py:4180} INFO - Setting next_dagrun for spark_orchestration to None, run_after=None
[2025-03-09T05:50:39.692+0000] {processor.py:208} INFO - Processing /opt/airflow/dags/spark_airflow.py took 0.077 seconds
[2025-03-09T05:51:09.773+0000] {processor.py:186} INFO - Started process (PID=6104) to work on /opt/airflow/dags/spark_airflow.py
[2025-03-09T05:51:09.774+0000] {processor.py:914} INFO - Processing file /opt/airflow/dags/spark_airflow.py for tasks to queue
[2025-03-09T05:51:09.776+0000] {logging_mixin.py:190} INFO - [2025-03-09T05:51:09.776+0000] {dagbag.py:588} INFO - Filling up the DagBag from /opt/airflow/dags/spark_airflow.py
[2025-03-09T05:51:09.790+0000] {processor.py:925} INFO - DAG(s) 'spark_orchestration' retrieved from /opt/airflow/dags/spark_airflow.py
[2025-03-09T05:51:09.817+0000] {logging_mixin.py:190} INFO - [2025-03-09T05:51:09.817+0000] {dag.py:3239} INFO - Sync 1 DAGs
[2025-03-09T05:51:09.832+0000] {logging_mixin.py:190} INFO - [2025-03-09T05:51:09.832+0000] {dag.py:4180} INFO - Setting next_dagrun for spark_orchestration to None, run_after=None
[2025-03-09T05:51:09.856+0000] {processor.py:208} INFO - Processing /opt/airflow/dags/spark_airflow.py took 0.088 seconds
[2025-03-09T05:51:41.822+0000] {processor.py:186} INFO - Started process (PID=6124) to work on /opt/airflow/dags/spark_airflow.py
[2025-03-09T05:51:41.823+0000] {processor.py:914} INFO - Processing file /opt/airflow/dags/spark_airflow.py for tasks to queue
[2025-03-09T05:51:41.826+0000] {logging_mixin.py:190} INFO - [2025-03-09T05:51:41.825+0000] {dagbag.py:588} INFO - Filling up the DagBag from /opt/airflow/dags/spark_airflow.py
[2025-03-09T05:51:41.843+0000] {processor.py:925} INFO - DAG(s) 'spark_orchestration' retrieved from /opt/airflow/dags/spark_airflow.py
[2025-03-09T05:51:41.874+0000] {logging_mixin.py:190} INFO - [2025-03-09T05:51:41.874+0000] {dag.py:3239} INFO - Sync 1 DAGs
[2025-03-09T05:51:41.888+0000] {logging_mixin.py:190} INFO - [2025-03-09T05:51:41.888+0000] {dag.py:4180} INFO - Setting next_dagrun for spark_orchestration to None, run_after=None
[2025-03-09T05:51:41.905+0000] {processor.py:208} INFO - Processing /opt/airflow/dags/spark_airflow.py took 0.090 seconds
[2025-03-09T05:52:13.965+0000] {processor.py:186} INFO - Started process (PID=6144) to work on /opt/airflow/dags/spark_airflow.py
[2025-03-09T05:52:13.966+0000] {processor.py:914} INFO - Processing file /opt/airflow/dags/spark_airflow.py for tasks to queue
[2025-03-09T05:52:13.968+0000] {logging_mixin.py:190} INFO - [2025-03-09T05:52:13.968+0000] {dagbag.py:588} INFO - Filling up the DagBag from /opt/airflow/dags/spark_airflow.py
[2025-03-09T05:52:13.986+0000] {processor.py:925} INFO - DAG(s) 'spark_orchestration' retrieved from /opt/airflow/dags/spark_airflow.py
[2025-03-09T05:52:14.016+0000] {logging_mixin.py:190} INFO - [2025-03-09T05:52:14.016+0000] {dag.py:3239} INFO - Sync 1 DAGs
[2025-03-09T05:52:14.031+0000] {logging_mixin.py:190} INFO - [2025-03-09T05:52:14.031+0000] {dag.py:4180} INFO - Setting next_dagrun for spark_orchestration to None, run_after=None
[2025-03-09T05:52:14.048+0000] {processor.py:208} INFO - Processing /opt/airflow/dags/spark_airflow.py took 0.090 seconds
[2025-03-09T05:52:44.500+0000] {processor.py:186} INFO - Started process (PID=6164) to work on /opt/airflow/dags/spark_airflow.py
[2025-03-09T05:52:44.501+0000] {processor.py:914} INFO - Processing file /opt/airflow/dags/spark_airflow.py for tasks to queue
[2025-03-09T05:52:44.502+0000] {logging_mixin.py:190} INFO - [2025-03-09T05:52:44.502+0000] {dagbag.py:588} INFO - Filling up the DagBag from /opt/airflow/dags/spark_airflow.py
[2025-03-09T05:52:44.516+0000] {processor.py:925} INFO - DAG(s) 'spark_orchestration' retrieved from /opt/airflow/dags/spark_airflow.py
[2025-03-09T05:52:44.541+0000] {logging_mixin.py:190} INFO - [2025-03-09T05:52:44.541+0000] {dag.py:3239} INFO - Sync 1 DAGs
[2025-03-09T05:52:44.553+0000] {logging_mixin.py:190} INFO - [2025-03-09T05:52:44.553+0000] {dag.py:4180} INFO - Setting next_dagrun for spark_orchestration to None, run_after=None
[2025-03-09T05:52:46.192+0000] {processor.py:208} INFO - Processing /opt/airflow/dags/spark_airflow.py took 0.075 seconds
[2025-03-09T05:53:19.175+0000] {processor.py:186} INFO - Started process (PID=6184) to work on /opt/airflow/dags/spark_airflow.py
[2025-03-09T05:53:19.175+0000] {processor.py:914} INFO - Processing file /opt/airflow/dags/spark_airflow.py for tasks to queue
[2025-03-09T05:53:19.177+0000] {logging_mixin.py:190} INFO - [2025-03-09T05:53:19.177+0000] {dagbag.py:588} INFO - Filling up the DagBag from /opt/airflow/dags/spark_airflow.py
[2025-03-09T05:53:19.192+0000] {processor.py:925} INFO - DAG(s) 'spark_orchestration' retrieved from /opt/airflow/dags/spark_airflow.py
[2025-03-09T05:53:19.215+0000] {logging_mixin.py:190} INFO - [2025-03-09T05:53:19.215+0000] {dag.py:3239} INFO - Sync 1 DAGs
[2025-03-09T05:53:19.227+0000] {logging_mixin.py:190} INFO - [2025-03-09T05:53:19.227+0000] {dag.py:4180} INFO - Setting next_dagrun for spark_orchestration to None, run_after=None
[2025-03-09T05:53:19.244+0000] {processor.py:208} INFO - Processing /opt/airflow/dags/spark_airflow.py took 0.074 seconds
[2025-03-09T05:53:52.155+0000] {processor.py:186} INFO - Started process (PID=6204) to work on /opt/airflow/dags/spark_airflow.py
[2025-03-09T05:53:52.156+0000] {processor.py:914} INFO - Processing file /opt/airflow/dags/spark_airflow.py for tasks to queue
[2025-03-09T05:53:52.158+0000] {logging_mixin.py:190} INFO - [2025-03-09T05:53:52.157+0000] {dagbag.py:588} INFO - Filling up the DagBag from /opt/airflow/dags/spark_airflow.py
[2025-03-09T05:53:52.171+0000] {processor.py:925} INFO - DAG(s) 'spark_orchestration' retrieved from /opt/airflow/dags/spark_airflow.py
[2025-03-09T05:53:52.196+0000] {logging_mixin.py:190} INFO - [2025-03-09T05:53:52.196+0000] {dag.py:3239} INFO - Sync 1 DAGs
[2025-03-09T05:53:52.210+0000] {logging_mixin.py:190} INFO - [2025-03-09T05:53:52.209+0000] {dag.py:4180} INFO - Setting next_dagrun for spark_orchestration to None, run_after=None
[2025-03-09T05:53:52.227+0000] {processor.py:208} INFO - Processing /opt/airflow/dags/spark_airflow.py took 0.077 seconds
[2025-03-09T05:54:24.271+0000] {processor.py:186} INFO - Started process (PID=6224) to work on /opt/airflow/dags/spark_airflow.py
[2025-03-09T05:54:24.272+0000] {processor.py:914} INFO - Processing file /opt/airflow/dags/spark_airflow.py for tasks to queue
[2025-03-09T05:54:24.273+0000] {logging_mixin.py:190} INFO - [2025-03-09T05:54:24.273+0000] {dagbag.py:588} INFO - Filling up the DagBag from /opt/airflow/dags/spark_airflow.py
[2025-03-09T05:54:24.289+0000] {processor.py:925} INFO - DAG(s) 'spark_orchestration' retrieved from /opt/airflow/dags/spark_airflow.py
[2025-03-09T05:54:24.314+0000] {logging_mixin.py:190} INFO - [2025-03-09T05:54:24.314+0000] {dag.py:3239} INFO - Sync 1 DAGs
[2025-03-09T05:54:24.328+0000] {logging_mixin.py:190} INFO - [2025-03-09T05:54:24.328+0000] {dag.py:4180} INFO - Setting next_dagrun for spark_orchestration to None, run_after=None
[2025-03-09T05:54:24.345+0000] {processor.py:208} INFO - Processing /opt/airflow/dags/spark_airflow.py took 0.079 seconds
[2025-03-09T05:54:57.426+0000] {processor.py:186} INFO - Started process (PID=6244) to work on /opt/airflow/dags/spark_airflow.py
[2025-03-09T05:54:57.427+0000] {processor.py:914} INFO - Processing file /opt/airflow/dags/spark_airflow.py for tasks to queue
[2025-03-09T05:54:57.428+0000] {logging_mixin.py:190} INFO - [2025-03-09T05:54:57.428+0000] {dagbag.py:588} INFO - Filling up the DagBag from /opt/airflow/dags/spark_airflow.py
[2025-03-09T05:54:57.443+0000] {processor.py:925} INFO - DAG(s) 'spark_orchestration' retrieved from /opt/airflow/dags/spark_airflow.py
[2025-03-09T05:54:57.468+0000] {logging_mixin.py:190} INFO - [2025-03-09T05:54:57.468+0000] {dag.py:3239} INFO - Sync 1 DAGs
[2025-03-09T05:54:57.481+0000] {logging_mixin.py:190} INFO - [2025-03-09T05:54:57.481+0000] {dag.py:4180} INFO - Setting next_dagrun for spark_orchestration to None, run_after=None
[2025-03-09T05:54:57.500+0000] {processor.py:208} INFO - Processing /opt/airflow/dags/spark_airflow.py took 0.078 seconds
[2025-03-09T05:55:27.972+0000] {processor.py:186} INFO - Started process (PID=6264) to work on /opt/airflow/dags/spark_airflow.py
[2025-03-09T05:55:27.973+0000] {processor.py:914} INFO - Processing file /opt/airflow/dags/spark_airflow.py for tasks to queue
[2025-03-09T05:55:27.975+0000] {logging_mixin.py:190} INFO - [2025-03-09T05:55:27.974+0000] {dagbag.py:588} INFO - Filling up the DagBag from /opt/airflow/dags/spark_airflow.py
[2025-03-09T05:55:27.990+0000] {processor.py:925} INFO - DAG(s) 'spark_orchestration' retrieved from /opt/airflow/dags/spark_airflow.py
[2025-03-09T05:55:28.015+0000] {logging_mixin.py:190} INFO - [2025-03-09T05:55:28.015+0000] {dag.py:3239} INFO - Sync 1 DAGs
[2025-03-09T05:55:28.028+0000] {logging_mixin.py:190} INFO - [2025-03-09T05:55:28.027+0000] {dag.py:4180} INFO - Setting next_dagrun for spark_orchestration to None, run_after=None
[2025-03-09T05:55:28.044+0000] {processor.py:208} INFO - Processing /opt/airflow/dags/spark_airflow.py took 0.077 seconds
[2025-03-09T05:55:59.054+0000] {processor.py:186} INFO - Started process (PID=6284) to work on /opt/airflow/dags/spark_airflow.py
[2025-03-09T05:55:59.055+0000] {processor.py:914} INFO - Processing file /opt/airflow/dags/spark_airflow.py for tasks to queue
[2025-03-09T05:55:59.057+0000] {logging_mixin.py:190} INFO - [2025-03-09T05:55:59.057+0000] {dagbag.py:588} INFO - Filling up the DagBag from /opt/airflow/dags/spark_airflow.py
[2025-03-09T05:55:59.071+0000] {processor.py:925} INFO - DAG(s) 'spark_orchestration' retrieved from /opt/airflow/dags/spark_airflow.py
[2025-03-09T05:55:59.093+0000] {logging_mixin.py:190} INFO - [2025-03-09T05:55:59.093+0000] {dag.py:3239} INFO - Sync 1 DAGs
[2025-03-09T05:55:59.105+0000] {logging_mixin.py:190} INFO - [2025-03-09T05:55:59.105+0000] {dag.py:4180} INFO - Setting next_dagrun for spark_orchestration to None, run_after=None
[2025-03-09T05:55:59.124+0000] {processor.py:208} INFO - Processing /opt/airflow/dags/spark_airflow.py took 0.074 seconds
[2025-03-09T05:56:30.045+0000] {processor.py:186} INFO - Started process (PID=6304) to work on /opt/airflow/dags/spark_airflow.py
[2025-03-09T05:56:30.045+0000] {processor.py:914} INFO - Processing file /opt/airflow/dags/spark_airflow.py for tasks to queue
[2025-03-09T05:56:30.047+0000] {logging_mixin.py:190} INFO - [2025-03-09T05:56:30.047+0000] {dagbag.py:588} INFO - Filling up the DagBag from /opt/airflow/dags/spark_airflow.py
[2025-03-09T05:56:30.061+0000] {processor.py:925} INFO - DAG(s) 'spark_orchestration' retrieved from /opt/airflow/dags/spark_airflow.py
[2025-03-09T05:56:30.084+0000] {logging_mixin.py:190} INFO - [2025-03-09T05:56:30.084+0000] {dag.py:3239} INFO - Sync 1 DAGs
[2025-03-09T05:56:30.097+0000] {logging_mixin.py:190} INFO - [2025-03-09T05:56:30.097+0000] {dag.py:4180} INFO - Setting next_dagrun for spark_orchestration to None, run_after=None
[2025-03-09T05:56:30.114+0000] {processor.py:208} INFO - Processing /opt/airflow/dags/spark_airflow.py took 0.074 seconds
[2025-03-09T05:57:01.082+0000] {processor.py:186} INFO - Started process (PID=6324) to work on /opt/airflow/dags/spark_airflow.py
[2025-03-09T05:57:01.082+0000] {processor.py:914} INFO - Processing file /opt/airflow/dags/spark_airflow.py for tasks to queue
[2025-03-09T05:57:01.084+0000] {logging_mixin.py:190} INFO - [2025-03-09T05:57:01.084+0000] {dagbag.py:588} INFO - Filling up the DagBag from /opt/airflow/dags/spark_airflow.py
[2025-03-09T05:57:01.098+0000] {processor.py:925} INFO - DAG(s) 'spark_orchestration' retrieved from /opt/airflow/dags/spark_airflow.py
[2025-03-09T05:57:01.123+0000] {logging_mixin.py:190} INFO - [2025-03-09T05:57:01.123+0000] {dag.py:3239} INFO - Sync 1 DAGs
[2025-03-09T05:57:01.136+0000] {logging_mixin.py:190} INFO - [2025-03-09T05:57:01.136+0000] {dag.py:4180} INFO - Setting next_dagrun for spark_orchestration to None, run_after=None
[2025-03-09T05:57:01.153+0000] {processor.py:208} INFO - Processing /opt/airflow/dags/spark_airflow.py took 0.076 seconds
[2025-03-09T05:57:32.189+0000] {processor.py:186} INFO - Started process (PID=6344) to work on /opt/airflow/dags/spark_airflow.py
[2025-03-09T05:57:32.190+0000] {processor.py:914} INFO - Processing file /opt/airflow/dags/spark_airflow.py for tasks to queue
[2025-03-09T05:57:32.191+0000] {logging_mixin.py:190} INFO - [2025-03-09T05:57:32.191+0000] {dagbag.py:588} INFO - Filling up the DagBag from /opt/airflow/dags/spark_airflow.py
[2025-03-09T05:57:32.206+0000] {processor.py:925} INFO - DAG(s) 'spark_orchestration' retrieved from /opt/airflow/dags/spark_airflow.py
[2025-03-09T05:57:32.230+0000] {logging_mixin.py:190} INFO - [2025-03-09T05:57:32.229+0000] {dag.py:3239} INFO - Sync 1 DAGs
[2025-03-09T05:57:32.242+0000] {logging_mixin.py:190} INFO - [2025-03-09T05:57:32.242+0000] {dag.py:4180} INFO - Setting next_dagrun for spark_orchestration to None, run_after=None
[2025-03-09T05:57:32.260+0000] {processor.py:208} INFO - Processing /opt/airflow/dags/spark_airflow.py took 0.075 seconds
[2025-03-09T05:58:03.229+0000] {processor.py:186} INFO - Started process (PID=6364) to work on /opt/airflow/dags/spark_airflow.py
[2025-03-09T05:58:03.230+0000] {processor.py:914} INFO - Processing file /opt/airflow/dags/spark_airflow.py for tasks to queue
[2025-03-09T05:58:03.233+0000] {logging_mixin.py:190} INFO - [2025-03-09T05:58:03.232+0000] {dagbag.py:588} INFO - Filling up the DagBag from /opt/airflow/dags/spark_airflow.py
[2025-03-09T05:58:03.250+0000] {processor.py:925} INFO - DAG(s) 'spark_orchestration' retrieved from /opt/airflow/dags/spark_airflow.py
[2025-03-09T05:58:03.282+0000] {logging_mixin.py:190} INFO - [2025-03-09T05:58:03.282+0000] {dag.py:3239} INFO - Sync 1 DAGs
[2025-03-09T05:58:03.295+0000] {logging_mixin.py:190} INFO - [2025-03-09T05:58:03.295+0000] {dag.py:4180} INFO - Setting next_dagrun for spark_orchestration to None, run_after=None
[2025-03-09T05:58:03.312+0000] {processor.py:208} INFO - Processing /opt/airflow/dags/spark_airflow.py took 0.089 seconds
[2025-03-09T05:58:34.353+0000] {processor.py:186} INFO - Started process (PID=6384) to work on /opt/airflow/dags/spark_airflow.py
[2025-03-09T05:58:34.353+0000] {processor.py:914} INFO - Processing file /opt/airflow/dags/spark_airflow.py for tasks to queue
[2025-03-09T05:58:34.355+0000] {logging_mixin.py:190} INFO - [2025-03-09T05:58:34.355+0000] {dagbag.py:588} INFO - Filling up the DagBag from /opt/airflow/dags/spark_airflow.py
[2025-03-09T05:58:34.370+0000] {processor.py:925} INFO - DAG(s) 'spark_orchestration' retrieved from /opt/airflow/dags/spark_airflow.py
[2025-03-09T05:58:34.394+0000] {logging_mixin.py:190} INFO - [2025-03-09T05:58:34.394+0000] {dag.py:3239} INFO - Sync 1 DAGs
[2025-03-09T05:58:34.408+0000] {logging_mixin.py:190} INFO - [2025-03-09T05:58:34.408+0000] {dag.py:4180} INFO - Setting next_dagrun for spark_orchestration to None, run_after=None
[2025-03-09T05:58:34.424+0000] {processor.py:208} INFO - Processing /opt/airflow/dags/spark_airflow.py took 0.077 seconds
[2025-03-09T05:59:04.500+0000] {processor.py:186} INFO - Started process (PID=6404) to work on /opt/airflow/dags/spark_airflow.py
[2025-03-09T05:59:04.501+0000] {processor.py:914} INFO - Processing file /opt/airflow/dags/spark_airflow.py for tasks to queue
[2025-03-09T05:59:04.503+0000] {logging_mixin.py:190} INFO - [2025-03-09T05:59:04.502+0000] {dagbag.py:588} INFO - Filling up the DagBag from /opt/airflow/dags/spark_airflow.py
[2025-03-09T05:59:04.519+0000] {processor.py:925} INFO - DAG(s) 'spark_orchestration' retrieved from /opt/airflow/dags/spark_airflow.py
[2025-03-09T05:59:04.547+0000] {logging_mixin.py:190} INFO - [2025-03-09T05:59:04.547+0000] {dag.py:3239} INFO - Sync 1 DAGs
[2025-03-09T05:59:04.561+0000] {logging_mixin.py:190} INFO - [2025-03-09T05:59:04.561+0000] {dag.py:4180} INFO - Setting next_dagrun for spark_orchestration to None, run_after=None
[2025-03-09T05:59:04.581+0000] {processor.py:208} INFO - Processing /opt/airflow/dags/spark_airflow.py took 0.087 seconds
[2025-03-09T05:59:34.682+0000] {processor.py:186} INFO - Started process (PID=6424) to work on /opt/airflow/dags/spark_airflow.py
[2025-03-09T05:59:34.683+0000] {processor.py:914} INFO - Processing file /opt/airflow/dags/spark_airflow.py for tasks to queue
[2025-03-09T05:59:34.685+0000] {logging_mixin.py:190} INFO - [2025-03-09T05:59:34.685+0000] {dagbag.py:588} INFO - Filling up the DagBag from /opt/airflow/dags/spark_airflow.py
[2025-03-09T05:59:34.700+0000] {processor.py:925} INFO - DAG(s) 'spark_orchestration' retrieved from /opt/airflow/dags/spark_airflow.py
[2025-03-09T05:59:34.726+0000] {logging_mixin.py:190} INFO - [2025-03-09T05:59:34.726+0000] {dag.py:3239} INFO - Sync 1 DAGs
[2025-03-09T05:59:34.740+0000] {logging_mixin.py:190} INFO - [2025-03-09T05:59:34.740+0000] {dag.py:4180} INFO - Setting next_dagrun for spark_orchestration to None, run_after=None
[2025-03-09T05:59:34.760+0000] {processor.py:208} INFO - Processing /opt/airflow/dags/spark_airflow.py took 0.084 seconds
[2025-03-09T06:00:04.832+0000] {processor.py:186} INFO - Started process (PID=6444) to work on /opt/airflow/dags/spark_airflow.py
[2025-03-09T06:00:04.833+0000] {processor.py:914} INFO - Processing file /opt/airflow/dags/spark_airflow.py for tasks to queue
[2025-03-09T06:00:04.835+0000] {logging_mixin.py:190} INFO - [2025-03-09T06:00:04.835+0000] {dagbag.py:588} INFO - Filling up the DagBag from /opt/airflow/dags/spark_airflow.py
[2025-03-09T06:00:04.851+0000] {processor.py:925} INFO - DAG(s) 'spark_orchestration' retrieved from /opt/airflow/dags/spark_airflow.py
[2025-03-09T06:00:04.877+0000] {logging_mixin.py:190} INFO - [2025-03-09T06:00:04.877+0000] {dag.py:3239} INFO - Sync 1 DAGs
[2025-03-09T06:00:04.891+0000] {logging_mixin.py:190} INFO - [2025-03-09T06:00:04.891+0000] {dag.py:4180} INFO - Setting next_dagrun for spark_orchestration to None, run_after=None
[2025-03-09T06:00:04.914+0000] {processor.py:208} INFO - Processing /opt/airflow/dags/spark_airflow.py took 0.087 seconds
[2025-03-09T06:00:35.943+0000] {processor.py:186} INFO - Started process (PID=6464) to work on /opt/airflow/dags/spark_airflow.py
[2025-03-09T06:00:35.944+0000] {processor.py:914} INFO - Processing file /opt/airflow/dags/spark_airflow.py for tasks to queue
[2025-03-09T06:00:35.946+0000] {logging_mixin.py:190} INFO - [2025-03-09T06:00:35.945+0000] {dagbag.py:588} INFO - Filling up the DagBag from /opt/airflow/dags/spark_airflow.py
[2025-03-09T06:00:35.959+0000] {processor.py:925} INFO - DAG(s) 'spark_orchestration' retrieved from /opt/airflow/dags/spark_airflow.py
[2025-03-09T06:00:35.984+0000] {logging_mixin.py:190} INFO - [2025-03-09T06:00:35.984+0000] {dag.py:3239} INFO - Sync 1 DAGs
[2025-03-09T06:00:35.997+0000] {logging_mixin.py:190} INFO - [2025-03-09T06:00:35.997+0000] {dag.py:4180} INFO - Setting next_dagrun for spark_orchestration to None, run_after=None
[2025-03-09T06:00:36.014+0000] {processor.py:208} INFO - Processing /opt/airflow/dags/spark_airflow.py took 0.076 seconds
[2025-03-09T06:01:07.056+0000] {processor.py:186} INFO - Started process (PID=6484) to work on /opt/airflow/dags/spark_airflow.py
[2025-03-09T06:01:07.056+0000] {processor.py:914} INFO - Processing file /opt/airflow/dags/spark_airflow.py for tasks to queue
[2025-03-09T06:01:07.058+0000] {logging_mixin.py:190} INFO - [2025-03-09T06:01:07.058+0000] {dagbag.py:588} INFO - Filling up the DagBag from /opt/airflow/dags/spark_airflow.py
[2025-03-09T06:01:07.072+0000] {processor.py:925} INFO - DAG(s) 'spark_orchestration' retrieved from /opt/airflow/dags/spark_airflow.py
[2025-03-09T06:01:07.098+0000] {logging_mixin.py:190} INFO - [2025-03-09T06:01:07.097+0000] {dag.py:3239} INFO - Sync 1 DAGs
[2025-03-09T06:01:07.114+0000] {logging_mixin.py:190} INFO - [2025-03-09T06:01:07.113+0000] {dag.py:4180} INFO - Setting next_dagrun for spark_orchestration to None, run_after=None
[2025-03-09T06:01:07.137+0000] {processor.py:208} INFO - Processing /opt/airflow/dags/spark_airflow.py took 0.086 seconds
[2025-03-09T06:01:37.201+0000] {processor.py:186} INFO - Started process (PID=6504) to work on /opt/airflow/dags/spark_airflow.py
[2025-03-09T06:01:37.202+0000] {processor.py:914} INFO - Processing file /opt/airflow/dags/spark_airflow.py for tasks to queue
[2025-03-09T06:01:37.203+0000] {logging_mixin.py:190} INFO - [2025-03-09T06:01:37.203+0000] {dagbag.py:588} INFO - Filling up the DagBag from /opt/airflow/dags/spark_airflow.py
[2025-03-09T06:01:37.217+0000] {processor.py:925} INFO - DAG(s) 'spark_orchestration' retrieved from /opt/airflow/dags/spark_airflow.py
[2025-03-09T06:01:37.241+0000] {logging_mixin.py:190} INFO - [2025-03-09T06:01:37.241+0000] {dag.py:3239} INFO - Sync 1 DAGs
[2025-03-09T06:01:37.255+0000] {logging_mixin.py:190} INFO - [2025-03-09T06:01:37.255+0000] {dag.py:4180} INFO - Setting next_dagrun for spark_orchestration to None, run_after=None
[2025-03-09T06:01:37.271+0000] {processor.py:208} INFO - Processing /opt/airflow/dags/spark_airflow.py took 0.075 seconds
[2025-03-09T06:02:08.218+0000] {processor.py:186} INFO - Started process (PID=6524) to work on /opt/airflow/dags/spark_airflow.py
[2025-03-09T06:02:08.219+0000] {processor.py:914} INFO - Processing file /opt/airflow/dags/spark_airflow.py for tasks to queue
[2025-03-09T06:02:08.221+0000] {logging_mixin.py:190} INFO - [2025-03-09T06:02:08.221+0000] {dagbag.py:588} INFO - Filling up the DagBag from /opt/airflow/dags/spark_airflow.py
[2025-03-09T06:02:08.237+0000] {processor.py:925} INFO - DAG(s) 'spark_orchestration' retrieved from /opt/airflow/dags/spark_airflow.py
[2025-03-09T06:02:08.266+0000] {logging_mixin.py:190} INFO - [2025-03-09T06:02:08.266+0000] {dag.py:3239} INFO - Sync 1 DAGs
[2025-03-09T06:02:08.281+0000] {logging_mixin.py:190} INFO - [2025-03-09T06:02:08.281+0000] {dag.py:4180} INFO - Setting next_dagrun for spark_orchestration to None, run_after=None
[2025-03-09T06:02:08.303+0000] {processor.py:208} INFO - Processing /opt/airflow/dags/spark_airflow.py took 0.090 seconds
[2025-03-09T06:02:38.371+0000] {processor.py:186} INFO - Started process (PID=6544) to work on /opt/airflow/dags/spark_airflow.py
[2025-03-09T06:02:38.372+0000] {processor.py:914} INFO - Processing file /opt/airflow/dags/spark_airflow.py for tasks to queue
[2025-03-09T06:02:38.374+0000] {logging_mixin.py:190} INFO - [2025-03-09T06:02:38.374+0000] {dagbag.py:588} INFO - Filling up the DagBag from /opt/airflow/dags/spark_airflow.py
[2025-03-09T06:02:38.391+0000] {processor.py:925} INFO - DAG(s) 'spark_orchestration' retrieved from /opt/airflow/dags/spark_airflow.py
[2025-03-09T06:02:38.418+0000] {logging_mixin.py:190} INFO - [2025-03-09T06:02:38.418+0000] {dag.py:3239} INFO - Sync 1 DAGs
[2025-03-09T06:02:38.434+0000] {logging_mixin.py:190} INFO - [2025-03-09T06:02:38.433+0000] {dag.py:4180} INFO - Setting next_dagrun for spark_orchestration to None, run_after=None
[2025-03-09T06:02:38.453+0000] {processor.py:208} INFO - Processing /opt/airflow/dags/spark_airflow.py took 0.088 seconds
[2025-03-09T06:03:08.509+0000] {processor.py:186} INFO - Started process (PID=6564) to work on /opt/airflow/dags/spark_airflow.py
[2025-03-09T06:03:08.510+0000] {processor.py:914} INFO - Processing file /opt/airflow/dags/spark_airflow.py for tasks to queue
[2025-03-09T06:03:08.512+0000] {logging_mixin.py:190} INFO - [2025-03-09T06:03:08.512+0000] {dagbag.py:588} INFO - Filling up the DagBag from /opt/airflow/dags/spark_airflow.py
[2025-03-09T06:03:08.527+0000] {processor.py:925} INFO - DAG(s) 'spark_orchestration' retrieved from /opt/airflow/dags/spark_airflow.py
[2025-03-09T06:03:08.551+0000] {logging_mixin.py:190} INFO - [2025-03-09T06:03:08.551+0000] {dag.py:3239} INFO - Sync 1 DAGs
[2025-03-09T06:03:08.565+0000] {logging_mixin.py:190} INFO - [2025-03-09T06:03:08.565+0000] {dag.py:4180} INFO - Setting next_dagrun for spark_orchestration to None, run_after=None
[2025-03-09T06:03:08.587+0000] {processor.py:208} INFO - Processing /opt/airflow/dags/spark_airflow.py took 0.083 seconds
[2025-03-09T06:03:40.627+0000] {processor.py:186} INFO - Started process (PID=6584) to work on /opt/airflow/dags/spark_airflow.py
[2025-03-09T06:03:40.628+0000] {processor.py:914} INFO - Processing file /opt/airflow/dags/spark_airflow.py for tasks to queue
[2025-03-09T06:03:40.629+0000] {logging_mixin.py:190} INFO - [2025-03-09T06:03:40.629+0000] {dagbag.py:588} INFO - Filling up the DagBag from /opt/airflow/dags/spark_airflow.py
[2025-03-09T06:03:40.644+0000] {processor.py:925} INFO - DAG(s) 'spark_orchestration' retrieved from /opt/airflow/dags/spark_airflow.py
[2025-03-09T06:03:40.670+0000] {logging_mixin.py:190} INFO - [2025-03-09T06:03:40.669+0000] {dag.py:3239} INFO - Sync 1 DAGs
[2025-03-09T06:03:40.683+0000] {logging_mixin.py:190} INFO - [2025-03-09T06:03:40.683+0000] {dag.py:4180} INFO - Setting next_dagrun for spark_orchestration to None, run_after=None
[2025-03-09T06:03:40.700+0000] {processor.py:208} INFO - Processing /opt/airflow/dags/spark_airflow.py took 0.078 seconds
[2025-03-09T06:04:11.174+0000] {processor.py:186} INFO - Started process (PID=6604) to work on /opt/airflow/dags/spark_airflow.py
[2025-03-09T06:04:11.175+0000] {processor.py:914} INFO - Processing file /opt/airflow/dags/spark_airflow.py for tasks to queue
[2025-03-09T06:04:11.177+0000] {logging_mixin.py:190} INFO - [2025-03-09T06:04:11.177+0000] {dagbag.py:588} INFO - Filling up the DagBag from /opt/airflow/dags/spark_airflow.py
[2025-03-09T06:04:11.191+0000] {processor.py:925} INFO - DAG(s) 'spark_orchestration' retrieved from /opt/airflow/dags/spark_airflow.py
[2025-03-09T06:04:11.217+0000] {logging_mixin.py:190} INFO - [2025-03-09T06:04:11.216+0000] {dag.py:3239} INFO - Sync 1 DAGs
[2025-03-09T06:04:11.229+0000] {logging_mixin.py:190} INFO - [2025-03-09T06:04:11.229+0000] {dag.py:4180} INFO - Setting next_dagrun for spark_orchestration to None, run_after=None
[2025-03-09T06:04:11.247+0000] {processor.py:208} INFO - Processing /opt/airflow/dags/spark_airflow.py took 0.077 seconds
[2025-03-09T06:04:45.096+0000] {processor.py:186} INFO - Started process (PID=6637) to work on /opt/airflow/dags/spark_airflow.py
[2025-03-09T06:04:45.098+0000] {processor.py:914} INFO - Processing file /opt/airflow/dags/spark_airflow.py for tasks to queue
[2025-03-09T06:04:45.103+0000] {logging_mixin.py:190} INFO - [2025-03-09T06:04:45.102+0000] {dagbag.py:588} INFO - Filling up the DagBag from /opt/airflow/dags/spark_airflow.py
[2025-03-09T06:04:45.134+0000] {processor.py:925} INFO - DAG(s) 'spark_orchestration' retrieved from /opt/airflow/dags/spark_airflow.py
[2025-03-09T06:04:45.182+0000] {logging_mixin.py:190} INFO - [2025-03-09T06:04:45.182+0000] {dag.py:3239} INFO - Sync 1 DAGs
[2025-03-09T06:04:45.209+0000] {logging_mixin.py:190} INFO - [2025-03-09T06:04:45.208+0000] {dag.py:4180} INFO - Setting next_dagrun for spark_orchestration to None, run_after=None
[2025-03-09T06:04:45.238+0000] {processor.py:208} INFO - Processing /opt/airflow/dags/spark_airflow.py took 0.157 seconds
[2025-03-09T06:05:15.611+0000] {processor.py:186} INFO - Started process (PID=6657) to work on /opt/airflow/dags/spark_airflow.py
[2025-03-09T06:05:15.616+0000] {processor.py:914} INFO - Processing file /opt/airflow/dags/spark_airflow.py for tasks to queue
[2025-03-09T06:05:15.618+0000] {logging_mixin.py:190} INFO - [2025-03-09T06:05:15.618+0000] {dagbag.py:588} INFO - Filling up the DagBag from /opt/airflow/dags/spark_airflow.py
[2025-03-09T06:05:15.643+0000] {processor.py:925} INFO - DAG(s) 'spark_orchestration' retrieved from /opt/airflow/dags/spark_airflow.py
[2025-03-09T06:05:15.672+0000] {logging_mixin.py:190} INFO - [2025-03-09T06:05:15.672+0000] {dag.py:3239} INFO - Sync 1 DAGs
[2025-03-09T06:05:15.686+0000] {logging_mixin.py:190} INFO - [2025-03-09T06:05:15.686+0000] {dag.py:4180} INFO - Setting next_dagrun for spark_orchestration to None, run_after=None
[2025-03-09T06:05:15.706+0000] {processor.py:208} INFO - Processing /opt/airflow/dags/spark_airflow.py took 0.101 seconds
[2025-03-09T06:05:47.369+0000] {processor.py:186} INFO - Started process (PID=6677) to work on /opt/airflow/dags/spark_airflow.py
[2025-03-09T06:05:47.370+0000] {processor.py:914} INFO - Processing file /opt/airflow/dags/spark_airflow.py for tasks to queue
[2025-03-09T06:05:47.372+0000] {logging_mixin.py:190} INFO - [2025-03-09T06:05:47.371+0000] {dagbag.py:588} INFO - Filling up the DagBag from /opt/airflow/dags/spark_airflow.py
[2025-03-09T06:05:47.386+0000] {processor.py:925} INFO - DAG(s) 'spark_orchestration' retrieved from /opt/airflow/dags/spark_airflow.py
[2025-03-09T06:05:47.411+0000] {logging_mixin.py:190} INFO - [2025-03-09T06:05:47.411+0000] {dag.py:3239} INFO - Sync 1 DAGs
[2025-03-09T06:05:47.424+0000] {logging_mixin.py:190} INFO - [2025-03-09T06:05:47.424+0000] {dag.py:4180} INFO - Setting next_dagrun for spark_orchestration to None, run_after=None
[2025-03-09T06:05:47.441+0000] {processor.py:208} INFO - Processing /opt/airflow/dags/spark_airflow.py took 0.077 seconds
[2025-03-09T06:06:19.143+0000] {processor.py:186} INFO - Started process (PID=6697) to work on /opt/airflow/dags/spark_airflow.py
[2025-03-09T06:06:19.144+0000] {processor.py:914} INFO - Processing file /opt/airflow/dags/spark_airflow.py for tasks to queue
[2025-03-09T06:06:19.146+0000] {logging_mixin.py:190} INFO - [2025-03-09T06:06:19.146+0000] {dagbag.py:588} INFO - Filling up the DagBag from /opt/airflow/dags/spark_airflow.py
[2025-03-09T06:06:19.160+0000] {processor.py:925} INFO - DAG(s) 'spark_orchestration' retrieved from /opt/airflow/dags/spark_airflow.py
[2025-03-09T06:06:19.184+0000] {logging_mixin.py:190} INFO - [2025-03-09T06:06:19.184+0000] {dag.py:3239} INFO - Sync 1 DAGs
[2025-03-09T06:06:19.196+0000] {logging_mixin.py:190} INFO - [2025-03-09T06:06:19.196+0000] {dag.py:4180} INFO - Setting next_dagrun for spark_orchestration to None, run_after=None
[2025-03-09T06:06:19.214+0000] {processor.py:208} INFO - Processing /opt/airflow/dags/spark_airflow.py took 0.075 seconds
[2025-03-09T06:06:51.760+0000] {processor.py:186} INFO - Started process (PID=6717) to work on /opt/airflow/dags/spark_airflow.py
[2025-03-09T06:06:51.760+0000] {processor.py:914} INFO - Processing file /opt/airflow/dags/spark_airflow.py for tasks to queue
[2025-03-09T06:06:51.762+0000] {logging_mixin.py:190} INFO - [2025-03-09T06:06:51.762+0000] {dagbag.py:588} INFO - Filling up the DagBag from /opt/airflow/dags/spark_airflow.py
[2025-03-09T06:06:51.777+0000] {processor.py:925} INFO - DAG(s) 'spark_orchestration' retrieved from /opt/airflow/dags/spark_airflow.py
[2025-03-09T06:06:51.803+0000] {logging_mixin.py:190} INFO - [2025-03-09T06:06:51.803+0000] {dag.py:3239} INFO - Sync 1 DAGs
[2025-03-09T06:06:51.817+0000] {logging_mixin.py:190} INFO - [2025-03-09T06:06:51.817+0000] {dag.py:4180} INFO - Setting next_dagrun for spark_orchestration to None, run_after=None
[2025-03-09T06:06:51.834+0000] {processor.py:208} INFO - Processing /opt/airflow/dags/spark_airflow.py took 0.079 seconds
[2025-03-09T06:07:24.395+0000] {processor.py:186} INFO - Started process (PID=6737) to work on /opt/airflow/dags/spark_airflow.py
[2025-03-09T06:07:24.396+0000] {processor.py:914} INFO - Processing file /opt/airflow/dags/spark_airflow.py for tasks to queue
[2025-03-09T06:07:24.398+0000] {logging_mixin.py:190} INFO - [2025-03-09T06:07:24.397+0000] {dagbag.py:588} INFO - Filling up the DagBag from /opt/airflow/dags/spark_airflow.py
[2025-03-09T06:07:24.415+0000] {processor.py:925} INFO - DAG(s) 'spark_orchestration' retrieved from /opt/airflow/dags/spark_airflow.py
[2025-03-09T06:07:24.444+0000] {logging_mixin.py:190} INFO - [2025-03-09T06:07:24.444+0000] {dag.py:3239} INFO - Sync 1 DAGs
[2025-03-09T06:07:24.459+0000] {logging_mixin.py:190} INFO - [2025-03-09T06:07:24.459+0000] {dag.py:4180} INFO - Setting next_dagrun for spark_orchestration to None, run_after=None
[2025-03-09T06:07:24.480+0000] {processor.py:208} INFO - Processing /opt/airflow/dags/spark_airflow.py took 0.091 seconds
[2025-03-09T06:07:56.465+0000] {processor.py:186} INFO - Started process (PID=6757) to work on /opt/airflow/dags/spark_airflow.py
[2025-03-09T06:07:56.466+0000] {processor.py:914} INFO - Processing file /opt/airflow/dags/spark_airflow.py for tasks to queue
[2025-03-09T06:07:56.468+0000] {logging_mixin.py:190} INFO - [2025-03-09T06:07:56.467+0000] {dagbag.py:588} INFO - Filling up the DagBag from /opt/airflow/dags/spark_airflow.py
[2025-03-09T06:07:56.482+0000] {processor.py:925} INFO - DAG(s) 'spark_orchestration' retrieved from /opt/airflow/dags/spark_airflow.py
[2025-03-09T06:07:56.509+0000] {logging_mixin.py:190} INFO - [2025-03-09T06:07:56.509+0000] {dag.py:3239} INFO - Sync 1 DAGs
[2025-03-09T06:07:56.522+0000] {logging_mixin.py:190} INFO - [2025-03-09T06:07:56.522+0000] {dag.py:4180} INFO - Setting next_dagrun for spark_orchestration to None, run_after=None
[2025-03-09T06:07:56.539+0000] {processor.py:208} INFO - Processing /opt/airflow/dags/spark_airflow.py took 0.078 seconds
[2025-03-09T06:08:29.435+0000] {processor.py:186} INFO - Started process (PID=6777) to work on /opt/airflow/dags/spark_airflow.py
[2025-03-09T06:08:29.436+0000] {processor.py:914} INFO - Processing file /opt/airflow/dags/spark_airflow.py for tasks to queue
[2025-03-09T06:08:29.438+0000] {logging_mixin.py:190} INFO - [2025-03-09T06:08:29.438+0000] {dagbag.py:588} INFO - Filling up the DagBag from /opt/airflow/dags/spark_airflow.py
[2025-03-09T06:08:29.453+0000] {processor.py:925} INFO - DAG(s) 'spark_orchestration' retrieved from /opt/airflow/dags/spark_airflow.py
[2025-03-09T06:08:29.479+0000] {logging_mixin.py:190} INFO - [2025-03-09T06:08:29.479+0000] {dag.py:3239} INFO - Sync 1 DAGs
[2025-03-09T06:08:29.491+0000] {logging_mixin.py:190} INFO - [2025-03-09T06:08:29.491+0000] {dag.py:4180} INFO - Setting next_dagrun for spark_orchestration to None, run_after=None
[2025-03-09T06:08:29.508+0000] {processor.py:208} INFO - Processing /opt/airflow/dags/spark_airflow.py took 0.078 seconds
[2025-03-09T06:09:01.137+0000] {processor.py:186} INFO - Started process (PID=6797) to work on /opt/airflow/dags/spark_airflow.py
[2025-03-09T06:09:01.138+0000] {processor.py:914} INFO - Processing file /opt/airflow/dags/spark_airflow.py for tasks to queue
[2025-03-09T06:09:01.140+0000] {logging_mixin.py:190} INFO - [2025-03-09T06:09:01.139+0000] {dagbag.py:588} INFO - Filling up the DagBag from /opt/airflow/dags/spark_airflow.py
[2025-03-09T06:09:01.156+0000] {processor.py:925} INFO - DAG(s) 'spark_orchestration' retrieved from /opt/airflow/dags/spark_airflow.py
[2025-03-09T06:09:01.182+0000] {logging_mixin.py:190} INFO - [2025-03-09T06:09:01.182+0000] {dag.py:3239} INFO - Sync 1 DAGs
[2025-03-09T06:09:01.195+0000] {logging_mixin.py:190} INFO - [2025-03-09T06:09:01.195+0000] {dag.py:4180} INFO - Setting next_dagrun for spark_orchestration to None, run_after=None
[2025-03-09T06:09:01.212+0000] {processor.py:208} INFO - Processing /opt/airflow/dags/spark_airflow.py took 0.081 seconds
[2025-03-09T06:09:33.933+0000] {processor.py:186} INFO - Started process (PID=6817) to work on /opt/airflow/dags/spark_airflow.py
[2025-03-09T06:09:33.934+0000] {processor.py:914} INFO - Processing file /opt/airflow/dags/spark_airflow.py for tasks to queue
[2025-03-09T06:09:33.935+0000] {logging_mixin.py:190} INFO - [2025-03-09T06:09:33.935+0000] {dagbag.py:588} INFO - Filling up the DagBag from /opt/airflow/dags/spark_airflow.py
[2025-03-09T06:09:33.950+0000] {processor.py:925} INFO - DAG(s) 'spark_orchestration' retrieved from /opt/airflow/dags/spark_airflow.py
[2025-03-09T06:09:33.975+0000] {logging_mixin.py:190} INFO - [2025-03-09T06:09:33.975+0000] {dag.py:3239} INFO - Sync 1 DAGs
[2025-03-09T06:09:33.988+0000] {logging_mixin.py:190} INFO - [2025-03-09T06:09:33.988+0000] {dag.py:4180} INFO - Setting next_dagrun for spark_orchestration to None, run_after=None
[2025-03-09T06:09:34.005+0000] {processor.py:208} INFO - Processing /opt/airflow/dags/spark_airflow.py took 0.078 seconds
[2025-03-09T06:10:05.838+0000] {processor.py:186} INFO - Started process (PID=6837) to work on /opt/airflow/dags/spark_airflow.py
[2025-03-09T06:10:05.839+0000] {processor.py:914} INFO - Processing file /opt/airflow/dags/spark_airflow.py for tasks to queue
[2025-03-09T06:10:05.840+0000] {logging_mixin.py:190} INFO - [2025-03-09T06:10:05.840+0000] {dagbag.py:588} INFO - Filling up the DagBag from /opt/airflow/dags/spark_airflow.py
[2025-03-09T06:10:05.855+0000] {processor.py:925} INFO - DAG(s) 'spark_orchestration' retrieved from /opt/airflow/dags/spark_airflow.py
[2025-03-09T06:10:05.879+0000] {logging_mixin.py:190} INFO - [2025-03-09T06:10:05.879+0000] {dag.py:3239} INFO - Sync 1 DAGs
[2025-03-09T06:10:05.892+0000] {logging_mixin.py:190} INFO - [2025-03-09T06:10:05.892+0000] {dag.py:4180} INFO - Setting next_dagrun for spark_orchestration to None, run_after=None
[2025-03-09T06:10:05.908+0000] {processor.py:208} INFO - Processing /opt/airflow/dags/spark_airflow.py took 0.075 seconds
[2025-03-09T06:10:38.776+0000] {processor.py:186} INFO - Started process (PID=6857) to work on /opt/airflow/dags/spark_airflow.py
[2025-03-09T06:10:38.777+0000] {processor.py:914} INFO - Processing file /opt/airflow/dags/spark_airflow.py for tasks to queue
[2025-03-09T06:10:38.779+0000] {logging_mixin.py:190} INFO - [2025-03-09T06:10:38.779+0000] {dagbag.py:588} INFO - Filling up the DagBag from /opt/airflow/dags/spark_airflow.py
[2025-03-09T06:10:38.794+0000] {processor.py:925} INFO - DAG(s) 'spark_orchestration' retrieved from /opt/airflow/dags/spark_airflow.py
[2025-03-09T06:10:38.820+0000] {logging_mixin.py:190} INFO - [2025-03-09T06:10:38.820+0000] {dag.py:3239} INFO - Sync 1 DAGs
[2025-03-09T06:10:38.833+0000] {logging_mixin.py:190} INFO - [2025-03-09T06:10:38.833+0000] {dag.py:4180} INFO - Setting next_dagrun for spark_orchestration to None, run_after=None
[2025-03-09T06:10:38.852+0000] {processor.py:208} INFO - Processing /opt/airflow/dags/spark_airflow.py took 0.081 seconds
[2025-03-09T06:11:10.637+0000] {processor.py:186} INFO - Started process (PID=6877) to work on /opt/airflow/dags/spark_airflow.py
[2025-03-09T06:11:10.637+0000] {processor.py:914} INFO - Processing file /opt/airflow/dags/spark_airflow.py for tasks to queue
[2025-03-09T06:11:10.639+0000] {logging_mixin.py:190} INFO - [2025-03-09T06:11:10.639+0000] {dagbag.py:588} INFO - Filling up the DagBag from /opt/airflow/dags/spark_airflow.py
[2025-03-09T06:11:10.654+0000] {processor.py:925} INFO - DAG(s) 'spark_orchestration' retrieved from /opt/airflow/dags/spark_airflow.py
[2025-03-09T06:11:10.679+0000] {logging_mixin.py:190} INFO - [2025-03-09T06:11:10.679+0000] {dag.py:3239} INFO - Sync 1 DAGs
[2025-03-09T06:11:10.692+0000] {logging_mixin.py:190} INFO - [2025-03-09T06:11:10.691+0000] {dag.py:4180} INFO - Setting next_dagrun for spark_orchestration to None, run_after=None
[2025-03-09T06:11:10.709+0000] {processor.py:208} INFO - Processing /opt/airflow/dags/spark_airflow.py took 0.078 seconds
[2025-03-09T06:11:43.420+0000] {processor.py:186} INFO - Started process (PID=6897) to work on /opt/airflow/dags/spark_airflow.py
[2025-03-09T06:11:43.421+0000] {processor.py:914} INFO - Processing file /opt/airflow/dags/spark_airflow.py for tasks to queue
[2025-03-09T06:11:43.422+0000] {logging_mixin.py:190} INFO - [2025-03-09T06:11:43.422+0000] {dagbag.py:588} INFO - Filling up the DagBag from /opt/airflow/dags/spark_airflow.py
[2025-03-09T06:11:43.438+0000] {processor.py:925} INFO - DAG(s) 'spark_orchestration' retrieved from /opt/airflow/dags/spark_airflow.py
[2025-03-09T06:11:43.463+0000] {logging_mixin.py:190} INFO - [2025-03-09T06:11:43.462+0000] {dag.py:3239} INFO - Sync 1 DAGs
[2025-03-09T06:11:43.475+0000] {logging_mixin.py:190} INFO - [2025-03-09T06:11:43.475+0000] {dag.py:4180} INFO - Setting next_dagrun for spark_orchestration to None, run_after=None
[2025-03-09T06:11:43.493+0000] {processor.py:208} INFO - Processing /opt/airflow/dags/spark_airflow.py took 0.078 seconds
[2025-03-09T06:12:13.765+0000] {processor.py:186} INFO - Started process (PID=6917) to work on /opt/airflow/dags/spark_airflow.py
[2025-03-09T06:12:13.765+0000] {processor.py:914} INFO - Processing file /opt/airflow/dags/spark_airflow.py for tasks to queue
[2025-03-09T06:12:13.767+0000] {logging_mixin.py:190} INFO - [2025-03-09T06:12:13.767+0000] {dagbag.py:588} INFO - Filling up the DagBag from /opt/airflow/dags/spark_airflow.py
[2025-03-09T06:12:13.782+0000] {processor.py:925} INFO - DAG(s) 'spark_orchestration' retrieved from /opt/airflow/dags/spark_airflow.py
[2025-03-09T06:12:13.807+0000] {logging_mixin.py:190} INFO - [2025-03-09T06:12:13.807+0000] {dag.py:3239} INFO - Sync 1 DAGs
[2025-03-09T06:12:13.820+0000] {logging_mixin.py:190} INFO - [2025-03-09T06:12:13.819+0000] {dag.py:4180} INFO - Setting next_dagrun for spark_orchestration to None, run_after=None
[2025-03-09T06:12:13.838+0000] {processor.py:208} INFO - Processing /opt/airflow/dags/spark_airflow.py took 0.079 seconds
[2025-03-09T06:12:46.202+0000] {processor.py:186} INFO - Started process (PID=6979) to work on /opt/airflow/dags/spark_airflow.py
[2025-03-09T06:12:46.204+0000] {processor.py:914} INFO - Processing file /opt/airflow/dags/spark_airflow.py for tasks to queue
[2025-03-09T06:12:46.207+0000] {logging_mixin.py:190} INFO - [2025-03-09T06:12:46.207+0000] {dagbag.py:588} INFO - Filling up the DagBag from /opt/airflow/dags/spark_airflow.py
[2025-03-09T06:12:46.232+0000] {processor.py:925} INFO - DAG(s) 'spark_orchestration' retrieved from /opt/airflow/dags/spark_airflow.py
[2025-03-09T06:12:46.279+0000] {logging_mixin.py:190} INFO - [2025-03-09T06:12:46.278+0000] {dag.py:3239} INFO - Sync 1 DAGs
[2025-03-09T06:12:46.307+0000] {logging_mixin.py:190} INFO - [2025-03-09T06:12:46.307+0000] {dag.py:4180} INFO - Setting next_dagrun for spark_orchestration to None, run_after=None
[2025-03-09T06:12:46.343+0000] {processor.py:208} INFO - Processing /opt/airflow/dags/spark_airflow.py took 0.152 seconds
[2025-03-09T06:13:16.691+0000] {processor.py:186} INFO - Started process (PID=6999) to work on /opt/airflow/dags/spark_airflow.py
[2025-03-09T06:13:16.732+0000] {processor.py:914} INFO - Processing file /opt/airflow/dags/spark_airflow.py for tasks to queue
[2025-03-09T06:13:16.735+0000] {logging_mixin.py:190} INFO - [2025-03-09T06:13:16.735+0000] {dagbag.py:588} INFO - Filling up the DagBag from /opt/airflow/dags/spark_airflow.py
[2025-03-09T06:13:16.782+0000] {processor.py:925} INFO - DAG(s) 'spark_orchestration' retrieved from /opt/airflow/dags/spark_airflow.py
[2025-03-09T06:13:16.831+0000] {logging_mixin.py:190} INFO - [2025-03-09T06:13:16.830+0000] {dag.py:3239} INFO - Sync 1 DAGs
[2025-03-09T06:13:16.850+0000] {logging_mixin.py:190} INFO - [2025-03-09T06:13:16.850+0000] {dag.py:4180} INFO - Setting next_dagrun for spark_orchestration to None, run_after=None
[2025-03-09T06:13:16.873+0000] {processor.py:208} INFO - Processing /opt/airflow/dags/spark_airflow.py took 0.198 seconds
[2025-03-09T06:13:47.122+0000] {processor.py:186} INFO - Started process (PID=7019) to work on /opt/airflow/dags/spark_airflow.py
[2025-03-09T06:13:47.154+0000] {processor.py:914} INFO - Processing file /opt/airflow/dags/spark_airflow.py for tasks to queue
[2025-03-09T06:13:47.159+0000] {logging_mixin.py:190} INFO - [2025-03-09T06:13:47.158+0000] {dagbag.py:588} INFO - Filling up the DagBag from /opt/airflow/dags/spark_airflow.py
[2025-03-09T06:13:47.195+0000] {processor.py:925} INFO - DAG(s) 'spark_orchestration' retrieved from /opt/airflow/dags/spark_airflow.py
[2025-03-09T06:13:47.229+0000] {logging_mixin.py:190} INFO - [2025-03-09T06:13:47.228+0000] {dag.py:3239} INFO - Sync 1 DAGs
[2025-03-09T06:13:47.249+0000] {logging_mixin.py:190} INFO - [2025-03-09T06:13:47.248+0000] {dag.py:4180} INFO - Setting next_dagrun for spark_orchestration to None, run_after=None
[2025-03-09T06:13:47.269+0000] {processor.py:208} INFO - Processing /opt/airflow/dags/spark_airflow.py took 0.166 seconds
[2025-03-09T06:14:32.549+0000] {processor.py:186} INFO - Started process (PID=7037) to work on /opt/airflow/dags/spark_airflow.py
[2025-03-09T06:14:45.004+0000] {processor.py:914} INFO - Processing file /opt/airflow/dags/spark_airflow.py for tasks to queue
[2025-03-09T06:14:45.765+0000] {logging_mixin.py:190} INFO - [2025-03-09T06:14:45.764+0000] {dagbag.py:588} INFO - Filling up the DagBag from /opt/airflow/dags/spark_airflow.py
[2025-03-09T06:15:06.703+0000] {processor.py:925} INFO - DAG(s) 'spark_orchestration' retrieved from /opt/airflow/dags/spark_airflow.py
[2025-03-09T06:15:15.796+0000] {logging_mixin.py:190} INFO - [2025-03-09T06:15:15.796+0000] {dag.py:3239} INFO - Sync 1 DAGs
[2025-03-09T06:15:17.188+0000] {logging_mixin.py:190} INFO - [2025-03-09T06:15:17.187+0000] {dag.py:4180} INFO - Setting next_dagrun for spark_orchestration to None, run_after=None
[2025-03-09T06:15:17.800+0000] {processor.py:208} INFO - Processing /opt/airflow/dags/spark_airflow.py took 41.370 seconds
[2025-03-09T06:15:48.325+0000] {processor.py:186} INFO - Started process (PID=7058) to work on /opt/airflow/dags/spark_airflow.py
[2025-03-09T06:15:48.335+0000] {processor.py:914} INFO - Processing file /opt/airflow/dags/spark_airflow.py for tasks to queue
[2025-03-09T06:15:48.338+0000] {logging_mixin.py:190} INFO - [2025-03-09T06:15:48.338+0000] {dagbag.py:588} INFO - Filling up the DagBag from /opt/airflow/dags/spark_airflow.py
[2025-03-09T06:15:48.611+0000] {processor.py:925} INFO - DAG(s) 'spark_orchestration' retrieved from /opt/airflow/dags/spark_airflow.py
[2025-03-09T06:15:48.655+0000] {logging_mixin.py:190} INFO - [2025-03-09T06:15:48.654+0000] {dag.py:3239} INFO - Sync 1 DAGs
[2025-03-09T06:15:48.675+0000] {logging_mixin.py:190} INFO - [2025-03-09T06:15:48.674+0000] {dag.py:4180} INFO - Setting next_dagrun for spark_orchestration to None, run_after=None
[2025-03-09T06:15:48.707+0000] {processor.py:208} INFO - Processing /opt/airflow/dags/spark_airflow.py took 0.395 seconds
[2025-03-09T06:16:19.104+0000] {processor.py:186} INFO - Started process (PID=7078) to work on /opt/airflow/dags/spark_airflow.py
[2025-03-09T06:16:19.111+0000] {processor.py:914} INFO - Processing file /opt/airflow/dags/spark_airflow.py for tasks to queue
[2025-03-09T06:16:19.114+0000] {logging_mixin.py:190} INFO - [2025-03-09T06:16:19.113+0000] {dagbag.py:588} INFO - Filling up the DagBag from /opt/airflow/dags/spark_airflow.py
[2025-03-09T06:16:19.138+0000] {processor.py:925} INFO - DAG(s) 'spark_orchestration' retrieved from /opt/airflow/dags/spark_airflow.py
[2025-03-09T06:16:19.180+0000] {logging_mixin.py:190} INFO - [2025-03-09T06:16:19.179+0000] {dag.py:3239} INFO - Sync 1 DAGs
[2025-03-09T06:16:19.198+0000] {logging_mixin.py:190} INFO - [2025-03-09T06:16:19.197+0000] {dag.py:4180} INFO - Setting next_dagrun for spark_orchestration to None, run_after=None
[2025-03-09T06:16:19.222+0000] {processor.py:208} INFO - Processing /opt/airflow/dags/spark_airflow.py took 0.128 seconds
[2025-03-09T06:16:49.503+0000] {processor.py:186} INFO - Started process (PID=7098) to work on /opt/airflow/dags/spark_airflow.py
[2025-03-09T06:16:49.567+0000] {processor.py:914} INFO - Processing file /opt/airflow/dags/spark_airflow.py for tasks to queue
[2025-03-09T06:16:49.570+0000] {logging_mixin.py:190} INFO - [2025-03-09T06:16:49.569+0000] {dagbag.py:588} INFO - Filling up the DagBag from /opt/airflow/dags/spark_airflow.py
[2025-03-09T06:16:49.742+0000] {processor.py:925} INFO - DAG(s) 'spark_orchestration' retrieved from /opt/airflow/dags/spark_airflow.py
[2025-03-09T06:16:49.767+0000] {logging_mixin.py:190} INFO - [2025-03-09T06:16:49.767+0000] {dag.py:3239} INFO - Sync 1 DAGs
[2025-03-09T06:16:49.780+0000] {logging_mixin.py:190} INFO - [2025-03-09T06:16:49.780+0000] {dag.py:4180} INFO - Setting next_dagrun for spark_orchestration to None, run_after=None
[2025-03-09T06:16:49.803+0000] {processor.py:208} INFO - Processing /opt/airflow/dags/spark_airflow.py took 0.309 seconds
[2025-03-09T06:17:20.466+0000] {processor.py:186} INFO - Started process (PID=7118) to work on /opt/airflow/dags/spark_airflow.py
[2025-03-09T06:17:20.738+0000] {processor.py:914} INFO - Processing file /opt/airflow/dags/spark_airflow.py for tasks to queue
[2025-03-09T06:17:20.741+0000] {logging_mixin.py:190} INFO - [2025-03-09T06:17:20.741+0000] {dagbag.py:588} INFO - Filling up the DagBag from /opt/airflow/dags/spark_airflow.py
[2025-03-09T06:17:20.776+0000] {processor.py:925} INFO - DAG(s) 'spark_orchestration' retrieved from /opt/airflow/dags/spark_airflow.py
[2025-03-09T06:17:20.815+0000] {logging_mixin.py:190} INFO - [2025-03-09T06:17:20.815+0000] {dag.py:3239} INFO - Sync 1 DAGs
[2025-03-09T06:17:20.832+0000] {logging_mixin.py:190} INFO - [2025-03-09T06:17:20.832+0000] {dag.py:4180} INFO - Setting next_dagrun for spark_orchestration to None, run_after=None
[2025-03-09T06:17:20.852+0000] {processor.py:208} INFO - Processing /opt/airflow/dags/spark_airflow.py took 0.397 seconds
[2025-03-09T06:17:51.293+0000] {processor.py:186} INFO - Started process (PID=7138) to work on /opt/airflow/dags/spark_airflow.py
[2025-03-09T06:17:51.353+0000] {processor.py:914} INFO - Processing file /opt/airflow/dags/spark_airflow.py for tasks to queue
[2025-03-09T06:17:51.356+0000] {logging_mixin.py:190} INFO - [2025-03-09T06:17:51.356+0000] {dagbag.py:588} INFO - Filling up the DagBag from /opt/airflow/dags/spark_airflow.py
[2025-03-09T06:17:51.394+0000] {processor.py:925} INFO - DAG(s) 'spark_orchestration' retrieved from /opt/airflow/dags/spark_airflow.py
[2025-03-09T06:17:51.440+0000] {logging_mixin.py:190} INFO - [2025-03-09T06:17:51.440+0000] {dag.py:3239} INFO - Sync 1 DAGs
[2025-03-09T06:17:51.456+0000] {logging_mixin.py:190} INFO - [2025-03-09T06:17:51.456+0000] {dag.py:4180} INFO - Setting next_dagrun for spark_orchestration to None, run_after=None
[2025-03-09T06:17:51.486+0000] {processor.py:208} INFO - Processing /opt/airflow/dags/spark_airflow.py took 0.203 seconds
[2025-03-09T06:18:21.856+0000] {processor.py:186} INFO - Started process (PID=7158) to work on /opt/airflow/dags/spark_airflow.py
[2025-03-09T06:18:21.865+0000] {processor.py:914} INFO - Processing file /opt/airflow/dags/spark_airflow.py for tasks to queue
[2025-03-09T06:18:21.868+0000] {logging_mixin.py:190} INFO - [2025-03-09T06:18:21.868+0000] {dagbag.py:588} INFO - Filling up the DagBag from /opt/airflow/dags/spark_airflow.py
[2025-03-09T06:18:21.931+0000] {processor.py:925} INFO - DAG(s) 'spark_orchestration' retrieved from /opt/airflow/dags/spark_airflow.py
[2025-03-09T06:18:21.972+0000] {logging_mixin.py:190} INFO - [2025-03-09T06:18:21.971+0000] {dag.py:3239} INFO - Sync 1 DAGs
[2025-03-09T06:18:21.993+0000] {logging_mixin.py:190} INFO - [2025-03-09T06:18:21.992+0000] {dag.py:4180} INFO - Setting next_dagrun for spark_orchestration to None, run_after=None
[2025-03-09T06:18:22.029+0000] {processor.py:208} INFO - Processing /opt/airflow/dags/spark_airflow.py took 0.179 seconds
[2025-03-09T06:18:52.697+0000] {processor.py:186} INFO - Started process (PID=7178) to work on /opt/airflow/dags/spark_airflow.py
[2025-03-09T06:18:52.780+0000] {processor.py:914} INFO - Processing file /opt/airflow/dags/spark_airflow.py for tasks to queue
[2025-03-09T06:18:52.783+0000] {logging_mixin.py:190} INFO - [2025-03-09T06:18:52.782+0000] {dagbag.py:588} INFO - Filling up the DagBag from /opt/airflow/dags/spark_airflow.py
[2025-03-09T06:18:52.806+0000] {processor.py:925} INFO - DAG(s) 'spark_orchestration' retrieved from /opt/airflow/dags/spark_airflow.py
[2025-03-09T06:18:58.066+0000] {logging_mixin.py:190} INFO - [2025-03-09T06:18:58.066+0000] {dag.py:3239} INFO - Sync 1 DAGs
[2025-03-09T06:19:00.685+0000] {logging_mixin.py:190} INFO - [2025-03-09T06:19:00.684+0000] {dag.py:4180} INFO - Setting next_dagrun for spark_orchestration to None, run_after=None
[2025-03-09T06:19:01.121+0000] {processor.py:208} INFO - Processing /opt/airflow/dags/spark_airflow.py took 8.431 seconds
[2025-03-09T06:19:31.546+0000] {processor.py:186} INFO - Started process (PID=7199) to work on /opt/airflow/dags/spark_airflow.py
[2025-03-09T06:19:31.574+0000] {processor.py:914} INFO - Processing file /opt/airflow/dags/spark_airflow.py for tasks to queue
[2025-03-09T06:19:31.577+0000] {logging_mixin.py:190} INFO - [2025-03-09T06:19:31.577+0000] {dagbag.py:588} INFO - Filling up the DagBag from /opt/airflow/dags/spark_airflow.py
[2025-03-09T06:19:31.652+0000] {processor.py:925} INFO - DAG(s) 'spark_orchestration' retrieved from /opt/airflow/dags/spark_airflow.py
[2025-03-09T06:19:31.690+0000] {logging_mixin.py:190} INFO - [2025-03-09T06:19:31.689+0000] {dag.py:3239} INFO - Sync 1 DAGs
[2025-03-09T06:19:31.783+0000] {logging_mixin.py:190} INFO - [2025-03-09T06:19:31.782+0000] {dag.py:4180} INFO - Setting next_dagrun for spark_orchestration to None, run_after=None
[2025-03-09T06:19:31.812+0000] {processor.py:208} INFO - Processing /opt/airflow/dags/spark_airflow.py took 0.273 seconds
[2025-03-09T06:20:02.290+0000] {processor.py:186} INFO - Started process (PID=7219) to work on /opt/airflow/dags/spark_airflow.py
[2025-03-09T06:20:02.890+0000] {processor.py:914} INFO - Processing file /opt/airflow/dags/spark_airflow.py for tasks to queue
[2025-03-09T06:20:02.892+0000] {logging_mixin.py:190} INFO - [2025-03-09T06:20:02.891+0000] {dagbag.py:588} INFO - Filling up the DagBag from /opt/airflow/dags/spark_airflow.py
[2025-03-09T06:20:03.010+0000] {processor.py:925} INFO - DAG(s) 'spark_orchestration' retrieved from /opt/airflow/dags/spark_airflow.py
[2025-03-09T06:20:03.037+0000] {logging_mixin.py:190} INFO - [2025-03-09T06:20:03.037+0000] {dag.py:3239} INFO - Sync 1 DAGs
[2025-03-09T06:20:03.049+0000] {logging_mixin.py:190} INFO - [2025-03-09T06:20:03.049+0000] {dag.py:4180} INFO - Setting next_dagrun for spark_orchestration to None, run_after=None
[2025-03-09T06:20:03.066+0000] {processor.py:208} INFO - Processing /opt/airflow/dags/spark_airflow.py took 0.781 seconds
[2025-03-09T06:20:47.565+0000] {processor.py:186} INFO - Started process (PID=7239) to work on /opt/airflow/dags/spark_airflow.py
[2025-03-09T06:20:47.579+0000] {processor.py:914} INFO - Processing file /opt/airflow/dags/spark_airflow.py for tasks to queue
[2025-03-09T06:20:47.582+0000] {logging_mixin.py:190} INFO - [2025-03-09T06:20:47.582+0000] {dagbag.py:588} INFO - Filling up the DagBag from /opt/airflow/dags/spark_airflow.py
[2025-03-09T06:20:58.136+0000] {processor.py:925} INFO - DAG(s) 'spark_orchestration' retrieved from /opt/airflow/dags/spark_airflow.py
[2025-03-09T06:20:58.194+0000] {logging_mixin.py:190} INFO - [2025-03-09T06:20:58.193+0000] {dag.py:3239} INFO - Sync 1 DAGs
[2025-03-09T06:20:58.235+0000] {logging_mixin.py:190} INFO - [2025-03-09T06:20:58.234+0000] {dag.py:4180} INFO - Setting next_dagrun for spark_orchestration to None, run_after=None
[2025-03-09T06:21:15.206+0000] {processor.py:208} INFO - Processing /opt/airflow/dags/spark_airflow.py took 40.733 seconds
[2025-03-09T06:21:46.337+0000] {processor.py:186} INFO - Started process (PID=7262) to work on /opt/airflow/dags/spark_airflow.py
[2025-03-09T06:21:46.425+0000] {processor.py:914} INFO - Processing file /opt/airflow/dags/spark_airflow.py for tasks to queue
[2025-03-09T06:21:46.427+0000] {logging_mixin.py:190} INFO - [2025-03-09T06:21:46.427+0000] {dagbag.py:588} INFO - Filling up the DagBag from /opt/airflow/dags/spark_airflow.py
[2025-03-09T06:21:46.464+0000] {processor.py:925} INFO - DAG(s) 'spark_orchestration' retrieved from /opt/airflow/dags/spark_airflow.py
[2025-03-09T06:21:46.493+0000] {logging_mixin.py:190} INFO - [2025-03-09T06:21:46.493+0000] {dag.py:3239} INFO - Sync 1 DAGs
[2025-03-09T06:21:46.510+0000] {logging_mixin.py:190} INFO - [2025-03-09T06:21:46.510+0000] {dag.py:4180} INFO - Setting next_dagrun for spark_orchestration to None, run_after=None
[2025-03-09T06:21:46.536+0000] {processor.py:208} INFO - Processing /opt/airflow/dags/spark_airflow.py took 0.209 seconds
[2025-03-09T06:22:16.728+0000] {processor.py:186} INFO - Started process (PID=7282) to work on /opt/airflow/dags/spark_airflow.py
[2025-03-09T06:22:16.826+0000] {processor.py:914} INFO - Processing file /opt/airflow/dags/spark_airflow.py for tasks to queue
[2025-03-09T06:22:16.829+0000] {logging_mixin.py:190} INFO - [2025-03-09T06:22:16.829+0000] {dagbag.py:588} INFO - Filling up the DagBag from /opt/airflow/dags/spark_airflow.py
[2025-03-09T06:22:16.866+0000] {processor.py:925} INFO - DAG(s) 'spark_orchestration' retrieved from /opt/airflow/dags/spark_airflow.py
[2025-03-09T06:22:16.906+0000] {logging_mixin.py:190} INFO - [2025-03-09T06:22:16.906+0000] {dag.py:3239} INFO - Sync 1 DAGs
[2025-03-09T06:22:16.930+0000] {logging_mixin.py:190} INFO - [2025-03-09T06:22:16.930+0000] {dag.py:4180} INFO - Setting next_dagrun for spark_orchestration to None, run_after=None
[2025-03-09T06:22:16.957+0000] {processor.py:208} INFO - Processing /opt/airflow/dags/spark_airflow.py took 0.236 seconds
[2025-03-09T06:22:47.502+0000] {processor.py:186} INFO - Started process (PID=7302) to work on /opt/airflow/dags/spark_airflow.py
[2025-03-09T06:22:47.540+0000] {processor.py:914} INFO - Processing file /opt/airflow/dags/spark_airflow.py for tasks to queue
[2025-03-09T06:22:47.543+0000] {logging_mixin.py:190} INFO - [2025-03-09T06:22:47.543+0000] {dagbag.py:588} INFO - Filling up the DagBag from /opt/airflow/dags/spark_airflow.py
[2025-03-09T06:22:47.744+0000] {processor.py:925} INFO - DAG(s) 'spark_orchestration' retrieved from /opt/airflow/dags/spark_airflow.py
[2025-03-09T06:22:47.794+0000] {logging_mixin.py:190} INFO - [2025-03-09T06:22:47.794+0000] {dag.py:3239} INFO - Sync 1 DAGs
[2025-03-09T06:22:47.811+0000] {logging_mixin.py:190} INFO - [2025-03-09T06:22:47.811+0000] {dag.py:4180} INFO - Setting next_dagrun for spark_orchestration to None, run_after=None
[2025-03-09T06:22:47.843+0000] {processor.py:208} INFO - Processing /opt/airflow/dags/spark_airflow.py took 0.350 seconds
[2025-03-09T06:23:18.595+0000] {processor.py:186} INFO - Started process (PID=7322) to work on /opt/airflow/dags/spark_airflow.py
[2025-03-09T06:23:18.621+0000] {processor.py:914} INFO - Processing file /opt/airflow/dags/spark_airflow.py for tasks to queue
[2025-03-09T06:23:18.626+0000] {logging_mixin.py:190} INFO - [2025-03-09T06:23:18.625+0000] {dagbag.py:588} INFO - Filling up the DagBag from /opt/airflow/dags/spark_airflow.py
[2025-03-09T06:23:18.675+0000] {processor.py:925} INFO - DAG(s) 'spark_orchestration' retrieved from /opt/airflow/dags/spark_airflow.py
[2025-03-09T06:23:18.719+0000] {logging_mixin.py:190} INFO - [2025-03-09T06:23:18.719+0000] {dag.py:3239} INFO - Sync 1 DAGs
[2025-03-09T06:23:18.739+0000] {logging_mixin.py:190} INFO - [2025-03-09T06:23:18.738+0000] {dag.py:4180} INFO - Setting next_dagrun for spark_orchestration to None, run_after=None
[2025-03-09T06:23:18.772+0000] {processor.py:208} INFO - Processing /opt/airflow/dags/spark_airflow.py took 0.186 seconds
[2025-03-09T06:23:49.152+0000] {processor.py:186} INFO - Started process (PID=7342) to work on /opt/airflow/dags/spark_airflow.py
[2025-03-09T06:23:49.241+0000] {processor.py:914} INFO - Processing file /opt/airflow/dags/spark_airflow.py for tasks to queue
[2025-03-09T06:23:49.243+0000] {logging_mixin.py:190} INFO - [2025-03-09T06:23:49.243+0000] {dagbag.py:588} INFO - Filling up the DagBag from /opt/airflow/dags/spark_airflow.py
[2025-03-09T06:23:49.442+0000] {processor.py:925} INFO - DAG(s) 'spark_orchestration' retrieved from /opt/airflow/dags/spark_airflow.py
[2025-03-09T06:23:49.478+0000] {logging_mixin.py:190} INFO - [2025-03-09T06:23:49.478+0000] {dag.py:3239} INFO - Sync 1 DAGs
[2025-03-09T06:23:49.496+0000] {logging_mixin.py:190} INFO - [2025-03-09T06:23:49.496+0000] {dag.py:4180} INFO - Setting next_dagrun for spark_orchestration to None, run_after=None
[2025-03-09T06:23:49.520+0000] {processor.py:208} INFO - Processing /opt/airflow/dags/spark_airflow.py took 0.375 seconds
[2025-03-09T06:24:20.269+0000] {processor.py:186} INFO - Started process (PID=7362) to work on /opt/airflow/dags/spark_airflow.py
[2025-03-09T06:24:20.347+0000] {processor.py:914} INFO - Processing file /opt/airflow/dags/spark_airflow.py for tasks to queue
[2025-03-09T06:24:20.350+0000] {logging_mixin.py:190} INFO - [2025-03-09T06:24:20.349+0000] {dagbag.py:588} INFO - Filling up the DagBag from /opt/airflow/dags/spark_airflow.py
[2025-03-09T06:24:20.424+0000] {processor.py:925} INFO - DAG(s) 'spark_orchestration' retrieved from /opt/airflow/dags/spark_airflow.py
[2025-03-09T06:24:20.452+0000] {logging_mixin.py:190} INFO - [2025-03-09T06:24:20.452+0000] {dag.py:3239} INFO - Sync 1 DAGs
[2025-03-09T06:24:20.466+0000] {logging_mixin.py:190} INFO - [2025-03-09T06:24:20.466+0000] {dag.py:4180} INFO - Setting next_dagrun for spark_orchestration to None, run_after=None
[2025-03-09T06:24:20.486+0000] {processor.py:208} INFO - Processing /opt/airflow/dags/spark_airflow.py took 0.223 seconds
[2025-03-09T06:24:50.832+0000] {processor.py:186} INFO - Started process (PID=7384) to work on /opt/airflow/dags/spark_airflow.py
[2025-03-09T06:24:50.875+0000] {processor.py:914} INFO - Processing file /opt/airflow/dags/spark_airflow.py for tasks to queue
[2025-03-09T06:24:50.878+0000] {logging_mixin.py:190} INFO - [2025-03-09T06:24:50.877+0000] {dagbag.py:588} INFO - Filling up the DagBag from /opt/airflow/dags/spark_airflow.py
[2025-03-09T06:24:50.900+0000] {processor.py:925} INFO - DAG(s) 'spark_orchestration' retrieved from /opt/airflow/dags/spark_airflow.py
[2025-03-09T06:24:50.931+0000] {logging_mixin.py:190} INFO - [2025-03-09T06:24:50.931+0000] {dag.py:3239} INFO - Sync 1 DAGs
[2025-03-09T06:24:50.945+0000] {logging_mixin.py:190} INFO - [2025-03-09T06:24:50.945+0000] {dag.py:4180} INFO - Setting next_dagrun for spark_orchestration to None, run_after=None
[2025-03-09T06:24:50.970+0000] {processor.py:208} INFO - Processing /opt/airflow/dags/spark_airflow.py took 0.143 seconds
[2025-03-09T06:25:21.139+0000] {processor.py:186} INFO - Started process (PID=7404) to work on /opt/airflow/dags/spark_airflow.py
[2025-03-09T06:25:21.151+0000] {processor.py:914} INFO - Processing file /opt/airflow/dags/spark_airflow.py for tasks to queue
[2025-03-09T06:25:21.154+0000] {logging_mixin.py:190} INFO - [2025-03-09T06:25:21.153+0000] {dagbag.py:588} INFO - Filling up the DagBag from /opt/airflow/dags/spark_airflow.py
[2025-03-09T06:25:21.173+0000] {processor.py:925} INFO - DAG(s) 'spark_orchestration' retrieved from /opt/airflow/dags/spark_airflow.py
[2025-03-09T06:25:21.211+0000] {logging_mixin.py:190} INFO - [2025-03-09T06:25:21.211+0000] {dag.py:3239} INFO - Sync 1 DAGs
[2025-03-09T06:25:21.226+0000] {logging_mixin.py:190} INFO - [2025-03-09T06:25:21.226+0000] {dag.py:4180} INFO - Setting next_dagrun for spark_orchestration to None, run_after=None
[2025-03-09T06:25:21.243+0000] {processor.py:208} INFO - Processing /opt/airflow/dags/spark_airflow.py took 0.111 seconds
