[2025-04-22T05:04:31.579+0000] {processor.py:186} INFO - Started process (PID=2576) to work on /opt/airflow/dags/dqc_airflow.py
[2025-04-22T05:04:31.579+0000] {processor.py:914} INFO - Processing file /opt/airflow/dags/dqc_airflow.py for tasks to queue
[2025-04-22T05:04:31.581+0000] {logging_mixin.py:190} INFO - [2025-04-22T05:04:31.581+0000] {dagbag.py:588} INFO - Filling up the DagBag from /opt/airflow/dags/dqc_airflow.py
[2025-04-22T05:04:31.596+0000] {processor.py:925} INFO - DAG(s) 'DataQualityOrchestration' retrieved from /opt/airflow/dags/dqc_airflow.py
[2025-04-22T05:04:31.618+0000] {logging_mixin.py:190} INFO - [2025-04-22T05:04:31.617+0000] {dag.py:3239} INFO - Sync 1 DAGs
[2025-04-22T05:04:31.630+0000] {logging_mixin.py:190} INFO - [2025-04-22T05:04:31.630+0000] {dag.py:4180} INFO - Setting next_dagrun for DataQualityOrchestration to None, run_after=None
[2025-04-22T05:04:31.645+0000] {processor.py:208} INFO - Processing /opt/airflow/dags/dqc_airflow.py took 0.071 seconds
[2025-04-22T05:05:01.767+0000] {processor.py:186} INFO - Started process (PID=2613) to work on /opt/airflow/dags/dqc_airflow.py
[2025-04-22T05:05:01.767+0000] {processor.py:914} INFO - Processing file /opt/airflow/dags/dqc_airflow.py for tasks to queue
[2025-04-22T05:05:01.769+0000] {logging_mixin.py:190} INFO - [2025-04-22T05:05:01.769+0000] {dagbag.py:588} INFO - Filling up the DagBag from /opt/airflow/dags/dqc_airflow.py
[2025-04-22T05:05:01.783+0000] {processor.py:925} INFO - DAG(s) 'DataQualityOrchestration' retrieved from /opt/airflow/dags/dqc_airflow.py
[2025-04-22T05:05:01.804+0000] {logging_mixin.py:190} INFO - [2025-04-22T05:05:01.804+0000] {dag.py:3239} INFO - Sync 1 DAGs
[2025-04-22T05:05:01.814+0000] {logging_mixin.py:190} INFO - [2025-04-22T05:05:01.814+0000] {dag.py:4180} INFO - Setting next_dagrun for DataQualityOrchestration to None, run_after=None
[2025-04-22T05:05:01.827+0000] {processor.py:208} INFO - Processing /opt/airflow/dags/dqc_airflow.py took 0.065 seconds
[2025-04-22T05:05:31.925+0000] {processor.py:186} INFO - Started process (PID=2648) to work on /opt/airflow/dags/dqc_airflow.py
[2025-04-22T05:05:31.926+0000] {processor.py:914} INFO - Processing file /opt/airflow/dags/dqc_airflow.py for tasks to queue
[2025-04-22T05:05:31.927+0000] {logging_mixin.py:190} INFO - [2025-04-22T05:05:31.927+0000] {dagbag.py:588} INFO - Filling up the DagBag from /opt/airflow/dags/dqc_airflow.py
[2025-04-22T05:05:31.941+0000] {processor.py:925} INFO - DAG(s) 'DataQualityOrchestration' retrieved from /opt/airflow/dags/dqc_airflow.py
[2025-04-22T05:05:31.961+0000] {logging_mixin.py:190} INFO - [2025-04-22T05:05:31.960+0000] {dag.py:3239} INFO - Sync 1 DAGs
[2025-04-22T05:05:31.971+0000] {logging_mixin.py:190} INFO - [2025-04-22T05:05:31.971+0000] {dag.py:4180} INFO - Setting next_dagrun for DataQualityOrchestration to None, run_after=None
[2025-04-22T05:05:31.985+0000] {processor.py:208} INFO - Processing /opt/airflow/dags/dqc_airflow.py took 0.064 seconds
