[2025-04-22T05:04:31.472+0000] {processor.py:186} INFO - Started process (PID=2568) to work on /opt/airflow/dags/executeremote.py
[2025-04-22T05:04:31.473+0000] {processor.py:914} INFO - Processing file /opt/airflow/dags/executeremote.py for tasks to queue
[2025-04-22T05:04:31.475+0000] {logging_mixin.py:190} INFO - [2025-04-22T05:04:31.474+0000] {dagbag.py:588} INFO - Filling up the DagBag from /opt/airflow/dags/executeremote.py
[2025-04-22T05:04:31.531+0000] {processor.py:925} INFO - DAG(s) 'ssh_to_host_with_paramiko' retrieved from /opt/airflow/dags/executeremote.py
[2025-04-22T05:04:31.552+0000] {logging_mixin.py:190} INFO - [2025-04-22T05:04:31.551+0000] {dag.py:3239} INFO - Sync 1 DAGs
[2025-04-22T05:04:31.565+0000] {logging_mixin.py:190} INFO - [2025-04-22T05:04:31.565+0000] {dag.py:4180} INFO - Setting next_dagrun for ssh_to_host_with_paramiko to None, run_after=None
[2025-04-22T05:04:31.582+0000] {processor.py:208} INFO - Processing /opt/airflow/dags/executeremote.py took 0.115 seconds
[2025-04-22T05:05:01.630+0000] {processor.py:186} INFO - Started process (PID=2603) to work on /opt/airflow/dags/executeremote.py
[2025-04-22T05:05:01.631+0000] {processor.py:914} INFO - Processing file /opt/airflow/dags/executeremote.py for tasks to queue
[2025-04-22T05:05:01.632+0000] {logging_mixin.py:190} INFO - [2025-04-22T05:05:01.632+0000] {dagbag.py:588} INFO - Filling up the DagBag from /opt/airflow/dags/executeremote.py
[2025-04-22T05:05:01.685+0000] {processor.py:925} INFO - DAG(s) 'ssh_to_host_with_paramiko' retrieved from /opt/airflow/dags/executeremote.py
[2025-04-22T05:05:01.707+0000] {logging_mixin.py:190} INFO - [2025-04-22T05:05:01.707+0000] {dag.py:3239} INFO - Sync 1 DAGs
[2025-04-22T05:05:01.719+0000] {logging_mixin.py:190} INFO - [2025-04-22T05:05:01.719+0000] {dag.py:4180} INFO - Setting next_dagrun for ssh_to_host_with_paramiko to None, run_after=None
[2025-04-22T05:05:01.735+0000] {processor.py:208} INFO - Processing /opt/airflow/dags/executeremote.py took 0.110 seconds
[2025-04-22T05:05:31.800+0000] {processor.py:186} INFO - Started process (PID=2638) to work on /opt/airflow/dags/executeremote.py
[2025-04-22T05:05:31.800+0000] {processor.py:914} INFO - Processing file /opt/airflow/dags/executeremote.py for tasks to queue
[2025-04-22T05:05:31.802+0000] {logging_mixin.py:190} INFO - [2025-04-22T05:05:31.802+0000] {dagbag.py:588} INFO - Filling up the DagBag from /opt/airflow/dags/executeremote.py
[2025-04-22T05:05:31.853+0000] {processor.py:925} INFO - DAG(s) 'ssh_to_host_with_paramiko' retrieved from /opt/airflow/dags/executeremote.py
[2025-04-22T05:05:31.871+0000] {logging_mixin.py:190} INFO - [2025-04-22T05:05:31.871+0000] {dag.py:3239} INFO - Sync 1 DAGs
[2025-04-22T05:05:31.882+0000] {logging_mixin.py:190} INFO - [2025-04-22T05:05:31.881+0000] {dag.py:4180} INFO - Setting next_dagrun for ssh_to_host_with_paramiko to None, run_after=None
[2025-04-22T05:05:31.895+0000] {processor.py:208} INFO - Processing /opt/airflow/dags/executeremote.py took 0.101 seconds
