[2025-04-22T05:04:43.735+0000] {processor.py:186} INFO - Started process (PID=2583) to work on /opt/airflow/dags/parameterDAG.py
[2025-04-22T05:04:43.736+0000] {processor.py:914} INFO - Processing file /opt/airflow/dags/parameterDAG.py for tasks to queue
[2025-04-22T05:04:43.738+0000] {logging_mixin.py:190} INFO - [2025-04-22T05:04:43.737+0000] {dagbag.py:588} INFO - Filling up the DagBag from /opt/airflow/dags/parameterDAG.py
[2025-04-22T05:04:43.751+0000] {processor.py:925} INFO - DAG(s) 'parameterDAG' retrieved from /opt/airflow/dags/parameterDAG.py
[2025-04-22T05:04:43.771+0000] {logging_mixin.py:190} INFO - [2025-04-22T05:04:43.771+0000] {dag.py:3239} INFO - Sync 1 DAGs
[2025-04-22T05:04:43.783+0000] {logging_mixin.py:190} INFO - [2025-04-22T05:04:43.783+0000] {dag.py:4180} INFO - Setting next_dagrun for parameterDAG to None, run_after=None
[2025-04-22T05:04:43.797+0000] {processor.py:208} INFO - Processing /opt/airflow/dags/parameterDAG.py took 0.066 seconds
[2025-04-22T05:05:13.866+0000] {processor.py:186} INFO - Started process (PID=2618) to work on /opt/airflow/dags/parameterDAG.py
[2025-04-22T05:05:13.867+0000] {processor.py:914} INFO - Processing file /opt/airflow/dags/parameterDAG.py for tasks to queue
[2025-04-22T05:05:13.868+0000] {logging_mixin.py:190} INFO - [2025-04-22T05:05:13.868+0000] {dagbag.py:588} INFO - Filling up the DagBag from /opt/airflow/dags/parameterDAG.py
[2025-04-22T05:05:13.881+0000] {processor.py:925} INFO - DAG(s) 'parameterDAG' retrieved from /opt/airflow/dags/parameterDAG.py
[2025-04-22T05:05:13.916+0000] {logging_mixin.py:190} INFO - [2025-04-22T05:05:13.916+0000] {dag.py:3239} INFO - Sync 1 DAGs
[2025-04-22T05:05:13.933+0000] {logging_mixin.py:190} INFO - [2025-04-22T05:05:13.933+0000] {dag.py:4180} INFO - Setting next_dagrun for parameterDAG to None, run_after=None
[2025-04-22T05:05:13.950+0000] {processor.py:208} INFO - Processing /opt/airflow/dags/parameterDAG.py took 0.089 seconds
[2025-04-22T05:05:44.043+0000] {processor.py:186} INFO - Started process (PID=2653) to work on /opt/airflow/dags/parameterDAG.py
[2025-04-22T05:05:44.044+0000] {processor.py:914} INFO - Processing file /opt/airflow/dags/parameterDAG.py for tasks to queue
[2025-04-22T05:05:44.045+0000] {logging_mixin.py:190} INFO - [2025-04-22T05:05:44.045+0000] {dagbag.py:588} INFO - Filling up the DagBag from /opt/airflow/dags/parameterDAG.py
[2025-04-22T05:05:44.058+0000] {processor.py:925} INFO - DAG(s) 'parameterDAG' retrieved from /opt/airflow/dags/parameterDAG.py
[2025-04-22T05:05:44.078+0000] {logging_mixin.py:190} INFO - [2025-04-22T05:05:44.078+0000] {dag.py:3239} INFO - Sync 1 DAGs
[2025-04-22T05:05:44.089+0000] {logging_mixin.py:190} INFO - [2025-04-22T05:05:44.089+0000] {dag.py:4180} INFO - Setting next_dagrun for parameterDAG to None, run_after=None
[2025-04-22T05:05:44.102+0000] {processor.py:208} INFO - Processing /opt/airflow/dags/parameterDAG.py took 0.064 seconds
