[2025-03-13T14:16:27.641+0000] {processor.py:186} INFO - Started process (PID=2448) to work on /opt/airflow/dags/housekeep.py
[2025-03-13T14:16:27.642+0000] {processor.py:914} INFO - Processing file /opt/airflow/dags/housekeep.py for tasks to queue
[2025-03-13T14:16:27.643+0000] {logging_mixin.py:190} INFO - [2025-03-13T14:16:27.643+0000] {dagbag.py:588} INFO - Filling up the DagBag from /opt/airflow/dags/housekeep.py
[2025-03-13T14:16:27.661+0000] {processor.py:925} INFO - DAG(s) 'housekeeping_job' retrieved from /opt/airflow/dags/housekeep.py
[2025-03-13T14:16:27.685+0000] {logging_mixin.py:190} INFO - [2025-03-13T14:16:27.684+0000] {dag.py:3239} INFO - Sync 1 DAGs
[2025-03-13T14:16:27.709+0000] {logging_mixin.py:190} INFO - [2025-03-13T14:16:27.709+0000] {dag.py:4180} INFO - Setting next_dagrun for housekeeping_job to 2025-03-13 14:10:00+00:00, run_after=2025-03-13 14:15:00+00:00
[2025-03-13T14:16:27.725+0000] {processor.py:208} INFO - Processing /opt/airflow/dags/housekeep.py took 0.090 seconds
[2025-03-13T14:17:00.864+0000] {processor.py:186} INFO - Started process (PID=2473) to work on /opt/airflow/dags/housekeep.py
[2025-03-13T14:17:00.865+0000] {processor.py:914} INFO - Processing file /opt/airflow/dags/housekeep.py for tasks to queue
[2025-03-13T14:17:00.867+0000] {logging_mixin.py:190} INFO - [2025-03-13T14:17:00.867+0000] {dagbag.py:588} INFO - Filling up the DagBag from /opt/airflow/dags/housekeep.py
[2025-03-13T14:17:00.883+0000] {processor.py:925} INFO - DAG(s) 'housekeeping_job' retrieved from /opt/airflow/dags/housekeep.py
[2025-03-13T14:17:00.906+0000] {logging_mixin.py:190} INFO - [2025-03-13T14:17:00.905+0000] {dag.py:3239} INFO - Sync 1 DAGs
[2025-03-13T14:17:00.929+0000] {logging_mixin.py:190} INFO - [2025-03-13T14:17:00.929+0000] {dag.py:4180} INFO - Setting next_dagrun for housekeeping_job to 2025-03-13 14:10:00+00:00, run_after=2025-03-13 14:15:00+00:00
[2025-03-13T14:17:00.946+0000] {processor.py:208} INFO - Processing /opt/airflow/dags/housekeep.py took 0.087 seconds
[2025-03-13T14:17:33.075+0000] {processor.py:186} INFO - Started process (PID=2498) to work on /opt/airflow/dags/housekeep.py
[2025-03-13T14:17:33.076+0000] {processor.py:914} INFO - Processing file /opt/airflow/dags/housekeep.py for tasks to queue
[2025-03-13T14:17:33.078+0000] {logging_mixin.py:190} INFO - [2025-03-13T14:17:33.078+0000] {dagbag.py:588} INFO - Filling up the DagBag from /opt/airflow/dags/housekeep.py
[2025-03-13T14:17:33.093+0000] {processor.py:925} INFO - DAG(s) 'housekeeping_job' retrieved from /opt/airflow/dags/housekeep.py
[2025-03-13T14:17:33.116+0000] {logging_mixin.py:190} INFO - [2025-03-13T14:17:33.115+0000] {dag.py:3239} INFO - Sync 1 DAGs
[2025-03-13T14:17:33.140+0000] {logging_mixin.py:190} INFO - [2025-03-13T14:17:33.140+0000] {dag.py:4180} INFO - Setting next_dagrun for housekeeping_job to 2025-03-13 14:10:00+00:00, run_after=2025-03-13 14:15:00+00:00
[2025-03-13T14:17:33.157+0000] {processor.py:208} INFO - Processing /opt/airflow/dags/housekeep.py took 0.086 seconds
[2025-03-13T14:18:05.604+0000] {processor.py:186} INFO - Started process (PID=2528) to work on /opt/airflow/dags/housekeep.py
[2025-03-13T14:18:05.606+0000] {processor.py:914} INFO - Processing file /opt/airflow/dags/housekeep.py for tasks to queue
[2025-03-13T14:18:05.607+0000] {logging_mixin.py:190} INFO - [2025-03-13T14:18:05.607+0000] {dagbag.py:588} INFO - Filling up the DagBag from /opt/airflow/dags/housekeep.py
[2025-03-13T14:18:05.623+0000] {processor.py:925} INFO - DAG(s) 'housekeeping_job' retrieved from /opt/airflow/dags/housekeep.py
[2025-03-13T14:18:05.647+0000] {logging_mixin.py:190} INFO - [2025-03-13T14:18:05.647+0000] {dag.py:3239} INFO - Sync 1 DAGs
[2025-03-13T14:18:05.671+0000] {logging_mixin.py:190} INFO - [2025-03-13T14:18:05.671+0000] {dag.py:4180} INFO - Setting next_dagrun for housekeeping_job to 2025-03-13 14:10:00+00:00, run_after=2025-03-13 14:15:00+00:00
[2025-03-13T14:18:05.691+0000] {processor.py:208} INFO - Processing /opt/airflow/dags/housekeep.py took 0.092 seconds
[2025-03-13T14:18:38.962+0000] {processor.py:186} INFO - Started process (PID=2553) to work on /opt/airflow/dags/housekeep.py
[2025-03-13T14:18:38.963+0000] {processor.py:914} INFO - Processing file /opt/airflow/dags/housekeep.py for tasks to queue
[2025-03-13T14:18:38.965+0000] {logging_mixin.py:190} INFO - [2025-03-13T14:18:38.965+0000] {dagbag.py:588} INFO - Filling up the DagBag from /opt/airflow/dags/housekeep.py
[2025-03-13T14:18:38.982+0000] {processor.py:925} INFO - DAG(s) 'housekeeping_job' retrieved from /opt/airflow/dags/housekeep.py
[2025-03-13T14:18:39.007+0000] {logging_mixin.py:190} INFO - [2025-03-13T14:18:39.006+0000] {dag.py:3239} INFO - Sync 1 DAGs
[2025-03-13T14:18:39.031+0000] {logging_mixin.py:190} INFO - [2025-03-13T14:18:39.031+0000] {dag.py:4180} INFO - Setting next_dagrun for housekeeping_job to 2025-03-13 14:10:00+00:00, run_after=2025-03-13 14:15:00+00:00
[2025-03-13T14:18:39.051+0000] {processor.py:208} INFO - Processing /opt/airflow/dags/housekeep.py took 0.096 seconds
[2025-03-13T14:19:11.535+0000] {processor.py:186} INFO - Started process (PID=2578) to work on /opt/airflow/dags/housekeep.py
[2025-03-13T14:19:11.536+0000] {processor.py:914} INFO - Processing file /opt/airflow/dags/housekeep.py for tasks to queue
[2025-03-13T14:19:11.542+0000] {logging_mixin.py:190} INFO - [2025-03-13T14:19:11.541+0000] {dagbag.py:588} INFO - Filling up the DagBag from /opt/airflow/dags/housekeep.py
[2025-03-13T14:19:11.570+0000] {processor.py:925} INFO - DAG(s) 'housekeeping_job' retrieved from /opt/airflow/dags/housekeep.py
[2025-03-13T14:19:11.614+0000] {logging_mixin.py:190} INFO - [2025-03-13T14:19:11.613+0000] {dag.py:3239} INFO - Sync 1 DAGs
[2025-03-13T14:19:11.659+0000] {logging_mixin.py:190} INFO - [2025-03-13T14:19:11.658+0000] {dag.py:4180} INFO - Setting next_dagrun for housekeeping_job to 2025-03-13 14:10:00+00:00, run_after=2025-03-13 14:15:00+00:00
[2025-03-13T14:19:11.692+0000] {processor.py:208} INFO - Processing /opt/airflow/dags/housekeep.py took 0.167 seconds
[2025-03-13T14:19:43.955+0000] {processor.py:186} INFO - Started process (PID=2603) to work on /opt/airflow/dags/housekeep.py
[2025-03-13T14:19:43.956+0000] {processor.py:914} INFO - Processing file /opt/airflow/dags/housekeep.py for tasks to queue
[2025-03-13T14:19:43.958+0000] {logging_mixin.py:190} INFO - [2025-03-13T14:19:43.958+0000] {dagbag.py:588} INFO - Filling up the DagBag from /opt/airflow/dags/housekeep.py
[2025-03-13T14:19:43.974+0000] {processor.py:925} INFO - DAG(s) 'housekeeping_job' retrieved from /opt/airflow/dags/housekeep.py
[2025-03-13T14:19:44.000+0000] {logging_mixin.py:190} INFO - [2025-03-13T14:19:44.000+0000] {dag.py:3239} INFO - Sync 1 DAGs
[2025-03-13T14:19:44.023+0000] {logging_mixin.py:190} INFO - [2025-03-13T14:19:44.023+0000] {dag.py:4180} INFO - Setting next_dagrun for housekeeping_job to 2025-03-13 14:10:00+00:00, run_after=2025-03-13 14:15:00+00:00
[2025-03-13T14:19:44.044+0000] {processor.py:208} INFO - Processing /opt/airflow/dags/housekeep.py took 0.099 seconds
[2025-03-13T14:20:17.276+0000] {processor.py:186} INFO - Started process (PID=2628) to work on /opt/airflow/dags/housekeep.py
[2025-03-13T14:20:17.277+0000] {processor.py:914} INFO - Processing file /opt/airflow/dags/housekeep.py for tasks to queue
[2025-03-13T14:20:17.278+0000] {logging_mixin.py:190} INFO - [2025-03-13T14:20:17.278+0000] {dagbag.py:588} INFO - Filling up the DagBag from /opt/airflow/dags/housekeep.py
[2025-03-13T14:20:17.292+0000] {processor.py:925} INFO - DAG(s) 'housekeeping_job' retrieved from /opt/airflow/dags/housekeep.py
[2025-03-13T14:20:17.314+0000] {logging_mixin.py:190} INFO - [2025-03-13T14:20:17.314+0000] {dag.py:3239} INFO - Sync 1 DAGs
[2025-03-13T14:20:17.335+0000] {logging_mixin.py:190} INFO - [2025-03-13T14:20:17.335+0000] {dag.py:4180} INFO - Setting next_dagrun for housekeeping_job to 2025-03-13 14:15:00+00:00, run_after=2025-03-13 14:20:00+00:00
[2025-03-13T14:20:17.352+0000] {processor.py:208} INFO - Processing /opt/airflow/dags/housekeep.py took 0.081 seconds
