[2025-03-13T14:16:32.807+0000] {processor.py:186} INFO - Started process (PID=2458) to work on /opt/airflow/dags/parameterDAG.py
[2025-03-13T14:16:32.808+0000] {processor.py:914} INFO - Processing file /opt/airflow/dags/parameterDAG.py for tasks to queue
[2025-03-13T14:16:32.810+0000] {logging_mixin.py:190} INFO - [2025-03-13T14:16:32.809+0000] {dagbag.py:588} INFO - Filling up the DagBag from /opt/airflow/dags/parameterDAG.py
[2025-03-13T14:16:32.824+0000] {processor.py:925} INFO - DAG(s) 'parameterDAG' retrieved from /opt/airflow/dags/parameterDAG.py
[2025-03-13T14:16:32.850+0000] {logging_mixin.py:190} INFO - [2025-03-13T14:16:32.850+0000] {dag.py:3239} INFO - Sync 1 DAGs
[2025-03-13T14:16:32.866+0000] {logging_mixin.py:190} INFO - [2025-03-13T14:16:32.866+0000] {dag.py:4180} INFO - Setting next_dagrun for parameterDAG to None, run_after=None
[2025-03-13T14:16:32.892+0000] {processor.py:208} INFO - Processing /opt/airflow/dags/parameterDAG.py took 0.090 seconds
[2025-03-13T14:17:03.001+0000] {processor.py:186} INFO - Started process (PID=2483) to work on /opt/airflow/dags/parameterDAG.py
[2025-03-13T14:17:03.002+0000] {processor.py:914} INFO - Processing file /opt/airflow/dags/parameterDAG.py for tasks to queue
[2025-03-13T14:17:03.004+0000] {logging_mixin.py:190} INFO - [2025-03-13T14:17:03.004+0000] {dagbag.py:588} INFO - Filling up the DagBag from /opt/airflow/dags/parameterDAG.py
[2025-03-13T14:17:03.017+0000] {processor.py:925} INFO - DAG(s) 'parameterDAG' retrieved from /opt/airflow/dags/parameterDAG.py
[2025-03-13T14:17:03.039+0000] {logging_mixin.py:190} INFO - [2025-03-13T14:17:03.039+0000] {dag.py:3239} INFO - Sync 1 DAGs
[2025-03-13T14:17:03.052+0000] {logging_mixin.py:190} INFO - [2025-03-13T14:17:03.052+0000] {dag.py:4180} INFO - Setting next_dagrun for parameterDAG to None, run_after=None
[2025-03-13T14:17:03.068+0000] {processor.py:208} INFO - Processing /opt/airflow/dags/parameterDAG.py took 0.072 seconds
[2025-03-13T14:17:33.328+0000] {processor.py:186} INFO - Started process (PID=2508) to work on /opt/airflow/dags/parameterDAG.py
[2025-03-13T14:17:33.329+0000] {processor.py:914} INFO - Processing file /opt/airflow/dags/parameterDAG.py for tasks to queue
[2025-03-13T14:17:33.330+0000] {logging_mixin.py:190} INFO - [2025-03-13T14:17:33.330+0000] {dagbag.py:588} INFO - Filling up the DagBag from /opt/airflow/dags/parameterDAG.py
[2025-03-13T14:17:33.343+0000] {processor.py:925} INFO - DAG(s) 'parameterDAG' retrieved from /opt/airflow/dags/parameterDAG.py
[2025-03-13T14:17:33.366+0000] {logging_mixin.py:190} INFO - [2025-03-13T14:17:33.366+0000] {dag.py:3239} INFO - Sync 1 DAGs
[2025-03-13T14:17:33.379+0000] {logging_mixin.py:190} INFO - [2025-03-13T14:17:33.379+0000] {dag.py:4180} INFO - Setting next_dagrun for parameterDAG to None, run_after=None
[2025-03-13T14:17:33.395+0000] {processor.py:208} INFO - Processing /opt/airflow/dags/parameterDAG.py took 0.073 seconds
[2025-03-13T14:18:05.369+0000] {processor.py:186} INFO - Started process (PID=2513) to work on /opt/airflow/dags/parameterDAG.py
[2025-03-13T14:18:05.369+0000] {processor.py:914} INFO - Processing file /opt/airflow/dags/parameterDAG.py for tasks to queue
[2025-03-13T14:18:05.371+0000] {logging_mixin.py:190} INFO - [2025-03-13T14:18:05.371+0000] {dagbag.py:588} INFO - Filling up the DagBag from /opt/airflow/dags/parameterDAG.py
[2025-03-13T14:18:05.384+0000] {processor.py:925} INFO - DAG(s) 'parameterDAG' retrieved from /opt/airflow/dags/parameterDAG.py
[2025-03-13T14:18:05.408+0000] {logging_mixin.py:190} INFO - [2025-03-13T14:18:05.408+0000] {dag.py:3239} INFO - Sync 1 DAGs
[2025-03-13T14:18:05.422+0000] {logging_mixin.py:190} INFO - [2025-03-13T14:18:05.421+0000] {dag.py:4180} INFO - Setting next_dagrun for parameterDAG to None, run_after=None
[2025-03-13T14:18:05.440+0000] {processor.py:208} INFO - Processing /opt/airflow/dags/parameterDAG.py took 0.077 seconds
[2025-03-13T14:18:38.695+0000] {processor.py:186} INFO - Started process (PID=2538) to work on /opt/airflow/dags/parameterDAG.py
[2025-03-13T14:18:38.696+0000] {processor.py:914} INFO - Processing file /opt/airflow/dags/parameterDAG.py for tasks to queue
[2025-03-13T14:18:38.698+0000] {logging_mixin.py:190} INFO - [2025-03-13T14:18:38.698+0000] {dagbag.py:588} INFO - Filling up the DagBag from /opt/airflow/dags/parameterDAG.py
[2025-03-13T14:18:38.713+0000] {processor.py:925} INFO - DAG(s) 'parameterDAG' retrieved from /opt/airflow/dags/parameterDAG.py
[2025-03-13T14:18:38.739+0000] {logging_mixin.py:190} INFO - [2025-03-13T14:18:38.739+0000] {dag.py:3239} INFO - Sync 1 DAGs
[2025-03-13T14:18:38.752+0000] {logging_mixin.py:190} INFO - [2025-03-13T14:18:38.752+0000] {dag.py:4180} INFO - Setting next_dagrun for parameterDAG to None, run_after=None
[2025-03-13T14:18:38.775+0000] {processor.py:208} INFO - Processing /opt/airflow/dags/parameterDAG.py took 0.086 seconds
[2025-03-13T14:19:11.092+0000] {processor.py:186} INFO - Started process (PID=2563) to work on /opt/airflow/dags/parameterDAG.py
[2025-03-13T14:19:11.094+0000] {processor.py:914} INFO - Processing file /opt/airflow/dags/parameterDAG.py for tasks to queue
[2025-03-13T14:19:11.100+0000] {logging_mixin.py:190} INFO - [2025-03-13T14:19:11.098+0000] {dagbag.py:588} INFO - Filling up the DagBag from /opt/airflow/dags/parameterDAG.py
[2025-03-13T14:19:11.128+0000] {processor.py:925} INFO - DAG(s) 'parameterDAG' retrieved from /opt/airflow/dags/parameterDAG.py
[2025-03-13T14:19:11.193+0000] {logging_mixin.py:190} INFO - [2025-03-13T14:19:11.192+0000] {dag.py:3239} INFO - Sync 1 DAGs
[2025-03-13T14:19:11.221+0000] {logging_mixin.py:190} INFO - [2025-03-13T14:19:11.221+0000] {dag.py:4180} INFO - Setting next_dagrun for parameterDAG to None, run_after=None
[2025-03-13T14:19:11.249+0000] {processor.py:208} INFO - Processing /opt/airflow/dags/parameterDAG.py took 0.171 seconds
[2025-03-13T14:19:43.714+0000] {processor.py:186} INFO - Started process (PID=2588) to work on /opt/airflow/dags/parameterDAG.py
[2025-03-13T14:19:43.715+0000] {processor.py:914} INFO - Processing file /opt/airflow/dags/parameterDAG.py for tasks to queue
[2025-03-13T14:19:43.717+0000] {logging_mixin.py:190} INFO - [2025-03-13T14:19:43.717+0000] {dagbag.py:588} INFO - Filling up the DagBag from /opt/airflow/dags/parameterDAG.py
[2025-03-13T14:19:43.731+0000] {processor.py:925} INFO - DAG(s) 'parameterDAG' retrieved from /opt/airflow/dags/parameterDAG.py
[2025-03-13T14:19:43.758+0000] {logging_mixin.py:190} INFO - [2025-03-13T14:19:43.758+0000] {dag.py:3239} INFO - Sync 1 DAGs
[2025-03-13T14:19:43.773+0000] {logging_mixin.py:190} INFO - [2025-03-13T14:19:43.772+0000] {dag.py:4180} INFO - Setting next_dagrun for parameterDAG to None, run_after=None
[2025-03-13T14:19:43.792+0000] {processor.py:208} INFO - Processing /opt/airflow/dags/parameterDAG.py took 0.083 seconds
[2025-03-13T14:20:17.058+0000] {processor.py:186} INFO - Started process (PID=2613) to work on /opt/airflow/dags/parameterDAG.py
[2025-03-13T14:20:17.059+0000] {processor.py:914} INFO - Processing file /opt/airflow/dags/parameterDAG.py for tasks to queue
[2025-03-13T14:20:17.061+0000] {logging_mixin.py:190} INFO - [2025-03-13T14:20:17.060+0000] {dagbag.py:588} INFO - Filling up the DagBag from /opt/airflow/dags/parameterDAG.py
[2025-03-13T14:20:17.073+0000] {processor.py:925} INFO - DAG(s) 'parameterDAG' retrieved from /opt/airflow/dags/parameterDAG.py
[2025-03-13T14:20:17.095+0000] {logging_mixin.py:190} INFO - [2025-03-13T14:20:17.095+0000] {dag.py:3239} INFO - Sync 1 DAGs
[2025-03-13T14:20:17.108+0000] {logging_mixin.py:190} INFO - [2025-03-13T14:20:17.107+0000] {dag.py:4180} INFO - Setting next_dagrun for parameterDAG to None, run_after=None
[2025-03-13T14:20:17.125+0000] {processor.py:208} INFO - Processing /opt/airflow/dags/parameterDAG.py took 0.072 seconds
