[2025-02-02T03:14:39.574+0000] {local_task_job_runner.py:123} INFO - ::group::Pre task execution logs
[2025-02-02T03:14:39.602+0000] {taskinstance.py:2613} INFO - Dependencies all met for dep_context=non-requeueable deps ti=<TaskInstance: spark_orchestration.run_spark_job_dqc manual__2025-02-01T21:36:40.563046+00:00 [queued]>
[2025-02-02T03:14:39.615+0000] {taskinstance.py:2613} INFO - Dependencies all met for dep_context=requeueable deps ti=<TaskInstance: spark_orchestration.run_spark_job_dqc manual__2025-02-01T21:36:40.563046+00:00 [queued]>
[2025-02-02T03:14:39.615+0000] {taskinstance.py:2866} INFO - Starting attempt 10 of 10
[2025-02-02T03:14:39.631+0000] {taskinstance.py:2889} INFO - Executing <Task(BashOperator): run_spark_job_dqc> on 2025-02-01 21:36:40.563046+00:00
[2025-02-02T03:14:39.654+0000] {logging_mixin.py:190} WARNING - /home/***/.local/lib/python3.12/site-packages/***/task/task_runner/standard_task_runner.py:70 DeprecationWarning: This process (pid=218) is multi-threaded, use of fork() may lead to deadlocks in the child.
[2025-02-02T03:14:39.654+0000] {standard_task_runner.py:104} INFO - Running: ['***', 'tasks', 'run', 'spark_orchestration', 'run_spark_job_dqc', 'manual__2025-02-01T21:36:40.563046+00:00', '--job-id', '313', '--raw', '--subdir', 'DAGS_FOLDER/spark_***.py', '--cfg-path', '/tmp/tmpiq8ybsi1']
[2025-02-02T03:14:39.655+0000] {standard_task_runner.py:72} INFO - Started process 219 to run task
[2025-02-02T03:14:39.656+0000] {standard_task_runner.py:105} INFO - Job 313: Subtask run_spark_job_dqc
[2025-02-02T03:14:39.704+0000] {task_command.py:467} INFO - Running <TaskInstance: spark_orchestration.run_spark_job_dqc manual__2025-02-01T21:36:40.563046+00:00 [running]> on host 52863586cf44
[2025-02-02T03:14:39.786+0000] {taskinstance.py:3132} INFO - Exporting env vars: AIRFLOW_CTX_DAG_OWNER='***' AIRFLOW_CTX_DAG_ID='spark_orchestration' AIRFLOW_CTX_TASK_ID='run_spark_job_dqc' AIRFLOW_CTX_EXECUTION_DATE='2025-02-01T21:36:40.563046+00:00' AIRFLOW_CTX_TRY_NUMBER='10' AIRFLOW_CTX_DAG_RUN_ID='manual__2025-02-01T21:36:40.563046+00:00'
[2025-02-02T03:14:39.787+0000] {taskinstance.py:731} INFO - ::endgroup::
[2025-02-02T03:14:39.806+0000] {subprocess.py:78} INFO - Tmp dir root location: /tmp
[2025-02-02T03:14:39.808+0000] {subprocess.py:88} INFO - Running command: ['/usr/bin/bash', '-c', "docker exec -d spark-master /bin/bash -c 'spark-submit --master spark://spark-master:7077 /opt/bitnami/spark/scripts/Dqc.py'"]
[2025-02-02T03:14:39.819+0000] {subprocess.py:99} INFO - Output:
[2025-02-02T03:14:40.273+0000] {subprocess.py:110} INFO - Command exited with return code 0
[2025-02-02T03:14:40.299+0000] {taskinstance.py:340} INFO - ::group::Post task execution logs
[2025-02-02T03:14:40.300+0000] {taskinstance.py:352} INFO - Marking task as SUCCESS. dag_id=spark_orchestration, task_id=run_spark_job_dqc, run_id=manual__2025-02-01T21:36:40.563046+00:00, execution_date=20250201T213640, start_date=20250202T031439, end_date=20250202T031440
[2025-02-02T03:14:40.353+0000] {local_task_job_runner.py:266} INFO - Task exited with return code 0
[2025-02-02T03:14:40.369+0000] {taskinstance.py:3895} INFO - 0 downstream tasks scheduled from follow-on schedule check
[2025-02-02T03:14:40.371+0000] {local_task_job_runner.py:245} INFO - ::endgroup::
