[2025-04-09T12:40:00.294+0000] {local_task_job_runner.py:123} INFO - ::group::Pre task execution logs
[2025-04-09T12:40:00.306+0000] {taskinstance.py:2614} INFO - Dependencies all met for dep_context=non-requeueable deps ti=<TaskInstance: housekeeping_job.execute_job scheduled__2025-04-09T12:35:00+00:00 [queued]>
[2025-04-09T12:40:00.311+0000] {taskinstance.py:2614} INFO - Dependencies all met for dep_context=requeueable deps ti=<TaskInstance: housekeeping_job.execute_job scheduled__2025-04-09T12:35:00+00:00 [queued]>
[2025-04-09T12:40:00.312+0000] {taskinstance.py:2867} INFO - Starting attempt 1 of 2
[2025-04-09T12:40:00.321+0000] {taskinstance.py:2890} INFO - Executing <Task(PythonOperator): execute_job> on 2025-04-09 12:35:00+00:00
[2025-04-09T12:40:00.334+0000] {standard_task_runner.py:72} INFO - Started process 4512 to run task
[2025-04-09T12:40:00.336+0000] {standard_task_runner.py:104} INFO - Running: ['***', 'tasks', 'run', 'housekeeping_job', 'execute_job', 'scheduled__2025-04-09T12:35:00+00:00', '--job-id', '20', '--raw', '--subdir', 'DAGS_FOLDER/housekeep.py', '--cfg-path', '/tmp/tmp9xyqg4oc']
[2025-04-09T12:40:00.338+0000] {standard_task_runner.py:105} INFO - Job 20: Subtask execute_job
[2025-04-09T12:40:00.373+0000] {task_command.py:467} INFO - Running <TaskInstance: housekeeping_job.execute_job scheduled__2025-04-09T12:35:00+00:00 [running]> on host 5bd761fca1bd
[2025-04-09T12:40:00.438+0000] {taskinstance.py:3134} INFO - Exporting env vars: AIRFLOW_CTX_DAG_OWNER='***' AIRFLOW_CTX_DAG_ID='housekeeping_job' AIRFLOW_CTX_TASK_ID='execute_job' AIRFLOW_CTX_EXECUTION_DATE='2025-04-09T12:35:00+00:00' AIRFLOW_CTX_TRY_NUMBER='1' AIRFLOW_CTX_DAG_RUN_ID='scheduled__2025-04-09T12:35:00+00:00'
[2025-04-09T12:40:00.439+0000] {taskinstance.py:732} INFO - ::endgroup::
[2025-04-09T12:40:00.449+0000] {logging_mixin.py:190} INFO - ./jobs/argument_jobs.py
[2025-04-09T12:40:00.449+0000] {logging_mixin.py:190} INFO - Absolute path for 'argument_jobs.py': /opt/***/argument_jobs.py
[2025-04-09T12:40:00.580+0000] {logging_mixin.py:190} INFO - 2025-04-09 12:40:00,550 - INFO - Running script with batchdate from python logging info before if len >>> 2 > stringfy > 2025-01-01
2025-04-09 12:40:00,551 - INFO - if statement Running script with batchdate from python logging info arguments: 2025-01-01
Parsed date: 2025-01-01 00:00:00
[2025-04-09T12:40:00.581+0000] {logging_mixin.py:190} INFO - Successfully executed here after py ./jobs/argument_jobs.py with batchdate: 2025-01-01
[2025-04-09T12:40:00.581+0000] {python.py:240} INFO - Done. Returned value was: None
[2025-04-09T12:40:00.590+0000] {taskinstance.py:341} INFO - ::group::Post task execution logs
[2025-04-09T12:40:00.590+0000] {taskinstance.py:353} INFO - Marking task as SUCCESS. dag_id=housekeeping_job, task_id=execute_job, run_id=scheduled__2025-04-09T12:35:00+00:00, execution_date=20250409T123500, start_date=20250409T124000, end_date=20250409T124000
[2025-04-09T12:40:00.630+0000] {local_task_job_runner.py:266} INFO - Task exited with return code 0
[2025-04-09T12:40:00.643+0000] {taskinstance.py:3901} INFO - 0 downstream tasks scheduled from follow-on schedule check
[2025-04-09T12:40:00.645+0000] {local_task_job_runner.py:245} INFO - ::endgroup::
