[2025-02-01T14:14:27.895+0000] {processor.py:186} INFO - Started process (PID=193) to work on /opt/airflow/dags/jobs.py
[2025-02-01T14:14:27.895+0000] {processor.py:914} INFO - Processing file /opt/airflow/dags/jobs.py for tasks to queue
[2025-02-01T14:14:27.897+0000] {logging_mixin.py:190} INFO - [2025-02-01T14:14:27.896+0000] {dagbag.py:588} INFO - Filling up the DagBag from /opt/airflow/dags/jobs.py
[2025-02-01T14:14:27.919+0000] {processor.py:925} INFO - DAG(s) 'hello_world' retrieved from /opt/airflow/dags/jobs.py
[2025-02-01T14:14:28.051+0000] {logging_mixin.py:190} INFO - [2025-02-01T14:14:28.050+0000] {override.py:1911} INFO - Created Permission View: can read on DAG:hello_world
[2025-02-01T14:14:28.062+0000] {logging_mixin.py:190} INFO - [2025-02-01T14:14:28.062+0000] {override.py:1911} INFO - Created Permission View: can delete on DAG:hello_world
[2025-02-01T14:14:28.068+0000] {logging_mixin.py:190} INFO - [2025-02-01T14:14:28.068+0000] {override.py:1911} INFO - Created Permission View: can edit on DAG:hello_world
[2025-02-01T14:14:28.075+0000] {logging_mixin.py:190} INFO - [2025-02-01T14:14:28.074+0000] {override.py:1911} INFO - Created Permission View: can read on DAG Run:hello_world
[2025-02-01T14:14:28.080+0000] {logging_mixin.py:190} INFO - [2025-02-01T14:14:28.080+0000] {override.py:1911} INFO - Created Permission View: can delete on DAG Run:hello_world
[2025-02-01T14:14:28.086+0000] {logging_mixin.py:190} INFO - [2025-02-01T14:14:28.086+0000] {override.py:1911} INFO - Created Permission View: can create on DAG Run:hello_world
[2025-02-01T14:14:28.092+0000] {logging_mixin.py:190} INFO - [2025-02-01T14:14:28.092+0000] {override.py:1911} INFO - Created Permission View: menu access on DAG Run:hello_world
[2025-02-01T14:14:28.093+0000] {logging_mixin.py:190} INFO - [2025-02-01T14:14:28.092+0000] {dag.py:3239} INFO - Sync 1 DAGs
[2025-02-01T14:14:28.105+0000] {logging_mixin.py:190} INFO - [2025-02-01T14:14:28.104+0000] {dag.py:3262} INFO - Creating ORM DAG for hello_world
[2025-02-01T14:14:28.105+0000] {logging_mixin.py:190} INFO - [2025-02-01T14:14:28.105+0000] {dag.py:4180} INFO - Setting next_dagrun for hello_world to None, run_after=None
[2025-02-01T14:14:28.122+0000] {processor.py:208} INFO - Processing /opt/airflow/dags/jobs.py took 0.233 seconds
[2025-02-01T14:14:58.310+0000] {processor.py:186} INFO - Started process (PID=198) to work on /opt/airflow/dags/jobs.py
[2025-02-01T14:14:58.311+0000] {processor.py:914} INFO - Processing file /opt/airflow/dags/jobs.py for tasks to queue
[2025-02-01T14:14:58.316+0000] {logging_mixin.py:190} INFO - [2025-02-01T14:14:58.315+0000] {dagbag.py:588} INFO - Filling up the DagBag from /opt/airflow/dags/jobs.py
[2025-02-01T14:14:58.332+0000] {processor.py:925} INFO - DAG(s) 'hello_world' retrieved from /opt/airflow/dags/jobs.py
[2025-02-01T14:14:58.355+0000] {logging_mixin.py:190} INFO - [2025-02-01T14:14:58.355+0000] {dag.py:3239} INFO - Sync 1 DAGs
[2025-02-01T14:14:58.369+0000] {logging_mixin.py:190} INFO - [2025-02-01T14:14:58.369+0000] {dag.py:4180} INFO - Setting next_dagrun for hello_world to None, run_after=None
[2025-02-01T14:14:58.412+0000] {processor.py:208} INFO - Processing /opt/airflow/dags/jobs.py took 0.107 seconds
[2025-02-01T14:15:28.496+0000] {processor.py:186} INFO - Started process (PID=203) to work on /opt/airflow/dags/jobs.py
[2025-02-01T14:15:28.497+0000] {processor.py:914} INFO - Processing file /opt/airflow/dags/jobs.py for tasks to queue
[2025-02-01T14:15:28.500+0000] {logging_mixin.py:190} INFO - [2025-02-01T14:15:28.500+0000] {dagbag.py:588} INFO - Filling up the DagBag from /opt/airflow/dags/jobs.py
[2025-02-01T14:15:28.517+0000] {processor.py:925} INFO - DAG(s) 'hello_world' retrieved from /opt/airflow/dags/jobs.py
[2025-02-01T14:15:28.542+0000] {logging_mixin.py:190} INFO - [2025-02-01T14:15:28.541+0000] {dag.py:3239} INFO - Sync 1 DAGs
[2025-02-01T14:15:28.557+0000] {logging_mixin.py:190} INFO - [2025-02-01T14:15:28.557+0000] {dag.py:4180} INFO - Setting next_dagrun for hello_world to None, run_after=None
[2025-02-01T14:15:28.602+0000] {processor.py:208} INFO - Processing /opt/airflow/dags/jobs.py took 0.111 seconds
[2025-02-01T14:15:58.778+0000] {processor.py:186} INFO - Started process (PID=208) to work on /opt/airflow/dags/jobs.py
[2025-02-01T14:15:58.779+0000] {processor.py:914} INFO - Processing file /opt/airflow/dags/jobs.py for tasks to queue
[2025-02-01T14:15:58.781+0000] {logging_mixin.py:190} INFO - [2025-02-01T14:15:58.781+0000] {dagbag.py:588} INFO - Filling up the DagBag from /opt/airflow/dags/jobs.py
[2025-02-01T14:15:58.807+0000] {processor.py:925} INFO - DAG(s) 'hello_world' retrieved from /opt/airflow/dags/jobs.py
[2025-02-01T14:15:58.833+0000] {logging_mixin.py:190} INFO - [2025-02-01T14:15:58.833+0000] {dag.py:3239} INFO - Sync 1 DAGs
[2025-02-01T14:15:58.847+0000] {logging_mixin.py:190} INFO - [2025-02-01T14:15:58.847+0000] {dag.py:4180} INFO - Setting next_dagrun for hello_world to None, run_after=None
[2025-02-01T14:15:58.867+0000] {processor.py:208} INFO - Processing /opt/airflow/dags/jobs.py took 0.096 seconds
[2025-02-01T14:16:28.974+0000] {processor.py:186} INFO - Started process (PID=213) to work on /opt/airflow/dags/jobs.py
[2025-02-01T14:16:28.975+0000] {processor.py:914} INFO - Processing file /opt/airflow/dags/jobs.py for tasks to queue
[2025-02-01T14:16:28.977+0000] {logging_mixin.py:190} INFO - [2025-02-01T14:16:28.977+0000] {dagbag.py:588} INFO - Filling up the DagBag from /opt/airflow/dags/jobs.py
[2025-02-01T14:16:28.995+0000] {processor.py:925} INFO - DAG(s) 'hello_world' retrieved from /opt/airflow/dags/jobs.py
[2025-02-01T14:16:29.022+0000] {logging_mixin.py:190} INFO - [2025-02-01T14:16:29.021+0000] {dag.py:3239} INFO - Sync 1 DAGs
[2025-02-01T14:16:29.038+0000] {logging_mixin.py:190} INFO - [2025-02-01T14:16:29.038+0000] {dag.py:4180} INFO - Setting next_dagrun for hello_world to None, run_after=None
[2025-02-01T14:16:29.061+0000] {processor.py:208} INFO - Processing /opt/airflow/dags/jobs.py took 0.093 seconds
[2025-02-01T14:16:59.244+0000] {processor.py:186} INFO - Started process (PID=218) to work on /opt/airflow/dags/jobs.py
[2025-02-01T14:16:59.245+0000] {processor.py:914} INFO - Processing file /opt/airflow/dags/jobs.py for tasks to queue
[2025-02-01T14:16:59.247+0000] {logging_mixin.py:190} INFO - [2025-02-01T14:16:59.247+0000] {dagbag.py:588} INFO - Filling up the DagBag from /opt/airflow/dags/jobs.py
[2025-02-01T14:16:59.264+0000] {processor.py:925} INFO - DAG(s) 'hello_world' retrieved from /opt/airflow/dags/jobs.py
[2025-02-01T14:16:59.288+0000] {logging_mixin.py:190} INFO - [2025-02-01T14:16:59.288+0000] {dag.py:3239} INFO - Sync 1 DAGs
[2025-02-01T14:16:59.302+0000] {logging_mixin.py:190} INFO - [2025-02-01T14:16:59.302+0000] {dag.py:4180} INFO - Setting next_dagrun for hello_world to None, run_after=None
[2025-02-01T14:16:59.322+0000] {processor.py:208} INFO - Processing /opt/airflow/dags/jobs.py took 0.083 seconds
[2025-02-01T14:17:29.453+0000] {processor.py:186} INFO - Started process (PID=223) to work on /opt/airflow/dags/jobs.py
[2025-02-01T14:17:29.454+0000] {processor.py:914} INFO - Processing file /opt/airflow/dags/jobs.py for tasks to queue
[2025-02-01T14:17:29.456+0000] {logging_mixin.py:190} INFO - [2025-02-01T14:17:29.456+0000] {dagbag.py:588} INFO - Filling up the DagBag from /opt/airflow/dags/jobs.py
[2025-02-01T14:17:29.473+0000] {processor.py:925} INFO - DAG(s) 'hello_world' retrieved from /opt/airflow/dags/jobs.py
[2025-02-01T14:17:29.501+0000] {logging_mixin.py:190} INFO - [2025-02-01T14:17:29.501+0000] {dag.py:3239} INFO - Sync 1 DAGs
[2025-02-01T14:17:29.516+0000] {logging_mixin.py:190} INFO - [2025-02-01T14:17:29.515+0000] {dag.py:4180} INFO - Setting next_dagrun for hello_world to None, run_after=None
[2025-02-01T14:17:29.534+0000] {processor.py:208} INFO - Processing /opt/airflow/dags/jobs.py took 0.097 seconds
[2025-02-01T14:17:59.687+0000] {processor.py:186} INFO - Started process (PID=228) to work on /opt/airflow/dags/jobs.py
[2025-02-01T14:17:59.687+0000] {processor.py:914} INFO - Processing file /opt/airflow/dags/jobs.py for tasks to queue
[2025-02-01T14:17:59.689+0000] {logging_mixin.py:190} INFO - [2025-02-01T14:17:59.689+0000] {dagbag.py:588} INFO - Filling up the DagBag from /opt/airflow/dags/jobs.py
[2025-02-01T14:17:59.704+0000] {processor.py:925} INFO - DAG(s) 'hello_world' retrieved from /opt/airflow/dags/jobs.py
[2025-02-01T14:17:59.727+0000] {logging_mixin.py:190} INFO - [2025-02-01T14:17:59.727+0000] {dag.py:3239} INFO - Sync 1 DAGs
[2025-02-01T14:17:59.741+0000] {logging_mixin.py:190} INFO - [2025-02-01T14:17:59.741+0000] {dag.py:4180} INFO - Setting next_dagrun for hello_world to None, run_after=None
[2025-02-01T14:17:59.759+0000] {processor.py:208} INFO - Processing /opt/airflow/dags/jobs.py took 0.077 seconds
[2025-02-01T14:18:29.900+0000] {processor.py:186} INFO - Started process (PID=233) to work on /opt/airflow/dags/jobs.py
[2025-02-01T14:18:29.901+0000] {processor.py:914} INFO - Processing file /opt/airflow/dags/jobs.py for tasks to queue
[2025-02-01T14:18:29.903+0000] {logging_mixin.py:190} INFO - [2025-02-01T14:18:29.903+0000] {dagbag.py:588} INFO - Filling up the DagBag from /opt/airflow/dags/jobs.py
[2025-02-01T14:18:29.919+0000] {processor.py:925} INFO - DAG(s) 'hello_world' retrieved from /opt/airflow/dags/jobs.py
[2025-02-01T14:18:29.942+0000] {logging_mixin.py:190} INFO - [2025-02-01T14:18:29.942+0000] {dag.py:3239} INFO - Sync 1 DAGs
[2025-02-01T14:18:29.956+0000] {logging_mixin.py:190} INFO - [2025-02-01T14:18:29.956+0000] {dag.py:4180} INFO - Setting next_dagrun for hello_world to None, run_after=None
[2025-02-01T14:18:29.974+0000] {processor.py:208} INFO - Processing /opt/airflow/dags/jobs.py took 0.078 seconds
[2025-02-01T14:19:00.128+0000] {processor.py:186} INFO - Started process (PID=238) to work on /opt/airflow/dags/jobs.py
[2025-02-01T14:19:00.129+0000] {processor.py:914} INFO - Processing file /opt/airflow/dags/jobs.py for tasks to queue
[2025-02-01T14:19:00.131+0000] {logging_mixin.py:190} INFO - [2025-02-01T14:19:00.131+0000] {dagbag.py:588} INFO - Filling up the DagBag from /opt/airflow/dags/jobs.py
[2025-02-01T14:19:00.146+0000] {processor.py:925} INFO - DAG(s) 'hello_world' retrieved from /opt/airflow/dags/jobs.py
[2025-02-01T14:19:00.169+0000] {logging_mixin.py:190} INFO - [2025-02-01T14:19:00.168+0000] {dag.py:3239} INFO - Sync 1 DAGs
[2025-02-01T14:19:00.183+0000] {logging_mixin.py:190} INFO - [2025-02-01T14:19:00.183+0000] {dag.py:4180} INFO - Setting next_dagrun for hello_world to None, run_after=None
[2025-02-01T14:19:00.208+0000] {processor.py:208} INFO - Processing /opt/airflow/dags/jobs.py took 0.085 seconds
[2025-02-01T14:19:30.359+0000] {processor.py:186} INFO - Started process (PID=243) to work on /opt/airflow/dags/jobs.py
[2025-02-01T14:19:30.361+0000] {processor.py:914} INFO - Processing file /opt/airflow/dags/jobs.py for tasks to queue
[2025-02-01T14:19:30.363+0000] {logging_mixin.py:190} INFO - [2025-02-01T14:19:30.362+0000] {dagbag.py:588} INFO - Filling up the DagBag from /opt/airflow/dags/jobs.py
[2025-02-01T14:19:30.380+0000] {processor.py:925} INFO - DAG(s) 'hello_world' retrieved from /opt/airflow/dags/jobs.py
[2025-02-01T14:19:30.403+0000] {logging_mixin.py:190} INFO - [2025-02-01T14:19:30.403+0000] {dag.py:3239} INFO - Sync 1 DAGs
[2025-02-01T14:19:30.418+0000] {logging_mixin.py:190} INFO - [2025-02-01T14:19:30.418+0000] {dag.py:4180} INFO - Setting next_dagrun for hello_world to None, run_after=None
[2025-02-01T14:19:30.437+0000] {processor.py:208} INFO - Processing /opt/airflow/dags/jobs.py took 0.084 seconds
[2025-02-01T14:20:00.575+0000] {processor.py:186} INFO - Started process (PID=248) to work on /opt/airflow/dags/jobs.py
[2025-02-01T14:20:00.575+0000] {processor.py:914} INFO - Processing file /opt/airflow/dags/jobs.py for tasks to queue
[2025-02-01T14:20:00.578+0000] {logging_mixin.py:190} INFO - [2025-02-01T14:20:00.578+0000] {dagbag.py:588} INFO - Filling up the DagBag from /opt/airflow/dags/jobs.py
[2025-02-01T14:20:00.596+0000] {processor.py:925} INFO - DAG(s) 'hello_world' retrieved from /opt/airflow/dags/jobs.py
[2025-02-01T14:20:00.622+0000] {logging_mixin.py:190} INFO - [2025-02-01T14:20:00.621+0000] {dag.py:3239} INFO - Sync 1 DAGs
[2025-02-01T14:20:00.637+0000] {logging_mixin.py:190} INFO - [2025-02-01T14:20:00.637+0000] {dag.py:4180} INFO - Setting next_dagrun for hello_world to None, run_after=None
[2025-02-01T14:20:00.658+0000] {processor.py:208} INFO - Processing /opt/airflow/dags/jobs.py took 0.089 seconds
[2025-02-01T14:20:30.805+0000] {processor.py:186} INFO - Started process (PID=253) to work on /opt/airflow/dags/jobs.py
[2025-02-01T14:20:30.806+0000] {processor.py:914} INFO - Processing file /opt/airflow/dags/jobs.py for tasks to queue
[2025-02-01T14:20:30.808+0000] {logging_mixin.py:190} INFO - [2025-02-01T14:20:30.808+0000] {dagbag.py:588} INFO - Filling up the DagBag from /opt/airflow/dags/jobs.py
[2025-02-01T14:20:30.825+0000] {processor.py:925} INFO - DAG(s) 'hello_world' retrieved from /opt/airflow/dags/jobs.py
[2025-02-01T14:20:30.850+0000] {logging_mixin.py:190} INFO - [2025-02-01T14:20:30.849+0000] {dag.py:3239} INFO - Sync 1 DAGs
[2025-02-01T14:20:30.864+0000] {logging_mixin.py:190} INFO - [2025-02-01T14:20:30.864+0000] {dag.py:4180} INFO - Setting next_dagrun for hello_world to None, run_after=None
[2025-02-01T14:20:30.884+0000] {processor.py:208} INFO - Processing /opt/airflow/dags/jobs.py took 0.085 seconds
[2025-02-01T14:21:01.019+0000] {processor.py:186} INFO - Started process (PID=258) to work on /opt/airflow/dags/jobs.py
[2025-02-01T14:21:01.020+0000] {processor.py:914} INFO - Processing file /opt/airflow/dags/jobs.py for tasks to queue
[2025-02-01T14:21:01.023+0000] {logging_mixin.py:190} INFO - [2025-02-01T14:21:01.023+0000] {dagbag.py:588} INFO - Filling up the DagBag from /opt/airflow/dags/jobs.py
[2025-02-01T14:21:01.042+0000] {processor.py:925} INFO - DAG(s) 'hello_world' retrieved from /opt/airflow/dags/jobs.py
[2025-02-01T14:21:01.067+0000] {logging_mixin.py:190} INFO - [2025-02-01T14:21:01.067+0000] {dag.py:3239} INFO - Sync 1 DAGs
[2025-02-01T14:21:01.085+0000] {logging_mixin.py:190} INFO - [2025-02-01T14:21:01.084+0000] {dag.py:4180} INFO - Setting next_dagrun for hello_world to None, run_after=None
[2025-02-01T14:21:01.106+0000] {processor.py:208} INFO - Processing /opt/airflow/dags/jobs.py took 0.093 seconds
[2025-02-01T14:21:31.245+0000] {processor.py:186} INFO - Started process (PID=263) to work on /opt/airflow/dags/jobs.py
[2025-02-01T14:21:31.246+0000] {processor.py:914} INFO - Processing file /opt/airflow/dags/jobs.py for tasks to queue
[2025-02-01T14:21:31.248+0000] {logging_mixin.py:190} INFO - [2025-02-01T14:21:31.248+0000] {dagbag.py:588} INFO - Filling up the DagBag from /opt/airflow/dags/jobs.py
[2025-02-01T14:21:31.264+0000] {processor.py:925} INFO - DAG(s) 'hello_world' retrieved from /opt/airflow/dags/jobs.py
[2025-02-01T14:21:31.287+0000] {logging_mixin.py:190} INFO - [2025-02-01T14:21:31.287+0000] {dag.py:3239} INFO - Sync 1 DAGs
[2025-02-01T14:21:31.301+0000] {logging_mixin.py:190} INFO - [2025-02-01T14:21:31.301+0000] {dag.py:4180} INFO - Setting next_dagrun for hello_world to None, run_after=None
[2025-02-01T14:21:31.343+0000] {processor.py:208} INFO - Processing /opt/airflow/dags/jobs.py took 0.104 seconds
[2025-02-01T14:23:24.938+0000] {processor.py:186} INFO - Started process (PID=194) to work on /opt/airflow/dags/jobs.py
[2025-02-01T14:23:24.938+0000] {processor.py:914} INFO - Processing file /opt/airflow/dags/jobs.py for tasks to queue
[2025-02-01T14:23:24.940+0000] {logging_mixin.py:190} INFO - [2025-02-01T14:23:24.940+0000] {dagbag.py:588} INFO - Filling up the DagBag from /opt/airflow/dags/jobs.py
[2025-02-01T14:23:24.958+0000] {processor.py:925} INFO - DAG(s) 'hello_world' retrieved from /opt/airflow/dags/jobs.py
[2025-02-01T14:23:25.083+0000] {logging_mixin.py:190} INFO - [2025-02-01T14:23:25.083+0000] {override.py:1911} INFO - Created Permission View: can read on DAG:hello_world
[2025-02-01T14:23:25.095+0000] {logging_mixin.py:190} INFO - [2025-02-01T14:23:25.094+0000] {override.py:1911} INFO - Created Permission View: can delete on DAG:hello_world
[2025-02-01T14:23:25.101+0000] {logging_mixin.py:190} INFO - [2025-02-01T14:23:25.101+0000] {override.py:1911} INFO - Created Permission View: can edit on DAG:hello_world
[2025-02-01T14:23:25.108+0000] {logging_mixin.py:190} INFO - [2025-02-01T14:23:25.107+0000] {override.py:1911} INFO - Created Permission View: can read on DAG Run:hello_world
[2025-02-01T14:23:25.115+0000] {logging_mixin.py:190} INFO - [2025-02-01T14:23:25.114+0000] {override.py:1911} INFO - Created Permission View: menu access on DAG Run:hello_world
[2025-02-01T14:23:25.121+0000] {logging_mixin.py:190} INFO - [2025-02-01T14:23:25.121+0000] {override.py:1911} INFO - Created Permission View: can delete on DAG Run:hello_world
[2025-02-01T14:23:25.127+0000] {logging_mixin.py:190} INFO - [2025-02-01T14:23:25.127+0000] {override.py:1911} INFO - Created Permission View: can create on DAG Run:hello_world
[2025-02-01T14:23:25.128+0000] {logging_mixin.py:190} INFO - [2025-02-01T14:23:25.128+0000] {dag.py:3239} INFO - Sync 1 DAGs
[2025-02-01T14:23:25.141+0000] {logging_mixin.py:190} INFO - [2025-02-01T14:23:25.140+0000] {dag.py:3262} INFO - Creating ORM DAG for hello_world
[2025-02-01T14:23:25.142+0000] {logging_mixin.py:190} INFO - [2025-02-01T14:23:25.142+0000] {dag.py:4180} INFO - Setting next_dagrun for hello_world to None, run_after=None
[2025-02-01T14:23:25.160+0000] {processor.py:208} INFO - Processing /opt/airflow/dags/jobs.py took 0.228 seconds
[2025-02-01T14:23:55.359+0000] {processor.py:186} INFO - Started process (PID=199) to work on /opt/airflow/dags/jobs.py
[2025-02-01T14:23:55.360+0000] {processor.py:914} INFO - Processing file /opt/airflow/dags/jobs.py for tasks to queue
[2025-02-01T14:23:55.365+0000] {logging_mixin.py:190} INFO - [2025-02-01T14:23:55.365+0000] {dagbag.py:588} INFO - Filling up the DagBag from /opt/airflow/dags/jobs.py
[2025-02-01T14:23:55.382+0000] {processor.py:925} INFO - DAG(s) 'hello_world' retrieved from /opt/airflow/dags/jobs.py
[2025-02-01T14:23:55.406+0000] {logging_mixin.py:190} INFO - [2025-02-01T14:23:55.405+0000] {dag.py:3239} INFO - Sync 1 DAGs
[2025-02-01T14:23:55.419+0000] {logging_mixin.py:190} INFO - [2025-02-01T14:23:55.419+0000] {dag.py:4180} INFO - Setting next_dagrun for hello_world to None, run_after=None
[2025-02-01T14:23:55.460+0000] {processor.py:208} INFO - Processing /opt/airflow/dags/jobs.py took 0.106 seconds
[2025-02-01T14:24:25.545+0000] {processor.py:186} INFO - Started process (PID=204) to work on /opt/airflow/dags/jobs.py
[2025-02-01T14:24:25.546+0000] {processor.py:914} INFO - Processing file /opt/airflow/dags/jobs.py for tasks to queue
[2025-02-01T14:24:25.549+0000] {logging_mixin.py:190} INFO - [2025-02-01T14:24:25.549+0000] {dagbag.py:588} INFO - Filling up the DagBag from /opt/airflow/dags/jobs.py
[2025-02-01T14:24:25.565+0000] {processor.py:925} INFO - DAG(s) 'hello_world' retrieved from /opt/airflow/dags/jobs.py
[2025-02-01T14:24:25.594+0000] {logging_mixin.py:190} INFO - [2025-02-01T14:24:25.593+0000] {dag.py:3239} INFO - Sync 1 DAGs
[2025-02-01T14:24:25.610+0000] {logging_mixin.py:190} INFO - [2025-02-01T14:24:25.609+0000] {dag.py:4180} INFO - Setting next_dagrun for hello_world to None, run_after=None
[2025-02-01T14:24:25.654+0000] {processor.py:208} INFO - Processing /opt/airflow/dags/jobs.py took 0.114 seconds
[2025-02-01T14:24:55.829+0000] {processor.py:186} INFO - Started process (PID=209) to work on /opt/airflow/dags/jobs.py
[2025-02-01T14:24:55.830+0000] {processor.py:914} INFO - Processing file /opt/airflow/dags/jobs.py for tasks to queue
[2025-02-01T14:24:55.832+0000] {logging_mixin.py:190} INFO - [2025-02-01T14:24:55.831+0000] {dagbag.py:588} INFO - Filling up the DagBag from /opt/airflow/dags/jobs.py
[2025-02-01T14:24:55.850+0000] {processor.py:925} INFO - DAG(s) 'hello_world' retrieved from /opt/airflow/dags/jobs.py
[2025-02-01T14:24:55.877+0000] {logging_mixin.py:190} INFO - [2025-02-01T14:24:55.877+0000] {dag.py:3239} INFO - Sync 1 DAGs
[2025-02-01T14:24:55.894+0000] {logging_mixin.py:190} INFO - [2025-02-01T14:24:55.894+0000] {dag.py:4180} INFO - Setting next_dagrun for hello_world to None, run_after=None
[2025-02-01T14:24:55.939+0000] {processor.py:208} INFO - Processing /opt/airflow/dags/jobs.py took 0.116 seconds
[2025-02-01T14:25:26.014+0000] {processor.py:186} INFO - Started process (PID=214) to work on /opt/airflow/dags/jobs.py
[2025-02-01T14:25:26.015+0000] {processor.py:914} INFO - Processing file /opt/airflow/dags/jobs.py for tasks to queue
[2025-02-01T14:25:26.017+0000] {logging_mixin.py:190} INFO - [2025-02-01T14:25:26.017+0000] {dagbag.py:588} INFO - Filling up the DagBag from /opt/airflow/dags/jobs.py
[2025-02-01T14:25:26.033+0000] {processor.py:925} INFO - DAG(s) 'hello_world' retrieved from /opt/airflow/dags/jobs.py
[2025-02-01T14:25:26.058+0000] {logging_mixin.py:190} INFO - [2025-02-01T14:25:26.057+0000] {dag.py:3239} INFO - Sync 1 DAGs
[2025-02-01T14:25:26.072+0000] {logging_mixin.py:190} INFO - [2025-02-01T14:25:26.072+0000] {dag.py:4180} INFO - Setting next_dagrun for hello_world to None, run_after=None
[2025-02-01T14:25:26.091+0000] {processor.py:208} INFO - Processing /opt/airflow/dags/jobs.py took 0.082 seconds
[2025-02-01T14:25:56.315+0000] {processor.py:186} INFO - Started process (PID=219) to work on /opt/airflow/dags/jobs.py
[2025-02-01T14:25:56.316+0000] {processor.py:914} INFO - Processing file /opt/airflow/dags/jobs.py for tasks to queue
[2025-02-01T14:25:56.319+0000] {logging_mixin.py:190} INFO - [2025-02-01T14:25:56.318+0000] {dagbag.py:588} INFO - Filling up the DagBag from /opt/airflow/dags/jobs.py
[2025-02-01T14:25:56.338+0000] {processor.py:925} INFO - DAG(s) 'hello_world' retrieved from /opt/airflow/dags/jobs.py
[2025-02-01T14:25:56.365+0000] {logging_mixin.py:190} INFO - [2025-02-01T14:25:56.365+0000] {dag.py:3239} INFO - Sync 1 DAGs
[2025-02-01T14:25:56.384+0000] {logging_mixin.py:190} INFO - [2025-02-01T14:25:56.383+0000] {dag.py:4180} INFO - Setting next_dagrun for hello_world to None, run_after=None
[2025-02-01T14:25:56.429+0000] {processor.py:208} INFO - Processing /opt/airflow/dags/jobs.py took 0.122 seconds
[2025-02-01T14:26:26.510+0000] {processor.py:186} INFO - Started process (PID=224) to work on /opt/airflow/dags/jobs.py
[2025-02-01T14:26:26.511+0000] {processor.py:914} INFO - Processing file /opt/airflow/dags/jobs.py for tasks to queue
[2025-02-01T14:26:26.513+0000] {logging_mixin.py:190} INFO - [2025-02-01T14:26:26.513+0000] {dagbag.py:588} INFO - Filling up the DagBag from /opt/airflow/dags/jobs.py
[2025-02-01T14:26:26.531+0000] {processor.py:925} INFO - DAG(s) 'hello_world' retrieved from /opt/airflow/dags/jobs.py
[2025-02-01T14:26:26.562+0000] {logging_mixin.py:190} INFO - [2025-02-01T14:26:26.562+0000] {dag.py:3239} INFO - Sync 1 DAGs
[2025-02-01T14:26:26.579+0000] {logging_mixin.py:190} INFO - [2025-02-01T14:26:26.579+0000] {dag.py:4180} INFO - Setting next_dagrun for hello_world to None, run_after=None
[2025-02-01T14:26:26.600+0000] {processor.py:208} INFO - Processing /opt/airflow/dags/jobs.py took 0.096 seconds
[2025-02-01T14:26:56.809+0000] {processor.py:186} INFO - Started process (PID=229) to work on /opt/airflow/dags/jobs.py
[2025-02-01T14:26:56.811+0000] {processor.py:914} INFO - Processing file /opt/airflow/dags/jobs.py for tasks to queue
[2025-02-01T14:26:56.813+0000] {logging_mixin.py:190} INFO - [2025-02-01T14:26:56.813+0000] {dagbag.py:588} INFO - Filling up the DagBag from /opt/airflow/dags/jobs.py
[2025-02-01T14:26:56.832+0000] {processor.py:925} INFO - DAG(s) 'hello_world' retrieved from /opt/airflow/dags/jobs.py
[2025-02-01T14:26:56.860+0000] {logging_mixin.py:190} INFO - [2025-02-01T14:26:56.859+0000] {dag.py:3239} INFO - Sync 1 DAGs
[2025-02-01T14:26:56.877+0000] {logging_mixin.py:190} INFO - [2025-02-01T14:26:56.877+0000] {dag.py:4180} INFO - Setting next_dagrun for hello_world to None, run_after=None
[2025-02-01T14:26:56.899+0000] {processor.py:208} INFO - Processing /opt/airflow/dags/jobs.py took 0.094 seconds
[2025-02-01T14:27:27.011+0000] {processor.py:186} INFO - Started process (PID=234) to work on /opt/airflow/dags/jobs.py
[2025-02-01T14:27:27.012+0000] {processor.py:914} INFO - Processing file /opt/airflow/dags/jobs.py for tasks to queue
[2025-02-01T14:27:27.014+0000] {logging_mixin.py:190} INFO - [2025-02-01T14:27:27.013+0000] {dagbag.py:588} INFO - Filling up the DagBag from /opt/airflow/dags/jobs.py
[2025-02-01T14:27:27.030+0000] {processor.py:925} INFO - DAG(s) 'hello_world' retrieved from /opt/airflow/dags/jobs.py
[2025-02-01T14:27:27.056+0000] {logging_mixin.py:190} INFO - [2025-02-01T14:27:27.056+0000] {dag.py:3239} INFO - Sync 1 DAGs
[2025-02-01T14:27:27.072+0000] {logging_mixin.py:190} INFO - [2025-02-01T14:27:27.072+0000] {dag.py:4180} INFO - Setting next_dagrun for hello_world to None, run_after=None
[2025-02-01T14:27:27.090+0000] {processor.py:208} INFO - Processing /opt/airflow/dags/jobs.py took 0.085 seconds
[2025-02-01T14:27:57.276+0000] {processor.py:186} INFO - Started process (PID=239) to work on /opt/airflow/dags/jobs.py
[2025-02-01T14:27:57.277+0000] {processor.py:914} INFO - Processing file /opt/airflow/dags/jobs.py for tasks to queue
[2025-02-01T14:27:57.280+0000] {logging_mixin.py:190} INFO - [2025-02-01T14:27:57.279+0000] {dagbag.py:588} INFO - Filling up the DagBag from /opt/airflow/dags/jobs.py
[2025-02-01T14:27:57.296+0000] {processor.py:925} INFO - DAG(s) 'hello_world' retrieved from /opt/airflow/dags/jobs.py
[2025-02-01T14:27:57.320+0000] {logging_mixin.py:190} INFO - [2025-02-01T14:27:57.320+0000] {dag.py:3239} INFO - Sync 1 DAGs
[2025-02-01T14:27:57.335+0000] {logging_mixin.py:190} INFO - [2025-02-01T14:27:57.335+0000] {dag.py:4180} INFO - Setting next_dagrun for hello_world to None, run_after=None
[2025-02-01T14:27:57.355+0000] {processor.py:208} INFO - Processing /opt/airflow/dags/jobs.py took 0.084 seconds
[2025-02-01T14:28:27.495+0000] {processor.py:186} INFO - Started process (PID=244) to work on /opt/airflow/dags/jobs.py
[2025-02-01T14:28:27.496+0000] {processor.py:914} INFO - Processing file /opt/airflow/dags/jobs.py for tasks to queue
[2025-02-01T14:28:27.498+0000] {logging_mixin.py:190} INFO - [2025-02-01T14:28:27.497+0000] {dagbag.py:588} INFO - Filling up the DagBag from /opt/airflow/dags/jobs.py
[2025-02-01T14:28:27.513+0000] {processor.py:925} INFO - DAG(s) 'hello_world' retrieved from /opt/airflow/dags/jobs.py
[2025-02-01T14:28:27.534+0000] {logging_mixin.py:190} INFO - [2025-02-01T14:28:27.534+0000] {dag.py:3239} INFO - Sync 1 DAGs
[2025-02-01T14:28:27.549+0000] {logging_mixin.py:190} INFO - [2025-02-01T14:28:27.549+0000] {dag.py:4180} INFO - Setting next_dagrun for hello_world to None, run_after=None
[2025-02-01T14:28:27.567+0000] {processor.py:208} INFO - Processing /opt/airflow/dags/jobs.py took 0.077 seconds
[2025-02-01T14:28:57.726+0000] {processor.py:186} INFO - Started process (PID=249) to work on /opt/airflow/dags/jobs.py
[2025-02-01T14:28:57.727+0000] {processor.py:914} INFO - Processing file /opt/airflow/dags/jobs.py for tasks to queue
[2025-02-01T14:28:57.729+0000] {logging_mixin.py:190} INFO - [2025-02-01T14:28:57.728+0000] {dagbag.py:588} INFO - Filling up the DagBag from /opt/airflow/dags/jobs.py
[2025-02-01T14:28:57.746+0000] {processor.py:925} INFO - DAG(s) 'hello_world' retrieved from /opt/airflow/dags/jobs.py
[2025-02-01T14:28:57.770+0000] {logging_mixin.py:190} INFO - [2025-02-01T14:28:57.770+0000] {dag.py:3239} INFO - Sync 1 DAGs
[2025-02-01T14:28:57.785+0000] {logging_mixin.py:190} INFO - [2025-02-01T14:28:57.785+0000] {dag.py:4180} INFO - Setting next_dagrun for hello_world to None, run_after=None
[2025-02-01T14:28:57.806+0000] {processor.py:208} INFO - Processing /opt/airflow/dags/jobs.py took 0.086 seconds
[2025-02-01T14:29:27.931+0000] {processor.py:186} INFO - Started process (PID=254) to work on /opt/airflow/dags/jobs.py
[2025-02-01T14:29:27.933+0000] {processor.py:914} INFO - Processing file /opt/airflow/dags/jobs.py for tasks to queue
[2025-02-01T14:29:27.935+0000] {logging_mixin.py:190} INFO - [2025-02-01T14:29:27.935+0000] {dagbag.py:588} INFO - Filling up the DagBag from /opt/airflow/dags/jobs.py
[2025-02-01T14:29:27.952+0000] {processor.py:925} INFO - DAG(s) 'hello_world' retrieved from /opt/airflow/dags/jobs.py
[2025-02-01T14:29:27.976+0000] {logging_mixin.py:190} INFO - [2025-02-01T14:29:27.976+0000] {dag.py:3239} INFO - Sync 1 DAGs
[2025-02-01T14:29:27.990+0000] {logging_mixin.py:190} INFO - [2025-02-01T14:29:27.990+0000] {dag.py:4180} INFO - Setting next_dagrun for hello_world to None, run_after=None
[2025-02-01T14:29:28.007+0000] {processor.py:208} INFO - Processing /opt/airflow/dags/jobs.py took 0.083 seconds
[2025-02-01T14:30:18.258+0000] {processor.py:186} INFO - Started process (PID=259) to work on /opt/airflow/dags/jobs.py
[2025-02-01T14:30:18.259+0000] {processor.py:914} INFO - Processing file /opt/airflow/dags/jobs.py for tasks to queue
[2025-02-01T14:30:18.260+0000] {logging_mixin.py:190} INFO - [2025-02-01T14:30:18.260+0000] {dagbag.py:588} INFO - Filling up the DagBag from /opt/airflow/dags/jobs.py
[2025-02-01T14:30:18.261+0000] {processor.py:927} WARNING - No viable dags retrieved from /opt/airflow/dags/jobs.py
[2025-02-01T14:30:18.273+0000] {processor.py:208} INFO - Processing /opt/airflow/dags/jobs.py took 0.021 seconds
