[2025-04-09T13:10:01.266+0000] {local_task_job_runner.py:123} INFO - ::group::Pre task execution logs
[2025-04-09T13:10:01.278+0000] {taskinstance.py:2614} INFO - Dependencies all met for dep_context=non-requeueable deps ti=<TaskInstance: housekeeping_job.execute_job scheduled__2025-04-09T13:05:00+00:00 [queued]>
[2025-04-09T13:10:01.284+0000] {taskinstance.py:2614} INFO - Dependencies all met for dep_context=requeueable deps ti=<TaskInstance: housekeeping_job.execute_job scheduled__2025-04-09T13:05:00+00:00 [queued]>
[2025-04-09T13:10:01.285+0000] {taskinstance.py:2867} INFO - Starting attempt 1 of 2
[2025-04-09T13:10:01.295+0000] {taskinstance.py:2890} INFO - Executing <Task(PythonOperator): execute_job> on 2025-04-09 13:05:00+00:00
[2025-04-09T13:10:01.299+0000] {standard_task_runner.py:72} INFO - Started process 6011 to run task
[2025-04-09T13:10:01.301+0000] {standard_task_runner.py:104} INFO - Running: ['***', 'tasks', 'run', 'housekeeping_job', 'execute_job', 'scheduled__2025-04-09T13:05:00+00:00', '--job-id', '26', '--raw', '--subdir', 'DAGS_FOLDER/housekeep.py', '--cfg-path', '/tmp/tmpysj9stpc']
[2025-04-09T13:10:01.303+0000] {standard_task_runner.py:105} INFO - Job 26: Subtask execute_job
[2025-04-09T13:10:01.340+0000] {task_command.py:467} INFO - Running <TaskInstance: housekeeping_job.execute_job scheduled__2025-04-09T13:05:00+00:00 [running]> on host 5bd761fca1bd
[2025-04-09T13:10:01.405+0000] {taskinstance.py:3134} INFO - Exporting env vars: AIRFLOW_CTX_DAG_OWNER='***' AIRFLOW_CTX_DAG_ID='housekeeping_job' AIRFLOW_CTX_TASK_ID='execute_job' AIRFLOW_CTX_EXECUTION_DATE='2025-04-09T13:05:00+00:00' AIRFLOW_CTX_TRY_NUMBER='1' AIRFLOW_CTX_DAG_RUN_ID='scheduled__2025-04-09T13:05:00+00:00'
[2025-04-09T13:10:01.406+0000] {taskinstance.py:732} INFO - ::endgroup::
[2025-04-09T13:10:01.415+0000] {logging_mixin.py:190} INFO - ./jobs/argument_jobs.py
[2025-04-09T13:10:01.415+0000] {logging_mixin.py:190} INFO - Absolute path for 'argument_jobs.py': /opt/***/argument_jobs.py
[2025-04-09T13:10:01.539+0000] {logging_mixin.py:190} INFO - 2025-04-09 13:10:01,513 - INFO - Running script with batchdate from python logging info before if len >>> 2 > stringfy > 2025-01-01
2025-04-09 13:10:01,513 - INFO - if statement Running script with batchdate from python logging info arguments: 2025-01-01
Parsed date: 2025-01-01 00:00:00
[2025-04-09T13:10:01.540+0000] {logging_mixin.py:190} INFO - Successfully executed here after py ./jobs/argument_jobs.py with batchdate: 2025-01-01
[2025-04-09T13:10:01.540+0000] {python.py:240} INFO - Done. Returned value was: None
[2025-04-09T13:10:01.550+0000] {taskinstance.py:341} INFO - ::group::Post task execution logs
[2025-04-09T13:10:01.550+0000] {taskinstance.py:353} INFO - Marking task as SUCCESS. dag_id=housekeeping_job, task_id=execute_job, run_id=scheduled__2025-04-09T13:05:00+00:00, execution_date=20250409T130500, start_date=20250409T131001, end_date=20250409T131001
[2025-04-09T13:10:01.594+0000] {local_task_job_runner.py:266} INFO - Task exited with return code 0
[2025-04-09T13:10:01.607+0000] {taskinstance.py:3901} INFO - 0 downstream tasks scheduled from follow-on schedule check
[2025-04-09T13:10:01.609+0000] {local_task_job_runner.py:245} INFO - ::endgroup::
